
0.000004	-3.367526e-03	1.036889e-07	9.447247e-12	1.781313e+01
0.000016	-6.736046e-03	8.283851e-07	3.017138e-10	1.781818e+01
0.000036	-1.010654e-02	2.789486e-06	2.283592e-09	1.782658e+01
0.000064	-1.347999e-02	6.591259e-06	9.578702e-09	1.783829e+01
0.000100	-1.685733e-02	1.282151e-05	2.905892e-08	1.785325e+01
0.000144	-2.023949e-02	2.204650e-05	7.178565e-08	1.787140e+01
0.000196	-2.362732e-02	3.480627e-05	1.538346e-07	1.789266e+01
0.000256	-2.702168e-02	5.161027e-05	2.969804e-07	1.791693e+01
0.000324	-3.042334e-02	7.293365e-05	5.292221e-07	1.794411e+01
0.000400	-3.383302e-02	9.921393e-05	8.851328e-07	1.797409e+01
0.000484	-3.725140e-02	1.308484e-04	1.406023e-06	1.800673e+01
0.000576	-4.067907e-02	1.681919e-04	2.139911e-06	1.804189e+01
0.000676	-4.411658e-02	2.115559e-04	3.141300e-06	1.807944e+01
0.000784	-4.756438e-02	2.612073e-04	4.470765e-06	1.811921e+01
0.000900	-5.102288e-02	3.173683e-04	6.194355e-06	1.816105e+01
0.001024	-5.449241e-02	3.802178e-04	8.382830e-06	1.820479e+01
0.001156	-5.797322e-02	4.498914e-04	1.111075e-05	1.825025e+01
0.001296	-6.146550e-02	5.264843e-04	1.445541e-05	1.829728e+01
0.001444	-6.496937e-02	6.100529e-04	1.849574e-05	1.834569e+01
0.001600	-6.848489e-02	7.006179e-04	2.331100e-05	1.839531e+01
0.001764	-7.201207e-02	7.981675e-04	2.897958e-05	1.844598e+01
0.001936	-7.555082e-02	9.026609e-04	3.557767e-05	1.849751e+01
0.002116	-7.910106e-02	1.014032e-03	4.317797e-05	1.854975e+01
0.002304	-8.266260e-02	1.132194e-03	5.184850e-05	1.860252e+01
0.002500	-8.623525e-02	1.257042e-03	6.165139e-05	1.865569e+01
0.002704	-8.981877e-02	1.388460e-03	7.264185e-05	1.870909e+01
0.002916	-9.341288e-02	1.526320e-03	8.486725e-05	1.876259e+01
0.003136	-9.701727e-02	1.670494e-03	9.836630e-05	1.881605e+01
0.003364	-1.006316e-01	1.820848e-03	1.131685e-04	1.886935e+01
0.003600	-1.042556e-01	1.977253e-03	1.292936e-04	1.892236e+01
0.003844	-1.078888e-01	2.139587e-03	1.467515e-04	1.897500e+01
0.004096	-1.115309e-01	2.307732e-03	1.655421e-04	1.902714e+01
0.004356	-1.151816e-01	2.481586e-03	1.856557e-04	1.907872e+01
0.004624	-1.188404e-01	2.661057e-03	2.070727e-04	1.912965e+01
0.004900	-1.225070e-01	2.846067e-03	2.297651e-04	1.917987e+01
0.005184	-1.261811e-01	3.036558e-03	2.536964e-04	1.922932e+01
0.005476	-1.298622e-01	3.232482e-03	2.788229e-04	1.927794e+01
0.005776	-1.335502e-01	3.433814e-03	3.050944e-04	1.932570e+01
0.006084	-1.372446e-01	3.640541e-03	3.324556e-04	1.937256e+01
0.006400	-1.409452e-01	3.852669e-03	3.608471e-04	1.941851e+01
0.006724	-1.446517e-01	4.070218e-03	3.902068e-04	1.946351e+01
0.007056	-1.483637e-01	4.293220e-03	4.204710e-04	1.950757e+01
0.007396	-1.520812e-01	4.521724e-03	4.515755e-04	1.955067e+01
0.007744	-1.558038e-01	4.755787e-03	4.834576e-04	1.959282e+01
0.008100	-1.595314e-01	4.995475e-03	5.160562e-04	1.963401e+01
0.008464	-1.632637e-01	5.240862e-03	5.493140e-04	1.967426e+01
0.008836	-1.670005e-01	5.492029e-03	5.831774e-04	1.971357e+01
0.009216	-1.707418e-01	5.749057e-03	6.175983e-04	1.975196e+01
0.009604	-1.744873e-01	6.012031e-03	6.525345e-04	1.978944e+01
0.010000	-1.782368e-01	6.281036e-03	6.879498e-04	1.982603e+01
0.010404	-1.819904e-01	6.556154e-03	7.238153e-04	1.986174e+01
0.010816	-1.857478e-01	6.837464e-03	7.601088e-04	1.989660e+01
0.011236	-1.895089e-01	7.125041e-03	7.968155e-04	1.993061e+01
0.011664	-1.932736e-01	7.418953e-03	8.339274e-04	1.996380e+01
0.012100	-1.970418e-01	7.719262e-03	8.714435e-04	1.999617e+01
0.012544	-2.008133e-01	8.026024e-03	9.093691e-04	2.002776e+01
0.012996	-2.045881e-01	8.339286e-03	9.477154e-04	2.005856e+01
0.013456	-2.083661e-01	8.659089e-03	9.864988e-04	2.008859e+01
0.013924	-2.121470e-01	8.985464e-03	1.025740e-03	2.011787e+01
0.014400	-2.159309e-01	9.318437e-03	1.065464e-03	2.014640e+01
0.014884	-2.197176e-01	9.658026e-03	1.105698e-03	2.017419e+01
0.015376	-2.235069e-01	1.000424e-02	1.146471e-03	2.020126e+01
0.015876	-2.272988e-01	1.035710e-02	1.187814e-03	2.022760e+01
0.016384	-2.310931e-01	1.071659e-02	1.229757e-03	2.025323e+01
0.016900	-2.348897e-01	1.108272e-02	1.272331e-03	2.027814e+01
0.017424	-2.386885e-01	1.145548e-02	1.315563e-03	2.030234e+01
0.017956	-2.424892e-01	1.183487e-02	1.359481e-03	2.032585e+01
0.018496	-2.462919e-01	1.222088e-02	1.404108e-03	2.034865e+01
0.019044	-2.500963e-01	1.261351e-02	1.449464e-03	2.037075e+01
0.019600	-2.539023e-01	1.301274e-02	1.495567e-03	2.039216e+01
0.020164	-2.577097e-01	1.341859e-02	1.542431e-03	2.041288e+01
0.020736	-2.615186e-01	1.383104e-02	1.590063e-03	2.043291e+01
0.021316	-2.653286e-01	1.425010e-02	1.638469e-03	2.045226e+01
0.021904	-2.691397e-01	1.467577e-02	1.687651e-03	2.047092e+01
0.022500	-2.729517e-01	1.510807e-02	1.737606e-03	2.048891e+01
0.023104	-2.767646e-01	1.554700e-02	1.788329e-03	2.050623e+01
0.023716	-2.805782e-01	1.599258e-02	1.839809e-03	2.052288e+01
0.024336	-2.843924e-01	1.644484e-02	1.892035e-03	2.053887e+01
0.024964	-2.882071e-01	1.690378e-02	1.944995e-03	2.055421e+01
0.025600	-2.920221e-01	1.736944e-02	1.998671e-03	2.056890e+01
0.026244	-2.958375e-01	1.784185e-02	2.053049e-03	2.058295e+01
0.026896	-2.996530e-01	1.832102e-02	2.108110e-03	2.059637e+01
0.027556	-3.034686e-01	1.880700e-02	2.163838e-03	2.060916e+01
0.028224	-3.072843e-01	1.929980e-02	2.220218e-03	2.062134e+01
0.028900	-3.110999e-01	1.979947e-02	2.277234e-03	2.063290e+01
0.029584	-3.149153e-01	2.030602e-02	2.334873e-03	2.064387e+01
0.030276	-3.187305e-01	2.081949e-02	2.393122e-03	2.065425e+01
0.030976	-3.225454e-01	2.133990e-02	2.451974e-03	2.066405e+01
0.031684	-3.263599e-01	2.186727e-02	2.511420e-03	2.067328e+01
0.032400	-3.301740e-01	2.240163e-02	2.571458e-03	2.068194e+01
0.033124	-3.339876e-01	2.294298e-02	2.632085e-03	2.069005e+01
0.033856	-3.378006e-01	2.349135e-02	2.693302e-03	2.069761e+01
0.034596	-3.416130e-01	2.404674e-02	2.755113e-03	2.070463e+01
0.035344	-3.454247e-01	2.460917e-02	2.817524e-03	2.071112e+01
0.036100	-3.492355e-01	2.517863e-02	2.880543e-03	2.071708e+01
0.036864	-3.530456e-01	2.575512e-02	2.944180e-03	2.072253e+01
0.037636	-3.568547e-01	2.633864e-02	3.008446e-03	2.072746e+01
0.038416	-3.606628e-01	2.692919e-02	3.073355e-03	2.073189e+01
0.039204	-3.644699e-01	2.752675e-02	3.138920e-03	2.073582e+01
0.040000	-3.682758e-01	2.813132e-02	3.205154e-03	2.073925e+01
0.040804	-3.720806e-01	2.874289e-02	3.272071e-03	2.074220e+01
0.041616	-3.758840e-01	2.936144e-02	3.339685e-03	2.074466e+01
0.042436	-3.796861e-01	2.998695e-02	3.408009e-03	2.074665e+01
0.043264	-3.834868e-01	3.061942e-02	3.477053e-03	2.074816e+01
0.044100	-3.872860e-01	3.125882e-02	3.546829e-03	2.074920e+01
0.044944	-3.910836e-01	3.190516e-02	3.617345e-03	2.074977e+01
0.045796	-3.948796e-01	3.255840e-02	3.688608e-03	2.074989e+01
0.046656	-3.986738e-01	3.321853e-02	3.760623e-03	2.074955e+01
0.047524	-4.024663e-01	3.388556e-02	3.833394e-03	2.074875e+01
0.048400	-4.062569e-01	3.455945e-02	3.906922e-03	2.074751e+01
0.049284	-4.100455e-01	3.524021e-02	3.981208e-03	2.074583e+01
0.050176	-4.138321e-01	3.592783e-02	4.056249e-03	2.074371e+01
0.051076	-4.176167e-01	3.662229e-02	4.132042e-03	2.074115e+01
0.051984	-4.213991e-01	3.732359e-02	4.208583e-03	2.073817e+01
0.052900	-4.251793e-01	3.803173e-02	4.285866e-03	2.073477e+01
0.053824	-4.289572e-01	3.874669e-02	4.363884e-03	2.073094e+01
0.054756	-4.327329e-01	3.946848e-02	4.442632e-03	2.072670e+01
0.055696	-4.365061e-01	4.019708e-02	4.522101e-03	2.072206e+01
0.056644	-4.402770e-01	4.093249e-02	4.602286e-03	2.071701e+01
0.057600	-4.440453e-01	4.167470e-02	4.683179e-03	2.071157e+01
0.058564	-4.478111e-01	4.242370e-02	4.764775e-03	2.070573e+01
0.059536	-4.515743e-01	4.317949e-02	4.847069e-03	2.069951e+01
0.060516	-4.553350e-01	4.394206e-02	4.930057e-03	2.069291e+01
0.061504	-4.590929e-01	4.471138e-02	5.013736e-03	2.068594e+01
0.062500	-4.628481e-01	4.548745e-02	5.098105e-03	2.067859e+01
0.063504	-4.666006e-01	4.627024e-02	5.183163e-03	2.067089e+01
0.064516	-4.703502e-01	4.705975e-02	5.268913e-03	2.066282e+01
0.065536	-4.740970e-01	4.785594e-02	5.355357e-03	2.065440e+01
0.066564	-4.778410e-01	4.865879e-02	5.442499e-03	2.064563e+01
0.067600	-4.815820e-01	4.946828e-02	5.530344e-03	2.063651e+01
0.068644	-4.853200e-01	5.028438e-02	5.618898e-03	2.062706e+01
0.069696	-4.890550e-01	5.110706e-02	5.708169e-03	2.061727e+01
0.070756	-4.927870e-01	5.193628e-02	5.798166e-03	2.060715e+01
0.071824	-4.965158e-01	5.277201e-02	5.888895e-03	2.059670e+01
0.072900	-5.002415e-01	5.361421e-02	5.980366e-03	2.058593e+01
0.073984	-5.039640e-01	5.446286e-02	6.072588e-03	2.057484e+01
0.075076	-5.076833e-01	5.531791e-02	6.165570e-03	2.056344e+01
0.076176	-5.113993e-01	5.617932e-02	6.259319e-03	2.055172e+01
0.077284	-5.151120e-01	5.704705e-02	6.353844e-03	2.053970e+01
0.078400	-5.188213e-01	5.792107e-02	6.449150e-03	2.052737e+01
0.079524	-5.225272e-01	5.880133e-02	6.545246e-03	2.051474e+01
0.080656	-5.262296e-01	5.968780e-02	6.642135e-03	2.050181e+01
0.081796	-5.299285e-01	6.058043e-02	6.739822e-03	2.048858e+01
0.082944	-5.336239e-01	6.147920e-02	6.838310e-03	2.047507e+01
0.084100	-5.373157e-01	6.238405e-02	6.937600e-03	2.046126e+01
0.085264	-5.410038e-01	6.329495e-02	7.037695e-03	2.044717e+01
0.086436	-5.446882e-01	6.421186e-02	7.138593e-03	2.043280e+01
0.087616	-5.483689e-01	6.513475e-02	7.240294e-03	2.041815e+01
0.088804	-5.520459e-01	6.606357e-02	7.342796e-03	2.040322e+01
0.090000	-5.557190e-01	6.699830e-02	7.446097e-03	2.038802e+01
0.091204	-5.593883e-01	6.793888e-02	7.550194e-03	2.037255e+01
0.092416	-5.630537e-01	6.888529e-02	7.655083e-03	2.035682e+01
0.093636	-5.667152e-01	6.983748e-02	7.760762e-03	2.034082e+01
0.094864	-5.703727e-01	7.079542e-02	7.867227e-03	2.032456e+01
0.096100	-5.740262e-01	7.175906e-02	7.974475e-03	2.030805e+01
0.097344	-5.776757e-01	7.272836e-02	8.082503e-03	2.029129e+01
0.098596	-5.813212e-01	7.370329e-02	8.191309e-03	2.027427e+01
0.099856	-5.849626e-01	7.468379e-02	8.300892e-03	2.025701e+01
0.101124	-5.885998e-01	7.566983e-02	8.411251e-03	2.023951e+01
0.102400	-5.922330e-01	7.666135e-02	8.522385e-03	2.022177e+01
0.103684	-5.958619e-01	7.765831e-02	8.634296e-03	2.020379e+01
0.104976	-5.994867e-01	7.866066e-02	8.746984e-03	2.018558e+01
0.106276	-6.031072e-01	7.966835e-02	8.860453e-03	2.016714e+01
0.107584	-6.067235e-01	8.068132e-02	8.974705e-03	2.014847e+01
0.108900	-6.103356e-01	8.169952e-02	9.089745e-03	2.012958e+01
0.110224	-6.139433e-01	8.272289e-02	9.205576e-03	2.011046e+01
0.111556	-6.175467e-01	8.375138e-02	9.322205e-03	2.009113e+01
0.112896	-6.211457e-01	8.478493e-02	9.439636e-03	2.007158e+01
0.114244	-6.247404e-01	8.582348e-02	9.557875e-03	2.005181e+01
0.115600	-6.283306e-01	8.686697e-02	9.676929e-03	2.003184e+01
0.116964	-6.319165e-01	8.791533e-02	9.796803e-03	2.001165e+01
0.118336	-6.354978e-01	8.896851e-02	9.917503e-03	1.999125e+01
0.119716	-6.390747e-01	9.002645e-02	1.003903e-02	1.997065e+01
0.121104	-6.426470e-01	9.108908e-02	1.016140e-02	1.994985e+01
0.122500	-6.462148e-01	9.215633e-02	1.028461e-02	1.992885e+01
0.123904	-6.497780e-01	9.322816e-02	1.040866e-02	1.990764e+01
0.125316	-6.533366e-01	9.430449e-02	1.053357e-02	1.988624e+01
0.126736	-6.568906e-01	9.538526e-02	1.065932e-02	1.986465e+01
0.128164	-6.604399e-01	9.647041e-02	1.078593e-02	1.984286e+01
0.129600	-6.639846e-01	9.755988e-02	1.091339e-02	1.982087e+01
0.131044	-6.675245e-01	9.865360e-02	1.104171e-02	1.979870e+01
0.132496	-6.710596e-01	9.975153e-02	1.117088e-02	1.977634e+01
0.133956	-6.745900e-01	1.008536e-01	1.130090e-02	1.975380e+01
0.135424	-6.781156e-01	1.019597e-01	1.143178e-02	1.973107e+01
0.136900	-6.816364e-01	1.030698e-01	1.156350e-02	1.970815e+01
0.138384	-6.851523e-01	1.041839e-01	1.169608e-02	1.968506e+01
0.139876	-6.886634e-01	1.053019e-01	1.182950e-02	1.966179e+01
0.141376	-6.921695e-01	1.064237e-01	1.196377e-02	1.963834e+01
0.142884	-6.956708e-01	1.075493e-01	1.209888e-02	1.961472e+01
0.144400	-6.991671e-01	1.086786e-01	1.223482e-02	1.959092e+01
0.145924	-7.026585e-01	1.098115e-01	1.237161e-02	1.956695e+01
0.147456	-7.061449e-01	1.109480e-01	1.250923e-02	1.954281e+01
0.148996	-7.096263e-01	1.120880e-01	1.264768e-02	1.951851e+01
0.150544	-7.131027e-01	1.132314e-01	1.278697e-02	1.949403e+01
0.152100	-7.165740e-01	1.143782e-01	1.292710e-02	1.946940e+01
0.153664	-7.200403e-01	1.155283e-01	1.306805e-02	1.944460e+01
0.155236	-7.235016e-01	1.166817e-01	1.320984e-02	1.941963e+01
0.156816	-7.269578e-01	1.178382e-01	1.335247e-02	1.939451e+01
0.158404	-7.304089e-01	1.189978e-01	1.349593e-02	1.936923e+01
0.160000	-7.338549e-01	1.201605e-01	1.364024e-02	1.934380e+01
0.161604	-7.372957e-01	1.213261e-01	1.378538e-02	1.931820e+01
0.163216	-7.407314e-01	1.224946e-01	1.393137e-02	1.929246e+01
0.164836	-7.441620e-01	1.236659e-01	1.407821e-02	1.926656e+01
0.166464	-7.475874e-01	1.248400e-01	1.422591e-02	1.924051e+01
0.168100	-7.510076e-01	1.260167e-01	1.437446e-02	1.921431e+01
0.169744	-7.544227e-01	1.271960e-01	1.452386e-02	1.918796e+01
0.171396	-7.578325e-01	1.283778e-01	1.467413e-02	1.916146e+01
0.173056	-7.612370e-01	1.295621e-01	1.482527e-02	1.913482e+01
0.174724	-7.646363e-01	1.307487e-01	1.497727e-02	1.910803e+01
0.176400	-7.680304e-01	1.319377e-01	1.513014e-02	1.908110e+01
0.178084	-7.714192e-01	1.331288e-01	1.528388e-02	1.905402e+01
0.179776	-7.748026e-01	1.343221e-01	1.543850e-02	1.902680e+01
0.181476	-7.781808e-01	1.355175e-01	1.559399e-02	1.899944e+01
0.183184	-7.815536e-01	1.367149e-01	1.575035e-02	1.897194e+01
0.184900	-7.849211e-01	1.379142e-01	1.590758e-02	1.894430e+01
0.186624	-7.882832e-01	1.391154e-01	1.606569e-02	1.891653e+01
0.188356	-7.916400e-01	1.403184e-01	1.622467e-02	1.888861e+01
0.190096	-7.949913e-01	1.415231e-01	1.638451e-02	1.886056e+01
0.191844	-7.983372e-01	1.427295e-01	1.654523e-02	1.883238e+01
0.193600	-8.016777e-01	1.439375e-01	1.670680e-02	1.880406e+01
0.195364	-8.050128e-01	1.451469e-01	1.686924e-02	1.877560e+01
0.197136	-8.083424e-01	1.463579e-01	1.703254e-02	1.874702e+01
0.198916	-8.116665e-01	1.475702e-01	1.719669e-02	1.871830e+01
0.200704	-8.149852e-01	1.487838e-01	1.736170e-02	1.868946e+01
0.202500	-8.182984e-01	1.499986e-01	1.752755e-02	1.866048e+01
0.204304	-8.216060e-01	1.512146e-01	1.769426e-02	1.863138e+01
0.206116	-8.249082e-01	1.524318e-01	1.786181e-02	1.860215e+01
0.207936	-8.282049e-01	1.536499e-01	1.803020e-02	1.857280e+01
0.209764	-8.314960e-01	1.548690e-01	1.819943e-02	1.854332e+01
0.211600	-8.347815e-01	1.560891e-01	1.836950e-02	1.851372e+01
0.213444	-8.380616e-01	1.573099e-01	1.854041e-02	1.848399e+01
0.215296	-8.413360e-01	1.585315e-01	1.871216e-02	1.845414e+01
0.217156	-8.446050e-01	1.597538e-01	1.888475e-02	1.842417e+01
0.219024	-8.478683e-01	1.609766e-01	1.905817e-02	1.839408e+01
0.220900	-8.511261e-01	1.622001e-01	1.923244e-02	1.836388e+01
0.222784	-8.543782e-01	1.634240e-01	1.940754e-02	1.833355e+01
0.224676	-8.576248e-01	1.646482e-01	1.958348e-02	1.830311e+01
0.226576	-8.608658e-01	1.658728e-01	1.976026e-02	1.827255e+01
0.228484	-8.641012e-01	1.670977e-01	1.993788e-02	1.824187e+01
0.230400	-8.673309e-01	1.683228e-01	2.011634e-02	1.821108e+01
0.232324	-8.705551e-01	1.695479e-01	2.029565e-02	1.818018e+01
0.234256	-8.737736e-01	1.707731e-01	2.047580e-02	1.814916e+01
0.236196	-8.769865e-01	1.719983e-01	2.065679e-02	1.811803e+01
0.238144	-8.801937e-01	1.732234e-01	2.083863e-02	1.808679e+01
0.240100	-8.833953e-01	1.744483e-01	2.102131e-02	1.805544e+01
0.242064	-8.865912e-01	1.756730e-01	2.120483e-02	1.802398e+01
0.244036	-8.897814e-01	1.768974e-01	2.138919e-02	1.799241e+01
0.246016	-8.929660e-01	1.781214e-01	2.157440e-02	1.796073e+01
0.248004	-8.961448e-01	1.793451e-01	2.176044e-02	1.792894e+01
0.250000	-8.993180e-01	1.805682e-01	2.194732e-02	1.789705e+01
0.252004	-9.024855e-01	1.817907e-01	2.213503e-02	1.786505e+01
0.254016	-9.056473e-01	1.830127e-01	2.232357e-02	1.783295e+01
0.256036	-9.088033e-01	1.842340e-01	2.251294e-02	1.780074e+01
0.258064	-9.119537e-01	1.854545e-01	2.270313e-02	1.776843e+01
0.260100	-9.150983e-01	1.866742e-01	2.289415e-02	1.773602e+01
0.262144	-9.182371e-01	1.878931e-01	2.308597e-02	1.770351e+01
0.264196	-9.213702e-01	1.891111e-01	2.327861e-02	1.767089e+01
0.266256	-9.244976e-01	1.903280e-01	2.347206e-02	1.763818e+01
0.268324	-9.276192e-01	1.915440e-01	2.366631e-02	1.760537e+01
0.270400	-9.307351e-01	1.927588e-01	2.386136e-02	1.757246e+01
0.272484	-9.338452e-01	1.939725e-01	2.405721e-02	1.753945e+01
0.274576	-9.369495e-01	1.951849e-01	2.425384e-02	1.750635e+01
0.276676	-9.400480e-01	1.963961e-01	2.445127e-02	1.747315e+01
0.278784	-9.431408e-01	1.976060e-01	2.464948e-02	1.743986e+01
0.280900	-9.462278e-01	1.988144e-01	2.484848e-02	1.740647e+01
0.283024	-9.493090e-01	2.000214e-01	2.504826e-02	1.737299e+01
0.285156	-9.523845e-01	2.012269e-01	2.524881e-02	1.733943e+01
0.287296	-9.554542e-01	2.024309e-01	2.545014e-02	1.730577e+01
0.289444	-9.585180e-01	2.036332e-01	2.565225e-02	1.727202e+01
0.291600	-9.615761e-01	2.048338e-01	2.585512e-02	1.723818e+01
0.293764	-9.646284e-01	2.060327e-01	2.605877e-02	1.720426e+01
0.295936	-9.676749e-01	2.072299e-01	2.626319e-02	1.717025e+01
0.298116	-9.707157e-01	2.084251e-01	2.646837e-02	1.713615e+01
0.300304	-9.737506e-01	2.096185e-01	2.667433e-02	1.710197e+01
0.302500	-9.767797e-01	2.108099e-01	2.688105e-02	1.706770e+01
0.304704	-9.798031e-01	2.119993e-01	2.708853e-02	1.703335e+01
0.306916	-9.828206e-01	2.131867e-01	2.729677e-02	1.699892e+01
0.309136	-9.858324e-01	2.143719e-01	2.750578e-02	1.696441e+01
0.311364	-9.888384e-01	2.155550e-01	2.771554e-02	1.692982e+01
0.313600	-9.918385e-01	2.167359e-01	2.792606e-02	1.689515e+01
0.315844	-9.948329e-01	2.179145e-01	2.813733e-02	1.686040e+01
0.318096	-9.978214e-01	2.190908e-01	2.834936e-02	1.682557e+01
0.320356	-1.000804e+00	2.202647e-01	2.856213e-02	1.679067e+01
0.322624	-1.003781e+00	2.214362e-01	2.877564e-02	1.675569e+01
0.324900	-1.006752e+00	2.226053e-01	2.898989e-02	1.672064e+01
0.327184	-1.009718e+00	2.237719e-01	2.920488e-02	1.668551e+01
0.329476	-1.012677e+00	2.249359e-01	2.942060e-02	1.665032e+01
0.331776	-1.015631e+00	2.260974e-01	2.963704e-02	1.661505e+01
0.334084	-1.018579e+00	2.272562e-01	2.985420e-02	1.657971e+01
0.336400	-1.021521e+00	2.284124e-01	3.007208e-02	1.654430e+01
0.338724	-1.024457e+00	2.295658e-01	3.029067e-02	1.650882e+01
0.341056	-1.027387e+00	2.307165e-01	3.050997e-02	1.647328e+01
0.343396	-1.030312e+00	2.318644e-01	3.072997e-02	1.643767e+01
0.345744	-1.033231e+00	2.330095e-01	3.095066e-02	1.640199e+01
0.348100	-1.036144e+00	2.341517e-01	3.117204e-02	1.636625e+01
0.350464	-1.039051e+00	2.352911e-01	3.139411e-02	1.633045e+01
0.352836	-1.041952e+00	2.364274e-01	3.161686e-02	1.629459e+01
0.355216	-1.044847e+00	2.375608e-01	3.184028e-02	1.625867e+01
0.357604	-1.047737e+00	2.386911e-01	3.206438e-02	1.622268e+01
0.360000	-1.050621e+00	2.398184e-01	3.228914e-02	1.618664e+01
0.362404	-1.053499e+00	2.409426e-01	3.251457e-02	1.615054e+01
0.364816	-1.056371e+00	2.420637e-01	3.274066e-02	1.611438e+01
0.367236	-1.059238e+00	2.431815e-01	3.296741e-02	1.607817e+01
0.369664	-1.062098e+00	2.442962e-01	3.319481e-02	1.604191e+01
0.372100	-1.064953e+00	2.454077e-01	3.342286e-02	1.600559e+01
0.374544	-1.067802e+00	2.465158e-01	3.365155e-02	1.596922e+01
0.376996	-1.070645e+00	2.476206e-01	3.388090e-02	1.593280e+01
0.379456	-1.073483e+00	2.487221e-01	3.411088e-02	1.589633e+01
0.381924	-1.076314e+00	2.498203e-01	3.434150e-02	1.585981e+01
0.384400	-1.079140e+00	2.509150e-01	3.457276e-02	1.582324e+01
0.386884	-1.081960e+00	2.520062e-01	3.480465e-02	1.578663e+01
0.389376	-1.084775e+00	2.530940e-01	3.503717e-02	1.574997e+01
0.391876	-1.087583e+00	2.541783e-01	3.527032e-02	1.571327e+01
0.394384	-1.090386e+00	2.552591e-01	3.550409e-02	1.567652e+01
0.396900	-1.093183e+00	2.563363e-01	3.573847e-02	1.563973e+01
0.399424	-1.095974e+00	2.574099e-01	3.597347e-02	1.560291e+01
0.401956	-1.098759e+00	2.584799e-01	3.620908e-02	1.556604e+01
0.404496	-1.101539e+00	2.595462e-01	3.644529e-02	1.552913e+01
0.407044	-1.104313e+00	2.606089e-01	3.668210e-02	1.549219e+01
0.409600	-1.107081e+00	2.616679e-01	3.691951e-02	1.545521e+01
0.412164	-1.109844e+00	2.627232e-01	3.715751e-02	1.541819e+01
0.414736	-1.112600e+00	2.637747e-01	3.739609e-02	1.538114e+01
0.417316	-1.115351e+00	2.648225e-01	3.763525e-02	1.534406e+01
0.419904	-1.118096e+00	2.658665e-01	3.787498e-02	1.530694e+01
0.422500	-1.120836e+00	2.669068e-01	3.811528e-02	1.526980e+01
0.425104	-1.123569e+00	2.679432e-01	3.835614e-02	1.523263e+01
0.427716	-1.126297e+00	2.689757e-01	3.859755e-02	1.519542e+01
0.430336	-1.129019e+00	2.700044e-01	3.883952e-02	1.515820e+01
0.432964	-1.131736e+00	2.710292e-01	3.908202e-02	1.512094e+01
0.435600	-1.134446e+00	2.720502e-01	3.932507e-02	1.508366e+01
0.438244	-1.137151e+00	2.730672e-01	3.956865e-02	1.504636e+01
0.440896	-1.139850e+00	2.740802e-01	3.981275e-02	1.500903e+01
0.443556	-1.142544e+00	2.750894e-01	4.005738e-02	1.497169e+01
0.446224	-1.145232e+00	2.760945e-01	4.030252e-02	1.493432e+01
0.448900	-1.147914e+00	2.770957e-01	4.054818e-02	1.489693e+01
0.451584	-1.150590e+00	2.780928e-01	4.079435e-02	1.485953e+01
0.454276	-1.153261e+00	2.790860e-01	4.104102e-02	1.482211e+01
0.456976	-1.155926e+00	2.800751e-01	4.128818e-02	1.478467e+01
0.459684	-1.158585e+00	2.810602e-01	4.153585e-02	1.474722e+01
0.462400	-1.161239e+00	2.820412e-01	4.178400e-02	1.470976e+01
0.465124	-1.163887e+00	2.830181e-01	4.203264e-02	1.467228e+01
0.467856	-1.166529e+00	2.839909e-01	4.228177e-02	1.463480e+01
0.470596	-1.169166e+00	2.849596e-01	4.253137e-02	1.459730e+01
0.473344	-1.171797e+00	2.859242e-01	4.278145e-02	1.455980e+01
0.476100	-1.174422e+00	2.868847e-01	4.303200e-02	1.452228e+01
0.478864	-1.177042e+00	2.878410e-01	4.328302e-02	1.448476e+01
0.481636	-1.179656e+00	2.887932e-01	4.353451e-02	1.444724e+01
0.484416	-1.182264e+00	2.897412e-01	4.378645e-02	1.440971e+01
0.487204	-1.184867e+00	2.906850e-01	4.403884e-02	1.437218e+01
0.490000	-1.187464e+00	2.916247e-01	4.429169e-02	1.433464e+01
0.492804	-1.190055e+00	2.925601e-01	4.454498e-02	1.429711e+01
0.495616	-1.192641e+00	2.934914e-01	4.479871e-02	1.425957e+01
0.498436	-1.195222e+00	2.944184e-01	4.505288e-02	1.422204e+01
0.501264	-1.197796e+00	2.953413e-01	4.530747e-02	1.418451e+01
0.504100	-1.200366e+00	2.962599e-01	4.556249e-02	1.414698e+01
0.506944	-1.202929e+00	2.971743e-01	4.581793e-02	1.410945e+01
0.509796	-1.205487e+00	2.980845e-01	4.607377e-02	1.407193e+01
0.512656	-1.208039e+00	2.989904e-01	4.633003e-02	1.403442e+01
0.515524	-1.210586e+00	2.998921e-01	4.658668e-02	1.399692e+01
0.518400	-1.213128e+00	3.007896e-01	4.684373e-02	1.395942e+01
0.521284	-1.215663e+00	3.016828e-01	4.710117e-02	1.392194e+01
0.524176	-1.218193e+00	3.025717e-01	4.735899e-02	1.388447e+01
0.527076	-1.220718e+00	3.034565e-01	4.761719e-02	1.384700e+01
0.529984	-1.223237e+00	3.043369e-01	4.787575e-02	1.380955e+01
0.532900	-1.225751e+00	3.052131e-01	4.813469e-02	1.377212e+01
0.535824	-1.228259e+00	3.060851e-01	4.839398e-02	1.373470e+01
0.538756	-1.230761e+00	3.069528e-01	4.865362e-02	1.369730e+01
0.541696	-1.233258e+00	3.078162e-01	4.891362e-02	1.365991e+01
0.544644	-1.235749e+00	3.086754e-01	4.917396e-02	1.362254e+01
0.547600	-1.238235e+00	3.095303e-01	4.943464e-02	1.358519e+01
0.550564	-1.240716e+00	3.103809e-01	4.969565e-02	1.354787e+01
0.553536	-1.243191e+00	3.112273e-01	4.995700e-02	1.351056e+01
0.556516	-1.245660e+00	3.120694e-01	5.021867e-02	1.347327e+01
0.559504	-1.248124e+00	3.129073e-01	5.048066e-02	1.343601e+01
0.562500	-1.250583e+00	3.137409e-01	5.074297e-02	1.339877e+01
0.565504	-1.253036e+00	3.145702e-01	5.100559e-02	1.336156e+01
0.568516	-1.255484e+00	3.153952e-01	5.126852e-02	1.332438e+01
0.571536	-1.257926e+00	3.162160e-01	5.153176e-02	1.328722e+01
0.574564	-1.260363e+00	3.170325e-01	5.179529e-02	1.325008e+01
0.577600	-1.262794e+00	3.178448e-01	5.205913e-02	1.321298e+01
0.580644	-1.265220e+00	3.186528e-01	5.232325e-02	1.317591e+01
0.583696	-1.267641e+00	3.194566e-01	5.258767e-02	1.313887e+01
0.586756	-1.270056e+00	3.202561e-01	5.285237e-02	1.310186e+01
0.589824	-1.272466e+00	3.210514e-01	5.311734e-02	1.306488e+01
0.592900	-1.274870e+00	3.218424e-01	5.338259e-02	1.302793e+01
0.595984	-1.277269e+00	3.226292e-01	5.364811e-02	1.299102e+01
0.599076	-1.279663e+00	3.234117e-01	5.391390e-02	1.295415e+01
0.602176	-1.282051e+00	3.241900e-01	5.417994e-02	1.291731e+01
0.605284	-1.284434e+00	3.249641e-01	5.444624e-02	1.288051e+01
0.608400	-1.286812e+00	3.257340e-01	5.471278e-02	1.284375e+01
0.611524	-1.289184e+00	3.264997e-01	5.497957e-02	1.280702e+01
0.614656	-1.291551e+00	3.272612e-01	5.524659e-02	1.277034e+01
0.617796	-1.293913e+00	3.280185e-01	5.551385e-02	1.273369e+01
0.620944	-1.296269e+00	3.287716e-01	5.578133e-02	1.269709e+01
0.624100	-1.298620e+00	3.295205e-01	5.604903e-02	1.266053e+01
0.627264	-1.300966e+00	3.302653e-01	5.631695e-02	1.262401e+01
0.630436	-1.303306e+00	3.310059e-01	5.658507e-02	1.258754e+01
0.633616	-1.305641e+00	3.317423e-01	5.685340e-02	1.255111e+01
0.636804	-1.307971e+00	3.324746e-01	5.712193e-02	1.251472e+01
0.640000	-1.310296e+00	3.332028e-01	5.739065e-02	1.247839e+01
0.643204	-1.312615e+00	3.339268e-01	5.765956e-02	1.244210e+01
0.646416	-1.314929e+00	3.346467e-01	5.792865e-02	1.240585e+01
0.649636	-1.317238e+00	3.353625e-01	5.819792e-02	1.236966e+01
0.652864	-1.319542e+00	3.360742e-01	5.846737e-02	1.233351e+01
0.656100	-1.321841e+00	3.367818e-01	5.873698e-02	1.229742e+01
0.659344	-1.324134e+00	3.374853e-01	5.900676e-02	1.226137e+01
0.662596	-1.326422e+00	3.381847e-01	5.927671e-02	1.222538e+01
0.665856	-1.328705e+00	3.388800e-01	5.954680e-02	1.218944e+01
0.669124	-1.330982e+00	3.395713e-01	5.981706e-02	1.215355e+01
0.672400	-1.333255e+00	3.402585e-01	6.008746e-02	1.211772e+01
0.675684	-1.335522e+00	3.409417e-01	6.035800e-02	1.208194e+01
0.678976	-1.337784e+00	3.416209e-01	6.062869e-02	1.204621e+01
0.682276	-1.340042e+00	3.422960e-01	6.089952e-02	1.201054e+01
0.685584	-1.342293e+00	3.429671e-01	6.117048e-02	1.197493e+01
0.688900	-1.344540e+00	3.436342e-01	6.144157e-02	1.193937e+01
0.692224	-1.346782e+00	3.442973e-01	6.171278e-02	1.190387e+01
0.695556	-1.349019e+00	3.449564e-01	6.198412e-02	1.186843e+01
0.698896	-1.351250e+00	3.456116e-01	6.225558e-02	1.183305e+01
0.702244	-1.353476e+00	3.462628e-01	6.252715e-02	1.179772e+01
0.705600	-1.355698e+00	3.469100e-01	6.279882e-02	1.176246e+01
0.708964	-1.357914e+00	3.475534e-01	6.307061e-02	1.172726e+01
0.712336	-1.360125e+00	3.481928e-01	6.334249e-02	1.169212e+01
0.715716	-1.362331e+00	3.488282e-01	6.361447e-02	1.165704e+01
0.719104	-1.364533e+00	3.494598e-01	6.388654e-02	1.162202e+01
0.722500	-1.366729e+00	3.500875e-01	6.415869e-02	1.158707e+01
0.725904	-1.368920e+00	3.507113e-01	6.443093e-02	1.155218e+01
0.729316	-1.371106e+00	3.513313e-01	6.470324e-02	1.151735e+01
0.732736	-1.373287e+00	3.519474e-01	6.497562e-02	1.148259e+01
0.736164	-1.375463e+00	3.525597e-01	6.524807e-02	1.144790e+01
0.739600	-1.377634e+00	3.531682e-01	6.552058e-02	1.141326e+01
0.743044	-1.379800e+00	3.537728e-01	6.579314e-02	1.137870e+01
0.746496	-1.381961e+00	3.543737e-01	6.606576e-02	1.134420e+01
0.749956	-1.384117e+00	3.549708e-01	6.633842e-02	1.130977e+01
0.753424	-1.386269e+00	3.555641e-01	6.661113e-02	1.127541e+01
0.756900	-1.388415e+00	3.561537e-01	6.688387e-02	1.124112e+01
0.760384	-1.390556e+00	3.567395e-01	6.715665e-02	1.120689e+01
0.763876	-1.392693e+00	3.573216e-01	6.742945e-02	1.117274e+01
0.767376	-1.394824e+00	3.579000e-01	6.770229e-02	1.113865e+01
0.770884	-1.396951e+00	3.584746e-01	6.797514e-02	1.110464e+01
0.774400	-1.399073e+00	3.590456e-01	6.824801e-02	1.107069e+01
0.777924	-1.401189e+00	3.596129e-01	6.852089e-02	1.103682e+01
0.781456	-1.403301e+00	3.601766e-01	6.879379e-02	1.100301e+01
0.784996	-1.405409e+00	3.607366e-01	6.906669e-02	1.096928e+01
0.788544	-1.407511e+00	3.612930e-01	6.933960e-02	1.093562e+01
0.792100	-1.409608e+00	3.618457e-01	6.961251e-02	1.090204e+01
0.795664	-1.411701e+00	3.623948e-01	6.988541e-02	1.086853e+01
0.799236	-1.413789e+00	3.629404e-01	7.015831e-02	1.083509e+01
0.802816	-1.415872e+00	3.634823e-01	7.043120e-02	1.080172e+01
0.806404	-1.417950e+00	3.640207e-01	7.070408e-02	1.076843e+01
0.810000	-1.420023e+00	3.645556e-01	7.097694e-02	1.073521e+01
0.813604	-1.422092e+00	3.650869e-01	7.124978e-02	1.070207e+01
0.817216	-1.424156e+00	3.656146e-01	7.152260e-02	1.066900e+01
0.820836	-1.426215e+00	3.661389e-01	7.179539e-02	1.063601e+01
0.824464	-1.428269e+00	3.666596e-01	7.206816e-02	1.060310e+01
0.828100	-1.430319e+00	3.671769e-01	7.234089e-02	1.057026e+01
0.831744	-1.432364e+00	3.676907e-01	7.261358e-02	1.053750e+01
0.835396	-1.434404e+00	3.682011e-01	7.288623e-02	1.050481e+01
0.839056	-1.436440e+00	3.687080e-01	7.315883e-02	1.047221e+01
0.842724	-1.438470e+00	3.692115e-01	7.343139e-02	1.043968e+01
0.846400	-1.440496e+00	3.697116e-01	7.370389e-02	1.040722e+01
0.850084	-1.442518e+00	3.702083e-01	7.397634e-02	1.037485e+01
0.853776	-1.444535e+00	3.707017e-01	7.424872e-02	1.034255e+01
0.857476	-1.446547e+00	3.711916e-01	7.452104e-02	1.031034e+01
0.861184	-1.448554e+00	3.716782e-01	7.479328e-02	1.027820e+01
0.864900	-1.450557e+00	3.721615e-01	7.506546e-02	1.024614e+01
0.868624	-1.452555e+00	3.726415e-01	7.533755e-02	1.021416e+01
0.872356	-1.454549e+00	3.731182e-01	7.560956e-02	1.018226e+01
0.876096	-1.456538e+00	3.735916e-01	7.588149e-02	1.015045e+01
0.879844	-1.458522e+00	3.740617e-01	7.615333e-02	1.011871e+01
0.883600	-1.460502e+00	3.745285e-01	7.642507e-02	1.008705e+01
0.887364	-1.462477e+00	3.749922e-01	7.669672e-02	1.005547e+01
0.891136	-1.464448e+00	3.754526e-01	7.696827e-02	1.002398e+01
0.894916	-1.466414e+00	3.759097e-01	7.723972e-02	9.992560e+00
0.898704	-1.468376e+00	3.763637e-01	7.751106e-02	9.961226e+00
0.902500	-1.470333e+00	3.768145e-01	7.778229e-02	9.929973e+00
0.906304	-1.472285e+00	3.772621e-01	7.805341e-02	9.898803e+00
0.910116	-1.474233e+00	3.777066e-01	7.832442e-02	9.867714e+00
0.913936	-1.476177e+00	3.781479e-01	7.859531e-02	9.836707e+00
0.917764	-1.478116e+00	3.785862e-01	7.886608e-02	9.805782e+00
0.921600	-1.480050e+00	3.790212e-01	7.913673e-02	9.774940e+00
0.925444	-1.481981e+00	3.794532e-01	7.940725e-02	9.744180e+00
0.929296	-1.483906e+00	3.798821e-01	7.967765e-02	9.713503e+00
0.933156	-1.485827e+00	3.803080e-01	7.994791e-02	9.682909e+00
0.937024	-1.487744e+00	3.807308e-01	8.021804e-02	9.652397e+00
0.940900	-1.489656e+00	3.811505e-01	8.048804e-02	9.621969e+00
0.944784	-1.491564e+00	3.815672e-01	8.075790e-02	9.591624e+00
0.948676	-1.493468e+00	3.819809e-01	8.102762e-02	9.561362e+00
0.952576	-1.495367e+00	3.823916e-01	8.129720e-02	9.531184e+00
0.956484	-1.497261e+00	3.827994e-01	8.156662e-02	9.501090e+00
0.960400	-1.499152e+00	3.832041e-01	8.183590e-02	9.471079e+00
0.964324	-1.501038e+00	3.836060e-01	8.210503e-02	9.441152e+00
0.968256	-1.502919e+00	3.840048e-01	8.237400e-02	9.411308e+00
0.972196	-1.504796e+00	3.844008e-01	8.264281e-02	9.381549e+00
0.976144	-1.506669e+00	3.847938e-01	8.291146e-02	9.351874e+00
0.980100	-1.508538e+00	3.851840e-01	8.317995e-02	9.322283e+00
0.984064	-1.510402e+00	3.855713e-01	8.344826e-02	9.292776e+00
0.988036	-1.512262e+00	3.859557e-01	8.371641e-02	9.263354e+00
0.992016	-1.514118e+00	3.863373e-01	8.398437e-02	9.234016e+00
0.996004	-1.515969e+00	3.867160e-01	8.425216e-02	9.204762e+00