
0.000004	6.106531e-03	3.823122e-06	-3.078124e-08	5.857390e+01
0.000016	1.212490e-02	3.308587e-05	-5.297886e-07	5.773042e+01
0.000036	1.796032e-02	1.147350e-04	-3.994678e-07	5.630048e+01
0.000064	2.355163e-02	2.559495e-04	8.025761e-06	5.446476e+01
0.000100	2.889597e-02	4.383497e-04	3.323679e-05	5.248513e+01
0.000144	3.401104e-02	6.465439e-04	7.204571e-05	5.050916e+01
0.000196	3.889735e-02	8.843138e-04	1.141665e-04	4.855531e+01
0.000256	4.354886e-02	1.157210e-03	1.576131e-04	4.661943e+01
0.000324	4.796927e-02	1.461151e-03	2.075384e-04	4.471740e+01
0.000400	5.216311e-02	1.793003e-03	2.644478e-04	4.285946e+01
0.000484	5.612982e-02	2.154754e-03	3.253414e-04	4.104462e+01
0.000576	5.987133e-02	2.545784e-03	3.910352e-04	3.927539e+01
0.000676	6.339265e-02	2.963016e-03	4.634182e-04	3.755653e+01
0.000784	6.669632e-02	3.406175e-03	5.412971e-04	3.588851e+01
0.000900	6.978455e-02	3.875422e-03	6.239106e-04	3.427119e+01
0.001024	7.266209e-02	4.368609e-03	7.125749e-04	3.270623e+01
0.001156	7.533309e-02	4.884355e-03	8.073372e-04	3.119404e+01
0.001296	7.780046e-02	5.422655e-03	9.072203e-04	2.973381e+01
0.001444	8.006855e-02	5.982179e-03	1.012732e-03	2.832555e+01
0.001600	8.214219e-02	6.561170e-03	1.124464e-03	2.696918e+01
0.001764	8.402497e-02	7.159161e-03	1.241760e-03	2.566369e+01
0.001936	8.572091e-02	7.775332e-03	1.364534e-03	2.440825e+01
0.002116	8.723492e-02	8.407976e-03	1.493440e-03	2.320228e+01
0.002304	8.857107e-02	9.056163e-03	1.628263e-03	2.204469e+01
0.002500	8.973320e-02	9.719280e-03	1.768627e-03	2.093427e+01
0.002704	9.072594e-02	1.039587e-02	1.914991e-03	1.987007e+01
0.002916	9.155364e-02	1.108468e-02	2.067496e-03	1.885094e+01
0.003136	9.222003e-02	1.178507e-02	2.225737e-03	1.787555e+01
0.003364	9.272934e-02	1.249588e-02	2.389898e-03	1.694272e+01
0.003600	9.308593e-02	1.321571e-02	2.560312e-03	1.605127e+01
0.003844	9.329351e-02	1.394376e-02	2.736711e-03	1.519987e+01
0.004096	9.335590e-02	1.467912e-02	2.919045e-03	1.438724e+01
0.004356	9.327726e-02	1.542040e-02	3.107675e-03	1.361218e+01
0.004624	9.306128e-02	1.616662e-02	3.302538e-03	1.287343e+01
0.004900	9.271143e-02	1.691699e-02	3.503450e-03	1.216970e+01
0.005184	9.223155e-02	1.767025e-02	3.710685e-03	1.149981e+01
0.005476	9.162526e-02	1.842527e-02	3.924366e-03	1.086257e+01
0.005776	9.089577e-02	1.918128e-02	4.144291e-03	1.025675e+01
0.006084	9.004653e-02	1.993721e-02	4.370594e-03	9.681222e+00
0.006400	8.908102e-02	2.069185e-02	4.603515e-03	9.134863e+00
0.006724	8.800226e-02	2.144438e-02	4.842924e-03	8.616550e+00
0.007056	8.681334e-02	2.219390e-02	5.088825e-03	8.125207e+00
0.007396	8.551749e-02	2.293921e-02	5.341485e-03	7.659804e+00
0.007744	8.411763e-02	2.367941e-02	5.600899e-03	7.219318e+00
0.008100	8.261648e-02	2.441371e-02	5.866986e-03	6.802755e+00
0.008464	8.101702e-02	2.514101e-02	6.139970e-03	6.409172e+00
0.008836	7.932202e-02	2.586035e-02	6.419970e-03	6.037646e+00
0.009216	7.753396e-02	2.657097e-02	6.706887e-03	5.687277e+00
0.009604	7.565549e-02	2.727193e-02	7.000864e-03	5.357207e+00
0.010000	7.368924e-02	2.796222e-02	7.302105e-03	5.046609e+00
0.010404	7.163752e-02	2.864109e-02	7.610558e-03	4.754676e+00
0.010816	6.950266e-02	2.930773e-02	7.926277e-03	4.480639e+00
0.011236	6.728710e-02	2.996116e-02	8.249499e-03	4.223757e+00
0.011664	6.499302e-02	3.060062e-02	8.580256e-03	3.983316e+00
0.012100	6.262249e-02	3.122540e-02	8.918542e-03	3.758628e+00
0.012544	6.017774e-02	3.183460e-02	9.264576e-03	3.549037e+00
0.012996	5.766082e-02	3.242742e-02	9.618482e-03	3.353912e+00
0.013456	5.507361e-02	3.300324e-02	9.980236e-03	3.172645e+00
0.013924	5.241807e-02	3.356127e-02	1.035000e-02	3.004656e+00
0.014400	4.969617e-02	3.410070e-02	1.072799e-02	2.849391e+00
0.014884	4.690961e-02	3.462095e-02	1.111418e-02	2.706317e+00
0.015376	4.406015e-02	3.512135e-02	1.150870e-02	2.574925e+00
0.015876	4.114960e-02	3.560113e-02	1.191178e-02	2.454727e+00
0.016384	3.817957e-02	3.605970e-02	1.232348e-02	2.345260e+00
0.016900	3.515160e-02	3.649651e-02	1.274385e-02	2.246080e+00
0.017424	3.206734e-02	3.691086e-02	1.317314e-02	2.156761e+00
0.017956	2.892834e-02	3.730215e-02	1.361148e-02	2.076900e+00
0.018496	2.573596e-02	3.766992e-02	1.405891e-02	2.006111e+00
0.019044	2.249169e-02	3.801357e-02	1.451563e-02	1.944027e+00
0.019600	1.919698e-02	3.833251e-02	1.498184e-02	1.890296e+00
0.020164	1.585309e-02	3.862632e-02	1.545761e-02	1.844586e+00
0.020736	1.246132e-02	3.889452e-02	1.594308e-02	1.806580e+00
0.021316	9.023041e-03	3.913654e-02	1.643851e-02	1.775974e+00
0.021904	5.539437e-03	3.935199e-02	1.694399e-02	1.752483e+00
0.022500	2.011652e-03	3.954049e-02	1.745965e-02	1.735834e+00
0.023104	-1.559066e-03	3.970155e-02	1.798572e-02	1.725766e+00
0.023716	-5.171581e-03	3.983476e-02	1.852240e-02	1.722035e+00
0.024336	-8.824871e-03	3.993984e-02	1.906976e-02	1.724407e+00
0.024964	-1.251782e-02	4.001638e-02	1.962804e-02	1.732660e+00
0.025600	-1.624935e-02	4.006399e-02	2.019748e-02	1.746585e+00
0.026244	-2.001851e-02	4.008243e-02	2.077818e-02	1.765982e+00
0.026896	-2.382432e-02	4.007140e-02	2.137034e-02	1.790664e+00
0.027556	-2.766577e-02	4.003053e-02	2.197424e-02	1.820452e+00
0.028224	-3.154195e-02	3.995961e-02	2.259001e-02	1.855177e+00
0.028900	-3.545203e-02	3.985843e-02	2.321782e-02	1.894681e+00
0.029584	-3.939504e-02	3.972668e-02	2.385798e-02	1.938812e+00
0.030276	-4.337013e-02	3.956416e-02	2.451066e-02	1.987427e+00
0.030976	-4.737655e-02	3.937072e-02	2.517603e-02	2.040395e+00
0.031684	-5.141344e-02	3.914615e-02	2.585437e-02	2.097586e+00
0.032400	-5.547998e-02	3.889023e-02	2.654592e-02	2.158882e+00
0.033124	-5.957546e-02	3.860289e-02	2.725085e-02	2.224171e+00
0.033856	-6.369914e-02	3.828397e-02	2.796942e-02	2.293347e+00
0.034596	-6.785024e-02	3.793329e-02	2.870192e-02	2.366310e+00
0.035344	-7.202809e-02	3.755081e-02	2.944855e-02	2.442967e+00
0.036100	-7.623203e-02	3.713645e-02	3.020952e-02	2.523231e+00
0.036864	-8.046134e-02	3.669007e-02	3.098518e-02	2.607019e+00
0.037636	-8.471538e-02	3.621162e-02	3.177574e-02	2.694253e+00
0.038416	-8.899355e-02	3.570111e-02	3.258142e-02	2.784863e+00
0.039204	-9.329521e-02	3.515844e-02	3.340256e-02	2.878779e+00
0.040000	-9.761973e-02	3.458358e-02	3.423943e-02	2.975940e+00
0.040804	-1.019666e-01	3.397657e-02	3.509226e-02	3.076287e+00
0.041616	-1.063351e-01	3.333739e-02	3.596136e-02	3.179765e+00
0.042436	-1.107249e-01	3.266601e-02	3.684704e-02	3.286323e+00
0.043264	-1.151352e-01	3.196251e-02	3.774957e-02	3.395914e+00
0.044100	-1.195657e-01	3.122692e-02	3.866923e-02	3.508495e+00
0.044944	-1.240157e-01	3.045924e-02	3.960638e-02	3.624026e+00
0.045796	-1.284848e-01	2.965955e-02	4.056130e-02	3.742469e+00
0.046656	-1.329725e-01	2.882796e-02	4.153427e-02	3.863791e+00
0.047524	-1.374783e-01	2.796449e-02	4.252567e-02	3.987961e+00
0.048400	-1.420018e-01	2.706923e-02	4.353582e-02	4.114950e+00
0.049284	-1.465424e-01	2.614231e-02	4.456499e-02	4.244733e+00
0.050176	-1.510998e-01	2.518382e-02	4.561357e-02	4.377288e+00
0.051076	-1.556734e-01	2.419385e-02	4.668192e-02	4.512593e+00
0.051984	-1.602629e-01	2.317255e-02	4.777034e-02	4.650629e+00
0.052900	-1.648679e-01	2.212005e-02	4.887919e-02	4.791382e+00
0.053824	-1.694880e-01	2.103646e-02	5.000887e-02	4.934839e+00
0.054756	-1.741227e-01	1.992194e-02	5.115972e-02	5.080985e+00
0.055696	-1.787717e-01	1.877667e-02	5.233208e-02	5.229813e+00
0.056644	-1.834346e-01	1.760076e-02	5.352638e-02	5.381315e+00
0.057600	-1.881110e-01	1.639439e-02	5.474299e-02	5.535485e+00
0.058564	-1.928005e-01	1.515777e-02	5.598226e-02	5.692317e+00
0.059536	-1.975030e-01	1.389104e-02	5.724463e-02	5.851813e+00
0.060516	-2.022178e-01	1.259438e-02	5.853051e-02	6.013969e+00
0.061504	-2.069448e-01	1.126800e-02	5.984026e-02	6.178787e+00
0.062500	-2.116836e-01	9.912102e-03	6.117431e-02	6.346270e+00
0.063504	-2.164339e-01	8.526845e-03	6.253311e-02	6.516424e+00
0.064516	-2.211953e-01	7.112463e-03	6.391707e-02	6.689253e+00
0.065536	-2.259677e-01	5.669184e-03	6.532659e-02	6.864765e+00
0.066564	-2.307506e-01	4.197181e-03	6.676216e-02	7.042970e+00
0.067600	-2.355437e-01	2.696678e-03	6.822422e-02	7.223878e+00
0.068644	-2.403468e-01	1.167932e-03	6.971318e-02	7.407501e+00
0.069696	-2.451596e-01	-3.888621e-04	7.122953e-02	7.593853e+00
0.070756	-2.499819e-01	-1.973491e-03	7.277376e-02	7.782950e+00
0.071824	-2.548132e-01	-3.585684e-03	7.434630e-02	7.974806e+00
0.072900	-2.596535e-01	-5.225216e-03	7.594765e-02	8.169441e+00
0.073984	-2.645024e-01	-6.891882e-03	7.757831e-02	8.366875e+00
0.075076	-2.693597e-01	-8.585411e-03	7.923876e-02	8.567126e+00
0.076176	-2.742251e-01	-1.030555e-02	8.092948e-02	8.770219e+00
0.077284	-2.790983e-01	-1.205209e-02	8.265103e-02	8.976178e+00
0.078400	-2.839792e-01	-1.382477e-02	8.440389e-02	9.185027e+00
0.079524	-2.888675e-01	-1.562332e-02	8.618858e-02	9.396792e+00
0.080656	-2.937630e-01	-1.744751e-02	8.800565e-02	9.611504e+00
0.081796	-2.986654e-01	-1.929710e-02	8.985564e-02	9.829191e+00
0.082944	-3.035746e-01	-2.117180e-02	9.173907e-02	1.004988e+01
0.084100	-3.084903e-01	-2.307137e-02	9.365651e-02	1.027362e+01
0.085264	-3.134123e-01	-2.499559e-02	9.560854e-02	1.050042e+01
0.086436	-3.183403e-01	-2.694415e-02	9.759569e-02	1.073034e+01
0.087616	-3.232743e-01	-2.891681e-02	9.961855e-02	1.096340e+01
0.088804	-3.282140e-01	-3.091333e-02	1.016777e-01	1.119965e+01
0.090000	-3.331592e-01	-3.293343e-02	1.037738e-01	1.143912e+01
0.091204	-3.381097e-01	-3.497685e-02	1.059073e-01	1.168186e+01
0.092416	-3.430653e-01	-3.704334e-02	1.080790e-01	1.192792e+01
0.093636	-3.480258e-01	-3.913265e-02	1.102893e-01	1.217733e+01
0.094864	-3.529911e-01	-4.124448e-02	1.125390e-01	1.243015e+01
0.096100	-3.579610e-01	-4.337860e-02	1.148287e-01	1.268643e+01
0.097344	-3.629353e-01	-4.553476e-02	1.171590e-01	1.294621e+01
0.098596	-3.679138e-01	-4.771267e-02	1.195305e-01	1.320954e+01
0.099856	-3.728964e-01	-4.991207e-02	1.219439e-01	1.347649e+01
0.101124	-3.778828e-01	-5.213274e-02	1.243999e-01	1.374710e+01
0.102400	-3.828730e-01	-5.437438e-02	1.268992e-01	1.402144e+01
0.103684	-3.878668e-01	-5.663674e-02	1.294423e-01	1.429956e+01
0.104976	-3.928640e-01	-5.891957e-02	1.320301e-01	1.458153e+01
0.106276	-3.978645e-01	-6.122263e-02	1.346632e-01	1.486741e+01
0.107584	-4.028681e-01	-6.354561e-02	1.373423e-01	1.515726e+01
0.108900	-4.078747e-01	-6.588830e-02	1.400681e-01	1.545116e+01
0.110224	-4.128841e-01	-6.825044e-02	1.428414e-01	1.574916e+01
0.111556	-4.178961e-01	-7.063176e-02	1.456628e-01	1.605134e+01
0.112896	-4.229107e-01	-7.303200e-02	1.485331e-01	1.635778e+01
0.114244	-4.279278e-01	-7.545095e-02	1.514531e-01	1.666854e+01
0.115600	-4.329470e-01	-7.788832e-02	1.544235e-01	1.698371e+01
0.116964	-4.379685e-01	-8.034386e-02	1.574450e-01	1.730336e+01
0.118336	-4.429919e-01	-8.281734e-02	1.605184e-01	1.762757e+01
0.119716	-4.480172e-01	-8.530851e-02	1.636446e-01	1.795642e+01
0.121104	-4.530443e-01	-8.781711e-02	1.668242e-01	1.829000e+01
0.122500	-4.580729e-01	-9.034291e-02	1.700580e-01	1.862839e+01
0.123904	-4.631031e-01	-9.288568e-02	1.733469e-01	1.897169e+01
0.125316	-4.681347e-01	-9.544514e-02	1.766917e-01	1.931997e+01
0.126736	-4.731675e-01	-9.802107e-02	1.800931e-01	1.967333e+01
0.128164	-4.782015e-01	-1.006132e-01	1.835520e-01	2.003187e+01
0.129600	-4.832365e-01	-1.032214e-01	1.870692e-01	2.039567e+01
0.131044	-4.882725e-01	-1.058453e-01	1.906455e-01	2.076484e+01
0.132496	-4.933093e-01	-1.084848e-01	1.942818e-01	2.113946e+01
0.133956	-4.983467e-01	-1.111395e-01	1.979789e-01	2.151965e+01
0.135424	-5.033848e-01	-1.138093e-01	2.017375e-01	2.190550e+01
0.136900	-5.084234e-01	-1.164940e-01	2.055587e-01	2.229711e+01
0.138384	-5.134623e-01	-1.191932e-01	2.094431e-01	2.269459e+01
0.139876	-5.185015e-01	-1.219068e-01	2.133918e-01	2.309803e+01
0.141376	-5.235410e-01	-1.246346e-01	2.174054e-01	2.350755e+01
0.142884	-5.285805e-01	-1.273763e-01	2.214850e-01	2.392326e+01
0.144400	-5.336200e-01	-1.301318e-01	2.256313e-01	2.434525e+01
0.145924	-5.386594e-01	-1.329007e-01	2.298452e-01	2.477364e+01
0.147456	-5.436987e-01	-1.356829e-01	2.341275e-01	2.520854e+01
0.148996	-5.487376e-01	-1.384782e-01	2.384793e-01	2.565005e+01
0.150544	-5.537761e-01	-1.412863e-01	2.429012e-01	2.609829e+01
0.152100	-5.588142e-01	-1.441071e-01	2.473942e-01	2.655336e+01
0.153664	-5.638517e-01	-1.469404e-01	2.519591e-01	2.701537e+01
0.155236	-5.688886e-01	-1.497858e-01	2.565968e-01	2.748444e+01
0.156816	-5.739248e-01	-1.526432e-01	2.613082e-01	2.796067e+01
0.158404	-5.789602e-01	-1.555125e-01	2.660941e-01	2.844417e+01
0.160000	-5.839946e-01	-1.583934e-01	2.709553e-01	2.893504e+01
0.161604	-5.890281e-01	-1.612857e-01	2.758927e-01	2.943340e+01
0.163216	-5.940605e-01	-1.641893e-01	2.809071e-01	2.993935e+01
0.164836	-5.990918e-01	-1.671038e-01	2.859994e-01	3.045298e+01
0.166464	-6.041219e-01	-1.700292e-01	2.911704e-01	3.097440e+01
0.168100	-6.091507e-01	-1.729652e-01	2.964209e-01	3.150371e+01
0.169744	-6.141781e-01	-1.759117e-01	3.017516e-01	3.204100e+01
0.171396	-6.192041e-01	-1.788684e-01	3.071634e-01	3.258636e+01
0.173056	-6.242286e-01	-1.818352e-01	3.126571e-01	3.313989e+01
0.174724	-6.292516e-01	-1.848119e-01	3.182334e-01	3.370166e+01
0.176400	-6.342728e-01	-1.877983e-01	3.238930e-01	3.427176e+01
0.178084	-6.392924e-01	-1.907942e-01	3.296367e-01	3.485027e+01
0.179776	-6.443101e-01	-1.937994e-01	3.354652e-01	3.543724e+01
0.181476	-6.493260e-01	-1.968138e-01	3.413791e-01	3.603276e+01
0.183184	-6.543400e-01	-1.998372e-01	3.473791e-01	3.663687e+01
0.184900	-6.593520e-01	-2.028695e-01	3.534659e-01	3.724962e+01
0.186624	-6.643619e-01	-2.059103e-01	3.596401e-01	3.787107e+01
0.188356	-6.693697e-01	-2.089597e-01	3.659022e-01	3.850125e+01
0.190096	-6.743753e-01	-2.120173e-01	3.722528e-01	3.914019e+01
0.191844	-6.793787e-01	-2.150831e-01	3.786925e-01	3.978790e+01
0.193600	-6.843798e-01	-2.181569e-01	3.852216e-01	4.044440e+01
0.195364	-6.893785e-01	-2.212385e-01	3.918407e-01	4.110969e+01
0.197136	-6.943748e-01	-2.243277e-01	3.985503e-01	4.178376e+01
0.198916	-6.993687e-01	-2.274244e-01	4.053505e-01	4.246659e+01
0.200704	-7.043600e-01	-2.305285e-01	4.122419e-01	4.315814e+01
0.202500	-7.093487e-01	-2.336397e-01	4.192247e-01	4.385837e+01
0.204304	-7.143347e-01	-2.367580e-01	4.262990e-01	4.456722e+01
0.206116	-7.193181e-01	-2.398831e-01	4.334653e-01	4.528462e+01
0.207936	-7.242987e-01	-2.430150e-01	4.407235e-01	4.601048e+01
0.209764	-7.292765e-01	-2.461534e-01	4.480737e-01	4.674471e+01
0.211600	-7.342514e-01	-2.492983e-01	4.555161e-01	4.748718e+01
0.213444	-7.392235e-01	-2.524494e-01	4.630506e-01	4.823776e+01
0.215296	-7.441925e-01	-2.556067e-01	4.706771e-01	4.899631e+01
0.217156	-7.491586e-01	-2.587700e-01	4.783955e-01	4.976265e+01
0.219024	-7.541216e-01	-2.619392e-01	4.862056e-01	5.053661e+01
0.220900	-7.590814e-01	-2.651140e-01	4.941071e-01	5.131798e+01
0.222784	-7.640382e-01	-2.682945e-01	5.020997e-01	5.210653e+01
0.224676	-7.689917e-01	-2.714804e-01	5.101829e-01	5.290204e+01
0.226576	-7.739420e-01	-2.746716e-01	5.183564e-01	5.370424e+01
0.228484	-7.788889e-01	-2.778679e-01	5.266195e-01	5.451286e+01
0.230400	-7.838326e-01	-2.810694e-01	5.349716e-01	5.532758e+01
0.232324	-7.887728e-01	-2.842757e-01	5.434120e-01	5.614810e+01
0.234256	-7.937097e-01	-2.874868e-01	5.519400e-01	5.697407e+01
0.236196	-7.986430e-01	-2.907026e-01	5.605547e-01	5.780513e+01
0.238144	-8.035729e-01	-2.939230e-01	5.692551e-01	5.864090e+01
0.240100	-8.084991e-01	-2.971477e-01	5.780401e-01	5.948098e+01
0.242064	-8.134218e-01	-3.003768e-01	5.869088e-01	6.032494e+01
0.244036	-8.183409e-01	-3.036100e-01	5.958598e-01	6.117235e+01
0.246016	-8.232563e-01	-3.068473e-01	6.048919e-01	6.202273e+01
0.248004	-8.281680e-01	-3.100885e-01	6.140037e-01	6.287560e+01
0.250000	-8.330759e-01	-3.133336e-01	6.231938e-01	6.373046e+01
0.252004	-8.379800e-01	-3.165823e-01	6.324605e-01	6.458679e+01
0.254016	-8.428803e-01	-3.198347e-01	6.418023e-01	6.544405e+01
0.256036	-8.477767e-01	-3.230905e-01	6.512174e-01	6.630168e+01
0.258064	-8.526693e-01	-3.263497e-01	6.607040e-01	6.715910e+01
0.260100	-8.575579e-01	-3.296122e-01	6.702602e-01	6.801573e+01
0.262144	-8.624425e-01	-3.328778e-01	6.798840e-01	6.887095e+01
0.264196	-8.673231e-01	-3.361465e-01	6.895733e-01	6.972416e+01
0.266256	-8.721997e-01	-3.394181e-01	6.993259e-01	7.057472e+01
0.268324	-8.770722e-01	-3.426926e-01	7.091397e-01	7.142199e+01
0.270400	-8.819406e-01	-3.459698e-01	7.190123e-01	7.226531e+01
0.272484	-8.868049e-01	-3.492496e-01	7.289412e-01	7.310403e+01
0.274576	-8.916650e-01	-3.525320e-01	7.389240e-01	7.393748e+01
0.276676	-8.965209e-01	-3.558169e-01	7.489582e-01	7.476498e+01
0.278784	-9.013726e-01	-3.591041e-01	7.590411e-01	7.558587e+01
0.280900	-9.062200e-01	-3.623935e-01	7.691700e-01	7.639946e+01
0.283024	-9.110631e-01	-3.656851e-01	7.793421e-01	7.720507e+01
0.285156	-9.159019e-01	-3.689787e-01	7.895547e-01	7.800203e+01
0.287296	-9.207363e-01	-3.722743e-01	7.998049e-01	7.878967e+01
0.289444	-9.255664e-01	-3.755718e-01	8.100897e-01	7.956733e+01
0.291600	-9.303920e-01	-3.788711e-01	8.204062e-01	8.033434e+01
0.293764	-9.352132e-01	-3.821721e-01	8.307513e-01	8.109005e+01
0.295936	-9.400300e-01	-3.854747e-01	8.411220e-01	8.183383e+01
0.298116	-9.448423e-01	-3.887788e-01	8.515151e-01	8.256506e+01
0.300304	-9.496500e-01	-3.920843e-01	8.619276e-01	8.328311e+01
0.302500	-9.544532e-01	-3.953913e-01	8.723564e-01	8.398741e+01
0.304704	-9.592518e-01	-3.986994e-01	8.827981e-01	8.467737e+01
0.306916	-9.640459e-01	-4.020088e-01	8.932497e-01	8.535245e+01
0.309136	-9.688353e-01	-4.053193e-01	9.037079e-01	8.601210e+01
0.311364	-9.736201e-01	-4.086308e-01	9.141696e-01	8.665582e+01
0.313600	-9.784003e-01	-4.119433e-01	9.246315e-01	8.728313e+01
0.315844	-9.831757e-01	-4.152566e-01	9.350905e-01	8.789357e+01
0.318096	-9.879464e-01	-4.185707e-01	9.455434e-01	8.848670e+01
0.320356	-9.927124e-01	-4.218856e-01	9.559870e-01	8.906212e+01
0.322624	-9.974737e-01	-4.252011e-01	9.664182e-01	8.961946e+01
0.324900	-1.002230e+00	-4.285171e-01	9.768338e-01	9.015838e+01
0.327184	-1.006982e+00	-4.318337e-01	9.872308e-01	9.067855e+01
0.329476	-1.011729e+00	-4.351507e-01	9.976061e-01	9.117971e+01
0.331776	-1.016471e+00	-4.384680e-01	1.007957e+00	9.166159e+01
0.334084	-1.021208e+00	-4.417857e-01	1.018280e+00	9.212398e+01
0.336400	-1.025940e+00	-4.451035e-01	1.028572e+00	9.256670e+01
0.338724	-1.030667e+00	-4.484215e-01	1.038832e+00	9.298959e+01
0.341056	-1.035390e+00	-4.517396e-01	1.049054e+00	9.339253e+01
0.343396	-1.040107e+00	-4.550577e-01	1.059239e+00	9.377542e+01
0.345744	-1.044820e+00	-4.583757e-01	1.069381e+00	9.413822e+01
0.348100	-1.049528e+00	-4.616936e-01	1.079479e+00	9.448090e+01
0.350464	-1.054230e+00	-4.650114e-01	1.089531e+00	9.480345e+01
0.352836	-1.058928e+00	-4.683289e-01	1.099533e+00	9.510592e+01
0.355216	-1.063620e+00	-4.716461e-01	1.109484e+00	9.538836e+01
0.357604	-1.068308e+00	-4.749630e-01	1.119382e+00	9.565087e+01
0.360000	-1.072990e+00	-4.782794e-01	1.129223e+00	9.589357e+01
0.362404	-1.077667e+00	-4.815953e-01	1.139006e+00	9.611660e+01
0.364816	-1.082340e+00	-4.849107e-01	1.148728e+00	9.632013e+01
0.367236	-1.087007e+00	-4.882255e-01	1.158389e+00	9.650435e+01
0.369664	-1.091669e+00	-4.915397e-01	1.167986e+00	9.666949e+01
0.372100	-1.096326e+00	-4.948531e-01	1.177516e+00	9.681578e+01
0.374544	-1.100978e+00	-4.981658e-01	1.186980e+00	9.694348e+01
0.376996	-1.105624e+00	-5.014776e-01	1.196374e+00	9.705287e+01
0.379456	-1.110266e+00	-5.047885e-01	1.205697e+00	9.714425e+01
0.381924	-1.114902e+00	-5.080986e-01	1.214948e+00	9.721793e+01
0.384400	-1.119533e+00	-5.114076e-01	1.224126e+00	9.727424e+01
0.386884	-1.124158e+00	-5.147156e-01	1.233230e+00	9.731351e+01
0.389376	-1.128779e+00	-5.180226e-01	1.242257e+00	9.733611e+01
0.391876	-1.133394e+00	-5.213284e-01	1.251207e+00	9.734239e+01
0.394384	-1.138004e+00	-5.246330e-01	1.260079e+00	9.733274e+01
0.396900	-1.142609e+00	-5.279364e-01	1.268873e+00	9.730754e+01
0.399424	-1.147208e+00	-5.312385e-01	1.277586e+00	9.726718e+01
0.401956	-1.151803e+00	-5.345393e-01	1.286219e+00	9.721206e+01
0.404496	-1.156391e+00	-5.378387e-01	1.294771e+00	9.714257e+01
0.407044	-1.160975e+00	-5.411367e-01	1.303241e+00	9.705914e+01
0.409600	-1.165553e+00	-5.444332e-01	1.311629e+00	9.696216e+01
0.412164	-1.170126e+00	-5.477282e-01	1.319933e+00	9.685206e+01
0.414736	-1.174693e+00	-5.510216e-01	1.328155e+00	9.672924e+01
0.417316	-1.179256e+00	-5.543135e-01	1.336293e+00	9.659411e+01
0.419904	-1.183812e+00	-5.576037e-01	1.344346e+00	9.644709e+01
0.422500	-1.188364e+00	-5.608922e-01	1.352316e+00	9.628859e+01
0.425104	-1.192910e+00	-5.641790e-01	1.360202e+00	9.611902e+01
0.427716	-1.197450e+00	-5.674641e-01	1.368003e+00	9.593878e+01
0.430336	-1.201985e+00	-5.707473e-01	1.375720e+00	9.574828e+01
0.432964	-1.206515e+00	-5.740287e-01	1.383353e+00	9.554791e+01
0.435600	-1.211039e+00	-5.773082e-01	1.390902e+00	9.533806e+01
0.438244	-1.215558e+00	-5.805858e-01	1.398366e+00	9.511912e+01
0.440896	-1.220072e+00	-5.838614e-01	1.405747e+00	9.489147e+01
0.443556	-1.224580e+00	-5.871350e-01	1.413044e+00	9.465549e+01
0.446224	-1.229082e+00	-5.904066e-01	1.420257e+00	9.441154e+01
0.448900	-1.233579e+00	-5.936761e-01	1.427387e+00	9.415999e+01
0.451584	-1.238071e+00	-5.969436e-01	1.434435e+00	9.390119e+01
0.454276	-1.242557e+00	-6.002088e-01	1.441400e+00	9.363547e+01
0.456976	-1.247038e+00	-6.034719e-01	1.448284e+00	9.336320e+01
0.459684	-1.251513e+00	-6.067328e-01	1.455085e+00	9.308468e+01
0.462400	-1.255983e+00	-6.099914e-01	1.461806e+00	9.280025e+01
0.465124	-1.260447e+00	-6.132478e-01	1.468447e+00	9.251021e+01
0.467856	-1.264905e+00	-6.165019e-01	1.475007e+00	9.221488e+01
0.470596	-1.269358e+00	-6.197536e-01	1.481488e+00	9.191455e+01
0.473344	-1.273806e+00	-6.230029e-01	1.487890e+00	9.160951e+01
0.476100	-1.278248e+00	-6.262498e-01	1.494214e+00	9.130004e+01
0.478864	-1.282685e+00	-6.294943e-01	1.500461e+00	9.098641e+01
0.481636	-1.287116e+00	-6.327364e-01	1.506631e+00	9.066888e+01
0.484416	-1.291541e+00	-6.359759e-01	1.512724e+00	9.034771e+01
0.487204	-1.295961e+00	-6.392129e-01	1.518742e+00	9.002314e+01
0.490000	-1.300375e+00	-6.424474e-01	1.524685e+00	8.969542e+01
0.492804	-1.304784e+00	-6.456793e-01	1.530554e+00	8.936477e+01
0.495616	-1.309187e+00	-6.489086e-01	1.536350e+00	8.903142e+01
0.498436	-1.313585e+00	-6.521352e-01	1.542073e+00	8.869558e+01
0.501264	-1.317977e+00	-6.553592e-01	1.547724e+00	8.835745e+01
0.504100	-1.322363e+00	-6.585805e-01	1.553304e+00	8.801724e+01
0.506944	-1.326744e+00	-6.617991e-01	1.558814e+00	8.767513e+01
0.509796	-1.331120e+00	-6.650149e-01	1.564254e+00	8.733132e+01
0.512656	-1.335490e+00	-6.682280e-01	1.569626e+00	8.698597e+01
0.515524	-1.339854e+00	-6.714383e-01	-1.566664e+00	8.663925e+01
0.518400	-1.344212e+00	-6.746457e-01	-1.561428e+00	8.629134e+01
0.521284	-1.348565e+00	-6.778504e-01	-1.556258e+00	8.594238e+01
0.524176	-1.352913e+00	-6.810521e-01	-1.551154e+00	8.559252e+01
0.527076	-1.357255e+00	-6.842510e-01	-1.546115e+00	8.524192e+01
0.529984	-1.361591e+00	-6.874470e-01	-1.541139e+00	8.489070e+01
0.532900	-1.365921e+00	-6.906401e-01	-1.536228e+00	8.453899e+01
0.535824	-1.370247e+00	-6.938302e-01	-1.531378e+00	8.418693e+01
0.538756	-1.374566e+00	-6.970173e-01	-1.526590e+00	8.383462e+01
0.541696	-1.378880e+00	-7.002015e-01	-1.521864e+00	8.348220e+01
0.544644	-1.383188e+00	-7.033826e-01	-1.517197e+00	8.312975e+01
0.547600	-1.387491e+00	-7.065607e-01	-1.512590e+00	8.277740e+01
0.550564	-1.391788e+00	-7.097357e-01	-1.508041e+00	8.242523e+01
0.553536	-1.396079e+00	-7.129077e-01	-1.503550e+00	8.207334e+01
0.556516	-1.400365e+00	-7.160766e-01	-1.499116e+00	8.172182e+01
0.559504	-1.404645e+00	-7.192424e-01	-1.494738e+00	8.137076e+01
0.562500	-1.408920e+00	-7.224050e-01	-1.490416e+00	8.102023e+01
0.565504	-1.413189e+00	-7.255645e-01	-1.486148e+00	8.067032e+01
0.568516	-1.417452e+00	-7.287208e-01	-1.481935e+00	8.032109e+01
0.571536	-1.421710e+00	-7.318740e-01	-1.477774e+00	7.997261e+01
0.574564	-1.425962e+00	-7.350240e-01	-1.473667e+00	7.962495e+01
0.577600	-1.430208e+00	-7.381707e-01	-1.469611e+00	7.927816e+01
0.580644	-1.434449e+00	-7.413142e-01	-1.465606e+00	7.893232e+01
0.583696	-1.438685e+00	-7.444545e-01	-1.461651e+00	7.858747e+01
0.586756	-1.442914e+00	-7.475914e-01	-1.457746e+00	7.824365e+01
0.589824	-1.447139e+00	-7.507252e-01	-1.453890e+00	7.790093e+01
0.592900	-1.451357e+00	-7.538556e-01	-1.450082e+00	7.755935e+01
0.595984	-1.455570e+00	-7.569827e-01	-1.446322e+00	7.721895e+01
0.599076	-1.459777e+00	-7.601065e-01	-1.442608e+00	7.687976e+01
0.602176	-1.463979e+00	-7.632269e-01	-1.438941e+00	7.654183e+01
0.605284	-1.468175e+00	-7.663440e-01	-1.435319e+00	7.620520e+01
0.608400	-1.472365e+00	-7.694578e-01	-1.431742e+00	7.586988e+01
0.611524	-1.476550e+00	-7.725681e-01	-1.428210e+00	7.553593e+01
0.614656	-1.480730e+00	-7.756751e-01	-1.424720e+00	7.520335e+01
0.617796	-1.484903e+00	-7.787787e-01	-1.421274e+00	7.487218e+01
0.620944	-1.489071e+00	-7.818788e-01	-1.417871e+00	7.454245e+01
0.624100	-1.493234e+00	-7.849755e-01	-1.414508e+00	7.421417e+01
0.627264	-1.497391e+00	-7.880688e-01	-1.411187e+00	7.388737e+01
0.630436	-1.501542e+00	-7.911586e-01	-1.407907e+00	7.356206e+01
0.633616	-1.505688e+00	-7.942450e-01	-1.404666e+00	7.323826e+01
0.636804	-1.509828e+00	-7.973279e-01	-1.401465e+00	7.291599e+01
0.640000	-1.513963e+00	-8.004073e-01	-1.398302e+00	7.259526e+01
0.643204	-1.518092e+00	-8.034832e-01	-1.395178e+00	7.227609e+01
0.646416	-1.522215e+00	-8.065556e-01	-1.392091e+00	7.195848e+01
0.649636	-1.526333e+00	-8.096245e-01	-1.389041e+00	7.164244e+01
0.652864	-1.530445e+00	-8.126898e-01	-1.386028e+00	7.132799e+01
0.656100	-1.534552e+00	-8.157517e-01	-1.383051e+00	7.101513e+01
0.659344	-1.538653e+00	-8.188099e-01	-1.380109e+00	7.070387e+01
0.662596	-1.542749e+00	-8.218647e-01	-1.377202e+00	7.039422e+01
0.665856	-1.546839e+00	-8.249158e-01	-1.374330e+00	7.008617e+01
0.669124	-1.550924e+00	-8.279634e-01	-1.371492e+00	6.977974e+01
0.672400	-1.555002e+00	-8.310075e-01	-1.368686e+00	6.947492e+01
0.675684	-1.559076e+00	-8.340479e-01	-1.365914e+00	6.917171e+01
0.678976	-1.563144e+00	-8.370847e-01	-1.363175e+00	6.887013e+01
0.682276	-1.567206e+00	-8.401180e-01	-1.360467e+00	6.857016e+01
0.685584	1.570330e+00	-8.431476e-01	-1.357791e+00	6.827181e+01
0.688900	1.566278e+00	-8.461736e-01	-1.355145e+00	6.797508e+01
0.692224	1.562233e+00	-8.491960e-01	-1.352531e+00	6.767996e+01
0.695556	1.558193e+00	-8.522148e-01	-1.349946e+00	6.738646e+01
0.698896	1.554158e+00	-8.552299e-01	-1.347391e+00	6.709456e+01
0.702244	1.550129e+00	-8.582414e-01	-1.344866e+00	6.680428e+01
0.705600	1.546105e+00	-8.612492e-01	-1.342369e+00	6.651559e+01
0.708964	1.542087e+00	-8.642534e-01	-1.339901e+00	6.622851e+01
0.712336	1.538074e+00	-8.672539e-01	-1.337460e+00	6.594302e+01
0.715716	1.534067e+00	-8.702507e-01	-1.335048e+00	6.565911e+01
0.719104	1.530065e+00	-8.732439e-01	-1.332662e+00	6.537679e+01
0.722500	1.526069e+00	-8.762334e-01	-1.330303e+00	6.509605e+01
0.725904	1.522078e+00	-8.792192e-01	-1.327971e+00	6.481687e+01
0.729316	1.518093e+00	-8.822014e-01	-1.325665e+00	6.453926e+01
0.732736	1.514113e+00	-8.851798e-01	-1.323384e+00	6.426321e+01
0.736164	1.510139e+00	-8.881546e-01	-1.321129e+00	6.398871e+01
0.739600	1.506170e+00	-8.911256e-01	-1.318898e+00	6.371575e+01
0.743044	1.502207e+00	-8.940930e-01	-1.316693e+00	6.344433e+01
0.746496	1.498249e+00	-8.970566e-01	-1.314511e+00	6.317443e+01
0.749956	1.494296e+00	-9.000166e-01	-1.312353e+00	6.290605e+01
0.753424	1.490349e+00	-9.029728e-01	-1.310219e+00	6.263918e+01
0.756900	1.486408e+00	-9.059253e-01	-1.308108e+00	6.237381e+01
0.760384	1.482471e+00	-9.088741e-01	-1.306020e+00	6.210994e+01
0.763876	1.478541e+00	-9.118191e-01	-1.303954e+00	6.184755e+01
0.767376	1.474615e+00	-9.147605e-01	-1.301911e+00	6.158664e+01
0.770884	1.470695e+00	-9.176981e-01	-1.299889e+00	6.132719e+01
0.774400	1.466781e+00	-9.206319e-01	-1.297889e+00	6.106921e+01
0.777924	1.462872e+00	-9.235621e-01	-1.295910e+00	6.081267e+01
0.781456	1.458968e+00	-9.264885e-01	-1.293953e+00	6.055757e+01
0.784996	1.455070e+00	-9.294112e-01	-1.292016e+00	6.030390e+01
0.788544	1.451177e+00	-9.323301e-01	-1.290099e+00	6.005165e+01
0.792100	1.447289e+00	-9.352453e-01	-1.288203e+00	5.980081e+01
0.795664	1.443407e+00	-9.381567e-01	-1.286326e+00	5.955137e+01
0.799236	1.439530e+00	-9.410644e-01	-1.284469e+00	5.930333e+01
0.802816	1.435658e+00	-9.439684e-01	-1.282632e+00	5.905667e+01
0.806404	1.431792e+00	-9.468686e-01	-1.280813e+00	5.881138e+01
0.810000	1.427931e+00	-9.497651e-01	-1.279013e+00	5.856745e+01
0.813604	1.424076e+00	-9.526578e-01	-1.277232e+00	5.832488e+01
0.817216	1.420226e+00	-9.555468e-01	-1.275469e+00	5.808365e+01
0.820836	1.416381e+00	-9.584320e-01	-1.273723e+00	5.784375e+01
0.824464	1.412542e+00	-9.613135e-01	-1.271996e+00	5.760519e+01
0.828100	1.408707e+00	-9.641912e-01	-1.270286e+00	5.736793e+01
0.831744	1.404879e+00	-9.670652e-01	-1.268594e+00	5.713198e+01
0.835396	1.401055e+00	-9.699354e-01	-1.266918e+00	5.689733e+01
0.839056	1.397237e+00	-9.728019e-01	-1.265260e+00	5.666396e+01
0.842724	1.393424e+00	-9.756646e-01	-1.263618e+00	5.643187e+01
0.846400	1.389616e+00	-9.785236e-01	-1.261992e+00	5.620105e+01
0.850084	1.385814e+00	-9.813788e-01	-1.260383e+00	5.597149e+01
0.853776	1.382017e+00	-9.842303e-01	-1.258789e+00	5.574317e+01
0.857476	1.378225e+00	-9.870780e-01	-1.257212e+00	5.551610e+01
0.861184	1.374438e+00	-9.899220e-01	-1.255649e+00	5.529025e+01
0.864900	1.370657e+00	-9.927622e-01	-1.254102e+00	5.506563e+01
0.868624	1.366880e+00	-9.955987e-01	-1.252571e+00	5.484222e+01
0.872356	1.363109e+00	-9.984315e-01	-1.251054e+00	5.462001e+01
0.876096	1.359344e+00	-1.001260e+00	-1.249552e+00	5.439899e+01
0.879844	1.355583e+00	-1.004086e+00	-1.248064e+00	5.417916e+01
0.883600	1.351828e+00	-1.006907e+00	-1.246591e+00	5.396050e+01
0.887364	1.348078e+00	-1.009725e+00	-1.245132e+00	5.374301e+01
0.891136	1.344333e+00	-1.012539e+00	-1.243687e+00	5.352668e+01
0.894916	1.340593e+00	-1.015349e+00	-1.242256e+00	5.331150e+01
0.898704	1.336859e+00	-1.018156e+00	-1.240838e+00	5.309745e+01
0.902500	1.333130e+00	-1.020959e+00	-1.239434e+00	5.288454e+01
0.906304	1.329405e+00	-1.023758e+00	-1.238043e+00	5.267275e+01
0.910116	1.325686e+00	-1.026553e+00	-1.236665e+00	5.246208e+01
0.913936	1.321972e+00	-1.029345e+00	-1.235300e+00	5.225251e+01
0.917764	1.318264e+00	-1.032133e+00	-1.233948e+00	5.204404e+01
0.921600	1.314560e+00	-1.034917e+00	-1.232609e+00	5.183666e+01
0.925444	1.310862e+00	-1.037698e+00	-1.231282e+00	5.163036e+01
0.929296	1.307168e+00	-1.040474e+00	-1.229967e+00	5.142514e+01
0.933156	1.303480e+00	-1.043247e+00	-1.228665e+00	5.122098e+01
0.937024	1.299797e+00	-1.046017e+00	-1.227374e+00	5.101787e+01
0.940900	1.296119e+00	-1.048782e+00	-1.226096e+00	5.081582e+01
0.944784	1.292446e+00	-1.051544e+00	-1.224829e+00	5.061481e+01
0.948676	1.288778e+00	-1.054302e+00	-1.223574e+00	5.041483e+01
0.952576	1.285115e+00	-1.057057e+00	-1.222330e+00	5.021587e+01
0.956484	1.281458e+00	-1.059808e+00	-1.221097e+00	5.001794e+01
0.960400	1.277805e+00	-1.062555e+00	-1.219876e+00	4.982101e+01
0.964324	1.274158e+00	-1.065298e+00	-1.218666e+00	4.962509e+01
0.968256	1.270515e+00	-1.068038e+00	-1.217466e+00	4.943017e+01
0.972196	1.266877e+00	-1.070774e+00	-1.216277e+00	4.923623e+01
0.976144	1.263245e+00	-1.073507e+00	-1.215099e+00	4.904327e+01
0.980100	1.259618e+00	-1.076235e+00	-1.213932e+00	4.885129e+01
0.984064	1.255995e+00	-1.078960e+00	-1.212775e+00	4.866027e+01
0.988036	1.252378e+00	-1.081682e+00	-1.211628e+00	4.847022e+01
0.992016	1.248765e+00	-1.084399e+00	-1.210491e+00	4.828112e+01
0.996004	1.245158e+00	-1.087113e+00	-1.209364e+00	4.809296e+01