
0.000004	-1.094017e-03	2.469251e-07	-2.559855e-09	1.880043e+00
0.000016	-2.192793e-03	2.257368e-06	-7.207215e-08	1.888234e+00
0.000036	-3.303442e-03	8.902909e-06	-4.378710e-07	1.904665e+00
0.000064	-4.435830e-03	2.412514e-05	-1.315872e-06	1.931904e+00
0.000100	-5.600503e-03	5.156433e-05	-2.435347e-06	1.971243e+00
0.000144	-6.805463e-03	9.280103e-05	-2.698330e-06	2.021941e+00
0.000196	-8.053923e-03	1.465425e-04	-4.058886e-07	2.081424e+00
0.000256	-9.344422e-03	2.094177e-04	5.945772e-06	2.146283e+00
0.000324	-1.067305e-02	2.778629e-04	1.680625e-05	2.213518e+00
0.000400	-1.203619e-02	3.498241e-04	3.128905e-05	2.281343e+00
0.000484	-1.343208e-02	4.252224e-04	4.771602e-05	2.349233e+00
0.000576	-1.486065e-02	5.050998e-04	6.462301e-05	2.417380e+00
0.000676	-1.632223e-02	5.902826e-04	8.152274e-05	2.486040e+00
0.000784	-1.781637e-02	6.805859e-04	9.892904e-05	2.555173e+00
0.000900	-1.934174e-02	7.749932e-04	1.177223e-04	2.624469e+00
0.001024	-2.089671e-02	8.724353e-04	1.384062e-04	2.693597e+00
0.001156	-2.248010e-02	9.724196e-04	1.608118e-04	2.762406e+00
0.001296	-2.409142e-02	1.075040e-03	1.843829e-04	2.830931e+00
0.001444	-2.573044e-02	1.180493e-03	2.087097e-04	2.899262e+00
0.001600	-2.739666e-02	1.288609e-03	2.338382e-04	2.967408e+00
0.001764	-2.908920e-02	1.398793e-03	2.601432e-04	3.035273e+00
0.001936	-3.080696e-02	1.510349e-03	2.879488e-04	3.102733e+00
0.002116	-3.254906e-02	1.622834e-03	3.172575e-04	3.169716e+00
0.002304	-3.431497e-02	1.736132e-03	3.478024e-04	3.236229e+00
0.002500	-3.610433e-02	1.850218e-03	3.793242e-04	3.302306e+00
0.002704	-3.791666e-02	1.964888e-03	4.117970e-04	3.367951e+00
0.002916	-3.975124e-02	2.079693e-03	4.454118e-04	3.433119e+00
0.003136	-4.160725e-02	2.194112e-03	4.803682e-04	3.497748e+00
0.003364	-4.348399e-02	2.307767e-03	5.166875e-04	3.561800e+00
0.003600	-4.538095e-02	2.420482e-03	5.542128e-04	3.625275e+00
0.003844	-4.729777e-02	2.532146e-03	5.927705e-04	3.688189e+00
0.004096	-4.923398e-02	2.642548e-03	6.323250e-04	3.750546e+00
0.004356	-5.118902e-02	2.751320e-03	6.729859e-04	3.812321e+00
0.004624	-5.316221e-02	2.858043e-03	7.148806e-04	3.873480e+00
0.004900	-5.515298e-02	2.962397e-03	7.580245e-04	3.934003e+00
0.005184	-5.716088e-02	3.064196e-03	8.023113e-04	3.993890e+00
0.005476	-5.918557e-02	3.163302e-03	8.476163e-04	4.053153e+00
0.005776	-6.122663e-02	3.259511e-03	8.939051e-04	4.111796e+00
0.006084	-6.328359e-02	3.352514e-03	9.412448e-04	4.169806e+00
0.006400	-6.535591e-02	3.441971e-03	9.897181e-04	4.227165e+00
0.006724	-6.744309e-02	3.527609e-03	1.039332e-03	4.283864e+00
0.007056	-6.954477e-02	3.609255e-03	1.090006e-03	4.339906e+00
0.007396	-7.166062e-02	3.686771e-03	1.141646e-03	4.395302e+00
0.007744	-7.379030e-02	3.759971e-03	1.194220e-03	4.450056e+00
0.008100	-7.593339e-02	3.828596e-03	1.247769e-03	4.504164e+00
0.008464	-7.808947e-02	3.892369e-03	1.302348e-03	4.557620e+00
0.008836	-8.025812e-02	3.951065e-03	1.357956e-03	4.610419e+00
0.009216	-8.243904e-02	4.004531e-03	1.414528e-03	4.662569e+00
0.009604	-8.463193e-02	4.052642e-03	1.471990e-03	4.714080e+00
0.010000	-8.683651e-02	4.095237e-03	1.530311e-03	4.764959e+00
0.010404	-8.905244e-02	4.132105e-03	1.589519e-03	4.815208e+00
0.010816	-9.127936e-02	4.163022e-03	1.649646e-03	4.864825e+00
0.011236	-9.351695e-02	4.187806e-03	1.710688e-03	4.913813e+00
0.011664	-9.576493e-02	4.206331e-03	1.772591e-03	4.962181e+00
0.012100	-9.802307e-02	4.218490e-03	1.835291e-03	5.009939e+00
0.012544	-1.002911e-01	4.224153e-03	1.898764e-03	5.057097e+00
0.012996	-1.025688e-01	4.223150e-03	1.963025e-03	5.103660e+00
0.013456	-1.048559e-01	4.215305e-03	2.028095e-03	5.149631e+00
0.013924	-1.071520e-01	4.200476e-03	2.093966e-03	5.195016e+00
0.014400	-1.094570e-01	4.178563e-03	2.160590e-03	5.239825e+00
0.014884	-1.117707e-01	4.149485e-03	2.227918e-03	5.284070e+00
0.015376	-1.140929e-01	4.113139e-03	2.295926e-03	5.327761e+00
0.015876	-1.164233e-01	4.069395e-03	2.364623e-03	5.370905e+00
0.016384	-1.187618e-01	4.018117e-03	2.434023e-03	5.413509e+00
0.016900	-1.211081e-01	3.959201e-03	2.504115e-03	5.455581e+00
0.017424	-1.234620e-01	3.892574e-03	2.574861e-03	5.497131e+00
0.017956	-1.258234e-01	3.818176e-03	2.646219e-03	5.538172e+00
0.018496	-1.281922e-01	3.735934e-03	2.718170e-03	5.578714e+00
0.019044	-1.305681e-01	3.645750e-03	2.790720e-03	5.618767e+00
0.019600	-1.329510e-01	3.547528e-03	2.863877e-03	5.658338e+00
0.020164	-1.353407e-01	3.441193e-03	2.937633e-03	5.697437e+00
0.020736	-1.377371e-01	3.326697e-03	3.011957e-03	5.736075e+00
0.021316	-1.401401e-01	3.204003e-03	3.086815e-03	5.774263e+00
0.021904	-1.425495e-01	3.073061e-03	3.162192e-03	5.812012e+00
0.022500	-1.449653e-01	2.933806e-03	3.238095e-03	5.849333e+00
0.023104	-1.473872e-01	2.786170e-03	3.314530e-03	5.886235e+00
0.023716	-1.498152e-01	2.630107e-03	3.391492e-03	5.922726e+00
0.024336	-1.522491e-01	2.465590e-03	3.468957e-03	5.958817e+00
0.024964	-1.546890e-01	2.292600e-03	3.546902e-03	5.994521e+00
0.025600	-1.571346e-01	2.111109e-03	3.625316e-03	6.029848e+00
0.026244	-1.595859e-01	1.921077e-03	3.704206e-03	6.064807e+00
0.026896	-1.620428e-01	1.722464e-03	3.783583e-03	6.099408e+00
0.027556	-1.645052e-01	1.515242e-03	3.863443e-03	6.133660e+00
0.028224	-1.669730e-01	1.299405e-03	3.943773e-03	6.167574e+00
0.028900	-1.694462e-01	1.074947e-03	4.024557e-03	6.201160e+00
0.029584	-1.719247e-01	8.418607e-04	4.105793e-03	6.234429e+00
0.030276	-1.744084e-01	6.001243e-04	4.187489e-03	6.267389e+00
0.030976	-1.768974e-01	3.497176e-04	4.269660e-03	6.300051e+00
0.031684	-1.793914e-01	9.063174e-05	4.352310e-03	6.332422e+00
0.032400	-1.818905e-01	-1.771284e-04	4.435432e-03	6.364512e+00
0.033124	-1.843947e-01	-4.535534e-04	4.519020e-03	6.396332e+00
0.033856	-1.869038e-01	-7.386398e-04	4.603080e-03	6.427890e+00
0.034596	-1.894179e-01	-1.032392e-03	4.687626e-03	6.459195e+00
0.035344	-1.919368e-01	-1.334817e-03	4.772676e-03	6.490257e+00
0.036100	-1.944607e-01	-1.645909e-03	4.858241e-03	6.521082e+00
0.036864	-1.969893e-01	-1.965654e-03	4.944324e-03	6.551679e+00
0.037636	-1.995228e-01	-2.294035e-03	5.030930e-03	6.582058e+00
0.038416	-2.020611e-01	-2.631037e-03	5.118070e-03	6.612227e+00
0.039204	-2.046042e-01	-2.976656e-03	5.205766e-03	6.642193e+00
0.040000	-2.071520e-01	-3.330885e-03	5.294041e-03	6.671965e+00
0.040804	-2.097045e-01	-3.693713e-03	5.382915e-03	6.701549e+00
0.041616	-2.122617e-01	-4.065119e-03	5.472400e-03	6.730953e+00
0.042436	-2.148236e-01	-4.445080e-03	5.562509e-03	6.760186e+00
0.043264	-2.173903e-01	-4.833575e-03	5.653264e-03	6.789254e+00
0.044100	-2.199616e-01	-5.230593e-03	5.744691e-03	6.818164e+00
0.044944	-2.225375e-01	-5.636121e-03	5.836821e-03	6.846924e+00
0.045796	-2.251181e-01	-6.050142e-03	5.929681e-03	6.875539e+00
0.046656	-2.277034e-01	-6.472632e-03	6.023294e-03	6.904016e+00
0.047524	-2.302933e-01	-6.903567e-03	6.117682e-03	6.932362e+00
0.048400	-2.328879e-01	-7.342923e-03	6.212874e-03	6.960583e+00
0.049284	-2.354872e-01	-7.790684e-03	6.308903e-03	6.988685e+00
0.050176	-2.380911e-01	-8.246833e-03	6.405808e-03	7.016675e+00
0.051076	-2.406996e-01	-8.711353e-03	6.503623e-03	7.044556e+00
0.051984	-2.433128e-01	-9.184219e-03	6.602380e-03	7.072336e+00
0.052900	-2.459307e-01	-9.665406e-03	6.702110e-03	7.100020e+00
0.053824	-2.485532e-01	-1.015489e-02	6.802850e-03	7.127613e+00
0.054756	-2.511804e-01	-1.065265e-02	6.904640e-03	7.155120e+00
0.055696	-2.538122e-01	-1.115868e-02	7.007524e-03	7.182546e+00
0.056644	-2.564488e-01	-1.167295e-02	7.111546e-03	7.209895e+00
0.057600	-2.590900e-01	-1.219545e-02	7.216744e-03	7.237173e+00
0.058564	-2.617359e-01	-1.272614e-02	7.323159e-03	7.264384e+00
0.059536	-2.643864e-01	-1.326501e-02	7.430833e-03	7.291533e+00
0.060516	-2.670417e-01	-1.381203e-02	7.539813e-03	7.318623e+00
0.061504	-2.697017e-01	-1.436721e-02	7.650150e-03	7.345659e+00
0.062500	-2.723664e-01	-1.493050e-02	7.761892e-03	7.372644e+00
0.063504	-2.750358e-01	-1.550191e-02	7.875089e-03	7.399583e+00
0.064516	-2.777099e-01	-1.608140e-02	7.989784e-03	7.426478e+00
0.065536	-2.803888e-01	-1.666896e-02	8.106028e-03	7.453335e+00
0.066564	-2.830724e-01	-1.726457e-02	8.223872e-03	7.480155e+00
0.067600	-2.857607e-01	-1.786822e-02	8.343371e-03	7.506942e+00
0.068644	-2.884537e-01	-1.847989e-02	8.464583e-03	7.533700e+00
0.069696	-2.911515e-01	-1.909957e-02	8.587559e-03	7.560432e+00
0.070756	-2.938540e-01	-1.972724e-02	8.712351e-03	7.587139e+00
0.071824	-2.965613e-01	-2.036289e-02	8.839013e-03	7.613826e+00
0.072900	-2.992734e-01	-2.100650e-02	8.967601e-03	7.640494e+00
0.073984	-3.019901e-01	-2.165805e-02	9.098174e-03	7.667147e+00
0.075076	-3.047117e-01	-2.231755e-02	9.230794e-03	7.693787e+00
0.076176	-3.074379e-01	-2.298497e-02	9.365517e-03	7.720416e+00
0.077284	-3.101690e-01	-2.366030e-02	9.502399e-03	7.747036e+00
0.078400	-3.129048e-01	-2.434354e-02	9.641497e-03	7.773650e+00
0.079524	-3.156453e-01	-2.503466e-02	9.782869e-03	7.800260e+00
0.080656	-3.183905e-01	-2.573366e-02	9.926580e-03	7.826867e+00
0.081796	-3.211405e-01	-2.644054e-02	1.007269e-02	7.853474e+00
0.082944	-3.238953e-01	-2.715528e-02	1.022126e-02	7.880082e+00
0.084100	-3.266547e-01	-2.787787e-02	1.037236e-02	7.906692e+00
0.085264	-3.294189e-01	-2.860830e-02	1.052603e-02	7.933307e+00
0.086436	-3.321878e-01	-2.934656e-02	1.068233e-02	7.959929e+00
0.087616	-3.349614e-01	-3.009265e-02	1.084135e-02	7.986558e+00
0.088804	-3.377396e-01	-3.084656e-02	1.100312e-02	8.013195e+00
0.090000	-3.405226e-01	-3.160829e-02	1.116773e-02	8.039843e+00
0.091204	-3.433102e-01	-3.237782e-02	1.133523e-02	8.066502e+00
0.092416	-3.461025e-01	-3.315514e-02	1.150567e-02	8.093173e+00
0.093636	-3.488994e-01	-3.394025e-02	1.167912e-02	8.119858e+00
0.094864	-3.517009e-01	-3.473315e-02	1.185565e-02	8.146557e+00
0.096100	-3.545070e-01	-3.553383e-02	1.203530e-02	8.173272e+00
0.097344	-3.573177e-01	-3.634228e-02	1.221816e-02	8.200003e+00
0.098596	-3.601330e-01	-3.715850e-02	1.240428e-02	8.226750e+00
0.099856	-3.629528e-01	-3.798248e-02	1.259370e-02	8.253516e+00
0.101124	-3.657772e-01	-3.881421e-02	1.278650e-02	8.280300e+00
0.102400	-3.686061e-01	-3.965368e-02	1.298274e-02	8.307103e+00
0.103684	-3.714394e-01	-4.050090e-02	1.318247e-02	8.333926e+00
0.104976	-3.742773e-01	-4.135586e-02	1.338577e-02	8.360770e+00
0.106276	-3.771195e-01	-4.221855e-02	1.359268e-02	8.387633e+00
0.107584	-3.799661e-01	-4.308897e-02	1.380326e-02	8.414518e+00
0.108900	-3.828172e-01	-4.396709e-02	1.401756e-02	8.441424e+00
0.110224	-3.856726e-01	-4.485293e-02	1.423565e-02	8.468351e+00
0.111556	-3.885323e-01	-4.574647e-02	1.445759e-02	8.495301e+00
0.112896	-3.913963e-01	-4.664771e-02	1.468343e-02	8.522273e+00
0.114244	-3.942646e-01	-4.755665e-02	1.491323e-02	8.549268e+00
0.115600	-3.971371e-01	-4.847326e-02	1.514703e-02	8.576284e+00
0.116964	-4.000138e-01	-4.939755e-02	1.538489e-02	8.603324e+00
0.118336	-4.028946e-01	-5.032950e-02	1.562687e-02	8.630386e+00
0.119716	-4.057796e-01	-5.126911e-02	1.587302e-02	8.657471e+00
0.121104	-4.086687e-01	-5.221637e-02	1.612340e-02	8.684578e+00
0.122500	-4.115619e-01	-5.317128e-02	1.637805e-02	8.711708e+00
0.123904	-4.144590e-01	-5.413381e-02	1.663701e-02	8.738861e+00
0.125316	-4.173602e-01	-5.510395e-02	1.690034e-02	8.766036e+00
0.126736	-4.202653e-01	-5.608170e-02	1.716809e-02	8.793233e+00
0.128164	-4.231743e-01	-5.706705e-02	1.744030e-02	8.820453e+00
0.129600	-4.260871e-01	-5.805999e-02	1.771704e-02	8.847694e+00
0.131044	-4.290038e-01	-5.906050e-02	1.799832e-02	8.874957e+00
0.132496	-4.319243e-01	-6.006857e-02	1.828421e-02	8.902241e+00
0.133956	-4.348485e-01	-6.108418e-02	1.857474e-02	8.929546e+00
0.135424	-4.377764e-01	-6.210732e-02	1.886995e-02	8.956872e+00
0.136900	-4.407080e-01	-6.313797e-02	1.916989e-02	8.984218e+00
0.138384	-4.436432e-01	-6.417613e-02	1.947461e-02	9.011584e+00
0.139876	-4.465819e-01	-6.522177e-02	1.978413e-02	9.038970e+00
0.141376	-4.495241e-01	-6.627487e-02	2.009849e-02	9.066374e+00
0.142884	-4.524699e-01	-6.733542e-02	2.041773e-02	9.093797e+00
0.144400	-4.554190e-01	-6.840339e-02	2.074189e-02	9.121238e+00
0.145924	-4.583715e-01	-6.947877e-02	2.107101e-02	9.148697e+00
0.147456	-4.613274e-01	-7.056154e-02	2.140511e-02	9.176173e+00
0.148996	-4.642866e-01	-7.165168e-02	2.174424e-02	9.203665e+00
0.150544	-4.672489e-01	-7.274917e-02	2.208841e-02	9.231173e+00
0.152100	-4.702145e-01	-7.385397e-02	2.243766e-02	9.258696e+00
0.153664	-4.731832e-01	-7.496607e-02	2.279201e-02	9.286233e+00
0.155236	-4.761550e-01	-7.608544e-02	2.315151e-02	9.313785e+00
0.156816	-4.791299e-01	-7.721207e-02	2.351618e-02	9.341350e+00
0.158404	-4.821077e-01	-7.834592e-02	2.388604e-02	9.368927e+00
0.160000	-4.850885e-01	-7.948696e-02	2.426111e-02	9.396516e+00
0.161604	-4.880722e-01	-8.063517e-02	2.464141e-02	9.424116e+00
0.163216	-4.910587e-01	-8.179051e-02	2.502697e-02	9.451726e+00
0.164836	-4.940480e-01	-8.295296e-02	2.541782e-02	9.479346e+00
0.166464	-4.970400e-01	-8.412250e-02	2.581398e-02	9.506975e+00
0.168100	-5.000348e-01	-8.529909e-02	2.621546e-02	9.534611e+00
0.169744	-5.030321e-01	-8.648269e-02	2.662227e-02	9.562255e+00
0.171396	-5.060321e-01	-8.767327e-02	2.703443e-02	9.589904e+00
0.173056	-5.090346e-01	-8.887079e-02	2.745197e-02	9.617559e+00
0.174724	-5.120395e-01	-9.007523e-02	2.787490e-02	9.645218e+00
0.176400	-5.150469e-01	-9.128656e-02	2.830323e-02	9.672880e+00
0.178084	-5.180567e-01	-9.250473e-02	2.873697e-02	9.700545e+00
0.179776	-5.210688e-01	-9.372970e-02	2.917613e-02	9.728212e+00
0.181476	-5.240832e-01	-9.496143e-02	2.962072e-02	9.755879e+00
0.183184	-5.270998e-01	-9.619990e-02	3.007076e-02	9.783545e+00
0.184900	-5.301186e-01	-9.744505e-02	3.052625e-02	9.811210e+00
0.186624	-5.331396e-01	-9.869686e-02	3.098720e-02	9.838873e+00
0.188356	-5.361625e-01	-9.995527e-02	3.145362e-02	9.866532e+00
0.190096	-5.391876e-01	-1.012203e-01	3.192551e-02	9.894187e+00
0.191844	-5.422145e-01	-1.024917e-01	3.240286e-02	9.921836e+00
0.193600	-5.452434e-01	-1.037697e-01	3.288569e-02	9.949478e+00
0.195364	-5.482742e-01	-1.050541e-01	3.337401e-02	9.977112e+00
0.197136	-5.513068e-01	-1.063449e-01	3.386781e-02	1.000474e+01
0.198916	-5.543412e-01	-1.076421e-01	3.436709e-02	1.003235e+01
0.200704	-5.573773e-01	-1.089456e-01	3.487185e-02	1.005996e+01
0.202500	-5.604150e-01	-1.102553e-01	3.538209e-02	1.008755e+01
0.204304	-5.634544e-01	-1.115712e-01	3.589780e-02	1.011513e+01
0.206116	-5.664953e-01	-1.128932e-01	3.641900e-02	1.014269e+01
0.207936	-5.695378e-01	-1.142214e-01	3.694567e-02	1.017024e+01
0.209764	-5.725817e-01	-1.155556e-01	3.747780e-02	1.019777e+01
0.211600	-5.756271e-01	-1.168959e-01	3.801539e-02	1.022528e+01
0.213444	-5.786738e-01	-1.182421e-01	3.855844e-02	1.025277e+01
0.215296	-5.817218e-01	-1.195942e-01	3.910693e-02	1.028025e+01
0.217156	-5.847712e-01	-1.209521e-01	3.966086e-02	1.030770e+01
0.219024	-5.878218e-01	-1.223159e-01	4.022023e-02	1.033512e+01
0.220900	-5.908735e-01	-1.236854e-01	4.078502e-02	1.036252e+01
0.222784	-5.939264e-01	-1.250606e-01	4.135522e-02	1.038990e+01
0.224676	-5.969804e-01	-1.264414e-01	4.193082e-02	1.041725e+01
0.226576	-6.000354e-01	-1.278279e-01	4.251180e-02	1.044457e+01
0.228484	-6.030914e-01	-1.292198e-01	4.309817e-02	1.047186e+01
0.230400	-6.061484e-01	-1.306173e-01	4.368991e-02	1.049912e+01
0.232324	-6.092063e-01	-1.320201e-01	4.428700e-02	1.052635e+01
0.234256	-6.122650e-01	-1.334284e-01	4.488943e-02	1.055354e+01
0.236196	-6.153246e-01	-1.348419e-01	4.549718e-02	1.058070e+01
0.238144	-6.183849e-01	-1.362607e-01	4.611024e-02	1.060782e+01
0.240100	-6.214460e-01	-1.376847e-01	4.672859e-02	1.063491e+01
0.242064	-6.245077e-01	-1.391138e-01	4.735223e-02	1.066195e+01
0.244036	-6.275701e-01	-1.405481e-01	4.798113e-02	1.068896e+01
0.246016	-6.306331e-01	-1.419873e-01	4.861527e-02	1.071592e+01
0.248004	-6.336967e-01	-1.434315e-01	4.925463e-02	1.074284e+01
0.250000	-6.367608e-01	-1.448806e-01	4.989921e-02	1.076972e+01
0.252004	-6.398254e-01	-1.463346e-01	5.054898e-02	1.079655e+01
0.254016	-6.428903e-01	-1.477933e-01	5.120393e-02	1.082333e+01
0.256036	-6.459557e-01	-1.492568e-01	5.186403e-02	1.085006e+01
0.258064	-6.490215e-01	-1.507250e-01	5.252927e-02	1.087675e+01
0.260100	-6.520875e-01	-1.521978e-01	5.319961e-02	1.090338e+01
0.262144	-6.551539e-01	-1.536751e-01	5.387505e-02	1.092996e+01
0.264196	-6.582204e-01	-1.551569e-01	5.455557e-02	1.095648e+01
0.266256	-6.612872e-01	-1.566432e-01	5.524114e-02	1.098295e+01
0.268324	-6.643541e-01	-1.581338e-01	5.593174e-02	1.100937e+01
0.270400	-6.674212e-01	-1.596287e-01	5.662735e-02	1.103572e+01
0.272484	-6.704883e-01	-1.611279e-01	5.732795e-02	1.106202e+01
0.274576	-6.735555e-01	-1.626313e-01	5.803351e-02	1.108825e+01
0.276676	-6.766227e-01	-1.641389e-01	5.874403e-02	1.111442e+01
0.278784	-6.796899e-01	-1.656505e-01	5.945946e-02	1.114053e+01
0.280900	-6.827570e-01	-1.671661e-01	6.017980e-02	1.116658e+01
0.283024	-6.858240e-01	-1.686857e-01	6.090500e-02	1.119256e+01
0.285156	-6.888909e-01	-1.702092e-01	6.163505e-02	1.121846e+01
0.287296	-6.919577e-01	-1.717365e-01	6.236994e-02	1.124431e+01
0.289444	-6.950242e-01	-1.732676e-01	6.310964e-02	1.127008e+01
0.291600	-6.980905e-01	-1.748025e-01	6.385411e-02	1.129578e+01
0.293764	-7.011565e-01	-1.763409e-01	6.460335e-02	1.132140e+01
0.295936	-7.042222e-01	-1.778830e-01	6.535731e-02	1.134695e+01
0.298116	-7.072876e-01	-1.794286e-01	6.611597e-02	1.137243e+01
0.300304	-7.103527e-01	-1.809778e-01	6.687933e-02	1.139783e+01
0.302500	-7.134173e-01	-1.825303e-01	6.764734e-02	1.142315e+01
0.304704	-7.164815e-01	-1.840862e-01	6.842000e-02	1.144839e+01
0.306916	-7.195453e-01	-1.856454e-01	6.919725e-02	1.147355e+01
0.309136	-7.226086e-01	-1.872079e-01	6.997909e-02	1.149863e+01
0.311364	-7.256713e-01	-1.887735e-01	7.076549e-02	1.152362e+01
0.313600	-7.287335e-01	-1.903423e-01	7.155642e-02	1.154853e+01
0.315844	-7.317951e-01	-1.919141e-01	7.235186e-02	1.157336e+01
0.318096	-7.348561e-01	-1.934890e-01	7.315179e-02	1.159810e+01
0.320356	-7.379165e-01	-1.950668e-01	7.395617e-02	1.162275e+01
0.322624	-7.409762e-01	-1.966476e-01	7.476498e-02	1.164731e+01
0.324900	-7.440352e-01	-1.982312e-01	7.557819e-02	1.167177e+01
0.327184	-7.470935e-01	-1.998176e-01	7.639579e-02	1.169615e+01
0.329476	-7.501511e-01	-2.014067e-01	7.721774e-02	1.172044e+01
0.331776	-7.532079e-01	-2.029985e-01	7.804401e-02	1.174463e+01
0.334084	-7.562638e-01	-2.045929e-01	7.887459e-02	1.176872e+01
0.336400	-7.593190e-01	-2.061899e-01	7.970944e-02	1.179272e+01
0.338724	-7.623733e-01	-2.077894e-01	8.054853e-02	1.181662e+01
0.341056	-7.654267e-01	-2.093914e-01	8.139185e-02	1.184042e+01
0.343396	-7.684792e-01	-2.109958e-01	8.223937e-02	1.186412e+01
0.345744	-7.715307e-01	-2.126025e-01	8.309106e-02	1.188773e+01
0.348100	-7.745814e-01	-2.142115e-01	8.394689e-02	1.191123e+01
0.350464	-7.776310e-01	-2.158228e-01	8.480683e-02	1.193462e+01
0.352836	-7.806796e-01	-2.174363e-01	8.567086e-02	1.195791e+01
0.355216	-7.837272e-01	-2.190519e-01	8.653896e-02	1.198110e+01
0.357604	-7.867738e-01	-2.206696e-01	8.741109e-02	1.200418e+01
0.360000	-7.898192e-01	-2.222894e-01	8.828724e-02	1.202715e+01
0.362404	-7.928636e-01	-2.239111e-01	8.916736e-02	1.205002e+01
0.364816	-7.959068e-01	-2.255348e-01	9.005144e-02	1.207277e+01
0.367236	-7.989489e-01	-2.271603e-01	9.093945e-02	1.209542e+01
0.369664	-8.019899e-01	-2.287877e-01	9.183136e-02	1.211795e+01
0.372100	-8.050296e-01	-2.304169e-01	9.272715e-02	1.214038e+01
0.374544	-8.080681e-01	-2.320478e-01	9.362679e-02	1.216268e+01
0.376996	-8.111054e-01	-2.336804e-01	9.453025e-02	1.218488e+01
0.379456	-8.141415e-01	-2.353147e-01	9.543749e-02	1.220696e+01
0.381924	-8.171762e-01	-2.369505e-01	9.634851e-02	1.222892e+01
0.384400	-8.202097e-01	-2.385879e-01	9.726327e-02	1.225077e+01
0.386884	-8.232419e-01	-2.402268e-01	9.818174e-02	1.227250e+01
0.389376	-8.262727e-01	-2.418672e-01	9.910390e-02	1.229411e+01
0.391876	-8.293021e-01	-2.435089e-01	1.000297e-01	1.231561e+01
0.394384	-8.323302e-01	-2.451520e-01	1.009592e-01	1.233698e+01
0.396900	-8.353569e-01	-2.467964e-01	1.018922e-01	1.235823e+01
0.399424	-8.383822e-01	-2.484421e-01	1.028288e-01	1.237936e+01
0.401956	-8.414060e-01	-2.500890e-01	1.037690e-01	1.240037e+01
0.404496	-8.444284e-01	-2.517371e-01	1.047127e-01	1.242125e+01
0.407044	-8.474493e-01	-2.533864e-01	1.056599e-01	1.244201e+01
0.409600	-8.504687e-01	-2.550367e-01	1.066106e-01	1.246264e+01
0.412164	-8.534866e-01	-2.566881e-01	1.075647e-01	1.248315e+01
0.414736	-8.565030e-01	-2.583405e-01	1.085222e-01	1.250354e+01
0.417316	-8.595179e-01	-2.599938e-01	1.094831e-01	1.252379e+01
0.419904	-8.625312e-01	-2.616481e-01	1.104473e-01	1.254392e+01
0.422500	-8.655428e-01	-2.633032e-01	1.114149e-01	1.256392e+01
0.425104	-8.685529e-01	-2.649592e-01	1.123858e-01	1.258380e+01
0.427716	-8.715614e-01	-2.666160e-01	1.133599e-01	1.260354e+01
0.430336	-8.745683e-01	-2.682736e-01	1.143373e-01	1.262315e+01
0.432964	-8.775735e-01	-2.699319e-01	1.153179e-01	1.264263e+01
0.435600	-8.805771e-01	-2.715909e-01	1.163017e-01	1.266198e+01
0.438244	-8.835789e-01	-2.732505e-01	1.172887e-01	1.268120e+01
0.440896	-8.865791e-01	-2.749107e-01	1.182788e-01	1.270028e+01
0.443556	-8.895775e-01	-2.765715e-01	1.192720e-01	1.271924e+01
0.446224	-8.925743e-01	-2.782328e-01	1.202683e-01	1.273805e+01
0.448900	-8.955693e-01	-2.798947e-01	1.212676e-01	1.275674e+01
0.451584	-8.985625e-01	-2.815570e-01	1.222700e-01	1.277529e+01
0.454276	-9.015539e-01	-2.832197e-01	1.232753e-01	1.279370e+01
0.456976	-9.045436e-01	-2.848828e-01	1.242836e-01	1.281198e+01
0.459684	-9.075315e-01	-2.865462e-01	1.252948e-01	1.283012e+01
0.462400	-9.105175e-01	-2.882100e-01	1.263090e-01	1.284812e+01
0.465124	-9.135017e-01	-2.898740e-01	1.273260e-01	1.286599e+01
0.467856	-9.164841e-01	-2.915383e-01	1.283459e-01	1.288372e+01
0.470596	-9.194646e-01	-2.932028e-01	1.293686e-01	1.290131e+01
0.473344	-9.224432e-01	-2.948675e-01	1.303940e-01	1.291877e+01
0.476100	-9.254199e-01	-2.965323e-01	1.314223e-01	1.293608e+01
0.478864	-9.283947e-01	-2.981973e-01	1.324533e-01	1.295325e+01
0.481636	-9.313676e-01	-2.998623e-01	1.334870e-01	1.297029e+01
0.484416	-9.343386e-01	-3.015274e-01	1.345233e-01	1.298718e+01
0.487204	-9.373076e-01	-3.031925e-01	1.355623e-01	1.300393e+01
0.490000	-9.402747e-01	-3.048576e-01	1.366040e-01	1.302055e+01
0.492804	-9.432398e-01	-3.065227e-01	1.376482e-01	1.303702e+01
0.495616	-9.462029e-01	-3.081876e-01	1.386950e-01	1.305335e+01
0.498436	-9.491640e-01	-3.098525e-01	1.397443e-01	1.306953e+01
0.501264	-9.521231e-01	-3.115173e-01	1.407961e-01	1.308558e+01
0.504100	-9.550802e-01	-3.131819e-01	1.418504e-01	1.310148e+01
0.506944	-9.580353e-01	-3.148463e-01	1.429071e-01	1.311724e+01
0.509796	-9.609883e-01	-3.165105e-01	1.439663e-01	1.313285e+01
0.512656	-9.639392e-01	-3.181745e-01	1.450278e-01	1.314833e+01
0.515524	-9.668881e-01	-3.198382e-01	1.460917e-01	1.316366e+01
0.518400	-9.698349e-01	-3.215015e-01	1.471579e-01	1.317884e+01
0.521284	-9.727796e-01	-3.231646e-01	1.482265e-01	1.319388e+01
0.524176	-9.757221e-01	-3.248273e-01	1.492972e-01	1.320877e+01
0.527076	-9.786626e-01	-3.264896e-01	1.503703e-01	1.322352e+01
0.529984	-9.816009e-01	-3.281516e-01	1.514455e-01	1.323813e+01
0.532900	-9.845371e-01	-3.298131e-01	1.525229e-01	1.325259e+01
0.535824	-9.874712e-01	-3.314741e-01	1.536025e-01	1.326690e+01
0.538756	-9.904030e-01	-3.331347e-01	1.546842e-01	1.328107e+01
0.541696	-9.933327e-01	-3.347948e-01	1.557680e-01	1.329510e+01
0.544644	-9.962602e-01	-3.364543e-01	1.568538e-01	1.330897e+01
0.547600	-9.991856e-01	-3.381133e-01	1.579417e-01	1.332270e+01
0.550564	-1.002109e+00	-3.397717e-01	1.590316e-01	1.333629e+01
0.553536	-1.005030e+00	-3.414296e-01	1.601234e-01	1.334973e+01
0.556516	-1.007948e+00	-3.430868e-01	1.612172e-01	1.336302e+01
0.559504	-1.010865e+00	-3.447433e-01	1.623129e-01	1.337616e+01
0.562500	-1.013779e+00	-3.463992e-01	1.634105e-01	1.338916e+01
0.565504	-1.016691e+00	-3.480544e-01	1.645099e-01	1.340201e+01
0.568516	-1.019600e+00	-3.497089e-01	1.656112e-01	1.341472e+01
0.571536	-1.022508e+00	-3.513627e-01	1.667143e-01	1.342727e+01
0.574564	-1.025413e+00	-3.530157e-01	1.678191e-01	1.343968e+01
0.577600	-1.028316e+00	-3.546680e-01	1.689257e-01	1.345194e+01
0.580644	-1.031216e+00	-3.563195e-01	1.700339e-01	1.346406e+01
0.583696	-1.034114e+00	-3.579701e-01	1.711439e-01	1.347603e+01
0.586756	-1.037010e+00	-3.596199e-01	1.722555e-01	1.348785e+01
0.589824	-1.039903e+00	-3.612689e-01	1.733687e-01	1.349952e+01
0.592900	-1.042795e+00	-3.629170e-01	1.744835e-01	1.351104e+01
0.595984	-1.045683e+00	-3.645642e-01	1.755999e-01	1.352242e+01
0.599076	-1.048570e+00	-3.662105e-01	1.767177e-01	1.353365e+01
0.602176	-1.051454e+00	-3.678559e-01	1.778371e-01	1.354473e+01
0.605284	-1.054335e+00	-3.695004e-01	1.789580e-01	1.355566e+01
0.608400	-1.057215e+00	-3.711438e-01	1.800803e-01	1.356645e+01
0.611524	-1.060092e+00	-3.727863e-01	1.812040e-01	1.357709e+01
0.614656	-1.062966e+00	-3.744279e-01	1.823291e-01	1.358758e+01
0.617796	-1.065838e+00	-3.760683e-01	1.834555e-01	1.359792e+01
0.620944	-1.068708e+00	-3.777078e-01	1.845833e-01	1.360812e+01
0.624100	-1.071575e+00	-3.793462e-01	1.857124e-01	1.361817e+01
0.627264	-1.074440e+00	-3.809836e-01	1.868427e-01	1.362807e+01
0.630436	-1.077302e+00	-3.826199e-01	1.879743e-01	1.363782e+01
0.633616	-1.080162e+00	-3.842550e-01	1.891071e-01	1.364743e+01
0.636804	-1.083019e+00	-3.858891e-01	1.902410e-01	1.365689e+01
0.640000	-1.085874e+00	-3.875221e-01	1.913761e-01	1.366620e+01
0.643204	-1.088726e+00	-3.891539e-01	1.925123e-01	1.367537e+01
0.646416	-1.091576e+00	-3.907845e-01	1.936497e-01	1.368438e+01
0.649636	-1.094424e+00	-3.924140e-01	1.947881e-01	1.369326e+01
0.652864	-1.097269e+00	-3.940423e-01	1.959275e-01	1.370198e+01
0.656100	-1.100111e+00	-3.956694e-01	1.970679e-01	1.371056e+01
0.659344	-1.102951e+00	-3.972953e-01	1.982093e-01	1.371899e+01
0.662596	-1.105788e+00	-3.989199e-01	1.993517e-01	1.372727e+01
0.665856	-1.108623e+00	-4.005433e-01	2.004949e-01	1.373541e+01
0.669124	-1.111455e+00	-4.021655e-01	2.016391e-01	1.374340e+01
0.672400	-1.114285e+00	-4.037864e-01	2.027841e-01	1.375125e+01
0.675684	-1.117112e+00	-4.054060e-01	2.039300e-01	1.375895e+01
0.678976	-1.119937e+00	-4.070243e-01	2.050767e-01	1.376651e+01
0.682276	-1.122759e+00	-4.086413e-01	2.062242e-01	1.377392e+01
0.685584	-1.125578e+00	-4.102570e-01	2.073724e-01	1.378118e+01
0.688900	-1.128395e+00	-4.118714e-01	2.085214e-01	1.378830e+01
0.692224	-1.131210e+00	-4.134844e-01	2.096710e-01	1.379527e+01
0.695556	-1.134021e+00	-4.150961e-01	2.108213e-01	1.380210e+01
0.698896	-1.136830e+00	-4.167064e-01	2.119723e-01	1.380879e+01
0.702244	-1.139637e+00	-4.183153e-01	2.131239e-01	1.381533e+01
0.705600	-1.142441e+00	-4.199229e-01	2.142761e-01	1.382172e+01
0.708964	-1.145242e+00	-4.215290e-01	2.154289e-01	1.382798e+01
0.712336	-1.148041e+00	-4.231338e-01	2.165821e-01	1.383409e+01
0.715716	-1.150837e+00	-4.247371e-01	2.177360e-01	1.384005e+01
0.719104	-1.153630e+00	-4.263390e-01	2.188902e-01	1.384587e+01
0.722500	-1.156421e+00	-4.279394e-01	2.200450e-01	1.385155e+01
0.725904	-1.159209e+00	-4.295384e-01	2.212002e-01	1.385709e+01
0.729316	-1.161994e+00	-4.311359e-01	2.223558e-01	1.386248e+01
0.732736	-1.164777e+00	-4.327320e-01	2.235118e-01	1.386774e+01
0.736164	-1.167557e+00	-4.343265e-01	2.246681e-01	1.387285e+01
0.739600	-1.170335e+00	-4.359196e-01	2.258248e-01	1.387782e+01
0.743044	-1.173109e+00	-4.375112e-01	2.269817e-01	1.388264e+01
0.746496	-1.175881e+00	-4.391013e-01	2.281390e-01	1.388733e+01
0.749956	-1.178651e+00	-4.406898e-01	2.292965e-01	1.389188e+01
0.753424	-1.181418e+00	-4.422768e-01	2.304542e-01	1.389628e+01
0.756900	-1.184182e+00	-4.438623e-01	2.316122e-01	1.390055e+01
0.760384	-1.186943e+00	-4.454462e-01	2.327703e-01	1.390467e+01
0.763876	-1.189701e+00	-4.470286e-01	2.339286e-01	1.390866e+01
0.767376	-1.192457e+00	-4.486095e-01	2.350870e-01	1.391250e+01
0.770884	-1.195211e+00	-4.501887e-01	2.362456e-01	1.391621e+01
0.774400	-1.197961e+00	-4.517664e-01	2.374042e-01	1.391978e+01
0.777924	-1.200709e+00	-4.533424e-01	2.385629e-01	1.392321e+01
0.781456	-1.203454e+00	-4.549169e-01	2.397216e-01	1.392651e+01
0.784996	-1.206196e+00	-4.564898e-01	2.408803e-01	1.392966e+01
0.788544	-1.208935e+00	-4.580611e-01	2.420390e-01	1.393268e+01
0.792100	-1.211672e+00	-4.596307e-01	2.431977e-01	1.393556e+01
0.795664	-1.214406e+00	-4.611988e-01	2.443564e-01	1.393831e+01
0.799236	-1.217137e+00	-4.627652e-01	2.455149e-01	1.394092e+01
0.802816	-1.219866e+00	-4.643299e-01	2.466734e-01	1.394340e+01
0.806404	-1.222592e+00	-4.658930e-01	2.478317e-01	1.394573e+01
0.810000	-1.225315e+00	-4.674545e-01	2.489899e-01	1.394794e+01
0.813604	-1.228035e+00	-4.690143e-01	2.501480e-01	1.395001e+01
0.817216	-1.230752e+00	-4.705724e-01	2.513058e-01	1.395194e+01
0.820836	-1.233467e+00	-4.721288e-01	2.524634e-01	1.395375e+01
0.824464	-1.236179e+00	-4.736836e-01	2.536208e-01	1.395542e+01
0.828100	-1.238888e+00	-4.752367e-01	2.547780e-01	1.395695e+01
0.831744	-1.241594e+00	-4.767880e-01	2.559349e-01	1.395836e+01
0.835396	-1.244298e+00	-4.783377e-01	2.570915e-01	1.395963e+01
0.839056	-1.246999e+00	-4.798857e-01	2.582477e-01	1.396077e+01
0.842724	-1.249697e+00	-4.814320e-01	2.594037e-01	1.396178e+01
0.846400	-1.252392e+00	-4.829765e-01	2.605593e-01	1.396265e+01
0.850084	-1.255084e+00	-4.845193e-01	2.617145e-01	1.396340e+01
0.853776	-1.257774e+00	-4.860604e-01	2.628693e-01	1.396402e+01
0.857476	-1.260460e+00	-4.875998e-01	2.640237e-01	1.396451e+01
0.861184	-1.263144e+00	-4.891374e-01	2.651776e-01	1.396487e+01
0.864900	-1.265825e+00	-4.906732e-01	2.663312e-01	1.396510e+01
0.868624	-1.268504e+00	-4.922074e-01	2.674842e-01	1.396521e+01
0.872356	-1.271179e+00	-4.937397e-01	2.686367e-01	1.396518e+01
0.876096	-1.273852e+00	-4.952703e-01	2.697888e-01	1.396503e+01
0.879844	-1.276522e+00	-4.967991e-01	2.709403e-01	1.396475e+01
0.883600	-1.279189e+00	-4.983262e-01	2.720913e-01	1.396435e+01
0.887364	-1.281853e+00	-4.998515e-01	2.732416e-01	1.396382e+01
0.891136	-1.284514e+00	-5.013749e-01	2.743915e-01	1.396317e+01
0.894916	-1.287173e+00	-5.028966e-01	2.755407e-01	1.396239e+01
0.898704	-1.289828e+00	-5.044166e-01	2.766893e-01	1.396148e+01
0.902500	-1.292481e+00	-5.059347e-01	2.778372e-01	1.396046e+01
0.906304	-1.295131e+00	-5.074510e-01	2.789845e-01	1.395931e+01
0.910116	-1.297778e+00	-5.089655e-01	2.801312e-01	1.395803e+01
0.913936	-1.300422e+00	-5.104782e-01	2.812771e-01	1.395664e+01
0.917764	-1.303064e+00	-5.119891e-01	2.824224e-01	1.395512e+01
0.921600	-1.305702e+00	-5.134981e-01	2.835669e-01	1.395349e+01
0.925444	-1.308338e+00	-5.150054e-01	2.847107e-01	1.395173e+01
0.929296	-1.310971e+00	-5.165108e-01	2.858537e-01	1.394985e+01
0.933156	-1.313601e+00	-5.180144e-01	2.869960e-01	1.394785e+01
0.937024	-1.316228e+00	-5.195161e-01	2.881375e-01	1.394573e+01
0.940900	-1.318852e+00	-5.210160e-01	2.892782e-01	1.394350e+01
0.944784	-1.321474e+00	-5.225141e-01	2.904180e-01	1.394115e+01
0.948676	-1.324092e+00	-5.240103e-01	2.915571e-01	1.393867e+01
0.952576	-1.326708e+00	-5.255046e-01	2.926953e-01	1.393609e+01
0.956484	-1.329321e+00	-5.269971e-01	2.938326e-01	1.393338e+01
0.960400	-1.331931e+00	-5.284878e-01	2.949691e-01	1.393056e+01
0.964324	-1.334538e+00	-5.299766e-01	2.961046e-01	1.392763e+01
0.968256	-1.337142e+00	-5.314635e-01	2.972393e-01	1.392458e+01
0.972196	-1.339743e+00	-5.329486e-01	2.983731e-01	1.392141e+01
0.976144	-1.342342e+00	-5.344317e-01	2.995059e-01	1.391814e+01
0.980100	-1.344937e+00	-5.359130e-01	3.006378e-01	1.391475e+01
0.984064	-1.347530e+00	-5.373924e-01	3.017687e-01	1.391124e+01
0.988036	-1.350120e+00	-5.388700e-01	3.028987e-01	1.390763e+01
0.992016	-1.352706e+00	-5.403456e-01	3.040276e-01	1.390390e+01
0.996004	-1.355290e+00	-5.418194e-01	3.051556e-01	1.390006e+01