
0.000004	-3.360300e-03	1.085206e-07	1.305819e-11	1.773676e+01
0.000016	-6.721654e-03	8.666558e-07	4.165746e-10	1.774213e+01
0.000036	-1.008510e-02	2.916516e-06	3.147147e-09	1.775103e+01
0.000064	-1.345167e-02	6.885400e-06	1.316708e-08	1.776342e+01
0.000100	-1.682235e-02	1.337886e-05	3.981372e-08	1.777922e+01
0.000144	-2.019807e-02	2.297434e-05	9.796054e-08	1.779835e+01
0.000196	-2.357974e-02	3.621549e-05	2.089404e-07	1.782069e+01
0.000256	-2.696820e-02	5.360738e-05	4.011910e-07	1.784611e+01
0.000324	-3.036421e-02	7.561259e-05	7.105969e-07	1.787448e+01
0.000400	-3.376848e-02	1.026484e-04	1.180511e-06	1.790564e+01
0.000484	-3.718163e-02	1.350848e-04	1.861460e-06	1.793943e+01
0.000576	-4.060423e-02	1.732443e-04	2.810544e-06	1.797566e+01
0.000676	-4.403673e-02	2.174013e-04	4.090555e-06	1.801417e+01
0.000784	-4.747954e-02	2.677844e-04	5.768864e-06	1.805477e+01
0.000900	-5.093298e-02	3.245777e-04	7.916113e-06	1.809726e+01
0.001024	-5.439730e-02	3.879241e-04	1.060478e-05	1.814147e+01
0.001156	-5.787268e-02	4.579289e-04	1.390767e-05	1.818721e+01
0.001296	-6.135924e-02	5.346634e-04	1.789641e-05	1.823429e+01
0.001444	-6.485704e-02	6.181697e-04	2.263999e-05	1.828255e+01
0.001600	-6.836609e-02	7.084647e-04	2.820348e-05	1.833180e+01
0.001764	-7.188634e-02	8.055449e-04	3.464682e-05	1.838189e+01
0.001936	-7.541772e-02	9.093903e-04	4.202398e-05	1.843267e+01
0.002116	-7.896011e-02	1.019969e-03	5.038228e-05	1.848398e+01
0.002304	-8.251336e-02	1.137239e-03	5.976200e-05	1.853571e+01
0.002500	-8.607732e-02	1.261153e-03	7.019637e-05	1.858772e+01
0.002704	-8.965178e-02	1.391663e-03	8.171175e-05	1.863990e+01
0.002916	-9.323656e-02	1.528714e-03	9.432815e-05	1.869216e+01
0.003136	-9.683143e-02	1.672255e-03	1.080600e-04	1.874438e+01
0.003364	-1.004362e-01	1.822235e-03	1.229169e-04	1.879649e+01
0.003600	-1.040506e-01	1.978600e-03	1.389051e-04	1.884841e+01
0.003844	-1.076744e-01	2.141300e-03	1.560280e-04	1.890008e+01
0.004096	-1.113073e-01	2.310283e-03	1.742881e-04	1.895141e+01
0.004356	-1.149492e-01	2.485493e-03	1.936873e-04	1.900236e+01
0.004624	-1.185997e-01	2.666876e-03	2.142283e-04	1.905287e+01
0.004900	-1.222586e-01	2.854370e-03	2.359155e-04	1.910289e+01
0.005184	-1.259257e-01	3.047911e-03	2.587548e-04	1.915237e+01
0.005476	-1.296006e-01	3.247428e-03	2.827547e-04	1.920125e+01
0.005776	-1.332830e-01	3.452848e-03	3.079254e-04	1.924950e+01
0.006084	-1.369727e-01	3.664088e-03	3.342789e-04	1.929707e+01
0.006400	-1.406694e-01	3.881065e-03	3.618280e-04	1.934391e+01
0.006724	-1.443727e-01	4.103690e-03	3.905851e-04	1.938999e+01
0.007056	-1.480823e-01	4.331873e-03	4.205608e-04	1.943525e+01
0.007396	-1.517979e-01	4.565527e-03	4.517626e-04	1.947966e+01
0.007744	-1.555191e-01	4.804565e-03	4.841928e-04	1.952318e+01
0.008100	-1.592455e-01	5.048910e-03	5.178469e-04	1.956577e+01
0.008464	-1.629769e-01	5.298493e-03	5.527115e-04	1.960740e+01
0.008836	-1.667129e-01	5.553260e-03	5.887632e-04	1.964803e+01
0.009216	-1.704531e-01	5.813174e-03	6.259665e-04	1.968765e+01
0.009604	-1.741972e-01	6.078218e-03	6.642730e-04	1.972622e+01
0.010000	-1.779449e-01	6.348398e-03	7.036205e-04	1.976374e+01
0.010404	-1.816960e-01	6.623747e-03	7.439332e-04	1.980019e+01
0.010816	-1.854500e-01	6.904323e-03	7.851214e-04	1.983557e+01
0.011236	-1.892069e-01	7.190216e-03	8.270826e-04	1.986988e+01
0.011664	-1.929664e-01	7.481540e-03	8.697032e-04	1.990313e+01
0.012100	-1.967283e-01	7.778440e-03	9.128606e-04	1.993534e+01
0.012544	-2.004924e-01	8.081085e-03	9.564253e-04	1.996653e+01
0.012996	-2.042588e-01	8.389668e-03	1.000265e-03	1.999673e+01
0.013456	-2.080272e-01	8.704397e-03	1.044247e-03	2.002597e+01
0.013924	-2.117977e-01	9.025499e-03	1.088245e-03	2.005430e+01
0.014400	-2.155702e-01	9.353206e-03	1.132138e-03	2.008175e+01
0.014884	-2.193449e-01	9.687752e-03	1.175820e-03	2.010838e+01
0.015376	-2.231217e-01	1.002937e-02	1.219202e-03	2.013423e+01
0.015876	-2.269007e-01	1.037828e-02	1.262215e-03	2.015935e+01
0.016384	-2.306820e-01	1.073467e-02	1.304815e-03	2.018379e+01
0.016900	-2.344657e-01	1.109874e-02	1.346984e-03	2.020760e+01
0.017424	-2.382520e-01	1.147061e-02	1.388736e-03	2.023082e+01
0.017956	-2.420408e-01	1.185042e-02	1.430114e-03	2.025349e+01
0.018496	-2.458323e-01	1.223821e-02	1.471194e-03	2.027564e+01
0.019044	-2.496265e-01	1.263403e-02	1.512080e-03	2.029730e+01
0.019600	-2.534235e-01	1.303784e-02	1.552910e-03	2.031851e+01
0.020164	-2.572233e-01	1.344960e-02	1.593846e-03	2.033926e+01
0.020736	-2.610258e-01	1.386918e-02	1.635073e-03	2.035957e+01
0.021316	-2.648310e-01	1.429645e-02	1.676796e-03	2.037944e+01
0.021904	-2.686387e-01	1.473121e-02	1.719232e-03	2.039887e+01
0.022500	-2.724488e-01	1.517324e-02	1.762607e-03	2.041783e+01
0.023104	-2.762611e-01	1.562230e-02	1.807145e-03	2.043631e+01
0.023716	-2.800753e-01	1.607814e-02	1.853064e-03	2.045428e+01
0.024336	-2.838912e-01	1.654047e-02	1.900571e-03	2.047172e+01
0.024964	-2.877085e-01	1.700903e-02	1.949848e-03	2.048859e+01
0.025600	-2.915267e-01	1.748357e-02	2.001054e-03	2.050485e+01
0.026244	-2.953457e-01	1.796385e-02	2.054311e-03	2.052047e+01
0.026896	-2.991649e-01	1.844966e-02	2.109704e-03	2.053541e+01
0.027556	-3.029840e-01	1.894082e-02	2.167277e-03	2.054964e+01
0.028224	-3.068026e-01	1.943722e-02	2.227027e-03	2.056314e+01
0.028900	-3.106204e-01	1.993877e-02	2.288903e-03	2.057586e+01
0.029584	-3.144370e-01	2.044547e-02	2.352808e-03	2.058779e+01
0.030276	-3.182521e-01	2.095734e-02	2.418600e-03	2.059892e+01
0.030976	-3.220655e-01	2.147449e-02	2.486093e-03	2.060924e+01
0.031684	-3.258769e-01	2.199706e-02	2.555064e-03	2.061874e+01
0.032400	-3.296861e-01	2.252528e-02	2.625258e-03	2.062744e+01
0.033124	-3.334930e-01	2.305938e-02	2.696393e-03	2.063534e+01
0.033856	-3.372976e-01	2.359967e-02	2.768171e-03	2.064248e+01
0.034596	-3.410998e-01	2.414648e-02	2.840289e-03	2.064888e+01
0.035344	-3.448997e-01	2.470017e-02	2.912442e-03	2.065457e+01
0.036100	-3.486974e-01	2.526109e-02	2.984339e-03	2.065959e+01
0.036864	-3.524930e-01	2.582961e-02	3.055709e-03	2.066399e+01
0.037636	-3.562868e-01	2.640607e-02	3.126314e-03	2.066782e+01
0.038416	-3.600789e-01	2.699081e-02	3.195953e-03	2.067112e+01
0.039204	-3.638696e-01	2.758412e-02	3.264474e-03	2.067394e+01
0.040000	-3.676592e-01	2.818623e-02	3.331777e-03	2.067634e+01
0.040804	-3.714479e-01	2.879733e-02	3.397821e-03	2.067835e+01
0.041616	-3.752361e-01	2.941754e-02	3.462626e-03	2.068003e+01
0.042436	-3.790240e-01	3.004691e-02	3.526274e-03	2.068140e+01
0.043264	-3.828118e-01	3.068544e-02	3.588907e-03	2.068251e+01
0.044100	-3.865997e-01	3.133301e-02	3.650726e-03	2.068337e+01
0.044944	-3.903879e-01	3.198946e-02	3.711986e-03	2.068401e+01
0.045796	-3.941764e-01	3.265457e-02	3.772986e-03	2.068443e+01
0.046656	-3.979653e-01	3.332802e-02	3.834064e-03	2.068464e+01
0.047524	-4.017546e-01	3.400948e-02	3.895586e-03	2.068464e+01
0.048400	-4.055442e-01	3.469855e-02	3.957935e-03	2.068440e+01
0.049284	-4.093339e-01	3.539480e-02	4.021496e-03	2.068392e+01
0.050176	-4.131235e-01	3.609780e-02	4.086649e-03	2.068316e+01
0.051076	-4.169127e-01	3.680710e-02	4.153752e-03	2.068210e+01
0.051984	-4.207012e-01	3.752228e-02	4.223132e-03	2.068070e+01
0.052900	-4.244886e-01	3.824292e-02	4.295072e-03	2.067893e+01
0.053824	-4.282745e-01	3.896868e-02	4.369800e-03	2.067675e+01
0.054756	-4.320584e-01	3.969923e-02	4.447483e-03	2.067412e+01
0.055696	-4.358399e-01	4.043433e-02	4.528220e-03	2.067100e+01
0.056644	-4.396185e-01	4.117381e-02	4.612033e-03	2.066736e+01
0.057600	-4.433937e-01	4.191759e-02	4.698872e-03	2.066317e+01
0.058564	-4.471652e-01	4.266565e-02	4.788608e-03	2.065841e+01
0.059536	-4.509325e-01	4.341807e-02	4.881041e-03	2.065305e+01
0.060516	-4.546952e-01	4.417502e-02	4.975902e-03	2.064710e+01
0.061504	-4.584532e-01	4.493675e-02	5.072862e-03	2.064053e+01
0.062500	-4.622061e-01	4.570355e-02	5.171540e-03	2.063336e+01
0.063504	-4.659537e-01	4.647582e-02	5.271518e-03	2.062559e+01
0.064516	-4.696961e-01	4.725397e-02	5.372350e-03	2.061725e+01
0.065536	-4.734332e-01	4.803846e-02	5.473578e-03	2.060836e+01
0.066564	-4.771651e-01	4.882978e-02	5.574748e-03	2.059895e+01
0.067600	-4.808919e-01	4.962840e-02	5.675421e-03	2.058905e+01
0.068644	-4.846138e-01	5.043479e-02	5.775194e-03	2.057871e+01
0.069696	-4.883312e-01	5.124938e-02	5.873709e-03	2.056797e+01
0.070756	-4.920444e-01	5.207255e-02	5.970667e-03	2.055688e+01
0.071824	-4.957537e-01	5.290464e-02	6.065839e-03	2.054548e+01
0.072900	-4.994596e-01	5.374588e-02	6.159076e-03	2.053382e+01
0.073984	-5.031625e-01	5.459644e-02	6.250313e-03	2.052194e+01
0.075076	-5.068628e-01	5.545636e-02	6.339575e-03	2.050988e+01
0.076176	-5.105609e-01	5.632563e-02	6.426977e-03	2.049767e+01
0.077284	-5.142573e-01	5.720411e-02	6.512721e-03	2.048535e+01
0.078400	-5.179522e-01	5.809155e-02	6.597090e-03	2.047293e+01
0.079524	-5.216460e-01	5.898763e-02	6.680446e-03	2.046044e+01
0.080656	-5.253388e-01	5.989194e-02	6.763211e-03	2.044788e+01
0.081796	-5.290309e-01	6.080398e-02	6.845859e-03	2.043526e+01
0.082944	-5.327223e-01	6.172321e-02	6.928903e-03	2.042256e+01
0.084100	-5.364129e-01	6.264905e-02	7.012874e-03	2.040978e+01
0.085264	-5.401027e-01	6.358088e-02	7.098307e-03	2.039689e+01
0.086436	-5.437915e-01	6.451808e-02	7.185722e-03	2.038387e+01
0.087616	-5.474790e-01	6.546006e-02	7.275610e-03	2.037069e+01
0.088804	-5.511648e-01	6.640624e-02	7.368411e-03	2.035732e+01
0.090000	-5.548486e-01	6.735611e-02	7.464503e-03	2.034371e+01
0.091204	-5.585298e-01	6.830924e-02	7.564188e-03	2.032984e+01
0.092416	-5.622079e-01	6.926525e-02	7.667678e-03	2.031566e+01
0.093636	-5.658823e-01	7.022389e-02	7.775092e-03	2.030115e+01
0.094864	-5.695525e-01	7.118500e-02	7.886445e-03	2.028626e+01
0.096100	-5.732180e-01	7.214854e-02	8.001649e-03	2.027097e+01
0.097344	-5.768781e-01	7.311458e-02	8.120516e-03	2.025527e+01
0.098596	-5.805324e-01	7.408329e-02	8.242758e-03	2.023912e+01
0.099856	-5.841804e-01	7.505496e-02	8.368000e-03	2.022252e+01
0.101124	-5.878217e-01	7.602997e-02	8.495788e-03	2.020546e+01
0.102400	-5.914560e-01	7.700877e-02	8.625605e-03	2.018795e+01
0.103684	-5.950830e-01	7.799189e-02	8.756886e-03	2.017000e+01
0.104976	-5.987027e-01	7.897989e-02	8.889035e-03	2.015162e+01
0.106276	-6.023149e-01	7.997337e-02	9.021449e-03	2.013284e+01
0.107584	-6.059198e-01	8.097293e-02	9.153533e-03	2.011368e+01
0.108900	-6.095175e-01	8.197914e-02	9.284720e-03	2.009418e+01
0.110224	-6.131083e-01	8.299255e-02	9.414495e-03	2.007436e+01
0.111556	-6.166924e-01	8.401363e-02	9.542407e-03	2.005428e+01
0.112896	-6.202704e-01	8.504277e-02	9.668091e-03	2.003397e+01
0.114244	-6.238427e-01	8.608028e-02	9.791274e-03	2.001347e+01
0.115600	-6.274099e-01	8.712635e-02	9.911793e-03	1.999282e+01
0.116964	-6.309724e-01	8.818104e-02	1.002959e-02	1.997206e+01
0.118336	-6.345309e-01	8.924430e-02	1.014474e-02	1.995122e+01
0.119716	-6.380859e-01	9.031594e-02	1.025742e-02	1.993032e+01
0.121104	-6.416380e-01	9.139565e-02	1.036792e-02	1.990939e+01
0.122500	-6.451876e-01	9.248302e-02	1.047664e-02	1.988846e+01
0.123904	-6.487353e-01	9.357749e-02	1.058405e-02	1.986752e+01
0.125316	-6.522813e-01	9.467846e-02	1.069073e-02	1.984658e+01
0.126736	-6.558260e-01	9.578521e-02	1.079730e-02	1.982565e+01
0.128164	-6.593695e-01	9.689701e-02	1.090441e-02	1.980471e+01
0.129600	-6.629118e-01	9.801306e-02	1.101275e-02	1.978374e+01
0.131044	-6.664531e-01	9.913259e-02	1.112298e-02	1.976274e+01
0.132496	-6.699930e-01	1.002548e-01	1.123577e-02	1.974166e+01
0.133956	-6.735314e-01	1.013791e-01	1.135169e-02	1.972049e+01
0.135424	-6.770679e-01	1.025047e-01	1.147129e-02	1.969919e+01
0.136900	-6.806020e-01	1.036310e-01	1.159501e-02	1.967774e+01
0.138384	-6.841333e-01	1.047577e-01	1.172317e-02	1.965608e+01
0.139876	-6.876610e-01	1.058844e-01	1.185602e-02	1.963421e+01
0.141376	-6.911846e-01	1.070108e-01	1.199363e-02	1.961207e+01
0.142884	-6.947034e-01	1.081370e-01	1.213600e-02	1.958966e+01
0.144400	-6.982168e-01	1.092630e-01	1.228294e-02	1.956694e+01
0.145924	-7.017239e-01	1.103890e-01	1.243419e-02	1.954389e+01
0.147456	-7.052242e-01	1.115153e-01	1.258933e-02	1.952051e+01
0.148996	-7.087172e-01	1.126425e-01	1.274786e-02	1.949678e+01
0.150544	-7.122022e-01	1.137710e-01	1.290918e-02	1.947271e+01
0.152100	-7.156789e-01	1.149015e-01	1.307261e-02	1.944830e+01
0.153664	-7.191470e-01	1.160347e-01	1.323744e-02	1.942355e+01
0.155236	-7.226061e-01	1.171713e-01	1.340293e-02	1.939849e+01
0.156816	-7.260562e-01	1.183121e-01	1.356833e-02	1.937313e+01
0.158404	-7.294974e-01	1.194577e-01	1.373291e-02	1.934750e+01
0.160000	-7.329297e-01	1.206087e-01	1.389600e-02	1.932164e+01
0.161604	-7.363534e-01	1.217658e-01	1.405699e-02	1.929556e+01
0.163216	-7.397689e-01	1.229295e-01	1.421538e-02	1.926930e+01
0.164836	-7.431767e-01	1.241000e-01	1.437076e-02	1.924289e+01
0.166464	-7.465774e-01	1.252776e-01	1.452285e-02	1.921637e+01
0.168100	-7.499714e-01	1.264624e-01	1.467151e-02	1.918977e+01
0.169744	-7.533596e-01	1.276543e-01	1.481674e-02	1.916311e+01
0.171396	-7.567427e-01	1.288531e-01	1.495868e-02	1.913642e+01
0.173056	-7.601213e-01	1.300583e-01	1.509761e-02	1.910972e+01
0.174724	-7.634961e-01	1.312696e-01	1.523394e-02	1.908301e+01
0.176400	-7.668678e-01	1.324861e-01	1.536821e-02	1.905632e+01
0.178084	-7.702370e-01	1.337072e-01	1.550104e-02	1.902965e+01
0.179776	-7.736042e-01	1.349320e-01	1.563316e-02	1.900300e+01
0.181476	-7.769698e-01	1.361597e-01	1.576534e-02	1.897635e+01
0.183184	-7.803342e-01	1.373892e-01	1.589840e-02	1.894970e+01
0.184900	-7.836974e-01	1.386197e-01	1.603314e-02	1.892304e+01
0.186624	-7.870596e-01	1.398502e-01	1.617038e-02	1.889633e+01
0.188356	-7.904207e-01	1.410799e-01	1.631086e-02	1.886957e+01
0.190096	-7.937804e-01	1.423080e-01	1.645527e-02	1.884272e+01
0.191844	-7.971384e-01	1.435339e-01	1.660419e-02	1.881576e+01
0.193600	-8.004943e-01	1.447571e-01	1.675810e-02	1.878866e+01
0.195364	-8.038474e-01	1.459771e-01	1.691733e-02	1.876140e+01
0.197136	-8.071972e-01	1.471937e-01	1.708208e-02	1.873395e+01
0.198916	-8.105428e-01	1.484069e-01	1.725239e-02	1.870629e+01
0.200704	-8.138836e-01	1.496168e-01	1.742814e-02	1.867839e+01
0.202500	-8.172187e-01	1.508236e-01	1.760906e-02	1.865025e+01
0.204304	-8.205473e-01	1.520279e-01	1.779473e-02	1.862186e+01
0.206116	-8.238687e-01	1.532301e-01	1.798462e-02	1.859320e+01
0.207936	-8.271821e-01	1.544308e-01	1.817805e-02	1.856428e+01
0.209764	-8.304868e-01	1.556310e-01	1.837425e-02	1.853509e+01
0.211600	-8.337823e-01	1.568314e-01	1.857241e-02	1.850566e+01
0.213444	-8.370682e-01	1.580329e-01	1.877163e-02	1.847598e+01
0.215296	-8.403441e-01	1.592362e-01	1.897103e-02	1.844607e+01
0.217156	-8.436098e-01	1.604424e-01	1.916974e-02	1.841596e+01
0.219024	-8.468653e-01	1.616521e-01	1.936691e-02	1.838566e+01
0.220900	-8.501107e-01	1.628659e-01	1.956179e-02	1.835520e+01
0.222784	-8.533461e-01	1.640846e-01	1.975372e-02	1.832461e+01
0.224676	-8.565721e-01	1.653084e-01	1.994215e-02	1.829390e+01
0.226576	-8.597891e-01	1.665376e-01	2.012668e-02	1.826310e+01
0.228484	-8.629976e-01	1.677724e-01	2.030706e-02	1.823223e+01
0.230400	-8.661985e-01	1.690126e-01	2.048322e-02	1.820132e+01
0.232324	-8.693925e-01	1.702580e-01	2.065524e-02	1.817038e+01
0.234256	-8.725804e-01	1.715081e-01	2.082337e-02	1.813942e+01
0.236196	-8.757631e-01	1.727623e-01	2.098804e-02	1.810847e+01
0.238144	-8.789415e-01	1.740198e-01	2.114979e-02	1.807751e+01
0.240100	-8.821162e-01	1.752798e-01	2.130933e-02	1.804656e+01
0.242064	-8.852882e-01	1.765413e-01	2.146744e-02	1.801562e+01
0.244036	-8.884580e-01	1.778033e-01	2.162502e-02	1.798467e+01
0.246016	-8.916262e-01	1.790646e-01	2.178300e-02	1.795371e+01
0.248004	-8.947933e-01	1.803243e-01	2.194234e-02	1.792273e+01
0.250000	-8.979596e-01	1.815813e-01	2.210397e-02	1.789171e+01
0.252004	-9.011252e-01	1.828347e-01	2.226882e-02	1.786063e+01
0.254016	-9.042901e-01	1.840835e-01	2.243772e-02	1.782948e+01
0.256036	-9.074541e-01	1.853271e-01	2.261140e-02	1.779824e+01
0.258064	-9.106170e-01	1.865648e-01	2.279048e-02	1.776688e+01
0.260100	-9.137783e-01	1.877963e-01	2.297541e-02	1.773538e+01
0.262144	-9.169374e-01	1.890214e-01	2.316649e-02	1.770374e+01
0.264196	-9.200936e-01	1.902399e-01	2.336385e-02	1.767193e+01
0.266256	-9.232461e-01	1.914522e-01	2.356743e-02	1.763995e+01
0.268324	-9.263940e-01	1.926585e-01	2.377699e-02	1.760778e+01
0.270400	-9.295364e-01	1.938594e-01	2.399212e-02	1.757542e+01
0.272484	-9.326724e-01	1.950556e-01	2.421224e-02	1.754286e+01
0.274576	-9.358011e-01	1.962478e-01	2.443663e-02	1.751011e+01
0.276676	-9.389216e-01	1.974370e-01	2.466445e-02	1.747717e+01
0.278784	-9.420331e-01	1.986242e-01	2.489476e-02	1.744405e+01
0.280900	-9.451349e-01	1.998103e-01	2.512657e-02	1.741076e+01
0.283024	-9.482264e-01	2.009964e-01	2.535884e-02	1.737731e+01
0.285156	-9.513071e-01	2.021835e-01	2.559054e-02	1.734372e+01
0.287296	-9.543768e-01	2.033724e-01	2.582068e-02	1.731001e+01
0.289444	-9.574353e-01	2.045639e-01	2.604835e-02	1.727618e+01
0.291600	-9.604827e-01	2.057587e-01	2.627273e-02	1.724227e+01
0.293764	-9.635192e-01	2.069573e-01	2.649313e-02	1.720828e+01
0.295936	-9.665450e-01	2.081600e-01	2.670901e-02	1.717424e+01
0.298116	-9.695608e-01	2.093668e-01	2.692003e-02	1.714015e+01
0.300304	-9.725673e-01	2.105776e-01	2.712600e-02	1.710603e+01
0.302500	-9.755651e-01	2.117923e-01	2.732695e-02	1.707190e+01
0.304704	-9.785551e-01	2.130102e-01	2.752308e-02	1.703776e+01
0.306916	-9.815384e-01	2.142306e-01	2.771481e-02	1.700361e+01
0.309136	-9.845158e-01	2.154528e-01	2.790271e-02	1.696946e+01
0.311364	-9.874884e-01	2.166757e-01	2.808752e-02	1.693530e+01
0.313600	-9.904571e-01	2.178983e-01	2.827011e-02	1.690114e+01
0.315844	-9.934229e-01	2.191193e-01	2.845145e-02	1.686696e+01
0.318096	-9.963866e-01	2.203377e-01	2.863260e-02	1.683276e+01
0.320356	-9.993488e-01	2.215521e-01	2.881464e-02	1.679853e+01
0.322624	-1.002310e+00	2.227615e-01	2.899867e-02	1.676425e+01
0.324900	-1.005271e+00	2.239649e-01	2.918575e-02	1.672991e+01
0.327184	-1.008232e+00	2.251612e-01	2.937687e-02	1.669550e+01
0.329476	-1.011193e+00	2.263497e-01	2.957292e-02	1.666100e+01
0.331776	-1.014154e+00	2.275298e-01	2.977465e-02	1.662641e+01
0.334084	-1.017114e+00	2.287011e-01	2.998265e-02	1.659170e+01
0.336400	-1.020073e+00	2.298633e-01	3.019735e-02	1.655688e+01
0.338724	-1.023032e+00	2.310166e-01	3.041895e-02	1.652194e+01
0.341056	-1.025987e+00	2.321611e-01	3.064747e-02	1.648686e+01
0.343396	-1.028940e+00	2.332973e-01	3.088271e-02	1.645165e+01
0.345744	-1.031889e+00	2.344258e-01	3.112427e-02	1.641630e+01
0.348100	-1.034833e+00	2.355474e-01	3.137157e-02	1.638083e+01
0.350464	-1.037771e+00	2.366632e-01	3.162384e-02	1.634523e+01
0.352836	-1.040701e+00	2.377741e-01	3.188018e-02	1.630951e+01
0.355216	-1.043624e+00	2.388813e-01	3.213954e-02	1.627369e+01
0.357604	-1.046537e+00	2.399859e-01	3.240083e-02	1.623776e+01
0.360000	-1.049441e+00	2.410892e-01	3.266287e-02	1.620175e+01
0.362404	-1.052333e+00	2.421922e-01	3.292449e-02	1.616567e+01
0.364816	-1.055215e+00	2.432960e-01	3.318454e-02	1.612954e+01
0.367236	-1.058085e+00	2.444015e-01	3.344195e-02	1.609335e+01
0.369664	-1.060943e+00	2.455094e-01	3.369575e-02	1.605714e+01
0.372100	-1.063789e+00	2.466202e-01	3.394510e-02	1.602090e+01
0.374544	-1.066623e+00	2.477344e-01	3.418932e-02	1.598465e+01
0.376996	-1.069446e+00	2.488519e-01	3.442794e-02	1.594840e+01
0.379456	-1.072258e+00	2.499728e-01	3.466067e-02	1.591215e+01
0.381924	-1.075059e+00	2.510967e-01	3.488748e-02	1.587590e+01
0.384400	-1.077852e+00	2.522230e-01	3.510851e-02	1.583967e+01
0.386884	-1.080635e+00	2.533510e-01	3.532415e-02	1.580345e+01
0.389376	-1.083412e+00	2.544797e-01	3.553498e-02	1.576723e+01
0.391876	-1.086182e+00	2.556081e-01	3.574176e-02	1.573101e+01
0.394384	-1.088947e+00	2.567350e-01	3.594544e-02	1.569478e+01
0.396900	-1.091707e+00	2.578590e-01	3.614707e-02	1.565854e+01
0.399424	-1.094465e+00	2.589789e-01	3.634781e-02	1.562227e+01
0.401956	-1.097221e+00	2.600933e-01	3.654888e-02	1.558597e+01
0.404496	-1.099976e+00	2.612011e-01	3.675152e-02	1.554963e+01
0.407044	-1.102730e+00	2.623011e-01	3.695692e-02	1.551323e+01
0.409600	-1.105485e+00	2.633923e-01	3.716625e-02	1.547677e+01
0.412164	-1.108240e+00	2.644738e-01	3.738054e-02	1.544023e+01
0.414736	-1.110996e+00	2.655451e-01	3.760069e-02	1.540362e+01
0.417316	-1.113752e+00	2.666056e-01	3.782745e-02	1.536692e+01
0.419904	-1.116509e+00	2.676552e-01	3.806134e-02	1.533013e+01
0.422500	-1.119266e+00	2.686941e-01	3.830268e-02	1.529326e+01
0.425104	-1.122023e+00	2.697224e-01	3.855158e-02	1.525630e+01
0.427716	-1.124778e+00	2.707407e-01	3.880788e-02	1.521925e+01
0.430336	-1.127531e+00	2.717499e-01	3.907122e-02	1.518212e+01
0.432964	-1.130281e+00	2.727507e-01	3.934102e-02	1.514493e+01
0.435600	-1.133027e+00	2.737443e-01	3.961646e-02	1.510767e+01
0.438244	-1.135767e+00	2.747320e-01	3.989660e-02	1.507036e+01
0.440896	-1.138500e+00	2.757150e-01	4.018032e-02	1.503302e+01
0.443556	-1.141225e+00	2.766947e-01	4.046639e-02	1.499565e+01
0.446224	-1.143942e+00	2.776723e-01	4.075353e-02	1.495826e+01
0.448900	-1.146648e+00	2.786491e-01	4.104043e-02	1.492088e+01
0.451584	-1.149344e+00	2.796263e-01	4.132578e-02	1.488350e+01
0.454276	-1.152027e+00	2.806049e-01	4.160834e-02	1.484615e+01
0.456976	-1.154699e+00	2.815857e-01	4.188700e-02	1.480882e+01
0.459684	-1.157359e+00	2.825693e-01	4.216076e-02	1.477153e+01
0.462400	-1.160005e+00	2.835562e-01	4.242880e-02	1.473429e+01
0.465124	-1.162640e+00	2.845464e-01	4.269051e-02	1.469708e+01
0.467856	-1.165262e+00	2.855400e-01	4.294552e-02	1.465992e+01
0.470596	-1.167872e+00	2.865365e-01	4.319367e-02	1.462281e+01
0.473344	-1.170472e+00	2.875353e-01	4.343507e-02	1.458573e+01
0.476100	-1.173061e+00	2.885355e-01	4.367006e-02	1.454869e+01
0.478864	-1.175641e+00	2.895363e-01	4.389921e-02	1.451167e+01
0.481636	-1.178214e+00	2.905363e-01	4.412333e-02	1.447467e+01
0.484416	-1.180780e+00	2.915344e-01	4.434339e-02	1.443768e+01
0.487204	-1.183340e+00	2.925290e-01	4.456053e-02	1.440069e+01
0.490000	-1.185897e+00	2.935188e-01	4.477601e-02	1.436368e+01
0.492804	-1.188450e+00	2.945023e-01	4.499116e-02	1.432665e+01
0.495616	-1.191002e+00	2.954783e-01	4.520737e-02	1.428959e+01
0.498436	-1.193552e+00	2.964454e-01	4.542598e-02	1.425248e+01
0.501264	-1.196103e+00	2.974027e-01	4.564830e-02	1.421532e+01
0.504100	-1.198655e+00	2.983491e-01	4.587553e-02	1.417811e+01
0.506944	-1.201208e+00	2.992841e-01	4.610873e-02	1.414083e+01
0.509796	-1.203763e+00	3.002072e-01	4.634877e-02	1.410350e+01
0.512656	-1.206320e+00	3.011181e-01	4.659633e-02	1.406610e+01
0.515524	-1.208878e+00	3.020172e-01	4.685183e-02	1.402866e+01
0.518400	-1.211437e+00	3.029046e-01	4.711547e-02	1.399116e+01
0.521284	-1.213996e+00	3.037810e-01	4.738717e-02	1.395362e+01
0.524176	-1.216555e+00	3.046472e-01	4.766659e-02	1.391605e+01
0.527076	-1.219113e+00	3.055043e-01	4.795317e-02	1.387846e+01
0.529984	-1.221669e+00	3.063536e-01	4.824608e-02	1.384086e+01
0.532900	-1.224221e+00	3.071964e-01	4.854433e-02	1.380328e+01
0.535824	-1.226768e+00	3.080340e-01	4.884672e-02	1.376571e+01
0.538756	-1.229309e+00	3.088681e-01	4.915194e-02	1.372818e+01
0.541696	-1.231842e+00	3.097000e-01	4.945857e-02	1.369069e+01
0.544644	-1.234367e+00	3.105312e-01	4.976517e-02	1.365327e+01
0.547600	-1.236882e+00	3.113629e-01	5.007030e-02	1.361591e+01
0.550564	-1.239385e+00	3.121963e-01	5.037256e-02	1.357864e+01
0.553536	-1.241877e+00	3.130322e-01	5.067065e-02	1.354145e+01
0.556516	-1.244357e+00	3.138715e-01	5.096344e-02	1.350436e+01
0.559504	-1.246823e+00	3.147145e-01	5.124997e-02	1.346735e+01
0.562500	-1.249277e+00	3.155614e-01	5.152948e-02	1.343043e+01
0.565504	-1.251717e+00	3.164121e-01	5.180147e-02	1.339361e+01
0.568516	-1.254145e+00	3.172663e-01	5.206571e-02	1.335686e+01
0.571536	-1.256560e+00	3.181233e-01	5.232222e-02	1.332019e+01
0.574564	-1.258964e+00	3.189822e-01	5.257130e-02	1.328358e+01
0.577600	-1.261357e+00	3.198419e-01	5.281351e-02	1.324703e+01
0.580644	-1.263741e+00	3.207011e-01	5.304965e-02	1.321051e+01
0.583696	-1.266116e+00	3.215585e-01	5.328074e-02	1.317403e+01
0.586756	-1.268485e+00	3.224124e-01	5.350800e-02	1.313756e+01
0.589824	-1.270848e+00	3.232615e-01	5.373277e-02	1.310109e+01
0.592900	-1.273207e+00	3.241041e-01	5.395651e-02	1.306462e+01
0.595984	-1.275563e+00	3.249388e-01	5.418071e-02	1.302812e+01
0.599076	-1.277917e+00	3.257642e-01	5.440689e-02	1.299160e+01
0.602176	-1.280272e+00	3.265792e-01	5.463650e-02	1.295504e+01
0.605284	-1.282627e+00	3.273828e-01	5.487090e-02	1.291844e+01
0.608400	-1.284983e+00	3.281743e-01	5.511130e-02	1.288180e+01
0.611524	-1.287342e+00	3.289532e-01	5.535874e-02	1.284513e+01
0.614656	-1.289703e+00	3.297193e-01	5.561401e-02	1.280841e+01
0.617796	-1.292067e+00	3.304728e-01	5.587768e-02	1.277167e+01
0.620944	-1.294434e+00	3.312140e-01	5.615004e-02	1.273491e+01
0.624100	-1.296803e+00	3.319436e-01	5.643109e-02	1.269814e+01
0.627264	-1.299173e+00	3.326625e-01	5.672055e-02	1.266137e+01
0.630436	-1.301544e+00	3.333720e-01	5.701787e-02	1.262462e+01
0.633616	-1.303915e+00	3.340733e-01	5.732223e-02	1.258791e+01
0.636804	-1.306284e+00	3.347678e-01	5.763258e-02	1.255124e+01
0.640000	-1.308651e+00	3.354573e-01	5.794769e-02	1.251464e+01
0.643204	-1.311013e+00	3.361433e-01	5.826614e-02	1.247812e+01
0.646416	-1.313370e+00	3.368274e-01	5.858642e-02	1.244169e+01
0.649636	-1.315720e+00	3.375111e-01	5.890694e-02	1.240537e+01
0.652864	-1.318061e+00	3.381958e-01	5.922612e-02	1.236916e+01
0.656100	-1.320392e+00	3.388829e-01	5.954240e-02	1.233308e+01
0.659344	-1.322712e+00	3.395733e-01	5.985435e-02	1.229713e+01
0.662596	-1.325021e+00	3.402678e-01	6.016065e-02	1.226131e+01
0.665856	-1.327317e+00	3.409669e-01	6.046019e-02	1.222563e+01
0.669124	-1.329599e+00	3.416708e-01	6.075208e-02	1.219007e+01
0.672400	-1.331868e+00	3.423795e-01	6.103570e-02	1.215463e+01
0.675684	-1.334123e+00	3.430926e-01	6.131069e-02	1.211932e+01
0.678976	-1.336365e+00	3.438094e-01	6.157700e-02	1.208410e+01
0.682276	-1.338594e+00	3.445289e-01	6.183488e-02	1.204898e+01
0.685584	-1.340812e+00	3.452500e-01	6.208485e-02	1.201394e+01
0.688900	-1.343018e+00	3.459714e-01	6.232772e-02	1.197896e+01
0.692224	-1.345214e+00	3.466914e-01	6.256454e-02	1.194402e+01
0.695556	-1.347402e+00	3.474085e-01	6.279657e-02	1.190913e+01
0.698896	-1.349582e+00	3.481210e-01	6.302526e-02	1.187425e+01
0.702244	-1.351757e+00	3.488273e-01	6.325215e-02	1.183938e+01
0.705600	-1.353928e+00	3.495257e-01	6.347888e-02	1.180450e+01
0.708964	-1.356097e+00	3.502149e-01	6.370710e-02	1.176961e+01
0.712336	-1.358264e+00	3.508935e-01	6.393842e-02	1.173470e+01
0.715716	-1.360432e+00	3.515604e-01	6.417436e-02	1.169977e+01
0.719104	-1.362601e+00	3.522150e-01	6.441628e-02	1.166480e+01
0.722500	-1.364772e+00	3.528566e-01	6.466539e-02	1.162982e+01
0.725904	-1.366947e+00	3.534850e-01	6.492262e-02	1.159481e+01
0.729316	-1.369125e+00	3.541004e-01	6.518868e-02	1.155980e+01
0.732736	-1.371306e+00	3.547031e-01	6.546395e-02	1.152478e+01
0.736164	-1.373492e+00	3.552939e-01	6.574854e-02	1.148977e+01
0.739600	-1.375681e+00	3.558737e-01	6.604223e-02	1.145479e+01
0.743044	-1.377872e+00	3.564438e-01	6.634450e-02	1.141984e+01
0.746496	-1.380066e+00	3.570056e-01	6.665454e-02	1.138496e+01
0.749956	-1.382260e+00	3.575608e-01	6.697129e-02	1.135015e+01
0.753424	-1.384453e+00	3.581109e-01	6.729344e-02	1.131543e+01
0.756900	-1.386645e+00	3.586578e-01	6.761952e-02	1.128082e+01
0.760384	-1.388833e+00	3.592032e-01	6.794790e-02	1.124634e+01
0.763876	-1.391016e+00	3.597488e-01	6.827688e-02	1.121198e+01
0.767376	-1.393192e+00	3.602961e-01	6.860472e-02	1.117777e+01
0.770884	-1.395360e+00	3.608464e-01	6.892974e-02	1.114372e+01
0.774400	-1.397518e+00	3.614010e-01	6.925031e-02	1.110982e+01
0.777924	-1.399666e+00	3.619608e-01	6.956498e-02	1.107609e+01
0.781456	-1.401801e+00	3.625262e-01	6.987247e-02	1.104251e+01
0.784996	-1.403924e+00	3.630975e-01	7.017175e-02	1.100909e+01
0.788544	-1.406032e+00	3.636748e-01	7.046204e-02	1.097581e+01
0.792100	-1.408127e+00	3.642576e-01	7.074290e-02	1.094268e+01
0.795664	-1.410208e+00	3.648453e-01	7.101417e-02	1.090967e+01
0.799236	-1.412275e+00	3.654368e-01	7.127603e-02	1.087678e+01
0.802816	-1.414329e+00	3.660310e-01	7.152896e-02	1.084398e+01
0.806404	-1.416370e+00	3.666263e-01	7.177376e-02	1.081127e+01
0.810000	-1.418400e+00	3.672211e-01	7.201151e-02	1.077862e+01
0.813604	-1.420420e+00	3.678138e-01	7.224350e-02	1.074602e+01
0.817216	-1.422431e+00	3.684025e-01	7.247126e-02	1.071346e+01
0.820836	-1.424435e+00	3.689855e-01	7.269643e-02	1.068091e+01
0.824464	-1.426433e+00	3.695609e-01	7.292078e-02	1.064837e+01
0.828100	-1.428428e+00	3.701273e-01	7.314609e-02	1.061583e+01
0.831744	-1.430420e+00	3.706833e-01	7.337411e-02	1.058328e+01
0.835396	-1.432412e+00	3.712276e-01	7.360654e-02	1.055072e+01
0.839056	-1.434405e+00	3.717594e-01	7.384491e-02	1.051814e+01
0.842724	-1.436399e+00	3.722780e-01	7.409056e-02	1.048554e+01
0.846400	-1.438397e+00	3.727832e-01	7.434459e-02	1.045294e+01
0.850084	-1.440399e+00	3.732751e-01	7.460785e-02	1.042033e+01
0.853776	-1.442406e+00	3.737541e-01	7.488085e-02	1.038773e+01
0.857476	-1.444418e+00	3.742208e-01	7.516379e-02	1.035515e+01
0.861184	-1.446434e+00	3.746764e-01	7.545652e-02	1.032260e+01
0.864900	-1.448455e+00	3.751220e-01	7.575858e-02	1.029011e+01
0.868624	-1.450479e+00	3.755593e-01	7.606918e-02	1.025768e+01
0.872356	-1.452507e+00	3.759899e-01	7.638724e-02	1.022534e+01
0.876096	-1.454536e+00	3.764156e-01	7.671142e-02	1.019311e+01
0.879844	-1.456566e+00	3.768384e-01	7.704017e-02	1.016099e+01
0.883600	-1.458594e+00	3.772600e-01	7.737178e-02	1.012901e+01
0.887364	-1.460619e+00	3.776824e-01	7.770442e-02	1.009717e+01
0.891136	-1.462640e+00	3.781071e-01	7.803623e-02	1.006549e+01
0.894916	-1.464655e+00	3.785358e-01	7.836536e-02	1.003398e+01
0.898704	-1.466661e+00	3.789696e-01	7.869005e-02	1.000265e+01
0.902500	-1.468659e+00	3.794095e-01	7.900865e-02	9.971483e+00
0.906304	-1.470645e+00	3.798562e-01	7.931974e-02	9.940493e+00
0.910116	-1.472619e+00	3.803101e-01	7.962213e-02	9.909672e+00
0.913936	-1.474579e+00	3.807712e-01	7.991491e-02	9.879014e+00
0.917764	-1.476526e+00	3.812391e-01	8.019750e-02	9.848508e+00
0.921600	-1.478459e+00	3.817130e-01	8.046964e-02	9.818143e+00
0.925444	-1.480377e+00	3.821921e-01	8.073142e-02	9.787905e+00
0.929296	-1.482281e+00	3.826750e-01	8.098328e-02	9.757778e+00
0.933156	-1.484171e+00	3.831602e-01	8.122600e-02	9.727746e+00
0.937024	-1.486048e+00	3.836460e-01	8.146066e-02	9.697791e+00
0.940900	-1.487914e+00	3.841305e-01	8.168859e-02	9.667898e+00
0.944784	-1.489769e+00	3.846118e-01	8.191137e-02	9.638049e+00
0.948676	-1.491616e+00	3.850880e-01	8.213075e-02	9.608230e+00
0.952576	-1.493455e+00	3.855572e-01	8.234861e-02	9.578428e+00
0.956484	-1.495289e+00	3.860177e-01	8.256685e-02	9.548632e+00
0.960400	-1.497120e+00	3.864680e-01	8.278739e-02	9.518833e+00
0.964324	-1.498948e+00	3.869068e-01	8.301208e-02	9.489026e+00
0.968256	-1.500777e+00	3.873330e-01	8.324260e-02	9.459209e+00
0.972196	-1.502607e+00	3.877460e-01	8.348048e-02	9.429382e+00
0.976144	-1.504440e+00	3.881454e-01	8.372698e-02	9.399550e+00
0.980100	-1.506278e+00	3.885311e-01	8.398307e-02	9.369718e+00
0.984064	-1.508120e+00	3.889037e-01	8.424942e-02	9.339896e+00
0.988036	-1.509968e+00	3.892637e-01	8.452632e-02	9.310097e+00
0.992016	-1.511822e+00	3.896123e-01	8.481372e-02	9.280335e+00
0.996004	-1.513682e+00	3.899508e-01	8.511122e-02	9.250626e+00