
0.000004	-5.230800e-01	-5.360838e-02	-1.504522e-03	4.055411e+05
0.000016	-9.761423e-01	-2.699197e-01	-3.282853e-02	3.553341e+05
0.000036	-1.143677e+00	-5.136749e-01	-1.359264e-01	2.870326e+05
0.000064	-5.448890e-01	-5.411124e-01	-2.626786e-01	1.376164e+05
0.000100	-4.055091e-01	-3.118130e-01	-2.917967e-01	5.351704e+04
0.000144	-5.674585e-01	-2.733820e-01	-2.027330e-01	3.099191e+04
0.000196	-5.149644e-01	-2.811685e-01	-1.691115e-01	1.972082e+04
0.000256	-1.322550e-01	-1.006698e-01	-1.749169e-01	4.887045e+03
0.000324	1.655849e-02	-1.480145e-02	-8.847291e-02	7.750547e+02
0.000400	5.270890e-03	-9.561107e-02	-9.575347e-03	4.371082e+02
0.000484	1.110553e-02	-1.148573e-01	-4.917723e-02	6.699696e+02
0.000576	3.370086e-02	-2.439516e-02	-8.942502e-02	4.668541e+02
0.000676	3.930539e-02	-1.048459e-02	-4.285683e-02	1.027227e+02
0.000784	3.856788e-02	-5.990345e-02	-4.039131e-03	9.874149e+01
0.000900	4.298848e-02	-5.327517e-02	-2.491730e-02	9.394945e+01
0.001024	4.712859e-02	-6.801656e-03	-3.038135e-02	4.277939e+01
0.001156	4.801360e-02	4.510229e-04	-5.908844e-03	1.347251e+01
0.001296	4.862958e-02	-7.598303e-03	-5.155289e-03	1.293995e+01
0.001444	5.029972e-02	3.754099e-04	-1.711773e-02	1.737576e+01
0.001600	5.180778e-02	4.578180e-03	-8.699332e-03	1.226363e+01
0.001764	5.220469e-02	8.456786e-04	-1.429557e-04	9.706531e+00
0.001936	5.233544e-02	3.830924e-03	-6.348057e-03	9.677963e+00
0.002116	5.311608e-02	7.413612e-03	-6.479337e-03	9.482543e+00
0.002304	5.363906e-02	5.582193e-03	3.335173e-04	8.095133e+00
0.002500	5.333219e-02	6.621875e-03	-1.346217e-03	7.495171e+00
0.002704	5.324760e-02	9.663211e-03	-4.022273e-03	7.420957e+00
0.002916	5.346325e-02	8.997500e-03	1.191481e-04	6.676480e+00
0.003136	5.302505e-02	9.116136e-03	1.077305e-03	6.139188e+00
0.003364	5.232483e-02	1.173042e-02	-1.919025e-03	5.914473e+00
0.003600	5.197730e-02	1.206744e-02	-3.203289e-04	5.474347e+00
0.003844	5.134052e-02	1.175447e-02	2.319058e-03	5.026070e+00
0.004096	5.026204e-02	1.372625e-02	1.125774e-03	4.748709e+00
0.004356	4.937585e-02	1.477802e-02	1.051175e-03	4.466659e+00
0.004624	4.844715e-02	1.446616e-02	2.869829e-03	4.095804e+00
0.004900	4.707911e-02	1.578321e-02	2.427690e-03	3.836002e+00
0.005184	4.573032e-02	1.721221e-02	1.816836e-03	3.630046e+00
0.005476	4.448285e-02	1.710896e-02	3.246622e-03	3.336865e+00
0.005776	4.285562e-02	1.782841e-02	3.674253e-03	3.107258e+00
0.006084	4.104003e-02	1.942889e-02	3.048350e-03	2.955806e+00
0.006400	3.943031e-02	1.987246e-02	3.827036e-03	2.760441e+00
0.006724	3.775214e-02	2.024734e-02	4.557966e-03	2.577300e+00
0.007056	3.579392e-02	2.155897e-02	4.151244e-03	2.458574e+00
0.007396	3.377103e-02	2.231931e-02	4.513753e-03	2.324443e+00
0.007744	3.170450e-02	2.263076e-02	5.346367e-03	2.177652e+00
0.008100	2.948572e-02	2.365914e-02	5.223661e-03	2.082402e+00
0.008464	2.720530e-02	2.457057e-02	5.324796e-03	1.998746e+00
0.008836	2.489062e-02	2.491810e-02	6.116774e-03	1.897782e+00
0.009216	2.245878e-02	2.570677e-02	6.251269e-03	1.828354e+00
0.009604	1.994145e-02	2.667113e-02	6.182070e-03	1.780959e+00
0.010000	1.737488e-02	2.711286e-02	6.856355e-03	1.722650e+00
0.010404	1.472410e-02	2.770848e-02	7.325728e-03	1.683609e+00
0.010816	1.199859e-02	2.862064e-02	7.319091e-03	1.666387e+00
0.011236	9.211132e-03	2.914798e-02	7.764686e-03	1.640910e+00
0.011664	6.352348e-03	2.960127e-02	8.319395e-03	1.623772e+00
0.012100	3.440827e-03	3.040912e-02	8.434617e-03	1.630945e+00
0.012544	4.618608e-04	3.103740e-02	8.756293e-03	1.639218e+00
0.012996	-2.600073e-03	3.143636e-02	9.336963e-03	1.646894e+00
0.013456	-5.696016e-03	3.207860e-02	9.590205e-03	1.670882e+00
0.013924	-8.839732e-03	3.271090e-02	9.849465e-03	1.702131e+00
0.014400	-1.208096e-02	3.309855e-02	1.040434e-02	1.733337e+00
0.014884	-1.535733e-02	3.360246e-02	1.078148e-02	1.774316e+00
0.015376	-1.865109e-02	3.418336e-02	1.103730e-02	1.822945e+00
0.015876	-2.204660e-02	3.455760e-02	1.154387e-02	1.873362e+00
0.016384	-2.549735e-02	3.494421e-02	1.201382e-02	1.930285e+00
0.016900	-2.893569e-02	3.544926e-02	1.231231e-02	1.994015e+00
0.017424	-3.246026e-02	3.582030e-02	1.277260e-02	2.061431e+00
0.017956	-3.607266e-02	3.611992e-02	1.329710e-02	2.133444e+00
0.018496	-3.965807e-02	3.651177e-02	1.366481e-02	2.209125e+00
0.019044	-4.329263e-02	3.684248e-02	1.410012e-02	2.288838e+00
0.019600	-4.704486e-02	3.707634e-02	1.464639e-02	2.374201e+00
0.020164	-5.078028e-02	3.735744e-02	1.508600e-02	2.461380e+00
0.020736	-5.451589e-02	3.762422e-02	1.552109e-02	2.550788e+00
0.021316	-5.838175e-02	3.780238e-02	1.607270e-02	2.647310e+00
0.021904	-6.226614e-02	3.798104e-02	1.658566e-02	2.746013e+00
0.022500	-6.610477e-02	3.815863e-02	1.705529e-02	2.843874e+00
0.023104	-7.005813e-02	3.827403e-02	1.760184e-02	2.948409e+00
0.023716	-7.408075e-02	3.836421e-02	1.815581e-02	3.057128e+00
0.024336	-7.803164e-02	3.844270e-02	1.867253e-02	3.163033e+00
0.024964	-8.205334e-02	3.848167e-02	1.923105e-02	3.273709e+00
0.025600	-8.619378e-02	3.849261e-02	1.981538e-02	3.391159e+00
0.026244	-9.026800e-02	3.847206e-02	2.038396e-02	3.505396e+00
0.026896	-9.435014e-02	3.841830e-02	2.097056e-02	3.620911e+00
0.027556	-9.858061e-02	3.835069e-02	2.157590e-02	3.744943e+00
0.028224	-1.027838e-01	3.823932e-02	2.218754e-02	3.867548e+00
0.028900	-1.069311e-01	3.808189e-02	2.281690e-02	3.987744e+00
0.029584	-1.112228e-01	3.792754e-02	2.344812e-02	4.116347e+00
0.030276	-1.155500e-01	3.773490e-02	2.409258e-02	4.246884e+00
0.030976	-1.197771e-01	3.747172e-02	2.477104e-02	4.372404e+00
0.031684	-1.241072e-01	3.721688e-02	2.543982e-02	4.504021e+00
0.032400	-1.285409e-01	3.694794e-02	2.610965e-02	4.641286e+00
0.033124	-1.328658e-01	3.658620e-02	2.683428e-02	4.773101e+00
0.033856	-1.372237e-01	3.621757e-02	2.755480e-02	4.907111e+00
0.034596	-1.417361e-01	3.586902e-02	2.825066e-02	5.049376e+00
0.035344	-1.461725e-01	3.542159e-02	2.901194e-02	5.188183e+00
0.036100	-1.505622e-01	3.493187e-02	2.979459e-02	5.324989e+00
0.036864	-1.551213e-01	3.449182e-02	3.052627e-02	5.470465e+00
0.037636	-1.596718e-01	3.397166e-02	3.131337e-02	5.616249e+00
0.038416	-1.641103e-01	3.336343e-02	3.216040e-02	5.757037e+00
0.039204	-1.686883e-01	3.281494e-02	3.294424e-02	5.904441e+00
0.040000	-1.733406e-01	3.222907e-02	3.375092e-02	6.056322e+00
0.040804	-1.778515e-01	3.151485e-02	3.465536e-02	6.202526e+00
0.041616	-1.824323e-01	3.084164e-02	3.550906e-02	6.351503e+00
0.042436	-1.871603e-01	3.018714e-02	3.633809e-02	6.507975e+00
0.043264	-1.917654e-01	2.938609e-02	3.728621e-02	6.660687e+00
0.044100	-1.963493e-01	2.857886e-02	3.822283e-02	6.811926e+00
0.044944	-2.011189e-01	2.784239e-02	3.908726e-02	6.971358e+00
0.045796	-2.058293e-01	2.697408e-02	4.006386e-02	7.130848e+00
0.046656	-2.104326e-01	2.603489e-02	4.108710e-02	7.285819e+00
0.047524	-2.152106e-01	2.519585e-02	4.200793e-02	7.447063e+00
0.048400	-2.200214e-01	2.427360e-02	4.300267e-02	7.612650e+00
0.049284	-2.246713e-01	2.321693e-02	4.410518e-02	7.773076e+00
0.050176	-2.294347e-01	2.225384e-02	4.510613e-02	7.935933e+00
0.051076	-2.343236e-01	2.127946e-02	4.611867e-02	8.106204e+00
0.051984	-2.390488e-01	2.012907e-02	4.728404e-02	8.273400e+00
0.052900	-2.437916e-01	1.902675e-02	4.838486e-02	8.438758e+00
0.053824	-2.487244e-01	1.798877e-02	4.942729e-02	8.612133e+00
0.054756	-2.535452e-01	1.677139e-02	5.063525e-02	8.786529e+00
0.055696	-2.582802e-01	1.552701e-02	5.184589e-02	8.956112e+00
0.056644	-2.632189e-01	1.440325e-02	5.294126e-02	9.131487e+00
0.057600	-2.681393e-01	1.314066e-02	5.417468e-02	9.312432e+00
0.058564	-2.728944e-01	1.176631e-02	5.549208e-02	9.488219e+00
0.059536	-2.778085e-01	1.053010e-02	5.666945e-02	9.665505e+00
0.060516	-2.828126e-01	9.232162e-03	5.792096e-02	9.851537e+00
0.061504	-2.876220e-01	7.753067e-03	5.932967e-02	1.003507e+01
0.062500	-2.924973e-01	6.381668e-03	6.061694e-02	1.021538e+01
0.063504	-2.975527e-01	5.042543e-03	6.189310e-02	1.040478e+01
0.064516	-3.024454e-01	3.490905e-03	6.336983e-02	1.059660e+01
0.065536	-3.072886e-01	1.973319e-03	6.478640e-02	1.078197e+01
0.066564	-3.123543e-01	5.723891e-04	6.610810e-02	1.097356e+01
0.067600	-3.173445e-01	-1.021308e-03	6.762893e-02	1.117297e+01
0.068644	-3.221813e-01	-2.679358e-03	6.918041e-02	1.136579e+01
0.069696	-3.272196e-01	-4.171915e-03	7.057905e-02	1.155949e+01
0.070756	-3.322998e-01	-5.787773e-03	7.212748e-02	1.176480e+01
0.071824	-3.371674e-01	-7.563688e-03	7.380408e-02	1.196697e+01
0.072900	-3.421548e-01	-9.178038e-03	7.531457e-02	1.216410e+01
0.073984	-3.472971e-01	-1.081300e-02	7.688788e-02	1.237330e+01
0.075076	-3.522326e-01	-1.267218e-02	7.866731e-02	1.258559e+01
0.076176	-3.571672e-01	-1.442913e-02	8.031953e-02	1.278864e+01
0.077284	-3.623299e-01	-1.609852e-02	8.193177e-02	1.300019e+01
0.078400	-3.673575e-01	-1.800328e-02	8.378581e-02	1.322190e+01
0.079524	-3.722602e-01	-1.990677e-02	8.559715e-02	1.343383e+01
0.080656	-3.773994e-01	-2.164039e-02	8.727749e-02	1.364750e+01
0.081796	-3.825222e-01	-2.356030e-02	8.918077e-02	1.387668e+01
0.082944	-3.874305e-01	-2.559440e-02	9.115177e-02	1.410004e+01
0.084100	-3.925132e-01	-2.742794e-02	9.293862e-02	1.431724e+01
0.085264	-3.977104e-01	-2.934876e-02	9.487709e-02	1.455135e+01
0.086436	-4.026670e-01	-3.148046e-02	9.699160e-02	1.478742e+01
0.087616	-4.076811e-01	-3.344461e-02	9.892393e-02	1.501108e+01
0.088804	-4.129129e-01	-3.537283e-02	1.009007e-01	1.524802e+01
0.090000	-4.179524e-01	-3.756008e-02	1.031307e-01	1.549632e+01
0.091204	-4.229109e-01	-3.967042e-02	1.052388e-01	1.573018e+01
0.092416	-4.281294e-01	-4.163193e-02	1.072755e-01	1.596920e+01
0.093636	-4.332663e-01	-4.383488e-02	1.095896e-01	1.622758e+01
0.094864	-4.382040e-01	-4.608572e-02	1.118878e-01	1.647515e+01
0.096100	-4.433671e-01	-4.811860e-02	1.140213e-01	1.671750e+01
0.097344	-4.485903e-01	-5.031079e-02	1.163942e-01	1.698287e+01
0.098596	-4.535534e-01	-5.267494e-02	1.188777e-01	1.724632e+01
0.099856	-4.586378e-01	-5.481818e-02	1.211522e-01	1.749523e+01
0.101124	-4.639123e-01	-5.699440e-02	1.235738e-01	1.776464e+01
0.102400	-4.689442e-01	-5.942934e-02	1.262205e-01	1.804410e+01
0.103684	-4.739526e-01	-6.171073e-02	1.286777e-01	1.830411e+01
0.104976	-4.792292e-01	-6.388901e-02	1.311573e-01	1.857595e+01
0.106276	-4.843564e-01	-6.634792e-02	1.339348e-01	1.886942e+01
0.107584	-4.893178e-01	-6.877456e-02	1.366041e-01	1.914521e+01
0.108900	-4.945468e-01	-7.099135e-02	1.391710e-01	1.942014e+01
0.110224	-4.997700e-01	-7.343599e-02	1.420459e-01	1.972407e+01
0.111556	-5.047308e-01	-7.599049e-02	1.449380e-01	2.001915e+01
0.112896	-5.098773e-01	-7.829020e-02	1.476357e-01	2.030031e+01
0.114244	-5.151695e-01	-8.070187e-02	1.505843e-01	2.061080e+01
0.115600	-5.201801e-01	-8.334564e-02	1.536893e-01	2.092646e+01
0.116964	-5.252350e-01	-8.576722e-02	1.565667e-01	2.121898e+01
0.118336	-5.305484e-01	-8.815257e-02	1.595831e-01	2.153322e+01
0.119716	-5.356470e-01	-9.083544e-02	1.628737e-01	2.186810e+01
0.121104	-5.406300e-01	-9.340007e-02	1.659740e-01	2.217788e+01
0.122500	-5.459099e-01	-9.578959e-02	1.690742e-01	2.249539e+01
0.123904	-5.511103e-01	-9.846342e-02	1.725144e-01	2.284587e+01
0.125316	-5.560651e-01	-1.011668e-01	1.758656e-01	2.317808e+01
0.126736	-5.612657e-01	-1.036063e-01	1.790856e-01	2.350135e+01
0.128164	-5.665516e-01	-1.062385e-01	1.826411e-01	2.386269e+01
0.129600	-5.715326e-01	-1.090503e-01	1.862500e-01	2.422032e+01
0.131044	-5.766315e-01	-1.115876e-01	1.896392e-01	2.455454e+01
0.132496	-5.819604e-01	-1.141707e-01	1.932883e-01	2.492254e+01
0.133956	-5.870163e-01	-1.170419e-01	1.971400e-01	2.530553e+01
0.135424	-5.920217e-01	-1.197119e-01	2.007507e-01	2.565758e+01
0.136900	-5.973363e-01	-1.222663e-01	2.044921e-01	2.603010e+01
0.138384	-6.024946e-01	-1.251420e-01	2.085550e-01	2.643539e+01
0.139876	-6.074436e-01	-1.279556e-01	2.124310e-01	2.681211e+01
0.141376	-6.126891e-01	-1.305240e-01	2.162865e-01	2.719026e+01
0.142884	-6.179466e-01	-1.333588e-01	2.205215e-01	2.761270e+01
0.144400	-6.228946e-01	-1.362981e-01	2.246889e-01	2.801916e+01
0.145924	-6.280352e-01	-1.389333e-01	2.287002e-01	2.840742e+01
0.147456	-6.333577e-01	-1.417041e-01	2.330727e-01	2.884146e+01
0.148996	-6.383616e-01	-1.447258e-01	2.375344e-01	2.927957e+01
0.150544	-6.433916e-01	-1.474750e-01	2.417554e-01	2.968508e+01
0.152100	-6.487233e-01	-1.501887e-01	2.462455e-01	3.012662e+01
0.153664	-6.538241e-01	-1.532353e-01	2.509821e-01	3.059466e+01
0.155236	-6.587708e-01	-1.561253e-01	2.554674e-01	3.102556e+01
0.156816	-6.640503e-01	-1.588166e-01	2.600774e-01	3.147355e+01
0.158404	-6.692593e-01	-1.618325e-01	2.650530e-01	3.196667e+01
0.160000	-6.741752e-01	-1.648607e-01	2.698462e-01	3.243012e+01
0.161604	-6.793539e-01	-1.675830e-01	2.746022e-01	3.288734e+01
0.163216	-6.846488e-01	-1.705297e-01	2.797751e-01	3.339905e+01
0.164836	-6.895962e-01	-1.736633e-01	2.848998e-01	3.389935e+01
0.166464	-6.946534e-01	-1.764726e-01	2.898476e-01	3.437213e+01
0.168100	-6.999833e-01	-1.793406e-01	2.951821e-01	3.489632e+01
0.169744	-7.050151e-01	-1.825246e-01	3.006373e-01	3.543380e+01
0.171396	-7.099652e-01	-1.854631e-01	3.058335e-01	3.593065e+01
0.173056	-7.152655e-01	-1.882750e-01	3.113103e-01	3.646359e+01
0.174724	-7.204088e-01	-1.914470e-01	3.170719e-01	3.703457e+01
0.176400	-7.252974e-01	-1.945294e-01	3.225718e-01	3.756414e+01
0.178084	-7.305085e-01	-1.973339e-01	3.281948e-01	3.810586e+01
0.179776	-7.357553e-01	-2.004415e-01	3.342227e-01	3.870365e+01
0.181476	-7.406463e-01	-2.036495e-01	3.400687e-01	3.927253e+01
0.183184	-7.457323e-01	-2.065074e-01	3.458659e-01	3.982717e+01
0.184900	-7.510406e-01	-2.095239e-01	3.521145e-01	4.044404e+01
0.186624	-7.559968e-01	-2.128099e-01	3.583270e-01	4.105502e+01
0.188356	-7.609566e-01	-2.157762e-01	3.643456e-01	4.163000e+01
0.190096	-7.662623e-01	-2.187083e-01	3.707766e-01	4.225933e+01
0.191844	-7.713261e-01	-2.220080e-01	3.773501e-01	4.291062e+01
0.193600	-7.761948e-01	-2.251152e-01	3.836467e-01	4.351483e+01
0.195364	-7.814303e-01	-2.280019e-01	3.902387e-01	4.415310e+01
0.197136	-7.866100e-01	-2.312521e-01	3.971439e-01	4.483872e+01
0.198916	-7.914489e-01	-2.344995e-01	4.037725e-01	4.548018e+01
0.200704	-7.965636e-01	-2.374011e-01	4.105277e-01	4.612796e+01
0.202500	-8.018299e-01	-2.405582e-01	4.177187e-01	4.683927e+01
0.204304	-8.067084e-01	-2.439103e-01	4.247189e-01	4.752294e+01
0.206116	-8.116843e-01	-2.468912e-01	4.316633e-01	4.818479e+01
0.207936	-8.169779e-01	-2.499435e-01	4.390890e-01	4.891266e+01
0.209764	-8.219524e-01	-2.533398e-01	4.464767e-01	4.963894e+01
0.211600	-8.268106e-01	-2.564489e-01	4.536551e-01	5.032213e+01
0.213444	-8.320593e-01	-2.594211e-01	4.612710e-01	5.105915e+01
0.215296	-8.371556e-01	-2.627917e-01	4.690351e-01	5.182352e+01
0.217156	-8.419503e-01	-2.660475e-01	4.765010e-01	5.253588e+01
0.219024	-8.470908e-01	-2.689942e-01	4.842798e-01	5.327806e+01
0.220900	-8.522952e-01	-2.722804e-01	4.923842e-01	5.407195e+01
0.222784	-8.570986e-01	-2.756641e-01	5.001875e-01	5.481948e+01
0.224676	-8.620955e-01	-2.786538e-01	5.081249e-01	5.556694e+01
0.226576	-8.673578e-01	-2.818248e-01	5.165160e-01	5.637951e+01
0.228484	-8.722378e-01	-2.852846e-01	5.246911e-01	5.716438e+01
0.230400	-8.770954e-01	-2.883800e-01	5.328065e-01	5.792076e+01
0.232324	-8.823433e-01	-2.914427e-01	5.414242e-01	5.874121e+01
0.234256	-8.873430e-01	-2.949077e-01	5.499812e-01	5.956067e+01
0.236196	-8.921043e-01	-2.981466e-01	5.583125e-01	6.033155e+01
0.238144	-8.972646e-01	-3.011441e-01	5.671026e-01	6.115122e+01
0.240100	-9.023882e-01	-3.045439e-01	5.760232e-01	6.199767e+01
0.242064	-9.071234e-01	-3.079271e-01	5.846171e-01	6.278835e+01
0.244036	-9.121440e-01	-3.109266e-01	5.935413e-01	6.360209e+01
0.246016	-9.173549e-01	-3.142122e-01	6.027811e-01	6.446430e+01
0.248004	-9.221400e-01	-3.177022e-01	6.116806e-01	6.527764e+01
0.250000	-9.270064e-01	-3.207758e-01	6.207237e-01	6.608410e+01
0.252004	-9.322366e-01	-3.239336e-01	6.302191e-01	6.694923e+01
0.254016	-9.371306e-01	-3.274638e-01	6.394521e-01	6.778398e+01
0.256036	-9.418710e-01	-3.306671e-01	6.486222e-01	6.858479e+01
0.258064	-9.470414e-01	-3.337241e-01	6.583018e-01	6.944061e+01
0.260100	-9.520680e-01	-3.372177e-01	6.678716e-01	7.029085e+01
0.262144	-9.567455e-01	-3.405727e-01	6.771963e-01	7.108896e+01
0.264196	-9.617893e-01	-3.435887e-01	6.869927e-01	7.192569e+01
0.266256	-9.669286e-01	-3.469805e-01	6.968739e-01	7.278132e+01
0.268324	-9.716230e-01	-3.504681e-01	7.063908e-01	7.357896e+01
0.270400	-9.765063e-01	-3.535194e-01	7.162522e-01	7.439037e+01
0.272484	-9.816997e-01	-3.567749e-01	7.263920e-01	7.523861e+01
0.274576	-9.864836e-01	-3.603390e-01	7.361369e-01	7.603554e+01
0.276676	-9.912162e-01	-3.634956e-01	7.460339e-01	7.681889e+01
0.278784	-9.963833e-01	-3.666216e-01	7.563591e-01	7.764629e+01
0.280900	-1.001300e+00	-3.701847e-01	7.663541e-01	7.843868e+01
0.283024	-1.005933e+00	-3.734895e-01	7.762825e-01	7.919385e+01
0.285156	-1.010996e+00	-3.765331e-01	7.867103e-01	7.998831e+01
0.287296	-1.016044e+00	-3.800179e-01	7.969543e-01	8.076863e+01
0.289444	-1.020657e+00	-3.834734e-01	8.069311e-01	8.149655e+01
0.291600	-1.025562e+00	-3.865084e-01	8.173819e-01	8.224883e+01
0.293764	-1.030698e+00	-3.898605e-01	8.278455e-01	8.300671e+01
0.295936	-1.035373e+00	-3.934266e-01	8.379010e-01	8.370773e+01
0.298116	-1.040110e+00	-3.965328e-01	8.483100e-01	8.441211e+01
0.300304	-1.045257e+00	-3.997367e-01	8.589363e-01	8.513587e+01
0.302500	-1.050054e+00	-4.033415e-01	8.691026e-01	8.580846e+01
0.304704	-1.054659e+00	-4.065808e-01	8.794287e-01	8.646252e+01
0.306916	-1.059732e+00	-4.096653e-01	8.901391e-01	8.714097e+01
0.309136	-1.064673e+00	-4.132249e-01	9.004378e-01	8.778114e+01
0.311364	-1.069217e+00	-4.166229e-01	9.106674e-01	8.838480e+01
0.313600	-1.074145e+00	-4.196532e-01	9.213726e-01	8.900880e+01
0.315844	-1.079203e+00	-4.230960e-01	9.318045e-01	8.961032e+01
0.318096	-1.083774e+00	-4.266331e-01	9.419490e-01	9.016451e+01
0.320356	-1.088526e+00	-4.296928e-01	9.525620e-01	9.072797e+01
0.322624	-1.093634e+00	-4.329804e-01	9.631010e-01	9.128334e+01
0.324900	-1.098308e+00	-4.365965e-01	9.731895e-01	9.178873e+01
0.327184	-1.102900e+00	-4.397628e-01	9.836384e-01	9.228882e+01
0.329476	-1.107970e+00	-4.429020e-01	9.942309e-01	9.279053e+01
0.331776	-1.112790e+00	-4.465130e-01	1.004299e+00	9.324673e+01
0.334084	-1.117281e+00	-4.498341e-01	1.014537e+00	9.368337e+01
0.336400	-1.122230e+00	-4.528753e-01	1.025107e+00	9.412523e+01
0.338724	-1.127190e+00	-4.563972e-01	1.035183e+00	9.453053e+01
0.341056	-1.131668e+00	-4.598770e-01	1.045194e+00	9.490545e+01
0.343396	-1.136443e+00	-4.629007e-01	1.055652e+00	9.528351e+01
0.345744	-1.141490e+00	-4.662735e-01	1.065749e+00	9.563529e+01
0.348100	-1.146042e+00	-4.698698e-01	1.075546e+00	9.595089e+01
0.350464	-1.150637e+00	-4.729633e-01	1.085805e+00	9.626381e+01
0.352836	-1.155687e+00	-4.761693e-01	1.095906e+00	9.655929e+01
0.355216	-1.160376e+00	-4.798046e-01	1.105524e+00	9.681786e+01
0.357604	-1.164833e+00	-4.830362e-01	1.115513e+00	9.706663e+01
0.360000	-1.169795e+00	-4.861059e-01	1.125575e+00	9.730377e+01
0.362404	-1.174639e+00	-4.896894e-01	1.135061e+00	9.750698e+01
0.364816	-1.179038e+00	-4.930881e-01	1.144732e+00	9.769428e+01
0.367236	-1.183839e+00	-4.960919e-01	1.154689e+00	9.787247e+01
0.369664	-1.188804e+00	-4.995456e-01	1.164084e+00	9.802144e+01
0.372100	-1.193241e+00	-5.030916e-01	1.173426e+00	9.815074e+01
0.374544	-1.197851e+00	-5.061201e-01	1.183194e+00	9.827109e+01
0.376996	-1.202862e+00	-5.094017e-01	1.192527e+00	9.836682e+01
0.379456	-1.207417e+00	-5.130310e-01	1.201558e+00	9.844164e+01
0.381924	-1.211858e+00	-5.161686e-01	1.211054e+00	9.850679e+01
0.384400	-1.216819e+00	-5.192842e-01	1.220324e+00	9.855071e+01
0.386884	-1.221533e+00	-5.229064e-01	1.229092e+00	9.857422e+01
0.389376	-1.225873e+00	-5.262064e-01	1.238247e+00	9.858779e+01
0.391876	-1.230698e+00	-5.292099e-01	1.247424e+00	9.858222e+01
0.394384	-1.235559e+00	-5.327339e-01	1.255988e+00	9.855721e+01
0.396900	-1.239894e+00	-5.362022e-01	1.264760e+00	9.852314e+01
0.399424	-1.244528e+00	-5.391803e-01	1.273787e+00	9.847144e+01
0.401956	-1.249478e+00	-5.425406e-01	1.282206e+00	9.840060e+01
0.404496	-1.253900e+00	-5.461328e-01	1.290588e+00	9.832256e+01
0.407044	-1.258343e+00	-5.491800e-01	1.299389e+00	9.822890e+01
0.409600	-1.263287e+00	-5.523566e-01	1.307706e+00	9.811532e+01
0.412164	-1.267861e+00	-5.559900e-01	1.315726e+00	9.799639e+01
0.414736	-1.272162e+00	-5.591812e-01	1.324222e+00	9.786527e+01
0.417316	-1.277003e+00	-5.622056e-01	1.332451e+00	9.771274e+01
0.419904	-1.281743e+00	-5.657826e-01	1.340166e+00	9.755551e+01
0.422500	-1.285991e+00	-5.691505e-01	1.348292e+00	9.739111e+01
0.425104	-1.290656e+00	-5.720981e-01	1.356414e+00	9.720424e+01
0.427716	-1.295521e+00	-5.755341e-01	1.363898e+00	9.701117e+01
0.430336	-1.299818e+00	-5.790588e-01	1.371615e+00	9.681686e+01
0.432964	-1.304278e+00	-5.820270e-01	1.379579e+00	9.660079e+01
0.435600	-1.309185e+00	-5.852753e-01	1.386905e+00	9.637472e+01
0.438244	-1.313614e+00	-5.888894e-01	1.394210e+00	9.615285e+01
0.440896	-1.317897e+00	-5.919698e-01	1.401945e+00	9.591273e+01
0.443556	-1.322743e+00	-5.950357e-01	1.409167e+00	9.565732e+01
0.446224	-1.327345e+00	-5.986425e-01	1.416097e+00	9.540937e+01
0.448900	-1.331528e+00	-6.018938e-01	1.423526e+00	9.514968e+01
0.451584	-1.336222e+00	-6.048342e-01	1.430669e+00	9.486950e+01
0.454276	-1.340979e+00	-6.083355e-01	1.437290e+00	9.459660e+01
0.456976	-1.345165e+00	-6.117656e-01	1.444347e+00	9.432059e+01
0.459684	-1.349654e+00	-6.146730e-01	1.451398e+00	9.402095e+01
0.462400	-1.354499e+00	-6.179978e-01	1.457794e+00	9.372453e+01
0.465124	-1.358787e+00	-6.215607e-01	1.464443e+00	9.343396e+01
0.467856	-1.363072e+00	-6.245370e-01	1.471354e+00	9.312029e+01
0.470596	-1.367905e+00	-6.276620e-01	1.477608e+00	9.280266e+01
0.473344	-1.372358e+00	-6.312702e-01	1.483851e+00	9.249798e+01
0.476100	-1.376499e+00	-6.343967e-01	1.490550e+00	9.217507e+01
0.478864	-1.381216e+00	-6.373544e-01	1.496725e+00	9.183974e+01
0.481636	-1.385846e+00	-6.409035e-01	1.502604e+00	9.152063e+01
0.484416	-1.389939e+00	-6.442170e-01	1.509011e+00	9.119197e+01
0.487204	-1.394463e+00	-6.470872e-01	1.515136e+00	9.084354e+01
0.490000	-1.399223e+00	-6.504857e-01	1.520726e+00	9.050969e+01
0.492804	-1.403377e+00	-6.539670e-01	1.526776e+00	9.017701e+01
0.495616	-1.407683e+00	-6.568537e-01	1.532839e+00	8.982065e+01
0.498436	-1.412481e+00	-6.600502e-01	1.538231e+00	8.947254e+01
0.501264	-1.416781e+00	-6.636284e-01	1.543889e+00	8.913587e+01
0.504100	-1.420904e+00	-6.666306e-01	1.549839e+00	8.877654e+01
0.506944	-1.425631e+00	-6.696290e-01	1.555124e+00	8.841597e+01
0.509796	-1.430116e+00	-6.732016e-01	1.560395e+00	8.807407e+01
0.512656	-1.434140e+00	-6.763836e-01	1.566156e+00	8.771568e+01
0.515524	-1.438699e+00	-6.792432e-01	-1.570193e+00	8.734589e+01
0.518400	-1.443349e+00	-6.827049e-01	-1.565262e+00	8.699707e+01
0.521284	-1.447384e+00	-6.860773e-01	-1.559770e+00	8.664181e+01
0.524176	-1.451724e+00	-6.888962e-01	-1.554540e+00	8.626717e+01
0.527076	-1.456463e+00	-6.921697e-01	-1.549866e+00	8.591019e+01
0.529984	-1.460612e+00	-6.956853e-01	-1.544712e+00	8.555835e+01
0.532900	-1.464739e+00	-6.985726e-01	-1.539510e+00	8.518358e+01
0.535824	-1.469458e+00	-7.016313e-01	-1.534995e+00	8.481842e+01
0.538756	-1.473788e+00	-7.051980e-01	-1.530214e+00	8.446861e+01
0.541696	-1.477767e+00	-7.082419e-01	-1.525096e+00	8.409792e+01
0.544644	-1.482357e+00	-7.111185e-01	-1.520647e+00	8.372613e+01
0.547600	-1.486874e+00	-7.146250e-01	-1.516229e+00	8.337600e+01
0.550564	-1.490811e+00	-7.178668e-01	-1.511277e+00	8.301223e+01
0.553536	-1.495193e+00	-7.206450e-01	-1.506827e+00	8.263691e+01
0.556516	-1.499845e+00	-7.239929e-01	-1.502717e+00	8.228403e+01
0.559504	-1.503853e+00	-7.274145e-01	-1.498017e+00	8.192819e+01
0.562500	-1.508005e+00	-7.302049e-01	-1.493542e+00	8.155336e+01
0.565504	-1.512693e+00	-7.333376e-01	-1.489652e+00	8.119616e+01
0.568516	-1.516862e+00	-7.368654e-01	-1.485273e+00	8.084737e+01
0.571536	-1.520823e+00	-7.397740e-01	-1.480795e+00	8.047720e+01
0.574564	-1.525430e+00	-7.426935e-01	-1.477021e+00	8.011557e+01
0.577600	-1.529797e+00	-7.462191e-01	-1.472995e+00	7.977155e+01
0.580644	-1.533661e+00	-7.493166e-01	-1.468578e+00	7.940939e+01
0.583696	-1.538086e+00	-7.520838e-01	-1.464825e+00	7.904491e+01
0.586756	-1.542626e+00	-7.554950e-01	-1.461137e+00	7.870275e+01
0.589824	-1.546509e+00	-7.587951e-01	-1.456869e+00	7.835043e+01
0.592900	-1.550701e+00	-7.615134e-01	-1.453075e+00	7.798607e+01
0.595984	-1.555331e+00	-7.647261e-01	-1.449662e+00	7.764320e+01
0.599076	-1.559342e+00	-7.681812e-01	-1.445634e+00	7.730073e+01
0.602176	-1.563311e+00	-7.709668e-01	-1.441779e+00	7.694016e+01
0.605284	-1.567915e+00	-7.739504e-01	-1.438546e+00	7.659512e+01
0.608400	1.569472e+00	-7.774641e-01	-1.434828e+00	7.626085e+01
0.611524	1.565654e+00	-7.804124e-01	-1.430945e+00	7.590756e+01
0.614656	1.561192e+00	-7.831991e-01	-1.427784e+00	7.556046e+01
0.617796	1.556787e+00	-7.866536e-01	-1.424401e+00	7.523167e+01
0.620944	1.553007e+00	-7.898110e-01	-1.420564e+00	7.488815e+01
0.624100	1.548766e+00	-7.924877e-01	-1.417381e+00	7.454068e+01
0.627264	1.544221e+00	-7.957774e-01	-1.414311e+00	7.421442e+01
0.630436	1.540359e+00	-7.991275e-01	-1.410614e+00	7.388160e+01
0.633616	1.536360e+00	-8.018111e-01	-1.407351e+00	7.353658e+01
0.636804	1.531783e+00	-8.048734e-01	-1.404522e+00	7.321053e+01
0.640000	1.527746e+00	-8.083406e-01	-1.401062e+00	7.288770e+01
0.643204	1.523944e+00	-8.111448e-01	-1.397709e+00	7.254832e+01
0.646416	1.519457e+00	-8.139788e-01	-1.395020e+00	7.222140e+01
0.649636	1.515208e+00	-8.174493e-01	-1.391861e+00	7.190649e+01
0.652864	1.511503e+00	-8.204512e-01	-1.388462e+00	7.157555e+01
0.656100	1.507211e+00	-8.231192e-01	-1.385801e+00	7.124817e+01
0.659344	1.502780e+00	-8.264734e-01	-1.382964e+00	7.093843e+01
0.662596	1.499049e+00	-8.296907e-01	-1.379604e+00	7.061759e+01
0.665856	1.495003e+00	-8.323007e-01	-1.376879e+00	7.029152e+01
0.669124	1.490481e+00	-8.354476e-01	-1.374330e+00	6.998430e+01
0.672400	1.486609e+00	-8.388330e-01	-1.371112e+00	6.967378e+01
0.675684	1.482795e+00	-8.415082e-01	-1.368273e+00	6.935159e+01
0.678976	1.478305e+00	-8.444123e-01	-1.365930e+00	6.904503e+01
0.682276	1.474224e+00	-8.478657e-01	-1.362949e+00	6.874366e+01
0.685584	1.470565e+00	-8.507088e-01	-1.359999e+00	6.842799e+01
0.688900	1.466227e+00	-8.534011e-01	-1.357755e+00	6.812148e+01
0.692224	1.461935e+00	-8.567982e-01	-1.355072e+00	6.782710e+01
0.695556	1.458310e+00	-8.598619e-01	-1.352067e+00	6.752001e+01
0.698896	1.454207e+00	-8.624317e-01	-1.349808e+00	6.721424e+01
0.702244	1.449770e+00	-8.656594e-01	-1.347434e+00	6.692436e+01
0.705600	1.446053e+00	-8.689297e-01	-1.344469e+00	6.662682e+01
0.708964	1.442204e+00	-8.715000e-01	-1.342108e+00	6.632350e+01
0.712336	1.437735e+00	-8.744892e-01	-1.339997e+00	6.603595e+01
0.715716	1.433829e+00	-8.778890e-01	-1.337182e+00	6.574766e+01
0.719104	1.430184e+00	-8.805811e-01	-1.334678e+00	6.544899e+01
0.722500	1.425814e+00	-8.833273e-01	-1.332739e+00	6.516247e+01
0.725904	1.421683e+00	-8.867379e-01	-1.330167e+00	6.488207e+01
0.729316	1.418135e+00	-8.896360e-01	-1.327538e+00	6.459009e+01
0.732736	1.413972e+00	-8.922017e-01	-1.325655e+00	6.430439e+01
0.736164	1.409650e+00	-8.954961e-01	-1.323380e+00	6.402990e+01
0.739600	1.406068e+00	-8.986230e-01	-1.320696e+00	6.374599e+01
0.743044	1.402164e+00	-9.011203e-01	-1.318756e+00	6.346195e+01
0.746496	1.397748e+00	-9.042000e-01	-1.316778e+00	6.319130e+01
0.749956	1.394014e+00	-9.075092e-01	-1.314143e+00	6.291588e+01
0.753424	1.390353e+00	-9.100682e-01	-1.312067e+00	6.263501e+01
0.756900	1.385973e+00	-9.128921e-01	-1.310325e+00	6.236661e+01
0.760384	1.382016e+00	-9.162806e-01	-1.307854e+00	6.209909e+01
0.763876	1.378513e+00	-9.190122e-01	-1.305613e+00	6.182311e+01
0.767376	1.374295e+00	-9.216089e-01	-1.304006e+00	6.155616e+01
0.770884	1.370116e+00	-9.249461e-01	-1.301788e+00	6.129523e+01
0.774400	1.366644e+00	-9.279092e-01	-1.299415e+00	6.102559e+01
0.777924	1.362674e+00	-9.303701e-01	-1.297822e+00	6.076016e+01
0.781456	1.358342e+00	-9.335352e-01	-1.295901e+00	6.050419e+01
0.784996	1.354768e+00	-9.367195e-01	-1.293481e+00	6.024169e+01
0.788544	1.351064e+00	-9.391729e-01	-1.291791e+00	5.997857e+01
0.792100	1.346702e+00	-9.420895e-01	-1.290152e+00	5.972603e+01
0.795664	1.342926e+00	-9.454174e-01	-1.287798e+00	5.947073e+01
0.799236	1.339433e+00	-9.479925e-01	-1.285941e+00	5.921112e+01
0.802816	1.335176e+00	-9.506514e-01	-1.284511e+00	5.896092e+01
0.806404	1.331162e+00	-9.539996e-01	-1.282337e+00	5.871219e+01
0.810000	1.327768e+00	-9.567884e-01	-1.280301e+00	5.845728e+01
0.813604	1.323729e+00	-9.592515e-01	-1.278967e+00	5.820901e+01
0.817216	1.319514e+00	-9.624858e-01	-1.277059e+00	5.796577e+01
0.820836	1.316080e+00	-9.655167e-01	-1.274891e+00	5.771647e+01
0.824464	1.312313e+00	-9.678995e-01	-1.273528e+00	5.747030e+01
0.828100	1.308000e+00	-9.709134e-01	-1.271917e+00	5.723135e+01
0.831744	1.304402e+00	-9.741420e-01	-1.269716e+00	5.698807e+01
0.835396	1.300888e+00	-9.765817e-01	-1.268219e+00	5.674459e+01
0.839056	1.296614e+00	-9.793272e-01	-1.266873e+00	5.650893e+01
0.842724	1.292780e+00	-9.826484e-01	-1.264761e+00	5.627156e+01
0.846400	1.289429e+00	-9.852637e-01	-1.263071e+00	5.603155e+01
0.850084	1.285327e+00	-9.877663e-01	-1.261902e+00	5.579853e+01
0.853776	1.281258e+00	-9.910435e-01	-1.259993e+00	5.556656e+01
0.857476	1.277936e+00	-9.939011e-01	-1.258115e+00	5.533074e+01
0.861184	1.274094e+00	-9.962532e-01	-1.257001e+00	5.510011e+01
0.864900	1.269865e+00	-9.993573e-01	-1.255369e+00	5.487285e+01
0.868624	1.266433e+00	-1.002451e+00	-1.253369e+00	5.464168e+01
0.872356	1.262868e+00	-1.004786e+00	-1.252184e+00	5.441354e+01
0.876096	1.258608e+00	-1.007633e+00	-1.250846e+00	5.419027e+01
0.879844	1.254961e+00	-1.010886e+00	-1.248834e+00	5.396394e+01
0.883600	1.251616e+00	-1.013341e+00	-1.247481e+00	5.373858e+01
0.887364	1.247467e+00	-1.015916e+00	-1.246387e+00	5.351871e+01
0.891136	1.243568e+00	-1.019201e+00	-1.244491e+00	5.329716e+01
0.894916	1.240324e+00	-1.021876e+00	-1.242925e+00	5.307491e+01
0.898704	1.236402e+00	-1.024239e+00	-1.241974e+00	5.285805e+01
0.902500	1.232293e+00	-1.027415e+00	-1.240303e+00	5.264107e+01
0.906304	1.229004e+00	-1.030345e+00	-1.238548e+00	5.242221e+01
0.910116	1.225367e+00	-1.032614e+00	-1.237610e+00	5.220813e+01
0.913936	1.221155e+00	-1.035566e+00	-1.236227e+00	5.199543e+01
0.917764	1.217691e+00	-1.038711e+00	-1.234366e+00	5.178019e+01
0.921600	1.214318e+00	-1.041029e+00	-1.233315e+00	5.156874e+01
0.925444	1.210146e+00	-1.043700e+00	-1.232219e+00	5.136003e+01
0.929296	1.206434e+00	-1.046953e+00	-1.230374e+00	5.114857e+01
0.933156	1.203229e+00	-1.049449e+00	-1.229124e+00	5.093966e+01
0.937024	1.199237e+00	-1.051861e+00	-1.228248e+00	5.073465e+01
0.940900	1.195277e+00	-1.055080e+00	-1.226548e+00	5.052712e+01
0.944784	1.192101e+00	-1.057828e+00	-1.225073e+00	5.032068e+01
0.948676	1.188380e+00	-1.060073e+00	-1.224301e+00	5.011904e+01
0.952576	1.184252e+00	-1.063120e+00	-1.222850e+00	4.991559e+01
0.956484	1.180958e+00	-1.066120e+00	-1.221191e+00	4.971163e+01
0.960400	1.177527e+00	-1.068337e+00	-1.220388e+00	4.951296e+01
0.964324	1.173364e+00	-1.071119e+00	-1.219233e+00	4.931372e+01
0.968256	1.169844e+00	-1.074296e+00	-1.217490e+00	4.911238e+01
0.972196	1.166642e+00	-1.076629e+00	-1.216536e+00	4.891621e+01
0.976144	1.162594e+00	-1.079124e+00	-1.215656e+00	4.872118e+01
0.980100	1.158809e+00	-1.082346e+00	-1.213962e+00	4.852278e+01
0.984064	1.155710e+00	-1.084905e+00	-1.212783e+00	4.832863e+01
0.988036	1.151901e+00	-1.087171e+00	-1.212093e+00	4.813765e+01
0.992016	1.147894e+00	-1.090291e+00	-1.210577e+00	4.794267e+01
0.996004	1.144747e+00	-1.093118e+00	-1.209165e+00	4.775016e+01