
0.000004	3.979102e-03	-5.061366e-06	-2.359082e-07	2.487081e+01
0.000016	8.000272e-03	-1.690772e-05	-5.624632e-06	2.513431e+01
0.000036	1.194564e-02	2.312445e-05	-2.487711e-05	2.490521e+01
0.000064	1.565338e-02	1.626870e-04	-4.303372e-05	2.406233e+01
0.000100	1.910431e-02	3.597082e-04	-2.622231e-05	2.295386e+01
0.000144	2.235619e-02	5.658493e-04	2.092581e-05	2.184622e+01
0.000196	2.540094e-02	8.034259e-04	6.183081e-05	2.074171e+01
0.000256	2.822277e-02	1.084914e-03	1.002769e-04	1.963237e+01
0.000324	3.085238e-02	1.382850e-03	1.583251e-04	1.856700e+01
0.000400	3.328567e-02	1.708167e-03	2.161892e-04	1.753816e+01
0.000484	3.550435e-02	2.078176e-03	2.665555e-04	1.653024e+01
0.000576	3.754057e-02	2.462996e-03	3.380781e-04	1.557055e+01
0.000676	3.939850e-02	2.864728e-03	4.175480e-04	1.465702e+01
0.000784	4.104854e-02	3.313756e-03	4.813061e-04	1.376961e+01
0.000900	4.252104e-02	3.781062e-03	5.624276e-04	1.292535e+01
0.001024	4.383754e-02	4.250738e-03	6.648043e-04	1.213020e+01
0.001156	4.495818e-02	4.765029e-03	7.476026e-04	1.136401e+01
0.001296	4.590033e-02	5.307664e-03	8.354713e-04	1.063373e+01
0.001444	4.670739e-02	5.839786e-03	9.575551e-04	9.950786e+00
0.001600	4.733904e-02	6.404981e-03	1.065659e-03	9.299347e+00
0.001764	4.778807e-02	7.011953e-03	1.161022e-03	8.677498e+00
0.001936	4.811568e-02	7.602954e-03	1.296562e-03	8.097875e+00
0.002116	4.829644e-02	8.206837e-03	1.434016e-03	7.551305e+00
0.002304	4.829259e-02	8.863325e-03	1.541884e-03	7.030183e+00
0.002500	4.817001e-02	9.509346e-03	1.684218e-03	6.544600e+00
0.002704	4.793320e-02	1.014351e-02	1.850856e-03	6.091768e+00
0.002916	4.751795e-02	1.083227e-02	1.979264e-03	5.662289e+00
0.003136	4.697547e-02	1.152685e-02	2.124131e-03	5.261804e+00
0.003364	4.634868e-02	1.218706e-02	2.315060e-03	4.891716e+00
0.003600	4.556197e-02	1.289087e-02	2.472594e-03	4.544003e+00
0.003844	4.463244e-02	1.362320e-02	2.620341e-03	4.220070e+00
0.004096	4.363838e-02	1.430821e-02	2.827155e-03	3.922690e+00
0.004356	4.251562e-02	1.501259e-02	3.019975e-03	3.646690e+00
0.004624	4.123485e-02	1.576718e-02	3.176277e-03	3.390995e+00
0.004900	3.989364e-02	1.647630e-02	3.389652e-03	3.157543e+00
0.005184	3.846334e-02	1.717170e-02	3.619064e-03	2.943669e+00
0.005476	3.686890e-02	1.792956e-02	3.793887e-03	2.748000e+00
0.005776	3.520116e-02	1.865980e-02	4.006823e-03	2.570847e+00
0.006084	3.348393e-02	1.934240e-02	4.268230e-03	2.410504e+00
0.006400	3.161253e-02	2.008366e-02	4.473179e-03	2.266819e+00
0.006724	2.964210e-02	2.082726e-02	4.683833e-03	2.139146e+00
0.007056	2.765174e-02	2.149809e-02	4.967616e-03	2.025026e+00
0.007396	2.553570e-02	2.220534e-02	5.212474e-03	1.925705e+00
0.007744	2.329111e-02	2.294860e-02	5.425621e-03	1.841142e+00
0.008100	2.103743e-02	2.361104e-02	5.719745e-03	1.767217e+00
0.008464	1.870156e-02	2.427230e-02	6.009201e-03	1.705416e+00
0.008836	1.621532e-02	2.499631e-02	6.235715e-03	1.657825e+00
0.009216	1.370819e-02	2.565257e-02	6.529478e-03	1.619065e+00
0.009604	1.116802e-02	2.626313e-02	6.861161e-03	1.589032e+00
0.010000	8.473868e-03	2.694628e-02	7.115472e-03	1.572511e+00
0.010404	5.727182e-03	2.759397e-02	7.403233e-03	1.564478e+00
0.010816	2.989541e-03	2.815617e-02	7.767848e-03	1.561682e+00
0.011236	1.183632e-04	2.877793e-02	8.064073e-03	1.570783e+00
0.011664	-2.847421e-03	2.940780e-02	8.347785e-03	1.589239e+00
0.012100	-5.781489e-03	2.992878e-02	8.731386e-03	1.610258e+00
0.012544	-8.806038e-03	3.047374e-02	9.079119e-03	1.640305e+00
0.012996	-1.196376e-02	3.106934e-02	9.368779e-03	1.681009e+00
0.013456	-1.509427e-02	3.155719e-02	9.756810e-03	1.723187e+00
0.013924	-1.825867e-02	3.201803e-02	1.015799e-02	1.770546e+00
0.014400	-2.157700e-02	3.255771e-02	1.046968e-02	1.829295e+00
0.014884	-2.489992e-02	3.301709e-02	1.085154e-02	1.890288e+00
0.015376	-2.820127e-02	3.339563e-02	1.129937e-02	1.952468e+00
0.015876	-3.164936e-02	3.385643e-02	1.165129e-02	2.025349e+00
0.016384	-3.515270e-02	3.428488e-02	1.202419e-02	2.102725e+00
0.016900	-3.859623e-02	3.459062e-02	1.250454e-02	2.178223e+00
0.017424	-4.214921e-02	3.495308e-02	1.291209e-02	2.261979e+00
0.017956	-4.581163e-02	3.533929e-02	1.328290e-02	2.353010e+00
0.018496	-4.940568e-02	3.558562e-02	1.377819e-02	2.440942e+00
0.019044	-5.304909e-02	3.583823e-02	1.424943e-02	2.533274e+00
0.019600	-5.684182e-02	3.616283e-02	1.463382e-02	2.635002e+00
0.020164	-6.059168e-02	3.636199e-02	1.512821e-02	2.734614e+00
0.020736	-6.432341e-02	3.650376e-02	1.566125e-02	2.834303e+00
0.021316	-6.821504e-02	3.674283e-02	1.608021e-02	2.943841e+00
0.021904	-7.211752e-02	3.690081e-02	1.656472e-02	3.054076e+00
0.022500	-7.594625e-02	3.694121e-02	1.714777e-02	3.160843e+00
0.023104	-7.990915e-02	3.707153e-02	1.762232e-02	3.275793e+00
0.023716	-8.394959e-02	3.718454e-02	1.809833e-02	3.395061e+00
0.024336	-8.789002e-02	3.714046e-02	1.871272e-02	3.509183e+00
0.024964	-9.190641e-02	3.714518e-02	1.925823e-02	3.628006e+00
0.025600	-9.605943e-02	3.719882e-02	1.973836e-02	3.754245e+00
0.026244	-1.001253e-01	3.708928e-02	2.036380e-02	3.876043e+00
0.026896	-1.041909e-01	3.696237e-02	2.098554e-02	3.998230e+00
0.027556	-1.084249e-01	3.693399e-02	2.149126e-02	4.129234e+00
0.028224	-1.126219e-01	3.677395e-02	2.211200e-02	4.258603e+00
0.028900	-1.167461e-01	3.652195e-02	2.280337e-02	4.384564e+00
0.029584	-1.210300e-01	3.638576e-02	2.335999e-02	4.518450e+00
0.030276	-1.253513e-01	3.618074e-02	2.397008e-02	4.654596e+00
0.030976	-1.295528e-01	3.582120e-02	2.471415e-02	4.785287e+00
0.031684	-1.338639e-01	3.555479e-02	2.534437e-02	4.920929e+00
0.032400	-1.382888e-01	3.529793e-02	2.595055e-02	5.062403e+00
0.033124	-1.425884e-01	3.485462e-02	2.672463e-02	5.198797e+00
0.033856	-1.469180e-01	3.444518e-02	2.744246e-02	5.336059e+00
0.034596	-1.514158e-01	3.411782e-02	2.806364e-02	5.481093e+00
0.035344	-1.558280e-01	3.361394e-02	2.884588e-02	5.623676e+00
0.036100	-1.601832e-01	3.306225e-02	2.965270e-02	5.763340e+00
0.036864	-1.647198e-01	3.263813e-02	3.031593e-02	5.910357e+00
0.037636	-1.692465e-01	3.208925e-02	3.109213e-02	6.058823e+00
0.038416	-1.736474e-01	3.141016e-02	3.197606e-02	6.202224e+00
0.039204	-1.781944e-01	3.086216e-02	3.271011e-02	6.350330e+00
0.040000	-1.828214e-01	3.027103e-02	3.347872e-02	6.503592e+00
0.040804	-1.872941e-01	2.949001e-02	3.441783e-02	6.652079e+00
0.041616	-1.918365e-01	2.879780e-02	3.524584e-02	6.801351e+00
0.042436	-1.965354e-01	2.815262e-02	3.601982e-02	6.957878e+00
0.043264	-2.011029e-01	2.729906e-02	3.698827e-02	7.112268e+00
0.044100	-2.056428e-01	2.645538e-02	3.792166e-02	7.263729e+00
0.044944	-2.103778e-01	2.573221e-02	3.872639e-02	7.422088e+00
0.045796	-2.150511e-01	2.483130e-02	3.970208e-02	7.582324e+00
0.046656	-2.196074e-01	2.384494e-02	4.073747e-02	7.737577e+00
0.047524	-2.243445e-01	2.301391e-02	4.160512e-02	7.896991e+00
0.048400	-2.291175e-01	2.207925e-02	4.257679e-02	8.062125e+00
0.049284	-2.337194e-01	2.097370e-02	4.369680e-02	8.222787e+00
0.050176	-2.384360e-01	2.000742e-02	4.465856e-02	8.383487e+00
0.051076	-2.432849e-01	1.903658e-02	4.563022e-02	8.552024e+00
0.051984	-2.479625e-01	1.784440e-02	4.680839e-02	8.719130e+00
0.052900	-2.526537e-01	1.672626e-02	4.788660e-02	8.882364e+00
0.053824	-2.575426e-01	1.570078e-02	4.887803e-02	9.052849e+00
0.054756	-2.623165e-01	1.445508e-02	5.008641e-02	9.226452e+00
0.055696	-2.669973e-01	1.318497e-02	5.128887e-02	9.394126e+00
0.056644	-2.718874e-01	1.207511e-02	5.233184e-02	9.565775e+00
0.057600	-2.767608e-01	1.080040e-02	5.354946e-02	9.744902e+00
0.058564	-2.814607e-01	9.396084e-03	5.486743e-02	9.918955e+00
0.059536	-2.863216e-01	8.169098e-03	5.599845e-02	1.009209e+01
0.060516	-2.912775e-01	6.874167e-03	5.721832e-02	1.027509e+01
0.061504	-2.960321e-01	5.367600e-03	5.862904e-02	1.045682e+01
0.062500	-3.008504e-01	3.997492e-03	5.988063e-02	1.063295e+01
0.063504	-3.058551e-01	2.672465e-03	6.111319e-02	1.081815e+01
0.064516	-3.106939e-01	1.101843e-03	6.258641e-02	1.100772e+01
0.065536	-3.154777e-01	-4.222945e-04	6.397902e-02	1.118915e+01
0.066564	-3.204894e-01	-1.803617e-03	6.525116e-02	1.137557e+01
0.067600	-3.254261e-01	-3.404011e-03	6.675804e-02	1.157193e+01
0.068644	-3.302027e-01	-5.073515e-03	6.829500e-02	1.176109e+01
0.069696	-3.351835e-01	-6.546423e-03	6.964447e-02	1.194904e+01
0.070756	-3.402099e-01	-8.155756e-03	7.116650e-02	1.215023e+01
0.071824	-3.450179e-01	-9.943314e-03	7.283350e-02	1.234887e+01
0.072900	-3.499447e-01	-1.154189e-02	7.430033e-02	1.254007e+01
0.073984	-3.550318e-01	-1.315891e-02	7.583585e-02	1.274399e+01
0.075076	-3.599086e-01	-1.502491e-02	7.760516e-02	1.295256e+01
0.076176	-3.647807e-01	-1.677150e-02	7.922211e-02	1.314981e+01
0.077284	-3.698860e-01	-1.841528e-02	8.078862e-02	1.335507e+01
0.078400	-3.748560e-01	-2.031804e-02	8.262717e-02	1.357251e+01
0.079524	-3.796956e-01	-2.221564e-02	8.441185e-02	1.377893e+01
0.080656	-3.847747e-01	-2.392042e-02	8.604329e-02	1.398558e+01
0.081796	-3.898403e-01	-2.582748e-02	8.792257e-02	1.420961e+01
0.082944	-3.946861e-01	-2.785727e-02	8.987339e-02	1.442771e+01
0.084100	-3.997065e-01	-2.966265e-02	9.161292e-02	1.463753e+01
0.085264	-4.048459e-01	-3.155998e-02	9.351804e-02	1.486546e+01
0.086436	-4.097414e-01	-3.368511e-02	9.561520e-02	1.509629e+01
0.087616	-4.146917e-01	-3.562417e-02	9.750544e-02	1.531257e+01
0.088804	-4.198644e-01	-3.752043e-02	9.944091e-02	1.554231e+01
0.090000	-4.248441e-01	-3.969521e-02	1.016524e-01	1.578506e+01
0.091204	-4.297384e-01	-4.178397e-02	1.037254e-01	1.601177e+01
0.092416	-4.348961e-01	-4.370839e-02	1.057160e-01	1.624279e+01
0.093636	-4.399742e-01	-4.589045e-02	1.080069e-01	1.649500e+01
0.094864	-4.448485e-01	-4.812182e-02	1.102768e-01	1.673570e+01
0.096100	-4.499491e-01	-5.011593e-02	1.123632e-01	1.696957e+01
0.097344	-4.551138e-01	-5.227801e-02	1.147066e-01	1.722793e+01
0.098596	-4.600150e-01	-5.462214e-02	1.171667e-01	1.748468e+01
0.099856	-4.650358e-01	-5.672767e-02	1.193968e-01	1.772496e+01
0.101124	-4.702513e-01	-5.886546e-02	1.217822e-01	1.798646e+01
0.102400	-4.752230e-01	-6.127682e-02	1.244077e-01	1.825917e+01
0.103684	-4.801677e-01	-6.352284e-02	1.268257e-01	1.851069e+01
0.104976	-4.853842e-01	-6.565663e-02	1.292643e-01	1.877384e+01
0.106276	-4.904528e-01	-6.808585e-02	1.320196e-01	1.906022e+01
0.107584	-4.953513e-01	-7.047922e-02	1.346563e-01	1.932781e+01
0.108900	-5.005191e-01	-7.264831e-02	1.371799e-01	1.959351e+01
0.110224	-5.056845e-01	-7.505573e-02	1.400294e-01	1.988976e+01
0.111556	-5.105842e-01	-7.757750e-02	1.428950e-01	2.017695e+01
0.112896	-5.156689e-01	-7.982892e-02	1.455506e-01	2.044866e+01
0.114244	-5.209034e-01	-8.219587e-02	1.484696e-01	2.075078e+01
0.115600	-5.258549e-01	-8.480514e-02	1.515525e-01	2.105871e+01
0.116964	-5.308479e-01	-8.717965e-02	1.543917e-01	2.134186e+01
0.118336	-5.361034e-01	-8.951404e-02	1.573749e-01	2.164707e+01
0.119716	-5.411448e-01	-9.215837e-02	1.606457e-01	2.197418e+01
0.121104	-5.460669e-01	-9.467770e-02	1.637138e-01	2.227491e+01
0.122500	-5.512883e-01	-9.701216e-02	1.667786e-01	2.258291e+01
0.123904	-5.564329e-01	-9.964174e-02	1.701993e-01	2.292535e+01
0.125316	-5.613285e-01	-1.023009e-01	1.735250e-01	2.324893e+01
0.126736	-5.664703e-01	-1.046836e-01	1.767101e-01	2.356248e+01
0.128164	-5.717012e-01	-1.072652e-01	1.802449e-01	2.391539e+01
0.129600	-5.766253e-01	-1.100325e-01	1.838346e-01	2.426477e+01
0.131044	-5.816655e-01	-1.125131e-01	1.871922e-01	2.458938e+01
0.132496	-5.869396e-01	-1.150398e-01	1.908190e-01	2.494853e+01
0.133956	-5.919408e-01	-1.178641e-01	1.946567e-01	2.532355e+01
0.135424	-5.968886e-01	-1.204788e-01	1.982414e-01	2.566636e+01
0.136900	-6.021482e-01	-1.229724e-01	2.019597e-01	2.602975e+01
0.138384	-6.072538e-01	-1.257973e-01	2.060120e-01	2.642718e+01
0.139876	-6.121469e-01	-1.285569e-01	2.098693e-01	2.679523e+01
0.141376	-6.173375e-01	-1.310620e-01	2.137026e-01	2.716416e+01
0.142884	-6.225435e-01	-1.338410e-01	2.179292e-01	2.757874e+01
0.144400	-6.274379e-01	-1.367268e-01	2.220856e-01	2.797717e+01
0.145924	-6.325239e-01	-1.392980e-01	2.260781e-01	2.835644e+01
0.147456	-6.377957e-01	-1.420082e-01	2.304435e-01	2.878257e+01
0.148996	-6.427485e-01	-1.449756e-01	2.349017e-01	2.921328e+01
0.150544	-6.477250e-01	-1.476614e-01	2.391096e-01	2.961032e+01
0.152100	-6.530064e-01	-1.503101e-01	2.435940e-01	3.004397e+01
0.153664	-6.580581e-01	-1.533003e-01	2.483337e-01	3.050516e+01
0.155236	-6.629531e-01	-1.561282e-01	2.528136e-01	3.092836e+01
0.156816	-6.681824e-01	-1.587517e-01	2.574204e-01	3.136866e+01
0.158404	-6.733442e-01	-1.617076e-01	2.624046e-01	3.185540e+01
0.160000	-6.782107e-01	-1.646750e-01	2.672015e-01	3.231208e+01
0.161604	-6.833398e-01	-1.673281e-01	2.719585e-01	3.276208e+01
0.163216	-6.885886e-01	-1.702109e-01	2.771446e-01	3.326784e+01
0.164836	-6.934891e-01	-1.732841e-01	2.822826e-01	3.376240e+01
0.166464	-6.984977e-01	-1.760244e-01	2.872378e-01	3.422871e+01
0.168100	-7.037824e-01	-1.788247e-01	2.925898e-01	3.474742e+01
0.169744	-7.087697e-01	-1.819475e-01	2.980677e-01	3.528020e+01
0.171396	-7.136729e-01	-1.848181e-01	3.032796e-01	3.577161e+01
0.173056	-7.189284e-01	-1.875595e-01	3.087787e-01	3.629967e+01
0.174724	-7.240293e-01	-1.906682e-01	3.145718e-01	3.686696e+01
0.176400	-7.288732e-01	-1.936842e-01	3.200976e-01	3.739236e+01
0.178084	-7.340403e-01	-1.964165e-01	3.257487e-01	3.793001e+01
0.179776	-7.392462e-01	-1.994582e-01	3.318161e-01	3.852511e+01
0.181476	-7.440951e-01	-2.026009e-01	3.376992e-01	3.909125e+01
0.183184	-7.491381e-01	-2.053863e-01	3.435320e-01	3.964289e+01
0.184900	-7.544066e-01	-2.083340e-01	3.498278e-01	4.025807e+01
0.186624	-7.593232e-01	-2.115551e-01	3.560891e-01	4.086783e+01
0.188356	-7.642416e-01	-2.144498e-01	3.621525e-01	4.144114e+01
0.190096	-7.695083e-01	-2.173105e-01	3.686381e-01	4.206987e+01
0.191844	-7.745348e-01	-2.205447e-01	3.752720e-01	4.272149e+01
0.193600	-7.793642e-01	-2.235818e-01	3.816245e-01	4.332560e+01
0.195364	-7.845615e-01	-2.263953e-01	3.882790e-01	4.396447e+01
0.197136	-7.897058e-01	-2.295788e-01	3.952557e-01	4.465198e+01
0.198916	-7.945078e-01	-2.327576e-01	4.019525e-01	4.529510e+01
0.200704	-7.995854e-01	-2.355855e-01	4.087790e-01	4.594485e+01
0.202500	-8.048176e-01	-2.386738e-01	4.160522e-01	4.665959e+01
0.204304	-8.096618e-01	-2.419588e-01	4.231336e-01	4.734681e+01
0.206116	-8.146021e-01	-2.448664e-01	4.301594e-01	4.801218e+01
0.207936	-8.198626e-01	-2.478480e-01	4.376774e-01	4.874500e+01
0.209764	-8.248053e-01	-2.511777e-01	4.451597e-01	4.947676e+01
0.211600	-8.296297e-01	-2.542148e-01	4.524309e-01	5.016521e+01
0.213444	-8.348463e-01	-2.571149e-01	4.601490e-01	5.090870e+01
0.215296	-8.399128e-01	-2.604189e-01	4.680209e-01	5.168047e+01
0.217156	-8.446761e-01	-2.636045e-01	4.755919e-01	5.239994e+01
0.219024	-8.497856e-01	-2.664781e-01	4.834830e-01	5.315013e+01
0.220900	-8.549617e-01	-2.696970e-01	4.917077e-01	5.395326e+01
0.222784	-8.597362e-01	-2.730125e-01	4.996292e-01	5.470983e+01
0.224676	-8.647035e-01	-2.759292e-01	5.076893e-01	5.546685e+01
0.226576	-8.699388e-01	-2.790318e-01	5.162126e-01	5.629037e+01
0.228484	-8.747924e-01	-2.824251e-01	5.245193e-01	5.708621e+01
0.230400	-8.796220e-01	-2.854486e-01	5.327681e-01	5.785370e+01
0.232324	-8.848439e-01	-2.884417e-01	5.415291e-01	5.868666e+01
0.234256	-8.898194e-01	-2.918413e-01	5.502308e-01	5.951892e+01
0.236196	-8.945549e-01	-2.950100e-01	5.587066e-01	6.030242e+01
0.238144	-8.996902e-01	-2.979370e-01	5.676503e-01	6.113595e+01
0.240100	-9.047915e-01	-3.012720e-01	5.767282e-01	6.199685e+01
0.242064	-9.095033e-01	-3.045874e-01	5.854778e-01	6.280161e+01
0.244036	-9.145002e-01	-3.075162e-01	5.945653e-01	6.363035e+01
0.246016	-9.196900e-01	-3.107367e-01	6.039740e-01	6.450840e+01
0.248004	-9.244541e-01	-3.141612e-01	6.130402e-01	6.533711e+01
0.250000	-9.292984e-01	-3.171649e-01	6.222554e-01	6.615946e+01
0.252004	-9.345086e-01	-3.202571e-01	6.319301e-01	6.704149e+01
0.254016	-9.393839e-01	-3.237240e-01	6.413402e-01	6.789269e+01
0.256036	-9.441041e-01	-3.268589e-01	6.506906e-01	6.871004e+01
0.258064	-9.492555e-01	-3.298496e-01	6.605583e-01	6.958341e+01
0.260100	-9.542653e-01	-3.332815e-01	6.703149e-01	7.045088e+01
0.262144	-9.589249e-01	-3.365704e-01	6.798270e-01	7.126589e+01
0.264196	-9.639508e-01	-3.395199e-01	6.898188e-01	7.212041e+01
0.266256	-9.690747e-01	-3.428509e-01	6.998952e-01	7.299367e+01
0.268324	-9.737536e-01	-3.462752e-01	7.096057e-01	7.380828e+01
0.270400	-9.786203e-01	-3.492602e-01	7.196679e-01	7.463726e+01
0.272484	-9.837995e-01	-3.524552e-01	7.300099e-01	7.550310e+01
0.274576	-9.885701e-01	-3.559589e-01	7.399534e-01	7.631671e+01
0.276676	-9.932879e-01	-3.590504e-01	7.500549e-01	7.711700e+01
0.278784	-9.984418e-01	-3.621157e-01	7.605875e-01	7.796149e+01
0.280900	-1.003347e+00	-3.656210e-01	7.707847e-01	7.876991e+01
0.283024	-1.007967e+00	-3.688628e-01	7.809192e-01	7.954097e+01
0.285156	-1.013018e+00	-3.718454e-01	7.915576e-01	8.035152e+01
0.287296	-1.018056e+00	-3.752744e-01	8.020062e-01	8.114686e+01
0.289444	-1.022659e+00	-3.786697e-01	8.121887e-01	8.188923e+01
0.291600	-1.027553e+00	-3.816438e-01	8.228509e-01	8.265613e+01
0.293764	-1.032680e+00	-3.849412e-01	8.335202e-01	8.342762e+01
0.295936	-1.037346e+00	-3.884506e-01	8.437792e-01	8.414131e+01
0.298116	-1.042074e+00	-3.914965e-01	8.543980e-01	8.485843e+01
0.300304	-1.047213e+00	-3.946462e-01	8.652294e-01	8.559401e+01
0.302500	-1.052004e+00	-3.981976e-01	8.755952e-01	8.627722e+01
0.304704	-1.056601e+00	-4.013784e-01	8.861270e-01	8.694176e+01
0.306916	-1.061667e+00	-4.044086e-01	8.970403e-01	8.762992e+01
0.309136	-1.066603e+00	-4.079176e-01	9.075333e-01	8.827840e+01
0.311364	-1.071141e+00	-4.112598e-01	9.179617e-01	8.889002e+01
0.313600	-1.076064e+00	-4.142358e-01	9.288656e-01	8.952134e+01
0.315844	-1.081118e+00	-4.176302e-01	9.394856e-01	9.012871e+01
0.318096	-1.085685e+00	-4.211148e-01	9.498198e-01	9.068815e+01
0.320356	-1.090433e+00	-4.241205e-01	9.606253e-01	9.125634e+01
0.322624	-1.095538e+00	-4.273610e-01	9.713453e-01	9.181496e+01
0.324900	-1.100211e+00	-4.309285e-01	9.816125e-01	9.232282e+01
0.327184	-1.104799e+00	-4.340419e-01	9.922452e-01	9.282494e+01
0.329476	-1.109867e+00	-4.371344e-01	1.003011e+00	9.332727e+01
0.331776	-1.114687e+00	-4.407005e-01	1.013245e+00	9.378315e+01
0.334084	-1.119177e+00	-4.439708e-01	1.023656e+00	9.421910e+01
0.336400	-1.124125e+00	-4.469653e-01	1.034391e+00	9.465899e+01
0.338724	-1.129086e+00	-4.504454e-01	1.044621e+00	9.506126e+01
0.341056	-1.133564e+00	-4.538776e-01	1.054791e+00	9.543283e+01
0.343396	-1.138338e+00	-4.568547e-01	1.065405e+00	9.580644e+01
0.345744	-1.143388e+00	-4.601877e-01	1.075642e+00	9.615261e+01
0.348100	-1.147943e+00	-4.637404e-01	1.085583e+00	9.646238e+01
0.350464	-1.152538e+00	-4.667877e-01	1.095987e+00	9.676854e+01
0.352836	-1.157591e+00	-4.699551e-01	1.106217e+00	9.705605e+01
0.355216	-1.162284e+00	-4.735510e-01	1.115963e+00	9.730648e+01
0.357604	-1.166743e+00	-4.767380e-01	1.126083e+00	9.754644e+01
0.360000	-1.171708e+00	-4.797692e-01	1.136263e+00	9.777352e+01
0.362404	-1.176557e+00	-4.833173e-01	1.145860e+00	9.796651e+01
0.364816	-1.180961e+00	-4.866741e-01	1.155649e+00	9.814322e+01
0.367236	-1.185766e+00	-4.896392e-01	1.165712e+00	9.830959e+01
0.369664	-1.190737e+00	-4.930605e-01	1.175203e+00	9.844653e+01
0.372100	-1.195180e+00	-4.965683e-01	1.184647e+00	9.856375e+01
0.374544	-1.199795e+00	-4.995582e-01	1.194510e+00	9.867087e+01
0.376996	-1.204813e+00	-5.028091e-01	1.203924e+00	9.875306e+01
0.379456	-1.209375e+00	-5.064047e-01	1.213041e+00	9.881459e+01
0.381924	-1.213822e+00	-5.095045e-01	1.222622e+00	9.886548e+01
0.384400	-1.218790e+00	-5.125901e-01	1.231960e+00	9.889466e+01
0.386884	-1.223513e+00	-5.161830e-01	1.240796e+00	9.890393e+01
0.389376	-1.227861e+00	-5.194472e-01	1.250024e+00	9.890258e+01
0.391876	-1.232692e+00	-5.224206e-01	1.259258e+00	9.888140e+01
0.394384	-1.237564e+00	-5.259190e-01	1.267874e+00	9.884143e+01
0.396900	-1.241908e+00	-5.293548e-01	1.276706e+00	9.879212e+01
0.399424	-1.246550e+00	-5.323024e-01	1.285781e+00	9.872429e+01
0.401956	-1.251510e+00	-5.356398e-01	1.294237e+00	9.863800e+01
0.404496	-1.255943e+00	-5.392038e-01	1.302665e+00	9.854465e+01
0.407044	-1.260395e+00	-5.422206e-01	1.311505e+00	9.843472e+01
0.409600	-1.265350e+00	-5.453755e-01	1.319846e+00	9.830537e+01
0.412164	-1.269935e+00	-5.489854e-01	1.327898e+00	9.817128e+01
0.414736	-1.274247e+00	-5.521474e-01	1.336426e+00	9.802408e+01
0.417316	-1.279099e+00	-5.551503e-01	1.344668e+00	9.785568e+01
0.419904	-1.283851e+00	-5.587081e-01	1.352401e+00	9.768356e+01
0.422500	-1.288111e+00	-5.620493e-01	1.360550e+00	9.750359e+01
0.425104	-1.292786e+00	-5.649748e-01	1.368678e+00	9.730096e+01
0.427716	-1.297665e+00	-5.683951e-01	1.376166e+00	9.709335e+01
0.430336	-1.301975e+00	-5.718969e-01	1.383896e+00	9.688420e+01
0.432964	-1.306446e+00	-5.748426e-01	1.391861e+00	9.665274e+01
0.435600	-1.311367e+00	-5.780771e-01	1.399179e+00	9.641251e+01
0.438244	-1.315811e+00	-5.816729e-01	1.406488e+00	9.617668e+01
0.440896	-1.320106e+00	-5.847311e-01	1.414219e+00	9.592179e+01
0.443556	-1.324966e+00	-5.877838e-01	1.421424e+00	9.565261e+01
0.446224	-1.329583e+00	-5.913770e-01	1.428346e+00	9.539163e+01
0.448900	-1.333780e+00	-5.946077e-01	1.435768e+00	9.511803e+01
0.451584	-1.338487e+00	-5.975343e-01	1.442887e+00	9.482455e+01
0.454276	-1.343260e+00	-6.010262e-01	1.449490e+00	9.453951e+01
0.456976	-1.347462e+00	-6.044387e-01	1.456536e+00	9.425063e+01
0.459684	-1.351964e+00	-6.073316e-01	1.463559e+00	9.393824e+01
0.462400	-1.356825e+00	-6.106495e-01	1.469927e+00	9.363049e+01
0.465124	-1.361129e+00	-6.141991e-01	1.476560e+00	9.332822e+01
0.467856	-1.365429e+00	-6.171603e-01	1.483441e+00	9.300247e+01
0.470596	-1.370278e+00	-6.202797e-01	1.489659e+00	9.267421e+01
0.473344	-1.374748e+00	-6.238793e-01	1.495879e+00	9.235904e+01
0.476100	-1.378905e+00	-6.269913e-01	1.502547e+00	9.202489e+01
0.478864	-1.383636e+00	-6.299433e-01	1.508680e+00	9.167952e+01
0.481636	-1.388284e+00	-6.334882e-01	1.514529e+00	9.135106e+01
0.484416	-1.392394e+00	-6.367893e-01	1.520906e+00	9.101216e+01
0.487204	-1.396933e+00	-6.396526e-01	1.526986e+00	9.065424e+01
0.490000	-1.401711e+00	-6.430504e-01	1.532538e+00	9.031205e+01
0.492804	-1.405883e+00	-6.465228e-01	1.538557e+00	8.997025e+01
0.495616	-1.410204e+00	-6.494016e-01	1.544574e+00	8.960497e+01
0.498436	-1.415020e+00	-6.525992e-01	1.549922e+00	8.924934e+01
0.501264	-1.419339e+00	-6.561730e-01	1.555547e+00	8.890473e+01
0.504100	-1.423478e+00	-6.591668e-01	1.561452e+00	8.853712e+01
0.506944	-1.428221e+00	-6.621667e-01	1.566686e+00	8.816967e+01
0.509796	-1.432727e+00	-6.657395e-01	-1.569672e+00	8.782098e+01
0.512656	-1.436768e+00	-6.689141e-01	-1.563952e+00	8.745505e+01
0.515524	-1.441344e+00	-6.717741e-01	-1.558762e+00	8.707889e+01
0.518400	-1.446013e+00	-6.752400e-01	-1.553872e+00	8.672432e+01
0.521284	-1.450067e+00	-6.786076e-01	-1.548420e+00	8.636240e+01
0.524176	-1.454423e+00	-6.814255e-01	-1.543244e+00	8.598179e+01
0.527076	-1.459181e+00	-6.847057e-01	-1.538616e+00	8.561993e+01
0.529984	-1.463350e+00	-6.882204e-01	-1.533500e+00	8.526239e+01
0.532900	-1.467494e+00	-6.911054e-01	-1.528351e+00	8.488206e+01
0.535824	-1.472231e+00	-6.941717e-01	-1.523887e+00	8.451266e+01
0.538756	-1.476581e+00	-6.977419e-01	-1.519144e+00	8.415815e+01
0.541696	-1.480578e+00	-7.007834e-01	-1.514075e+00	8.378237e+01
0.544644	-1.485185e+00	-7.036670e-01	-1.509680e+00	8.340679e+01
0.547600	-1.489724e+00	-7.071813e-01	-1.505302e+00	8.305290e+01
0.550564	-1.493679e+00	-7.104222e-01	-1.500395e+00	8.268461e+01
0.553536	-1.498078e+00	-7.132056e-01	-1.496000e+00	8.230580e+01
0.556516	-1.502751e+00	-7.165646e-01	-1.491934e+00	8.194998e+01
0.559504	-1.506779e+00	-7.199883e-01	-1.487275e+00	8.159030e+01
0.562500	-1.510948e+00	-7.227820e-01	-1.482854e+00	8.121221e+01
0.565504	-1.515654e+00	-7.259274e-01	-1.479011e+00	8.085270e+01
0.568516	-1.519845e+00	-7.294613e-01	-1.474671e+00	8.050083e+01
0.571536	-1.523824e+00	-7.323722e-01	-1.470243e+00	8.012762e+01
0.574564	-1.528448e+00	-7.353041e-01	-1.466520e+00	7.976412e+01
0.577600	-1.532837e+00	-7.388402e-01	-1.462532e+00	7.941779e+01
0.580644	-1.536719e+00	-7.419402e-01	-1.458161e+00	7.905288e+01
0.583696	-1.541161e+00	-7.447184e-01	-1.454461e+00	7.868678e+01
0.586756	-1.545723e+00	-7.481435e-01	-1.450811e+00	7.834304e+01
0.589824	-1.549626e+00	-7.514482e-01	-1.446584e+00	7.798836e+01
0.592900	-1.553834e+00	-7.541753e-01	-1.442843e+00	7.762250e+01
0.595984	-1.558484e+00	-7.574042e-01	-1.439471e+00	7.727864e+01
0.599076	-1.562516e+00	-7.608672e-01	-1.435480e+00	7.693432e+01
0.602176	-1.566502e+00	-7.636596e-01	-1.431675e+00	7.657231e+01
0.605284	1.570468e+00	-7.666599e-01	-1.428486e+00	7.622671e+01
0.608400	1.566241e+00	-7.701855e-01	-1.424802e+00	7.589116e+01
0.611524	1.562405e+00	-7.731397e-01	-1.420965e+00	7.553652e+01
0.614656	1.557926e+00	-7.759420e-01	-1.417850e+00	7.518910e+01
0.617796	1.553500e+00	-7.794122e-01	-1.414501e+00	7.485962e+01
0.620944	1.549700e+00	-7.825763e-01	-1.410704e+00	7.451490e+01
0.624100	1.545443e+00	-7.852663e-01	-1.407569e+00	7.416720e+01
0.627264	1.540878e+00	-7.885746e-01	-1.404532e+00	7.384077e+01
0.630436	1.536995e+00	-7.919338e-01	-1.400872e+00	7.350704e+01
0.633616	1.532980e+00	-7.946282e-01	-1.397655e+00	7.316177e+01
0.636804	1.528384e+00	-7.977102e-01	-1.394862e+00	7.283596e+01
0.640000	1.524326e+00	-8.011900e-01	-1.391433e+00	7.251258e+01
0.643204	1.520507e+00	-8.040031e-01	-1.388124e+00	7.217293e+01
0.646416	1.516003e+00	-8.068563e-01	-1.385473e+00	7.184649e+01
0.649636	1.511733e+00	-8.103432e-01	-1.382342e+00	7.153147e+01
0.652864	1.508010e+00	-8.133536e-01	-1.378984e+00	7.120024e+01
0.656100	1.503702e+00	-8.160386e-01	-1.376363e+00	7.087346e+01
0.659344	1.499251e+00	-8.194124e-01	-1.373553e+00	7.056404e+01
0.662596	1.495499e+00	-8.226396e-01	-1.370227e+00	7.024299e+01
0.665856	1.491439e+00	-8.252638e-01	-1.367544e+00	6.991750e+01
0.669124	1.486898e+00	-8.284322e-01	-1.365023e+00	6.961097e+01
0.672400	1.483005e+00	-8.318301e-01	-1.361834e+00	6.930043e+01
0.675684	1.479176e+00	-8.345169e-01	-1.359035e+00	6.897873e+01
0.678976	1.474669e+00	-8.374425e-01	-1.356723e+00	6.867312e+01
0.682276	1.470567e+00	-8.409119e-01	-1.353766e+00	6.837200e+01
0.685584	1.466892e+00	-8.437653e-01	-1.350854e+00	6.805673e+01
0.688900	1.462538e+00	-8.464774e-01	-1.348642e+00	6.775131e+01
0.692224	1.458227e+00	-8.498940e-01	-1.345981e+00	6.745751e+01
0.695556	1.454584e+00	-8.529679e-01	-1.343009e+00	6.715077e+01
0.698896	1.450466e+00	-8.555548e-01	-1.340785e+00	6.684610e+01
0.702244	1.446010e+00	-8.588044e-01	-1.338432e+00	6.655711e+01
0.705600	1.442274e+00	-8.620866e-01	-1.335495e+00	6.625996e+01
0.708964	1.438411e+00	-8.646710e-01	-1.333169e+00	6.595766e+01
0.712336	1.433926e+00	-8.676828e-01	-1.331081e+00	6.567126e+01
0.715716	1.429999e+00	-8.710976e-01	-1.328288e+00	6.538349e+01
0.719104	1.426339e+00	-8.738013e-01	-1.325819e+00	6.508571e+01
0.722500	1.421955e+00	-8.765691e-01	-1.323905e+00	6.480051e+01
0.725904	1.417804e+00	-8.799979e-01	-1.321351e+00	6.452083e+01
0.729316	1.414240e+00	-8.829066e-01	-1.318753e+00	6.422962e+01
0.732736	1.410064e+00	-8.854914e-01	-1.316898e+00	6.394531e+01
0.736164	1.405723e+00	-8.888069e-01	-1.314640e+00	6.367178e+01
0.739600	1.402124e+00	-8.919450e-01	-1.311981e+00	6.338857e+01
0.743044	1.398208e+00	-8.944582e-01	-1.310071e+00	6.310587e+01
0.746496	1.393775e+00	-8.975605e-01	-1.308109e+00	6.283642e+01
0.749956	1.390022e+00	-9.008830e-01	-1.305496e+00	6.256171e+01
0.753424	1.386348e+00	-9.034549e-01	-1.303450e+00	6.228206e+01
0.756900	1.381954e+00	-9.063010e-01	-1.301727e+00	6.201505e+01
0.760384	1.377979e+00	-9.097059e-01	-1.299271e+00	6.174834e+01
0.763876	1.374462e+00	-9.124482e-01	-1.297059e+00	6.147344e+01
0.767376	1.370232e+00	-9.150653e-01	-1.295473e+00	6.120797e+01
0.770884	1.366035e+00	-9.184219e-01	-1.293268e+00	6.094801e+01
0.774400	1.362547e+00	-9.213953e-01	-1.290920e+00	6.067933e+01
0.777924	1.358566e+00	-9.238733e-01	-1.289351e+00	6.041539e+01
0.781456	1.354219e+00	-9.270598e-01	-1.287442e+00	6.016057e+01
0.784996	1.350628e+00	-9.302556e-01	-1.285042e+00	5.989896e+01
0.788544	1.346913e+00	-9.327228e-01	-1.283378e+00	5.963726e+01
0.792100	1.342537e+00	-9.356613e-01	-1.281751e+00	5.938605e+01
0.795664	1.338743e+00	-9.390032e-01	-1.279412e+00	5.913164e+01
0.799236	1.335239e+00	-9.415891e-01	-1.277581e+00	5.887332e+01
0.802816	1.330971e+00	-9.442688e-01	-1.276166e+00	5.862460e+01
0.806404	1.326939e+00	-9.476338e-01	-1.274004e+00	5.837682e+01
0.810000	1.323532e+00	-9.504319e-01	-1.271991e+00	5.812306e+01
0.813604	1.319484e+00	-9.529130e-01	-1.270675e+00	5.787632e+01
0.817216	1.315253e+00	-9.561666e-01	-1.268776e+00	5.763416e+01
0.820836	1.311804e+00	-9.592070e-01	-1.266629e+00	5.738589e+01
0.824464	1.308029e+00	-9.616043e-01	-1.265286e+00	5.714122e+01
0.828100	1.303703e+00	-9.646388e-01	-1.263683e+00	5.690352e+01
0.831744	1.300089e+00	-9.678786e-01	-1.261498e+00	5.666120e+01
0.835396	1.296565e+00	-9.703292e-01	-1.260023e+00	5.641914e+01
0.839056	1.292281e+00	-9.730950e-01	-1.258686e+00	5.618486e+01
0.842724	1.288431e+00	-9.764300e-01	-1.256586e+00	5.594844e+01
0.846400	1.285069e+00	-9.790539e-01	-1.254918e+00	5.570973e+01
0.850084	1.280959e+00	-9.815746e-01	-1.253762e+00	5.547818e+01
0.853776	1.276875e+00	-9.848683e-01	-1.251860e+00	5.524724e+01
0.857476	1.273540e+00	-9.877335e-01	-1.250002e+00	5.501257e+01
0.861184	1.269691e+00	-9.901004e-01	-1.248904e+00	5.478344e+01
0.864900	1.265450e+00	-9.932229e-01	-1.247277e+00	5.455731e+01
0.868624	1.262003e+00	-9.963254e-01	-1.245293e+00	5.432719e+01
0.872356	1.258432e+00	-9.986715e-01	-1.244127e+00	5.410051e+01
0.876096	1.254162e+00	-1.001537e+00	-1.242794e+00	5.387850e+01
0.879844	1.250500e+00	-1.004801e+00	-1.240794e+00	5.365316e+01
0.883600	1.247147e+00	-1.007264e+00	-1.239461e+00	5.342916e+01
0.887364	1.242991e+00	-1.009856e+00	-1.238375e+00	5.321067e+01
0.891136	1.239078e+00	-1.013154e+00	-1.236486e+00	5.299011e+01
0.894916	1.235824e+00	-1.015836e+00	-1.234940e+00	5.276910e+01
0.898704	1.231897e+00	-1.018213e+00	-1.234000e+00	5.255368e+01
0.902500	1.227775e+00	-1.021404e+00	-1.232334e+00	5.233775e+01
0.906304	1.224475e+00	-1.024341e+00	-1.230596e+00	5.212001e+01
0.910116	1.220834e+00	-1.026621e+00	-1.229672e+00	5.190738e+01
0.913936	1.216611e+00	-1.029589e+00	-1.228292e+00	5.169582e+01
0.917764	1.213135e+00	-1.032741e+00	-1.226444e+00	5.148161e+01
0.921600	1.209757e+00	-1.035067e+00	-1.225410e+00	5.127156e+01
0.925444	1.205578e+00	-1.037755e+00	-1.224319e+00	5.106410e+01
0.929296	1.201853e+00	-1.041017e+00	-1.222482e+00	5.085362e+01
0.933156	1.198642e+00	-1.043518e+00	-1.221250e+00	5.064602e+01
0.937024	1.194645e+00	-1.045944e+00	-1.220381e+00	5.044234e+01
0.940900	1.190673e+00	-1.049175e+00	-1.218686e+00	5.023580e+01
0.944784	1.187488e+00	-1.051926e+00	-1.217228e+00	5.003056e+01
0.948676	1.183764e+00	-1.054183e+00	-1.216467e+00	4.983030e+01
0.952576	1.179627e+00	-1.057243e+00	-1.215018e+00	4.962789e+01
0.956484	1.176322e+00	-1.060248e+00	-1.213374e+00	4.942502e+01
0.960400	1.172888e+00	-1.062472e+00	-1.212585e+00	4.922774e+01
0.964324	1.168719e+00	-1.065268e+00	-1.211431e+00	4.902962e+01
0.968256	1.165188e+00	-1.068451e+00	-1.209699e+00	4.882928e+01
0.972196	1.161981e+00	-1.070788e+00	-1.208762e+00	4.863445e+01
0.976144	1.157930e+00	-1.073296e+00	-1.207885e+00	4.844064e+01
0.980100	1.154135e+00	-1.076527e+00	-1.206197e+00	4.824321e+01
0.984064	1.151030e+00	-1.079088e+00	-1.205035e+00	4.805030e+01
0.988036	1.147219e+00	-1.081364e+00	-1.204352e+00	4.786062e+01
0.992016	1.143203e+00	-1.084495e+00	-1.202839e+00	4.766661e+01
0.996004	1.140048e+00	-1.087324e+00	-1.201443e+00	4.747525e+01