
0.000004	-3.395637e-03	9.631017e-08	9.846620e-12	1.811176e+01
0.000016	-6.792143e-03	7.693547e-07	3.141095e-10	1.811619e+01
0.000036	-1.019038e-02	2.590266e-06	2.372901e-09	1.812354e+01
0.000064	-1.359119e-02	6.119120e-06	9.926989e-09	1.813377e+01
0.000100	-1.699539e-02	1.189977e-05	3.001369e-08	1.814684e+01
0.000144	-2.040378e-02	2.045509e-05	7.383997e-08	1.816267e+01
0.000196	-2.381710e-02	3.228278e-05	1.574759e-07	1.818118e+01
0.000256	-2.723608e-02	4.785176e-05	3.023400e-07	1.820228e+01
0.000324	-3.066137e-02	6.759930e-05	5.354575e-07	1.822586e+01
0.000400	-3.409358e-02	9.192890e-05	8.894842e-07	1.825183e+01
0.000484	-3.753328e-02	1.212089e-04	1.402499e-06	1.828004e+01
0.000576	-4.098097e-02	1.557719e-04	2.117577e-06	1.831039e+01
0.000676	-4.443710e-02	1.959150e-04	3.082176e-06	1.834273e+01
0.000784	-4.790206e-02	2.419004e-04	4.347351e-06	1.837694e+01
0.000900	-5.137619e-02	2.939570e-04	5.966866e-06	1.841288e+01
0.001024	-5.485978e-02	3.522821e-04	7.996223e-06	1.845041e+01
0.001156	-5.835307e-02	4.170440e-04	1.049167e-05	1.848941e+01
0.001296	-6.185625e-02	4.883843e-04	1.350925e-05	1.852975e+01
0.001444	-6.536947e-02	5.664204e-04	1.710391e-05	1.857129e+01
0.001600	-6.889284e-02	6.512488e-04	2.132873e-05	1.861391e+01
0.001764	-7.242644e-02	7.429470e-04	2.623435e-05	1.865751e+01
0.001936	-7.597030e-02	8.415762e-04	3.186853e-05	1.870196e+01
0.002116	-7.952446e-02	9.471836e-04	3.827598e-05	1.874717e+01
0.002304	-8.308890e-02	1.059803e-03	4.549834e-05	1.879303e+01
0.002500	-8.666358e-02	1.179459e-03	5.357442e-05	1.883945e+01
0.002704	-9.024846e-02	1.306162e-03	6.254064e-05	1.888635e+01
0.002916	-9.384346e-02	1.439916e-03	7.243157e-05	1.893363e+01
0.003136	-9.744851e-02	1.580713e-03	8.328069e-05	1.898123e+01
0.003364	-1.010635e-01	1.728535e-03	9.512113e-05	1.902907e+01
0.003600	-1.046883e-01	1.883353e-03	1.079865e-04	1.907707e+01
0.003844	-1.083227e-01	2.045126e-03	1.219116e-04	1.912517e+01
0.004096	-1.119667e-01	2.213800e-03	1.369333e-04	1.917329e+01
0.004356	-1.156201e-01	2.389308e-03	1.530905e-04	1.922138e+01
0.004624	-1.192825e-01	2.571569e-03	1.704252e-04	1.926937e+01
0.004900	-1.229539e-01	2.760486e-03	1.889816e-04	1.931718e+01
0.005184	-1.266340e-01	2.955950e-03	2.088068e-04	1.936475e+01
0.005476	-1.303225e-01	3.157835e-03	2.299490e-04	1.941201e+01
0.005776	-1.340191e-01	3.366004e-03	2.524576e-04	1.945890e+01
0.006084	-1.377235e-01	3.580309e-03	2.763814e-04	1.950533e+01
0.006400	-1.414355e-01	3.800592e-03	3.017666e-04	1.955126e+01
0.006724	-1.451545e-01	4.026690e-03	3.286559e-04	1.959659e+01
0.007056	-1.488803e-01	4.258437e-03	3.570853e-04	1.964127e+01
0.007396	-1.526124e-01	4.495669e-03	3.870827e-04	1.968522e+01
0.007744	-1.563505e-01	4.738226e-03	4.186652e-04	1.972838e+01
0.008100	-1.600941e-01	4.985963e-03	4.518370e-04	1.977070e+01
0.008464	-1.638428e-01	5.238747e-03	4.865874e-04	1.981210e+01
0.008836	-1.675962e-01	5.496467e-03	5.228885e-04	1.985254e+01
0.009216	-1.713539e-01	5.759035e-03	5.606947e-04	1.989197e+01
0.009604	-1.751155e-01	6.026396e-03	5.999406e-04	1.993035e+01
0.010000	-1.788806e-01	6.298524e-03	6.405415e-04	1.996765e+01
0.010404	-1.826489e-01	6.575432e-03	6.823929e-04	2.000384e+01
0.010816	-1.864200e-01	6.857166e-03	7.253717e-04	2.003891e+01
0.011236	-1.901936e-01	7.143815e-03	7.693379e-04	2.007287e+01
0.011664	-1.939696e-01	7.435505e-03	8.141363e-04	2.010569e+01
0.012100	-1.977476e-01	7.732397e-03	8.596001e-04	2.013742e+01
0.012544	-2.015276e-01	8.034688e-03	9.055540e-04	2.016805e+01
0.012996	-2.053094e-01	8.342605e-03	9.518186e-04	2.019763e+01
0.013456	-2.090929e-01	8.656399e-03	9.982151e-04	2.022619e+01
0.013924	-2.128781e-01	8.976343e-03	1.044570e-03	2.025377e+01
0.014400	-2.166651e-01	9.302719e-03	1.090720e-03	2.028043e+01
0.014884	-2.204538e-01	9.635817e-03	1.136518e-03	2.030622e+01
0.015376	-2.242444e-01	9.975921e-03	1.181838e-03	2.033120e+01
0.015876	-2.280369e-01	1.032331e-02	1.226577e-03	2.035541e+01
0.016384	-2.318315e-01	1.067823e-02	1.270665e-03	2.037892e+01
0.016900	-2.356283e-01	1.104092e-02	1.314063e-03	2.040179e+01
0.017424	-2.394275e-01	1.141156e-02	1.356766e-03	2.042407e+01
0.017956	-2.432292e-01	1.179031e-02	1.398809e-03	2.044581e+01
0.018496	-2.470335e-01	1.217728e-02	1.440265e-03	2.046704e+01
0.019044	-2.508406e-01	1.257253e-02	1.481242e-03	2.048782e+01
0.019600	-2.546504e-01	1.297605e-02	1.521884e-03	2.050815e+01
0.020164	-2.584632e-01	1.338780e-02	1.562370e-03	2.052808e+01
0.020736	-2.622788e-01	1.380768e-02	1.602906e-03	2.054760e+01
0.021316	-2.660972e-01	1.423554e-02	1.643721e-03	2.056673e+01
0.021904	-2.699184e-01	1.467119e-02	1.685062e-03	2.058546e+01
0.022500	-2.737422e-01	1.511438e-02	1.727188e-03	2.060378e+01
0.023104	-2.775684e-01	1.556487e-02	1.770358e-03	2.062166e+01
0.023716	-2.813968e-01	1.602235e-02	1.814829e-03	2.063909e+01
0.024336	-2.852271e-01	1.648653e-02	1.860844e-03	2.065602e+01
0.024964	-2.890591e-01	1.695710e-02	1.908626e-03	2.067243e+01
0.025600	-2.928923e-01	1.743377e-02	1.958369e-03	2.068827e+01
0.026244	-2.967264e-01	1.791626e-02	2.010234e-03	2.070351e+01
0.026896	-3.005610e-01	1.840431e-02	2.064340e-03	2.071810e+01
0.027556	-3.043957e-01	1.889772e-02	2.120761e-03	2.073201e+01
0.028224	-3.082301e-01	1.939632e-02	2.179519e-03	2.074520e+01
0.028900	-3.120638e-01	1.989999e-02	2.240590e-03	2.075763e+01
0.029584	-3.158964e-01	2.040867e-02	2.303894e-03	2.076928e+01
0.030276	-3.197276e-01	2.092238e-02	2.369303e-03	2.078013e+01
0.030976	-3.235571e-01	2.144117e-02	2.436639e-03	2.079017e+01
0.031684	-3.273847e-01	2.196518e-02	2.505683e-03	2.079939e+01
0.032400	-3.312100e-01	2.249460e-02	2.576177e-03	2.080779e+01
0.033124	-3.350330e-01	2.302966e-02	2.647835e-03	2.081538e+01
0.033856	-3.388536e-01	2.357067e-02	2.720347e-03	2.082218e+01
0.034596	-3.426716e-01	2.411794e-02	2.793393e-03	2.082822e+01
0.035344	-3.464873e-01	2.467183e-02	2.866650e-03	2.083353e+01
0.036100	-3.503005e-01	2.523271e-02	2.939804e-03	2.083815e+01
0.036864	-3.541115e-01	2.580096e-02	3.012560e-03	2.084211e+01
0.037636	-3.579204e-01	2.637694e-02	3.084651e-03	2.084548e+01
0.038416	-3.617275e-01	2.696100e-02	3.155848e-03	2.084829e+01
0.039204	-3.655330e-01	2.755346e-02	3.225969e-03	2.085059e+01
0.040000	-3.693371e-01	2.815458e-02	3.294885e-03	2.085244e+01
0.040804	-3.731402e-01	2.876458e-02	3.362525e-03	2.085389e+01
0.041616	-3.769425e-01	2.938361e-02	3.428882e-03	2.085497e+01
0.042436	-3.807443e-01	3.001174e-02	3.494010e-03	2.085573e+01
0.043264	-3.845458e-01	3.064900e-02	3.558028e-03	2.085621e+01
0.044100	-3.883473e-01	3.129531e-02	3.621116e-03	2.085642e+01
0.044944	-3.921489e-01	3.195053e-02	3.683509e-03	2.085640e+01
0.045796	-3.959507e-01	3.261445e-02	3.745493e-03	2.085615e+01
0.046656	-3.997528e-01	3.328680e-02	3.807394e-03	2.085569e+01
0.047524	-4.035551e-01	3.396725e-02	3.869569e-03	2.085501e+01
0.048400	-4.073577e-01	3.465541e-02	3.932396e-03	2.085409e+01
0.049284	-4.111604e-01	3.535089e-02	3.996262e-03	2.085293e+01
0.050176	-4.149629e-01	3.605324e-02	4.061547e-03	2.085150e+01
0.051076	-4.187651e-01	3.676202e-02	4.128618e-03	2.084977e+01
0.051984	-4.225665e-01	3.747681e-02	4.197809e-03	2.084771e+01
0.052900	-4.263669e-01	3.819721e-02	4.269414e-03	2.084529e+01
0.053824	-4.301658e-01	3.892284e-02	4.343679e-03	2.084246e+01
0.054756	-4.339628e-01	3.965338e-02	4.420784e-03	2.083919e+01
0.055696	-4.377574e-01	4.038857e-02	4.500846e-03	2.083545e+01
0.056644	-4.415492e-01	4.112824e-02	4.583907e-03	2.083119e+01
0.057600	-4.453378e-01	4.187228e-02	4.669936e-03	2.082640e+01
0.058564	-4.491226e-01	4.262065e-02	4.758823e-03	2.082104e+01
0.059536	-4.529033e-01	4.337344e-02	4.850388e-03	2.081510e+01
0.060516	-4.566796e-01	4.413077e-02	4.944380e-03	2.080855e+01
0.061504	-4.604511e-01	4.489287e-02	5.040488e-03	2.080141e+01
0.062500	-4.642176e-01	4.566004e-02	5.138348e-03	2.079367e+01
0.063504	-4.679790e-01	4.643264e-02	5.237556e-03	2.078533e+01
0.064516	-4.717351e-01	4.721108e-02	5.337678e-03	2.077642e+01
0.065536	-4.754859e-01	4.799580e-02	5.438268e-03	2.076695e+01
0.066564	-4.792315e-01	4.878727e-02	5.538879e-03	2.075697e+01
0.067600	-4.829720e-01	4.958596e-02	5.639080e-03	2.074650e+01
0.068644	-4.867076e-01	5.039233e-02	5.738471e-03	2.073558e+01
0.069696	-4.904387e-01	5.120680e-02	5.836694e-03	2.072425e+01
0.070756	-4.941654e-01	5.202976e-02	5.933449e-03	2.071257e+01
0.071824	-4.978883e-01	5.286153e-02	6.028506e-03	2.070057e+01
0.072900	-5.016076e-01	5.370235e-02	6.121710e-03	2.068830e+01
0.073984	-5.053238e-01	5.455239e-02	6.212989e-03	2.067580e+01
0.075076	-5.090373e-01	5.541171e-02	6.302360e-03	2.066312e+01
0.076176	-5.127485e-01	5.628029e-02	6.389927e-03	2.065028e+01
0.077284	-5.164579e-01	5.715800e-02	6.475883e-03	2.063731e+01
0.078400	-5.201657e-01	5.804462e-02	6.560500e-03	2.062425e+01
0.079524	-5.238722e-01	5.893982e-02	6.644125e-03	2.061110e+01
0.080656	-5.275776e-01	5.984321e-02	6.727171e-03	2.059787e+01
0.081796	-5.312822e-01	6.075431e-02	6.810099e-03	2.058457e+01
0.082944	-5.349859e-01	6.167259e-02	6.893410e-03	2.057119e+01
0.084100	-5.386888e-01	6.259747e-02	6.977625e-03	2.055772e+01
0.085264	-5.423908e-01	6.352835e-02	7.063267e-03	2.054414e+01
0.086436	-5.460916e-01	6.446462e-02	7.150849e-03	2.053042e+01
0.087616	-5.497911e-01	6.540570e-02	7.240852e-03	2.051654e+01
0.088804	-5.534887e-01	6.635102e-02	7.333710e-03	2.050246e+01
0.090000	-5.571843e-01	6.730009e-02	7.429797e-03	2.048816e+01
0.091204	-5.608772e-01	6.825246e-02	7.529409e-03	2.047358e+01
0.092416	-5.645669e-01	6.920778e-02	7.632759e-03	2.045870e+01
0.093636	-5.682530e-01	7.016579e-02	7.739962e-03	2.044348e+01
0.094864	-5.719348e-01	7.112634e-02	7.851036e-03	2.042789e+01
0.096100	-5.756118e-01	7.208938e-02	7.965895e-03	2.041191e+01
0.097344	-5.792835e-01	7.305499e-02	8.084354e-03	2.039550e+01
0.098596	-5.829493e-01	7.402333e-02	8.206130e-03	2.037865e+01
0.099856	-5.866088e-01	7.499468e-02	8.330855e-03	2.036136e+01
0.101124	-5.902616e-01	7.596943e-02	8.458080e-03	2.034362e+01
0.102400	-5.939074e-01	7.694801e-02	8.587298e-03	2.032542e+01
0.103684	-5.975460e-01	7.793094e-02	8.717950e-03	2.030678e+01
0.104976	-6.011772e-01	7.891879e-02	8.849450e-03	2.028772e+01
0.106276	-6.048009e-01	7.991213e-02	8.981203e-03	2.026826e+01
0.107584	-6.084173e-01	8.091156e-02	9.112621e-03	2.024842e+01
0.108900	-6.120266e-01	8.191765e-02	9.243148e-03	2.022824e+01
0.110224	-6.156288e-01	8.293093e-02	9.372275e-03	2.020776e+01
0.111556	-6.192245e-01	8.395186e-02	9.499561e-03	2.018700e+01
0.112896	-6.228140e-01	8.498084e-02	9.624643e-03	2.016602e+01
0.114244	-6.263978e-01	8.601816e-02	9.747258e-03	2.014485e+01
0.115600	-6.299764e-01	8.706399e-02	9.867244e-03	2.012352e+01
0.116964	-6.335503e-01	8.811841e-02	9.984553e-03	2.010209e+01
0.118336	-6.371202e-01	8.918135e-02	1.009925e-02	2.008057e+01
0.119716	-6.406865e-01	9.025263e-02	1.021153e-02	2.005899e+01
0.121104	-6.442499e-01	9.133194e-02	1.032166e-02	2.003739e+01
0.122500	-6.478108e-01	9.241884e-02	1.043006e-02	2.001578e+01
0.123904	-6.513696e-01	9.351281e-02	1.053719e-02	1.999416e+01
0.125316	-6.549267e-01	9.461322e-02	1.064363e-02	1.997254e+01
0.126736	-6.584824e-01	9.571939e-02	1.074999e-02	1.995092e+01
0.128164	-6.620369e-01	9.683055e-02	1.085692e-02	1.992930e+01
0.129600	-6.655902e-01	9.794594e-02	1.096510e-02	1.990765e+01
0.131044	-6.691423e-01	9.906478e-02	1.107520e-02	1.988595e+01
0.132496	-6.726931e-01	1.001863e-01	1.118785e-02	1.986419e+01
0.133956	-6.762422e-01	1.013098e-01	1.130365e-02	1.984233e+01
0.135424	-6.797893e-01	1.024347e-01	1.142313e-02	1.982034e+01
0.136900	-6.833341e-01	1.035603e-01	1.154670e-02	1.979819e+01
0.138384	-6.868759e-01	1.046862e-01	1.167472e-02	1.977585e+01
0.139876	-6.904141e-01	1.058122e-01	1.180740e-02	1.975328e+01
0.141376	-6.939482e-01	1.069379e-01	1.194482e-02	1.973046e+01
0.142884	-6.974774e-01	1.080634e-01	1.208696e-02	1.970736e+01
0.144400	-7.010011e-01	1.091887e-01	1.223366e-02	1.968395e+01
0.145924	-7.045185e-01	1.103141e-01	1.238462e-02	1.966022e+01
0.147456	-7.080292e-01	1.114398e-01	1.253944e-02	1.963615e+01
0.148996	-7.115324e-01	1.125664e-01	1.269761e-02	1.961174e+01
0.150544	-7.150277e-01	1.136943e-01	1.285853e-02	1.958698e+01
0.152100	-7.185146e-01	1.148243e-01	1.302154e-02	1.956189e+01
0.153664	-7.219928e-01	1.159570e-01	1.318592e-02	1.953646e+01
0.155236	-7.254621e-01	1.170931e-01	1.335092e-02	1.951073e+01
0.156816	-7.289223e-01	1.182334e-01	1.351580e-02	1.948470e+01
0.158404	-7.323735e-01	1.193785e-01	1.367985e-02	1.945840e+01
0.160000	-7.358159e-01	1.205291e-01	1.384239e-02	1.943186e+01
0.161604	-7.392497e-01	1.216858e-01	1.400283e-02	1.940511e+01
0.163216	-7.426752e-01	1.228490e-01	1.416066e-02	1.937818e+01
0.164836	-7.460930e-01	1.240190e-01	1.431548e-02	1.935111e+01
0.166464	-7.495036e-01	1.251962e-01	1.446701e-02	1.932392e+01
0.168100	-7.529075e-01	1.263805e-01	1.461513e-02	1.929666e+01
0.169744	-7.563056e-01	1.275719e-01	1.475983e-02	1.926933e+01
0.171396	-7.596985e-01	1.287701e-01	1.490126e-02	1.924198e+01
0.173056	-7.630868e-01	1.299748e-01	1.503969e-02	1.921461e+01
0.174724	-7.664714e-01	1.311855e-01	1.517555e-02	1.918724e+01
0.176400	-7.698527e-01	1.324014e-01	1.530938e-02	1.915989e+01
0.178084	-7.732315e-01	1.336219e-01	1.544179e-02	1.913256e+01
0.179776	-7.766083e-01	1.348460e-01	1.557351e-02	1.910524e+01
0.181476	-7.799834e-01	1.360730e-01	1.570532e-02	1.907793e+01
0.183184	-7.833572e-01	1.373018e-01	1.583802e-02	1.905062e+01
0.184900	-7.867299e-01	1.385315e-01	1.597243e-02	1.902330e+01
0.186624	-7.901014e-01	1.397613e-01	1.610935e-02	1.899593e+01
0.188356	-7.934717e-01	1.409902e-01	1.624953e-02	1.896851e+01
0.190096	-7.968407e-01	1.422176e-01	1.639364e-02	1.894100e+01
0.191844	-8.002079e-01	1.434427e-01	1.654227e-02	1.891338e+01
0.193600	-8.035729e-01	1.446651e-01	1.669588e-02	1.888563e+01
0.195364	-8.069351e-01	1.458843e-01	1.685481e-02	1.885771e+01
0.197136	-8.102939e-01	1.471002e-01	1.701925e-02	1.882961e+01
0.198916	-8.136486e-01	1.483126e-01	1.718923e-02	1.880129e+01
0.200704	-8.169983e-01	1.495218e-01	1.736463e-02	1.877275e+01
0.202500	-8.203423e-01	1.507280e-01	1.754519e-02	1.874396e+01
0.204304	-8.236799e-01	1.519315e-01	1.773047e-02	1.871493e+01
0.206116	-8.270101e-01	1.531331e-01	1.791994e-02	1.868563e+01
0.207936	-8.303323e-01	1.543332e-01	1.811293e-02	1.865606e+01
0.209764	-8.336458e-01	1.555328e-01	1.830867e-02	1.862624e+01
0.211600	-8.369502e-01	1.567326e-01	1.850633e-02	1.859617e+01
0.213444	-8.402448e-01	1.579335e-01	1.870504e-02	1.856586e+01
0.215296	-8.435294e-01	1.591364e-01	1.890391e-02	1.853533e+01
0.217156	-8.468038e-01	1.603420e-01	1.910206e-02	1.850459e+01
0.219024	-8.500680e-01	1.615512e-01	1.929867e-02	1.847367e+01
0.220900	-8.533220e-01	1.627646e-01	1.949297e-02	1.844259e+01
0.222784	-8.565660e-01	1.639827e-01	1.968431e-02	1.841138e+01
0.224676	-8.598006e-01	1.652061e-01	1.987215e-02	1.838005e+01
0.226576	-8.630261e-01	1.664348e-01	2.005609e-02	1.834864e+01
0.228484	-8.662431e-01	1.676691e-01	2.023590e-02	1.831716e+01
0.230400	-8.694525e-01	1.689088e-01	2.041150e-02	1.828564e+01
0.232324	-8.726549e-01	1.701536e-01	2.058297e-02	1.825409e+01
0.234256	-8.758512e-01	1.714031e-01	2.075057e-02	1.822252e+01
0.236196	-8.790422e-01	1.726567e-01	2.091473e-02	1.819096e+01
0.238144	-8.822288e-01	1.739136e-01	2.107600e-02	1.815940e+01
0.240100	-8.854118e-01	1.751730e-01	2.123509e-02	1.812785e+01
0.242064	-8.885919e-01	1.764338e-01	2.139277e-02	1.809630e+01
0.244036	-8.917698e-01	1.776951e-01	2.154995e-02	1.806475e+01
0.246016	-8.949461e-01	1.789557e-01	2.170755e-02	1.803319e+01
0.248004	-8.981212e-01	1.802147e-01	2.186653e-02	1.800161e+01
0.250000	-9.012954e-01	1.814709e-01	2.202784e-02	1.796999e+01
0.252004	-9.044689e-01	1.827234e-01	2.219237e-02	1.793832e+01
0.254016	-9.076417e-01	1.839715e-01	2.236096e-02	1.790657e+01
0.256036	-9.108136e-01	1.852142e-01	2.253435e-02	1.787473e+01
0.258064	-9.139842e-01	1.864511e-01	2.271313e-02	1.784278e+01
0.260100	-9.171533e-01	1.876818e-01	2.289777e-02	1.781070e+01
0.262144	-9.203201e-01	1.889061e-01	2.308856e-02	1.777847e+01
0.264196	-9.234839e-01	1.901239e-01	2.328561e-02	1.774607e+01
0.266256	-9.266441e-01	1.913354e-01	2.348887e-02	1.771351e+01
0.268324	-9.297996e-01	1.925410e-01	2.369810e-02	1.768076e+01
0.270400	-9.329496e-01	1.937411e-01	2.391286e-02	1.764782e+01
0.272484	-9.360932e-01	1.949366e-01	2.413260e-02	1.761469e+01
0.274576	-9.392294e-01	1.961281e-01	2.435657e-02	1.758137e+01
0.276676	-9.423574e-01	1.973167e-01	2.458395e-02	1.754786e+01
0.278784	-9.454764e-01	1.985032e-01	2.481380e-02	1.751418e+01
0.280900	-9.485856e-01	1.996887e-01	2.504511e-02	1.748033e+01
0.283024	-9.516846e-01	2.008742e-01	2.527685e-02	1.744632e+01
0.285156	-9.547727e-01	2.020607e-01	2.550801e-02	1.741218e+01
0.287296	-9.578498e-01	2.032491e-01	2.573759e-02	1.737791e+01
0.289444	-9.609157e-01	2.044401e-01	2.596467e-02	1.734354e+01
0.291600	-9.639705e-01	2.056344e-01	2.618845e-02	1.730908e+01
0.293764	-9.670142e-01	2.068324e-01	2.640824e-02	1.727455e+01
0.295936	-9.700474e-01	2.080346e-01	2.662352e-02	1.723996e+01
0.298116	-9.730704e-01	2.092408e-01	2.683393e-02	1.720534e+01
0.300304	-9.760840e-01	2.104511e-01	2.703929e-02	1.717069e+01
0.302500	-9.790890e-01	2.116652e-01	2.723964e-02	1.713602e+01
0.304704	-9.820862e-01	2.128825e-01	2.743520e-02	1.710135e+01
0.306916	-9.850765e-01	2.141024e-01	2.762637e-02	1.706667e+01
0.309136	-9.880609e-01	2.153239e-01	2.781373e-02	1.703199e+01
0.311364	-9.910405e-01	2.165461e-01	2.799801e-02	1.699731e+01
0.313600	-9.940161e-01	2.177680e-01	2.818011e-02	1.696262e+01
0.315844	-9.969887e-01	2.189883e-01	2.836098e-02	1.692792e+01
0.318096	-9.999592e-01	2.202059e-01	2.854168e-02	1.689319e+01
0.320356	-1.002928e+00	2.214196e-01	2.872330e-02	1.685844e+01
0.322624	-1.005896e+00	2.226282e-01	2.890693e-02	1.682364e+01
0.324900	-1.008864e+00	2.238308e-01	2.909363e-02	1.678878e+01
0.327184	-1.011831e+00	2.250263e-01	2.928439e-02	1.675386e+01
0.329476	-1.014799e+00	2.262140e-01	2.948009e-02	1.671885e+01
0.331776	-1.017766e+00	2.273932e-01	2.968148e-02	1.668374e+01
0.334084	-1.020733e+00	2.285637e-01	2.988915e-02	1.664853e+01
0.336400	-1.023699e+00	2.297251e-01	3.010350e-02	1.661320e+01
0.338724	-1.026663e+00	2.308776e-01	3.032476e-02	1.657775e+01
0.341056	-1.029626e+00	2.320213e-01	3.055293e-02	1.654217e+01
0.343396	-1.032585e+00	2.331567e-01	3.078780e-02	1.650646e+01
0.345744	-1.035540e+00	2.342844e-01	3.102898e-02	1.647062e+01
0.348100	-1.038490e+00	2.354054e-01	3.127588e-02	1.643465e+01
0.350464	-1.041434e+00	2.365204e-01	3.152772e-02	1.639856e+01
0.352836	-1.044371e+00	2.376306e-01	3.178361e-02	1.636236e+01
0.355216	-1.047300e+00	2.387371e-01	3.204249e-02	1.632605e+01
0.357604	-1.050220e+00	2.398412e-01	3.230327e-02	1.628965e+01
0.360000	-1.053130e+00	2.409438e-01	3.256478e-02	1.625316e+01
0.362404	-1.056029e+00	2.420463e-01	3.282585e-02	1.621661e+01
0.364816	-1.058917e+00	2.431495e-01	3.308533e-02	1.618000e+01
0.367236	-1.061793e+00	2.442544e-01	3.334215e-02	1.614335e+01
0.369664	-1.064657e+00	2.453617e-01	3.359533e-02	1.610667e+01
0.372100	-1.067509e+00	2.464720e-01	3.384406e-02	1.606998e+01
0.374544	-1.070350e+00	2.475856e-01	3.408765e-02	1.603327e+01
0.376996	-1.073178e+00	2.487026e-01	3.432564e-02	1.599656e+01
0.379456	-1.075996e+00	2.498229e-01	3.455776e-02	1.595986e+01
0.381924	-1.078804e+00	2.509462e-01	3.478394e-02	1.592317e+01
0.384400	-1.081602e+00	2.520720e-01	3.500437e-02	1.588649e+01
0.386884	-1.084392e+00	2.531993e-01	3.521942e-02	1.584981e+01
0.389376	-1.087174e+00	2.543274e-01	3.542967e-02	1.581315e+01
0.391876	-1.089950e+00	2.554551e-01	3.563591e-02	1.577649e+01
0.394384	-1.092721e+00	2.565813e-01	3.583907e-02	1.573982e+01
0.396900	-1.095488e+00	2.577046e-01	3.604020e-02	1.570314e+01
0.399424	-1.098251e+00	2.588237e-01	3.624046e-02	1.566644e+01
0.401956	-1.101013e+00	2.599374e-01	3.644109e-02	1.562970e+01
0.404496	-1.103773e+00	2.610444e-01	3.664329e-02	1.559293e+01
0.407044	-1.106533e+00	2.621436e-01	3.684830e-02	1.555610e+01
0.409600	-1.109293e+00	2.632339e-01	3.705724e-02	1.551920e+01
0.412164	-1.112054e+00	2.643146e-01	3.727116e-02	1.548224e+01
0.414736	-1.114815e+00	2.653850e-01	3.749095e-02	1.544520e+01
0.417316	-1.117577e+00	2.664447e-01	3.771736e-02	1.540807e+01
0.419904	-1.120339e+00	2.674935e-01	3.795090e-02	1.537086e+01
0.422500	-1.123102e+00	2.685315e-01	3.819189e-02	1.533357e+01
0.425104	-1.125864e+00	2.695590e-01	3.844043e-02	1.529619e+01
0.427716	-1.128624e+00	2.705766e-01	3.869637e-02	1.525872e+01
0.430336	-1.131383e+00	2.715849e-01	3.895932e-02	1.522119e+01
0.432964	-1.134138e+00	2.725850e-01	3.922871e-02	1.518358e+01
0.435600	-1.136889e+00	2.735779e-01	3.950374e-02	1.514592e+01
0.438244	-1.139634e+00	2.745649e-01	3.978342e-02	1.510821e+01
0.440896	-1.142373e+00	2.755472e-01	4.006667e-02	1.507046e+01
0.443556	-1.145103e+00	2.765262e-01	4.035224e-02	1.503269e+01
0.446224	-1.147825e+00	2.775032e-01	4.063885e-02	1.499492e+01
0.448900	-1.150537e+00	2.784794e-01	4.092519e-02	1.495714e+01
0.451584	-1.153237e+00	2.794560e-01	4.120996e-02	1.491938e+01
0.454276	-1.155926e+00	2.804340e-01	4.149193e-02	1.488164e+01
0.456976	-1.158604e+00	2.814142e-01	4.176997e-02	1.484393e+01
0.459684	-1.161268e+00	2.823973e-01	4.204310e-02	1.480626e+01
0.462400	-1.163920e+00	2.833836e-01	4.231050e-02	1.476864e+01
0.465124	-1.166560e+00	2.843733e-01	4.257157e-02	1.473106e+01
0.467856	-1.169187e+00	2.853663e-01	4.282593e-02	1.469353e+01
0.470596	-1.171803e+00	2.863621e-01	4.307344e-02	1.465604e+01
0.473344	-1.174407e+00	2.873603e-01	4.331421e-02	1.461860e+01
0.476100	-1.177002e+00	2.883600e-01	4.354858e-02	1.458120e+01
0.478864	-1.179587e+00	2.893601e-01	4.377713e-02	1.454382e+01
0.481636	-1.182165e+00	2.903594e-01	4.400067e-02	1.450646e+01
0.484416	-1.184735e+00	2.913567e-01	4.422016e-02	1.446911e+01
0.487204	-1.187301e+00	2.923506e-01	4.443677e-02	1.443176e+01
0.490000	-1.189862e+00	2.933397e-01	4.465174e-02	1.439440e+01
0.492804	-1.192420e+00	2.943224e-01	4.486641e-02	1.435701e+01
0.495616	-1.194976e+00	2.952976e-01	4.508215e-02	1.431960e+01
0.498436	-1.197532e+00	2.962639e-01	4.530032e-02	1.428214e+01
0.501264	-1.200087e+00	2.972204e-01	4.552222e-02	1.424463e+01
0.504100	-1.202644e+00	2.981660e-01	4.574905e-02	1.420707e+01
0.506944	-1.205201e+00	2.991001e-01	4.598185e-02	1.416945e+01
0.509796	-1.207760e+00	3.000223e-01	4.622152e-02	1.413177e+01
0.512656	-1.210321e+00	3.009325e-01	4.646870e-02	1.409403e+01
0.515524	-1.212884e+00	3.018306e-01	4.672383e-02	1.405625e+01
0.518400	-1.215447e+00	3.027172e-01	4.698708e-02	1.401841e+01
0.521284	-1.218011e+00	3.035928e-01	4.725839e-02	1.398053e+01
0.524176	-1.220575e+00	3.044583e-01	4.753741e-02	1.394263e+01
0.527076	-1.223137e+00	3.053147e-01	4.782357e-02	1.390471e+01
0.529984	-1.225697e+00	3.061632e-01	4.811605e-02	1.386678e+01
0.532900	-1.228254e+00	3.070053e-01	4.841383e-02	1.382887e+01
0.535824	-1.230805e+00	3.078422e-01	4.871574e-02	1.379098e+01
0.538756	-1.233351e+00	3.086757e-01	4.902044e-02	1.375312e+01
0.541696	-1.235889e+00	3.095069e-01	4.932654e-02	1.371532e+01
0.544644	-1.238418e+00	3.103375e-01	4.963258e-02	1.367758e+01
0.547600	-1.240937e+00	3.111686e-01	4.993712e-02	1.363992e+01
0.550564	-1.243445e+00	3.120014e-01	5.023877e-02	1.360233e+01
0.553536	-1.245941e+00	3.128368e-01	5.053625e-02	1.356484e+01
0.556516	-1.248425e+00	3.136754e-01	5.082840e-02	1.352744e+01
0.559504	-1.250896e+00	3.145179e-01	5.111427e-02	1.349013e+01
0.562500	-1.253354e+00	3.153642e-01	5.139312e-02	1.345292e+01
0.565504	-1.255799e+00	3.162143e-01	5.166446e-02	1.341579e+01
0.568516	-1.258231e+00	3.170679e-01	5.192804e-02	1.337875e+01
0.571536	-1.260651e+00	3.179243e-01	5.218390e-02	1.334179e+01
0.574564	-1.263059e+00	3.187825e-01	5.243234e-02	1.330489e+01
0.577600	-1.265457e+00	3.196416e-01	5.267393e-02	1.326805e+01
0.580644	-1.267845e+00	3.205002e-01	5.290947e-02	1.323125e+01
0.583696	-1.270224e+00	3.213568e-01	5.313998e-02	1.319448e+01
0.586756	-1.272597e+00	3.222100e-01	5.336668e-02	1.315773e+01
0.589824	-1.274964e+00	3.230583e-01	5.359092e-02	1.312098e+01
0.592900	-1.277327e+00	3.239002e-01	5.381414e-02	1.308422e+01
0.595984	-1.279687e+00	3.247340e-01	5.403786e-02	1.304745e+01
0.599076	-1.282045e+00	3.255587e-01	5.426358e-02	1.301065e+01
0.602176	-1.284403e+00	3.263728e-01	5.449275e-02	1.297381e+01
0.605284	-1.286762e+00	3.271756e-01	5.472672e-02	1.293694e+01
0.608400	-1.289123e+00	3.279663e-01	5.496671e-02	1.290003e+01
0.611524	-1.291485e+00	3.287443e-01	5.521375e-02	1.286308e+01
0.614656	-1.293850e+00	3.295096e-01	5.546863e-02	1.282610e+01
0.617796	-1.296218e+00	3.302622e-01	5.573192e-02	1.278909e+01
0.620944	-1.298588e+00	3.310026e-01	5.600389e-02	1.275206e+01
0.624100	-1.300961e+00	3.317314e-01	5.628454e-02	1.271502e+01
0.627264	-1.303335e+00	3.324496e-01	5.657359e-02	1.267799e+01
0.630436	-1.305709e+00	3.331583e-01	5.687048e-02	1.264098e+01
0.633616	-1.308084e+00	3.338588e-01	5.717440e-02	1.260400e+01
0.636804	-1.310457e+00	3.345527e-01	5.748429e-02	1.256708e+01
0.640000	-1.312827e+00	3.352414e-01	5.779891e-02	1.253022e+01
0.643204	-1.315194e+00	3.359268e-01	5.811684e-02	1.249344e+01
0.646416	-1.317554e+00	3.366102e-01	5.843658e-02	1.245676e+01
0.649636	-1.319907e+00	3.372933e-01	5.875654e-02	1.242019e+01
0.652864	-1.322252e+00	3.379774e-01	5.907513e-02	1.238374e+01
0.656100	-1.324588e+00	3.386639e-01	5.939081e-02	1.234742e+01
0.659344	-1.326912e+00	3.393537e-01	5.970212e-02	1.231122e+01
0.662596	-1.329224e+00	3.400476e-01	6.000778e-02	1.227517e+01
0.665856	-1.331524e+00	3.407461e-01	6.030666e-02	1.223924e+01
0.669124	-1.333810e+00	3.414495e-01	6.059789e-02	1.220345e+01
0.672400	-1.336083e+00	3.421576e-01	6.088083e-02	1.216779e+01
0.675684	-1.338342e+00	3.428701e-01	6.115515e-02	1.213224e+01
0.678976	-1.340588e+00	3.435862e-01	6.142080e-02	1.209679e+01
0.682276	-1.342821e+00	3.443051e-01	6.167802e-02	1.206144e+01
0.685584	-1.345042e+00	3.450256e-01	6.192735e-02	1.202618e+01
0.688900	-1.347252e+00	3.457462e-01	6.216959e-02	1.199097e+01
0.692224	-1.349452e+00	3.464656e-01	6.240581e-02	1.195582e+01
0.695556	-1.351643e+00	3.471819e-01	6.263726e-02	1.192070e+01
0.698896	-1.353827e+00	3.478937e-01	6.286538e-02	1.188561e+01
0.702244	-1.356006e+00	3.485992e-01	6.309174e-02	1.185052e+01
0.705600	-1.358180e+00	3.492968e-01	6.331796e-02	1.181543e+01
0.708964	-1.360352e+00	3.499852e-01	6.354569e-02	1.178032e+01
0.712336	-1.362523e+00	3.506630e-01	6.377654e-02	1.174520e+01
0.715716	-1.364693e+00	3.513291e-01	6.401202e-02	1.171005e+01
0.719104	-1.366866e+00	3.519828e-01	6.425352e-02	1.167488e+01
0.722500	-1.369040e+00	3.526236e-01	6.450220e-02	1.163968e+01
0.725904	-1.371218e+00	3.532512e-01	6.475902e-02	1.160447e+01
0.729316	-1.373399e+00	3.538657e-01	6.502467e-02	1.156924e+01
0.732736	-1.375584e+00	3.544676e-01	6.529953e-02	1.153402e+01
0.736164	-1.377773e+00	3.550576e-01	6.558370e-02	1.149880e+01
0.739600	-1.379964e+00	3.556366e-01	6.587697e-02	1.146362e+01
0.743044	-1.382159e+00	3.562060e-01	6.617880e-02	1.142847e+01
0.746496	-1.384356e+00	3.567670e-01	6.648838e-02	1.139339e+01
0.749956	-1.386553e+00	3.573214e-01	6.680466e-02	1.135838e+01
0.753424	-1.388749e+00	3.578709e-01	6.712631e-02	1.132346e+01
0.756900	-1.390944e+00	3.584171e-01	6.745187e-02	1.128865e+01
0.760384	-1.393135e+00	3.589619e-01	6.777970e-02	1.125397e+01
0.763876	-1.395322e+00	3.595068e-01	6.810811e-02	1.121942e+01
0.767376	-1.397501e+00	3.600535e-01	6.843536e-02	1.118502e+01
0.770884	-1.399673e+00	3.606033e-01	6.875976e-02	1.115078e+01
0.774400	-1.401834e+00	3.611573e-01	6.907970e-02	1.111670e+01
0.777924	-1.403985e+00	3.617164e-01	6.939371e-02	1.108277e+01
0.781456	-1.406124e+00	3.622812e-01	6.970054e-02	1.104901e+01
0.784996	-1.408250e+00	3.628520e-01	6.999914e-02	1.101541e+01
0.788544	-1.410362e+00	3.634287e-01	7.028876e-02	1.098196e+01
0.792100	-1.412460e+00	3.640109e-01	7.056894e-02	1.094865e+01
0.795664	-1.414545e+00	3.645979e-01	7.083953e-02	1.091546e+01
0.799236	-1.416615e+00	3.651888e-01	7.110072e-02	1.088239e+01
0.802816	-1.418672e+00	3.657823e-01	7.135299e-02	1.084943e+01
0.806404	-1.420717e+00	3.663770e-01	7.159715e-02	1.081654e+01
0.810000	-1.422751e+00	3.669711e-01	7.183427e-02	1.078372e+01
0.813604	-1.424774e+00	3.675631e-01	7.206567e-02	1.075096e+01
0.817216	-1.426788e+00	3.681510e-01	7.229284e-02	1.071822e+01
0.820836	-1.428795e+00	3.687332e-01	7.251746e-02	1.068551e+01
0.824464	-1.430796e+00	3.693079e-01	7.274128e-02	1.065281e+01
0.828100	-1.432794e+00	3.698735e-01	7.296608e-02	1.062011e+01
0.831744	-1.434789e+00	3.704286e-01	7.319362e-02	1.058740e+01
0.835396	-1.436784e+00	3.709721e-01	7.342557e-02	1.055467e+01
0.839056	-1.438779e+00	3.715030e-01	7.366349e-02	1.052193e+01
0.842724	-1.440777e+00	3.720208e-01	7.390870e-02	1.048917e+01
0.846400	-1.442777e+00	3.725252e-01	7.416231e-02	1.045641e+01
0.850084	-1.444782e+00	3.730163e-01	7.442514e-02	1.042364e+01
0.853776	-1.446791e+00	3.734944e-01	7.469772e-02	1.039089e+01
0.857476	-1.448806e+00	3.739604e-01	7.498023e-02	1.035815e+01
0.861184	-1.450825e+00	3.744151e-01	7.527252e-02	1.032545e+01
0.864900	-1.452848e+00	3.748600e-01	7.557414e-02	1.029280e+01
0.868624	-1.454875e+00	3.752965e-01	7.588427e-02	1.026022e+01
0.872356	-1.456906e+00	3.757264e-01	7.620185e-02	1.022773e+01
0.876096	-1.458937e+00	3.761514e-01	7.652553e-02	1.019534e+01
0.879844	-1.460970e+00	3.765735e-01	7.685376e-02	1.016307e+01
0.883600	-1.463001e+00	3.769945e-01	7.718482e-02	1.013094e+01
0.887364	-1.465029e+00	3.774162e-01	7.751689e-02	1.009896e+01
0.891136	-1.467053e+00	3.778404e-01	7.784810e-02	1.006714e+01
0.894916	-1.469071e+00	3.782684e-01	7.817661e-02	1.003548e+01
0.898704	-1.471080e+00	3.787016e-01	7.850065e-02	1.000400e+01
0.902500	-1.473080e+00	3.791409e-01	7.881860e-02	9.972696e+00
0.906304	-1.475070e+00	3.795870e-01	7.912902e-02	9.941566e+00
0.910116	-1.477047e+00	3.800404e-01	7.943073e-02	9.910607e+00
0.913936	-1.479011e+00	3.805008e-01	7.972282e-02	9.879811e+00
0.917764	-1.480961e+00	3.809681e-01	8.000472e-02	9.849170e+00
0.921600	-1.482896e+00	3.814414e-01	8.027617e-02	9.818672e+00
0.925444	-1.484818e+00	3.819199e-01	8.053727e-02	9.788301e+00
0.929296	-1.486725e+00	3.824021e-01	8.078846e-02	9.758044e+00
0.933156	-1.488618e+00	3.828866e-01	8.103053e-02	9.727882e+00
0.937024	-1.490499e+00	3.833717e-01	8.126454e-02	9.697800e+00
0.940900	-1.492367e+00	3.838555e-01	8.149185e-02	9.667780e+00
0.944784	-1.494226e+00	3.843360e-01	8.171403e-02	9.637806e+00
0.948676	-1.496075e+00	3.848114e-01	8.193284e-02	9.607863e+00
0.952576	-1.497917e+00	3.852799e-01	8.215014e-02	9.577938e+00
0.956484	-1.499754e+00	3.857396e-01	8.236785e-02	9.548019e+00
0.960400	-1.501587e+00	3.861891e-01	8.258789e-02	9.518100e+00
0.964324	-1.503418e+00	3.866271e-01	8.281208e-02	9.488173e+00
0.968256	-1.505250e+00	3.870525e-01	8.304214e-02	9.458236e+00
0.972196	-1.507082e+00	3.874646e-01	8.327956e-02	9.428290e+00
0.976144	-1.508918e+00	3.878631e-01	8.352561e-02	9.398339e+00
0.980100	-1.510758e+00	3.882481e-01	8.378126e-02	9.368390e+00
0.984064	-1.512602e+00	3.886198e-01	8.404716e-02	9.338451e+00
0.988036	-1.514453e+00	3.889791e-01	8.432362e-02	9.308536e+00
0.992016	-1.516309e+00	3.893268e-01	8.461057e-02	9.278658e+00
0.996004	-1.518172e+00	3.896645e-01	8.490761e-02	9.248833e+00