
0.000004	-3.349727e-03	9.755829e-08	9.861665e-12	1.762532e+01
0.000016	-6.700333e-03	7.793380e-07	3.145910e-10	1.762975e+01
0.000036	-1.005269e-02	2.623951e-06	2.376559e-09	1.763710e+01
0.000064	-1.340765e-02	6.198936e-06	9.942418e-09	1.764735e+01
0.000100	-1.676604e-02	1.205558e-05	3.006081e-08	1.766042e+01
0.000144	-2.012867e-02	2.072418e-05	7.395735e-08	1.767626e+01
0.000196	-2.349630e-02	3.270979e-05	1.577299e-07	1.769479e+01
0.000256	-2.686965e-02	4.848865e-05	3.028359e-07	1.771591e+01
0.000324	-3.024938e-02	6.850530e-05	5.363523e-07	1.773953e+01
0.000400	-3.363613e-02	9.317041e-05	8.910019e-07	1.776553e+01
0.000484	-3.703047e-02	1.228595e-04	1.404947e-06	1.779380e+01
0.000576	-4.043289e-02	1.579121e-04	2.121366e-06	1.782421e+01
0.000676	-4.384387e-02	1.986323e-04	3.087838e-06	1.785662e+01
0.000784	-4.726379e-02	2.452892e-04	4.355567e-06	1.789092e+01
0.000900	-5.069302e-02	2.981182e-04	5.978485e-06	1.792697e+01
0.001024	-5.413184e-02	3.573235e-04	8.012293e-06	1.796462e+01
0.001156	-5.758050e-02	4.230796e-04	1.051346e-05	1.800377e+01
0.001296	-6.103920e-02	4.955345e-04	1.353829e-05	1.804426e+01
0.001444	-6.450809e-02	5.748120e-04	1.714201e-05	1.808599e+01
0.001600	-6.798729e-02	6.610142e-04	2.137802e-05	1.812882e+01
0.001764	-7.147687e-02	7.542247e-04	2.629732e-05	1.817265e+01
0.001936	-7.497690e-02	8.545103e-04	3.194804e-05	1.821736e+01
0.002116	-7.848739e-02	9.619235e-04	3.837532e-05	1.826285e+01
0.002304	-8.200834e-02	1.076504e-03	4.562125e-05	1.830903e+01
0.002500	-8.553972e-02	1.198280e-03	5.372515e-05	1.835579e+01
0.002704	-8.908147e-02	1.327269e-03	6.272394e-05	1.840305e+01
0.002916	-9.263355e-02	1.463478e-03	7.265277e-05	1.845074e+01
0.003136	-9.619585e-02	1.606904e-03	8.354571e-05	1.849876e+01
0.003364	-9.976828e-02	1.757533e-03	9.543651e-05	1.854705e+01
0.003600	-1.033507e-01	1.915340e-03	1.083594e-04	1.859554e+01
0.003844	-1.069430e-01	2.080288e-03	1.223500e-04	1.864416e+01
0.004096	-1.105451e-01	2.252327e-03	1.374457e-04	1.869283e+01
0.004356	-1.141567e-01	2.431393e-03	1.536864e-04	1.874150e+01
0.004624	-1.177776e-01	2.617407e-03	1.711146e-04	1.879009e+01
0.004900	-1.214076e-01	2.810277e-03	1.897756e-04	1.883854e+01
0.005184	-1.250466e-01	3.009895e-03	2.097169e-04	1.888678e+01
0.005476	-1.286942e-01	3.216139e-03	2.309878e-04	1.893475e+01
0.005776	-1.323501e-01	3.428873e-03	2.536385e-04	1.898237e+01
0.006084	-1.360140e-01	3.647952e-03	2.777186e-04	1.902957e+01
0.006400	-1.396856e-01	3.873219e-03	3.032752e-04	1.907629e+01
0.006724	-1.433645e-01	4.104513e-03	3.303517e-04	1.912245e+01
0.007056	-1.470504e-01	4.341670e-03	3.589852e-04	1.916799e+01
0.007396	-1.507428e-01	4.584526e-03	3.892044e-04	1.921283e+01
0.007744	-1.544414e-01	4.832925e-03	4.210272e-04	1.925691e+01
0.008100	-1.581457e-01	5.086720e-03	4.544587e-04	1.930018e+01
0.008464	-1.618554e-01	5.345780e-03	4.894889e-04	1.934256e+01
0.008836	-1.655699e-01	5.609995e-03	5.260911e-04	1.938401e+01
0.009216	-1.692889e-01	5.879278e-03	5.642202e-04	1.942449e+01
0.009604	-1.730120e-01	6.153573e-03	6.038118e-04	1.946395e+01
0.010000	-1.767389e-01	6.432856e-03	6.447819e-04	1.950235e+01
0.010404	-1.804691e-01	6.717138e-03	6.870271e-04	1.953968e+01
0.010816	-1.842023e-01	7.006467e-03	7.304249e-04	1.957593e+01
0.011236	-1.879383e-01	7.300932e-03	7.748360e-04	1.961108e+01
0.011664	-1.916767e-01	7.600657e-03	8.201063e-04	1.964513e+01
0.012100	-1.954175e-01	7.905804e-03	8.660695e-04	1.967811e+01
0.012544	-1.991604e-01	8.216569e-03	9.125513e-04	1.971004e+01
0.012996	-2.029053e-01	8.533179e-03	9.593731e-04	1.974093e+01
0.013456	-2.066522e-01	8.855884e-03	1.006357e-03	1.977083e+01
0.013924	-2.104009e-01	9.184956e-03	1.053329e-03	1.979979e+01
0.014400	-2.141516e-01	9.520676e-03	1.100129e-03	1.982785e+01
0.014884	-2.179043e-01	9.863333e-03	1.146609e-03	1.985506e+01
0.015376	-2.216590e-01	1.021321e-02	1.192644e-03	1.988149e+01
0.015876	-2.254158e-01	1.057058e-02	1.238133e-03	1.990718e+01
0.016384	-2.291750e-01	1.093570e-02	1.283004e-03	1.993219e+01
0.016900	-2.329366e-01	1.130879e-02	1.327221e-03	1.995659e+01
0.017424	-2.367007e-01	1.169005e-02	1.370781e-03	1.998041e+01
0.017956	-2.404675e-01	1.207962e-02	1.413717e-03	2.000372e+01
0.018496	-2.442372e-01	1.247761e-02	1.456104e-03	2.002654e+01
0.019044	-2.480098e-01	1.288408e-02	1.498051e-03	2.004893e+01
0.019600	-2.517854e-01	1.329902e-02	1.539704e-03	2.007089e+01
0.020164	-2.555640e-01	1.372238e-02	1.581241e-03	2.009247e+01
0.020736	-2.593457e-01	1.415406e-02	1.622869e-03	2.011366e+01
0.021316	-2.631305e-01	1.459392e-02	1.664819e-03	2.013447e+01
0.021904	-2.669181e-01	1.504174e-02	1.707339e-03	2.015490e+01
0.022500	-2.707086e-01	1.549730e-02	1.750687e-03	2.017493e+01
0.023104	-2.745016e-01	1.596033e-02	1.795125e-03	2.019455e+01
0.023716	-2.782970e-01	1.643052e-02	1.840910e-03	2.021372e+01
0.024336	-2.820945e-01	1.690759e-02	1.888286e-03	2.023241e+01
0.024964	-2.858938e-01	1.739122e-02	1.937477e-03	2.025060e+01
0.025600	-2.896945e-01	1.788111e-02	1.988678e-03	2.026823e+01
0.026244	-2.934962e-01	1.837698e-02	2.042050e-03	2.028527e+01
0.026896	-2.972986e-01	1.887858e-02	2.097714e-03	2.030168e+01
0.027556	-3.011013e-01	1.938568e-02	2.155743e-03	2.031741e+01
0.028224	-3.049038e-01	1.989811e-02	2.216163e-03	2.033244e+01
0.028900	-3.087058e-01	2.041577e-02	2.278948e-03	2.034673e+01
0.029584	-3.125068e-01	2.093858e-02	2.344020e-03	2.036024e+01
0.030276	-3.163066e-01	2.146654e-02	2.411252e-03	2.037297e+01
0.030976	-3.201049e-01	2.199973e-02	2.480466e-03	2.038490e+01
0.031684	-3.239013e-01	2.253826e-02	2.551444e-03	2.039603e+01
0.032400	-3.276956e-01	2.308233e-02	2.623929e-03	2.040634e+01
0.033124	-3.314878e-01	2.363216e-02	2.697635e-03	2.041586e+01
0.033856	-3.352777e-01	2.418804e-02	2.772254e-03	2.042461e+01
0.034596	-3.390653e-01	2.475030e-02	2.847466e-03	2.043260e+01
0.035344	-3.428505e-01	2.531929e-02	2.922950e-03	2.043988e+01
0.036100	-3.466336e-01	2.589537e-02	2.998390e-03	2.044647e+01
0.036864	-3.504145e-01	2.647891e-02	3.073494e-03	2.045243e+01
0.037636	-3.541935e-01	2.707027e-02	3.147995e-03	2.045780e+01
0.038416	-3.579709e-01	2.766980e-02	3.221664e-03	2.046262e+01
0.039204	-3.617468e-01	2.827781e-02	3.294321e-03	2.046695e+01
0.040000	-3.655215e-01	2.889455e-02	3.365837e-03	2.047084e+01
0.040804	-3.692953e-01	2.952023e-02	3.436142e-03	2.047433e+01
0.041616	-3.730685e-01	3.015500e-02	3.505228e-03	2.047746e+01
0.042436	-3.768413e-01	3.079893e-02	3.573153e-03	2.048029e+01
0.043264	-3.806140e-01	3.145203e-02	3.640034e-03	2.048283e+01
0.044100	-3.843868e-01	3.211422e-02	3.706053e-03	2.048513e+01
0.044944	-3.881598e-01	3.278536e-02	3.771446e-03	2.048719e+01
0.045796	-3.919332e-01	3.346523e-02	3.836498e-03	2.048903e+01
0.046656	-3.957070e-01	3.415355e-02	3.901537e-03	2.049066e+01
0.047524	-3.994812e-01	3.484998e-02	3.966920e-03	2.049207e+01
0.048400	-4.032558e-01	3.555413e-02	4.033027e-03	2.049326e+01
0.049284	-4.070306e-01	3.626559e-02	4.100244e-03	2.049420e+01
0.050176	-4.108053e-01	3.698391e-02	4.168952e-03	2.049487e+01
0.051076	-4.145798e-01	3.770866e-02	4.239519e-03	2.049525e+01
0.051984	-4.183537e-01	3.843939e-02	4.312280e-03	2.049529e+01
0.052900	-4.221266e-01	3.917570e-02	4.387529e-03	2.049497e+01
0.053824	-4.258981e-01	3.991720e-02	4.465511e-03	2.049425e+01
0.054756	-4.296679e-01	4.066358e-02	4.546410e-03	2.049308e+01
0.055696	-4.334353e-01	4.141457e-02	4.630340e-03	2.049144e+01
0.056644	-4.372000e-01	4.216997e-02	4.717345e-03	2.048928e+01
0.057600	-4.409616e-01	4.292969e-02	4.807394e-03	2.048659e+01
0.058564	-4.447195e-01	4.369368e-02	4.900378e-03	2.048332e+01
0.059536	-4.484734e-01	4.446200e-02	4.996116e-03	2.047947e+01
0.060516	-4.522230e-01	4.523479e-02	5.094358e-03	2.047502e+01
0.061504	-4.559679e-01	4.601227e-02	5.194794e-03	2.046997e+01
0.062500	-4.597079e-01	4.679473e-02	5.297060e-03	2.046431e+01
0.063504	-4.634428e-01	4.758252e-02	5.400751e-03	2.045807e+01
0.064516	-4.671725e-01	4.837605e-02	5.505435e-03	2.045124e+01
0.065536	-4.708971e-01	4.917575e-02	5.610666e-03	2.044387e+01
0.066564	-4.746166e-01	4.998208e-02	5.715996e-03	2.043597e+01
0.067600	-4.783311e-01	5.079551e-02	5.820995e-03	2.042758e+01
0.068644	-4.820408e-01	5.161649e-02	5.925263e-03	2.041875e+01
0.069696	-4.857461e-01	5.244543e-02	6.028443e-03	2.040951e+01
0.070756	-4.894472e-01	5.328271e-02	6.130236e-03	2.039991e+01
0.071824	-4.931444e-01	5.412864e-02	6.230412e-03	2.038999e+01
0.072900	-4.968383e-01	5.498347e-02	6.328814e-03	2.037980e+01
0.073984	-5.005292e-01	5.584734e-02	6.425373e-03	2.036938e+01
0.075076	-5.042175e-01	5.672031e-02	6.520106e-03	2.035876e+01
0.076176	-5.079036e-01	5.760235e-02	6.613117e-03	2.034799e+01
0.077284	-5.115880e-01	5.849332e-02	6.704600e-03	2.033709e+01
0.078400	-5.152709e-01	5.939299e-02	6.794826e-03	2.032609e+01
0.079524	-5.189526e-01	6.030102e-02	6.884145e-03	2.031499e+01
0.080656	-5.226333e-01	6.121702e-02	6.972967e-03	2.030381e+01
0.081796	-5.263133e-01	6.214049e-02	7.061757e-03	2.029255e+01
0.082944	-5.299925e-01	6.307090e-02	7.151013e-03	2.028120e+01
0.084100	-5.336710e-01	6.400766e-02	7.241257e-03	2.026976e+01
0.085264	-5.373486e-01	6.495016e-02	7.333013e-03	2.025818e+01
0.086436	-5.410251e-01	6.589779e-02	7.426794e-03	2.024647e+01
0.087616	-5.447003e-01	6.684994e-02	7.523082e-03	2.023457e+01
0.088804	-5.483738e-01	6.780607e-02	7.622309e-03	2.022247e+01
0.090000	-5.520452e-01	6.876565e-02	7.724850e-03	2.021012e+01
0.091204	-5.557141e-01	6.972824e-02	7.831001e-03	2.019750e+01
0.092416	-5.593798e-01	7.069347e-02	7.940973e-03	2.018455e+01
0.093636	-5.630418e-01	7.166110e-02	8.054883e-03	2.017125e+01
0.094864	-5.666997e-01	7.263095e-02	8.172747e-03	2.015757e+01
0.096100	-5.703528e-01	7.360298e-02	8.294479e-03	2.014347e+01
0.097344	-5.740006e-01	7.457725e-02	8.419894e-03	2.012895e+01
0.098596	-5.776425e-01	7.555393e-02	8.548709e-03	2.011397e+01
0.099856	-5.812783e-01	7.653329e-02	8.680554e-03	2.009852e+01
0.101124	-5.849073e-01	7.751570e-02	8.814981e-03	2.008261e+01
0.102400	-5.885294e-01	7.850160e-02	8.951481e-03	2.006624e+01
0.103684	-5.921443e-01	7.949150e-02	9.089495e-03	2.004942e+01
0.104976	-5.957519e-01	8.048596e-02	9.228439e-03	2.003215e+01
0.106276	-5.993522e-01	8.148556e-02	9.367714e-03	2.001448e+01
0.107584	-6.029451e-01	8.249087e-02	9.506734e-03	1.999641e+01
0.108900	-6.065310e-01	8.350246e-02	9.644943e-03	1.997799e+01
0.110224	-6.101100e-01	8.452086e-02	9.781831e-03	1.995926e+01
0.111556	-6.136825e-01	8.554652e-02	9.916956e-03	1.994024e+01
0.112896	-6.172488e-01	8.657981e-02	1.004996e-02	1.992098e+01
0.114244	-6.208096e-01	8.762104e-02	1.018057e-02	1.990152e+01
0.115600	-6.243652e-01	8.867036e-02	1.030863e-02	1.988190e+01
0.116964	-6.279163e-01	8.972785e-02	1.043410e-02	1.986215e+01
0.118336	-6.314634e-01	9.079342e-02	1.055704e-02	1.984230e+01
0.119716	-6.350071e-01	9.186688e-02	1.067763e-02	1.982239e+01
0.121104	-6.385479e-01	9.294791e-02	1.079616e-02	1.980243e+01
0.122500	-6.420863e-01	9.403608e-02	1.091304e-02	1.978245e+01
0.123904	-6.456227e-01	9.513085e-02	1.102873e-02	1.976244e+01
0.125316	-6.491575e-01	9.623158e-02	1.114381e-02	1.974242e+01
0.126736	-6.526910e-01	9.733758e-02	1.125889e-02	1.972238e+01
0.128164	-6.562233e-01	9.844809e-02	1.137462e-02	1.970231e+01
0.129600	-6.597544e-01	9.956233e-02	1.149169e-02	1.968220e+01
0.131044	-6.632844e-01	1.006795e-01	1.161075e-02	1.966203e+01
0.132496	-6.668131e-01	1.017989e-01	1.173244e-02	1.964176e+01
0.133956	-6.703402e-01	1.029197e-01	1.185737e-02	1.962138e+01
0.135424	-6.738653e-01	1.040414e-01	1.198604e-02	1.960085e+01
0.136900	-6.773881e-01	1.051633e-01	1.211890e-02	1.958014e+01
0.138384	-6.809079e-01	1.062850e-01	1.225627e-02	1.955921e+01
0.139876	-6.844241e-01	1.074062e-01	1.239837e-02	1.953803e+01
0.141376	-6.879362e-01	1.085266e-01	1.254530e-02	1.951658e+01
0.142884	-6.914435e-01	1.096463e-01	1.269701e-02	1.949483e+01
0.144400	-6.949452e-01	1.107653e-01	1.285335e-02	1.947274e+01
0.145924	-6.984407e-01	1.118837e-01	1.301402e-02	1.945032e+01
0.147456	-7.019293e-01	1.130020e-01	1.317862e-02	1.942753e+01
0.148996	-7.054105e-01	1.141206e-01	1.334663e-02	1.940439e+01
0.150544	-7.088839e-01	1.152400e-01	1.351747e-02	1.938087e+01
0.152100	-7.123488e-01	1.163609e-01	1.369045e-02	1.935700e+01
0.153664	-7.158051e-01	1.174840e-01	1.386486e-02	1.933278e+01
0.155236	-7.192525e-01	1.186100e-01	1.403996e-02	1.930822e+01
0.156816	-7.226909e-01	1.197395e-01	1.421500e-02	1.928335e+01
0.158404	-7.261203e-01	1.208733e-01	1.438926e-02	1.925819e+01
0.160000	-7.295409e-01	1.220120e-01	1.456208e-02	1.923278e+01
0.161604	-7.329530e-01	1.231562e-01	1.473285e-02	1.920713e+01
0.163216	-7.363569e-01	1.243064e-01	1.490107e-02	1.918129e+01
0.164836	-7.397531e-01	1.254628e-01	1.506634e-02	1.915529e+01
0.166464	-7.431422e-01	1.266257e-01	1.522839e-02	1.912915e+01
0.168100	-7.465248e-01	1.277952e-01	1.538708e-02	1.910291e+01
0.169744	-7.499016e-01	1.289712e-01	1.554240e-02	1.907660e+01
0.171396	-7.532732e-01	1.301534e-01	1.569452e-02	1.905023e+01
0.173056	-7.566405e-01	1.313414e-01	1.584370e-02	1.902383e+01
0.174724	-7.600040e-01	1.325348e-01	1.599038e-02	1.899741e+01
0.176400	-7.633644e-01	1.337328e-01	1.613507e-02	1.897099e+01
0.178084	-7.667223e-01	1.349347e-01	1.627841e-02	1.894456e+01
0.179776	-7.700783e-01	1.361397e-01	1.642113e-02	1.891813e+01
0.181476	-7.734327e-01	1.373468e-01	1.656399e-02	1.889169e+01
0.183184	-7.767858e-01	1.385552e-01	1.670781e-02	1.886522e+01
0.184900	-7.801378e-01	1.397639e-01	1.685339e-02	1.883872e+01
0.186624	-7.834887e-01	1.409719e-01	1.700154e-02	1.881215e+01
0.188356	-7.868385e-01	1.421785e-01	1.715301e-02	1.878551e+01
0.190096	-7.901868e-01	1.433828e-01	1.730847e-02	1.875875e+01
0.191844	-7.935335e-01	1.445843e-01	1.746850e-02	1.873187e+01
0.193600	-7.968779e-01	1.457824e-01	1.763356e-02	1.870482e+01
0.195364	-8.002195e-01	1.469767e-01	1.780399e-02	1.867759e+01
0.197136	-8.035577e-01	1.481670e-01	1.797997e-02	1.865015e+01
0.198916	-8.068918e-01	1.493533e-01	1.816155e-02	1.862248e+01
0.200704	-8.102209e-01	1.505357e-01	1.834858e-02	1.859456e+01
0.202500	-8.135442e-01	1.517144e-01	1.854081e-02	1.856637e+01
0.204304	-8.168610e-01	1.528899e-01	1.873780e-02	1.853791e+01
0.206116	-8.201705e-01	1.540627e-01	1.893902e-02	1.850917e+01
0.207936	-8.234719e-01	1.552335e-01	1.914378e-02	1.848014e+01
0.209764	-8.267647e-01	1.564031e-01	1.935132e-02	1.845084e+01
0.211600	-8.300482e-01	1.575723e-01	1.956081e-02	1.842126e+01
0.213444	-8.333220e-01	1.587419e-01	1.977137e-02	1.839142e+01
0.215296	-8.365859e-01	1.599129e-01	1.998212e-02	1.836134e+01
0.217156	-8.398395e-01	1.610860e-01	2.019217e-02	1.833104e+01
0.219024	-8.430830e-01	1.622620e-01	2.040069e-02	1.830053e+01
0.220900	-8.463163e-01	1.634415e-01	2.060694e-02	1.826984e+01
0.222784	-8.495397e-01	1.646252e-01	2.081024e-02	1.823900e+01
0.224676	-8.527537e-01	1.658135e-01	2.101007e-02	1.820802e+01
0.226576	-8.559587e-01	1.670065e-01	2.120602e-02	1.817694e+01
0.228484	-8.591553e-01	1.682044e-01	2.139786e-02	1.814578e+01
0.230400	-8.623444e-01	1.694070e-01	2.158551e-02	1.811455e+01
0.232324	-8.655265e-01	1.706142e-01	2.176906e-02	1.808328e+01
0.234256	-8.687027e-01	1.718254e-01	2.194877e-02	1.805197e+01
0.236196	-8.718737e-01	1.730400e-01	2.212506e-02	1.802064e+01
0.238144	-8.750404e-01	1.742573e-01	2.229850e-02	1.798930e+01
0.240100	-8.782035e-01	1.754764e-01	2.246977e-02	1.795795e+01
0.242064	-8.813639e-01	1.766964e-01	2.263967e-02	1.792659e+01
0.244036	-8.845221e-01	1.779161e-01	2.280909e-02	1.789521e+01
0.246016	-8.876788e-01	1.791346e-01	2.297897e-02	1.786379e+01
0.248004	-8.908344e-01	1.803508e-01	2.315025e-02	1.783235e+01
0.250000	-8.939891e-01	1.815637e-01	2.332388e-02	1.780084e+01
0.252004	-8.971432e-01	1.827722e-01	2.350077e-02	1.776927e+01
0.254016	-9.002965e-01	1.839756e-01	2.368173e-02	1.773760e+01
0.256036	-9.034490e-01	1.851731e-01	2.386751e-02	1.770583e+01
0.258064	-9.066002e-01	1.863642e-01	2.405870e-02	1.767392e+01
0.260100	-9.097498e-01	1.875484e-01	2.425576e-02	1.764188e+01
0.262144	-9.128972e-01	1.887256e-01	2.445898e-02	1.760966e+01
0.264196	-9.160415e-01	1.898958e-01	2.466847e-02	1.757728e+01
0.266256	-9.191821e-01	1.910590e-01	2.488417e-02	1.754470e+01
0.268324	-9.223180e-01	1.922158e-01	2.510583e-02	1.751192e+01
0.270400	-9.254484e-01	1.933665e-01	2.533302e-02	1.747894e+01
0.272484	-9.285723e-01	1.945119e-01	2.556517e-02	1.744575e+01
0.274576	-9.316888e-01	1.956528e-01	2.580155e-02	1.741236e+01
0.276676	-9.347970e-01	1.967901e-01	2.604131e-02	1.737877e+01
0.278784	-9.378961e-01	1.979249e-01	2.628352e-02	1.734498e+01
0.280900	-9.409856e-01	1.990580e-01	2.652717e-02	1.731101e+01
0.283024	-9.440646e-01	2.001905e-01	2.677123e-02	1.727687e+01
0.285156	-9.471329e-01	2.013235e-01	2.701467e-02	1.724257e+01
0.287296	-9.501902e-01	2.024577e-01	2.725651e-02	1.720814e+01
0.289444	-9.532363e-01	2.035940e-01	2.749583e-02	1.717358e+01
0.291600	-9.562712e-01	2.047330e-01	2.773182e-02	1.713892e+01
0.293764	-9.592952e-01	2.058752e-01	2.796379e-02	1.710418e+01
0.295936	-9.623087e-01	2.070209e-01	2.819122e-02	1.706937e+01
0.298116	-9.653122e-01	2.081702e-01	2.841376e-02	1.703450e+01
0.300304	-9.683063e-01	2.093230e-01	2.863124e-02	1.699959e+01
0.302500	-9.712919e-01	2.104790e-01	2.884368e-02	1.696465e+01
0.304704	-9.742698e-01	2.116377e-01	2.905131e-02	1.692969e+01
0.306916	-9.772409e-01	2.127984e-01	2.925453e-02	1.689471e+01
0.309136	-9.802063e-01	2.139603e-01	2.945394e-02	1.685972e+01
0.311364	-9.831669e-01	2.151224e-01	2.965026e-02	1.682472e+01
0.313600	-9.861237e-01	2.162836e-01	2.984437e-02	1.678970e+01
0.315844	-9.890777e-01	2.174428e-01	3.003726e-02	1.675466e+01
0.318096	-9.920295e-01	2.185988e-01	3.022996e-02	1.671958e+01
0.320356	-9.949800e-01	2.197504e-01	3.042357e-02	1.668447e+01
0.322624	-9.979296e-01	2.208964e-01	3.061918e-02	1.664931e+01
0.324900	-1.000879e+00	2.220359e-01	3.081785e-02	1.661408e+01
0.327184	-1.003828e+00	2.231679e-01	3.102055e-02	1.657877e+01
0.329476	-1.006777e+00	2.242916e-01	3.122818e-02	1.654338e+01
0.331776	-1.009726e+00	2.254064e-01	3.144147e-02	1.650788e+01
0.334084	-1.012675e+00	2.265120e-01	3.166101e-02	1.647228e+01
0.336400	-1.015622e+00	2.276081e-01	3.188720e-02	1.643655e+01
0.338724	-1.018569e+00	2.286947e-01	3.212026e-02	1.640069e+01
0.341056	-1.021512e+00	2.297721e-01	3.236018e-02	1.636470e+01
0.343396	-1.024453e+00	2.308408e-01	3.260676e-02	1.632857e+01
0.345744	-1.027390e+00	2.319014e-01	3.285960e-02	1.629231e+01
0.348100	-1.030322e+00	2.329547e-01	3.311808e-02	1.625591e+01
0.350464	-1.033247e+00	2.340016e-01	3.338145e-02	1.621939e+01
0.352836	-1.036165e+00	2.350433e-01	3.364879e-02	1.618274e+01
0.355216	-1.039075e+00	2.360809e-01	3.391905e-02	1.614598e+01
0.357604	-1.041976e+00	2.371154e-01	3.419114e-02	1.610912e+01
0.360000	-1.044867e+00	2.381482e-01	3.446387e-02	1.607216e+01
0.362404	-1.047748e+00	2.391803e-01	3.473609e-02	1.603513e+01
0.364816	-1.050616e+00	2.402128e-01	3.500663e-02	1.599804e+01
0.367236	-1.053474e+00	2.412465e-01	3.527443e-02	1.596089e+01
0.369664	-1.056319e+00	2.422822e-01	3.553852e-02	1.592370e+01
0.372100	-1.059152e+00	2.433205e-01	3.579807e-02	1.588649e+01
0.374544	-1.061974e+00	2.443616e-01	3.605242e-02	1.584925e+01
0.376996	-1.064784e+00	2.454059e-01	3.630108e-02	1.581201e+01
0.379456	-1.067584e+00	2.464530e-01	3.654380e-02	1.577477e+01
0.381924	-1.070373e+00	2.475028e-01	3.678053e-02	1.573752e+01
0.384400	-1.073153e+00	2.485547e-01	3.701143e-02	1.570028e+01
0.386884	-1.075924e+00	2.496079e-01	3.723690e-02	1.566305e+01
0.389376	-1.078688e+00	2.506615e-01	3.745752e-02	1.562581e+01
0.391876	-1.081446e+00	2.517144e-01	3.767406e-02	1.558858e+01
0.394384	-1.084199e+00	2.527655e-01	3.788747e-02	1.555134e+01
0.396900	-1.086948e+00	2.538135e-01	3.809881e-02	1.551408e+01
0.399424	-1.089694e+00	2.548570e-01	3.830924e-02	1.547680e+01
0.401956	-1.092438e+00	2.558949e-01	3.851996e-02	1.543949e+01
0.404496	-1.095181e+00	2.569258e-01	3.873223e-02	1.540214e+01
0.407044	-1.097924e+00	2.579487e-01	3.894724e-02	1.536474e+01
0.409600	-1.100667e+00	2.589624e-01	3.916613e-02	1.532728e+01
0.412164	-1.103411e+00	2.599663e-01	3.938994e-02	1.528975e+01
0.414736	-1.106155e+00	2.609596e-01	3.961956e-02	1.525215e+01
0.417316	-1.108900e+00	2.619420e-01	3.985572e-02	1.521447e+01
0.419904	-1.111645e+00	2.629133e-01	4.009894e-02	1.517671e+01
0.422500	-1.114391e+00	2.638735e-01	4.034954e-02	1.513886e+01
0.425104	-1.117136e+00	2.648229e-01	4.060759e-02	1.510094e+01
0.427716	-1.119879e+00	2.657621e-01	4.087294e-02	1.506294e+01
0.430336	-1.122621e+00	2.666918e-01	4.114522e-02	1.502486e+01
0.432964	-1.125359e+00	2.676129e-01	4.142381e-02	1.498672e+01
0.435600	-1.128092e+00	2.685266e-01	4.170793e-02	1.494852e+01
0.438244	-1.130820e+00	2.694341e-01	4.199659e-02	1.491027e+01
0.440896	-1.133541e+00	2.703366e-01	4.228868e-02	1.487199e+01
0.443556	-1.136254e+00	2.712355e-01	4.258297e-02	1.483368e+01
0.446224	-1.138958e+00	2.721321e-01	4.287817e-02	1.479536e+01
0.448900	-1.141652e+00	2.730277e-01	4.317297e-02	1.475703e+01
0.451584	-1.144336e+00	2.739233e-01	4.346606e-02	1.471872e+01
0.454276	-1.147007e+00	2.748202e-01	4.375623e-02	1.468042e+01
0.456976	-1.149667e+00	2.757190e-01	4.404233e-02	1.464215e+01
0.459684	-1.152313e+00	2.766204e-01	4.432340e-02	1.460392e+01
0.462400	-1.154948e+00	2.775249e-01	4.459861e-02	1.456572e+01
0.465124	-1.157570e+00	2.784326e-01	4.486737e-02	1.452756e+01
0.467856	-1.160180e+00	2.793434e-01	4.512931e-02	1.448945e+01
0.470596	-1.162778e+00	2.802569e-01	4.538429e-02	1.445138e+01
0.473344	-1.165365e+00	2.811727e-01	4.563242e-02	1.441336e+01
0.476100	-1.167943e+00	2.820898e-01	4.587406e-02	1.437536e+01
0.478864	-1.170511e+00	2.830073e-01	4.610978e-02	1.433740e+01
0.481636	-1.173072e+00	2.839241e-01	4.634039e-02	1.429945e+01
0.484416	-1.175626e+00	2.848387e-01	4.656688e-02	1.426152e+01
0.487204	-1.178175e+00	2.857499e-01	4.679039e-02	1.422360e+01
0.490000	-1.180719e+00	2.866562e-01	4.701218e-02	1.418566e+01
0.492804	-1.183261e+00	2.875563e-01	4.723359e-02	1.414771e+01
0.495616	-1.185802e+00	2.884488e-01	4.745599e-02	1.410974e+01
0.498436	-1.188341e+00	2.893324e-01	4.768073e-02	1.407174e+01
0.501264	-1.190881e+00	2.902061e-01	4.790911e-02	1.403369e+01
0.504100	-1.193422e+00	2.910689e-01	4.814233e-02	1.399561e+01
0.506944	-1.195964e+00	2.919203e-01	4.838144e-02	1.395747e+01
0.509796	-1.198508e+00	2.927597e-01	4.862729e-02	1.391929e+01
0.512656	-1.201054e+00	2.935870e-01	4.888055e-02	1.388107e+01
0.515524	-1.203601e+00	2.944023e-01	4.914164e-02	1.384279e+01
0.518400	-1.206149e+00	2.952058e-01	4.941074e-02	1.380449e+01
0.521284	-1.208697e+00	2.959983e-01	4.968775e-02	1.376615e+01
0.524176	-1.211245e+00	2.967805e-01	4.997233e-02	1.372779e+01
0.527076	-1.213792e+00	2.975535e-01	5.026391e-02	1.368941e+01
0.529984	-1.216337e+00	2.983185e-01	5.056164e-02	1.365104e+01
0.532900	-1.218877e+00	2.990769e-01	5.086453e-02	1.361269e+01
0.535824	-1.221413e+00	2.998301e-01	5.117137e-02	1.357436e+01
0.538756	-1.223943e+00	3.005795e-01	5.148083e-02	1.353607e+01
0.541696	-1.226464e+00	3.013267e-01	5.179152e-02	1.349783e+01
0.544644	-1.228977e+00	3.020730e-01	5.210198e-02	1.345965e+01
0.547600	-1.231480e+00	3.028198e-01	5.241076e-02	1.342154e+01
0.550564	-1.233972e+00	3.035680e-01	5.271647e-02	1.338351e+01
0.553536	-1.236453e+00	3.043189e-01	5.301784e-02	1.334557e+01
0.556516	-1.238920e+00	3.050729e-01	5.331372e-02	1.330772e+01
0.559504	-1.241375e+00	3.058307e-01	5.360316e-02	1.326996e+01
0.562500	-1.243817e+00	3.065924e-01	5.388542e-02	1.323229e+01
0.565504	-1.246246e+00	3.073579e-01	5.416001e-02	1.319470e+01
0.568516	-1.248662e+00	3.081269e-01	5.442670e-02	1.315721e+01
0.571536	-1.251066e+00	3.088988e-01	5.468553e-02	1.311978e+01
0.574564	-1.253458e+00	3.096727e-01	5.493681e-02	1.308243e+01
0.577600	-1.255840e+00	3.104476e-01	5.518111e-02	1.304513e+01
0.580644	-1.258212e+00	3.112221e-01	5.541925e-02	1.300788e+01
0.583696	-1.260577e+00	3.119949e-01	5.565224e-02	1.297067e+01
0.586756	-1.262934e+00	3.127645e-01	5.588131e-02	1.293348e+01
0.589824	-1.265287e+00	3.135294e-01	5.610780e-02	1.289631e+01
0.592900	-1.267635e+00	3.142881e-01	5.633318e-02	1.285914e+01
0.595984	-1.269980e+00	3.150390e-01	5.655894e-02	1.282196e+01
0.599076	-1.272325e+00	3.157808e-01	5.678659e-02	1.278477e+01
0.602176	-1.274669e+00	3.165125e-01	5.701758e-02	1.274756e+01
0.605284	-1.277013e+00	3.172329e-01	5.725327e-02	1.271032e+01
0.608400	-1.279360e+00	3.179413e-01	5.749484e-02	1.267306e+01
0.611524	-1.281709e+00	3.186373e-01	5.774334e-02	1.263578e+01
0.614656	-1.284060e+00	3.193206e-01	5.799955e-02	1.259847e+01
0.617796	-1.286414e+00	3.199914e-01	5.826401e-02	1.256115e+01
0.620944	-1.288771e+00	3.206500e-01	5.853701e-02	1.252383e+01
0.624100	-1.291130e+00	3.212970e-01	5.881853e-02	1.248650e+01
0.627264	-1.293490e+00	3.219334e-01	5.910828e-02	1.244920e+01
0.630436	-1.295852e+00	3.225602e-01	5.940570e-02	1.241192e+01
0.633616	-1.298212e+00	3.231789e-01	5.970996e-02	1.237468e+01
0.636804	-1.300572e+00	3.237909e-01	6.002000e-02	1.233750e+01
0.640000	-1.302928e+00	3.243977e-01	6.033458e-02	1.230039e+01
0.643204	-1.305280e+00	3.250010e-01	6.065227e-02	1.226336e+01
0.646416	-1.307627e+00	3.256023e-01	6.097156e-02	1.222643e+01
0.649636	-1.309966e+00	3.262033e-01	6.129087e-02	1.218961e+01
0.652864	-1.312296e+00	3.268053e-01	6.160861e-02	1.215291e+01
0.656100	-1.314617e+00	3.274096e-01	6.192323e-02	1.211633e+01
0.659344	-1.316927e+00	3.280172e-01	6.223329e-02	1.207988e+01
0.662596	-1.319225e+00	3.286290e-01	6.253749e-02	1.204356e+01
0.665856	-1.321510e+00	3.292456e-01	6.283474e-02	1.200738e+01
0.669124	-1.323782e+00	3.298671e-01	6.312414e-02	1.197132e+01
0.672400	-1.326040e+00	3.304935e-01	6.340509e-02	1.193539e+01
0.675684	-1.328285e+00	3.311245e-01	6.367724e-02	1.189957e+01
0.678976	-1.330516e+00	3.317595e-01	6.394056e-02	1.186386e+01
0.682276	-1.332735e+00	3.323975e-01	6.419530e-02	1.182825e+01
0.685584	-1.334942e+00	3.330374e-01	6.444201e-02	1.179272e+01
0.688900	-1.337138e+00	3.336778e-01	6.468149e-02	1.175726e+01
0.692224	-1.339324e+00	3.343173e-01	6.491481e-02	1.172186e+01
0.695556	-1.341502e+00	3.349542e-01	6.514323e-02	1.168650e+01
0.698896	-1.343673e+00	3.355870e-01	6.536821e-02	1.165117e+01
0.702244	-1.345838e+00	3.362138e-01	6.559129e-02	1.161587e+01
0.705600	-1.348000e+00	3.368333e-01	6.581412e-02	1.158057e+01
0.708964	-1.350159e+00	3.374438e-01	6.603833e-02	1.154527e+01
0.712336	-1.352318e+00	3.380441e-01	6.626554e-02	1.150997e+01
0.715716	-1.354476e+00	3.386332e-01	6.649725e-02	1.147465e+01
0.719104	-1.356637e+00	3.392101e-01	6.673484e-02	1.143933e+01
0.722500	-1.358799e+00	3.397743e-01	6.697947e-02	1.140400e+01
0.725904	-1.360965e+00	3.403256e-01	6.723210e-02	1.136866e+01
0.729316	-1.363135e+00	3.408641e-01	6.749339e-02	1.133333e+01
0.732736	-1.365308e+00	3.413900e-01	6.776374e-02	1.129801e+01
0.736164	-1.367485e+00	3.419042e-01	6.804322e-02	1.126271e+01
0.739600	-1.369666e+00	3.424075e-01	6.833161e-02	1.122745e+01
0.743044	-1.371849e+00	3.429011e-01	6.862838e-02	1.119224e+01
0.746496	-1.374034e+00	3.433864e-01	6.893271e-02	1.115710e+01
0.749956	-1.376219e+00	3.438651e-01	6.924352e-02	1.112203e+01
0.753424	-1.378404e+00	3.443388e-01	6.955950e-02	1.108706e+01
0.756900	-1.380587e+00	3.448093e-01	6.987917e-02	1.105221e+01
0.760384	-1.382766e+00	3.452783e-01	7.020091e-02	1.101747e+01
0.763876	-1.384940e+00	3.457474e-01	7.052300e-02	1.098288e+01
0.767376	-1.387107e+00	3.462183e-01	7.084371e-02	1.094842e+01
0.770884	-1.389266e+00	3.466924e-01	7.116136e-02	1.091412e+01
0.774400	-1.391415e+00	3.471707e-01	7.147434e-02	1.087998e+01
0.777924	-1.393554e+00	3.476543e-01	7.178118e-02	1.084599e+01
0.781456	-1.395680e+00	3.481438e-01	7.208064e-02	1.081216e+01
0.784996	-1.397793e+00	3.486394e-01	7.237168e-02	1.077849e+01
0.788544	-1.399892e+00	3.491412e-01	7.265355e-02	1.074496e+01
0.792100	-1.401978e+00	3.496489e-01	7.292580e-02	1.071158e+01
0.795664	-1.404050e+00	3.501618e-01	7.318830e-02	1.067832e+01
0.799236	-1.406108e+00	3.506789e-01	7.344123e-02	1.064518e+01
0.802816	-1.408153e+00	3.511991e-01	7.368509e-02	1.061214e+01
0.806404	-1.410185e+00	3.517210e-01	7.392069e-02	1.057919e+01
0.810000	-1.412207e+00	3.522429e-01	7.414912e-02	1.054631e+01
0.813604	-1.414218e+00	3.527632e-01	7.437168e-02	1.051349e+01
0.817216	-1.416221e+00	3.532800e-01	7.458989e-02	1.048071e+01
0.820836	-1.418216e+00	3.537916e-01	7.480542e-02	1.044797e+01
0.824464	-1.420207e+00	3.542962e-01	7.502001e-02	1.041525e+01
0.828100	-1.422193e+00	3.547923e-01	7.523546e-02	1.038254e+01
0.831744	-1.424178e+00	3.552785e-01	7.545352e-02	1.034983e+01
0.835396	-1.426162e+00	3.557534e-01	7.567587e-02	1.031712e+01
0.839056	-1.428148e+00	3.562163e-01	7.590403e-02	1.028441e+01
0.842724	-1.430135e+00	3.566663e-01	7.613934e-02	1.025171e+01
0.846400	-1.432126e+00	3.571033e-01	7.638291e-02	1.021900e+01
0.850084	-1.434122e+00	3.575272e-01	7.663554e-02	1.018631e+01
0.853776	-1.436121e+00	3.579383e-01	7.689774e-02	1.015363e+01
0.857476	-1.438126e+00	3.583375e-01	7.716971e-02	1.012099e+01
0.861184	-1.440136e+00	3.587255e-01	7.745128e-02	1.008839e+01
0.864900	-1.442150e+00	3.591038e-01	7.774197e-02	1.005586e+01
0.868624	-1.444168e+00	3.594737e-01	7.804100e-02	1.002339e+01
0.872356	-1.446188e+00	3.598369e-01	7.834726e-02	9.991018e+00
0.876096	-1.448211e+00	3.601953e-01	7.865942e-02	9.958751e+00
0.879844	-1.450233e+00	3.605507e-01	7.897592e-02	9.926604e+00
0.883600	-1.452255e+00	3.609050e-01	7.929503e-02	9.894593e+00
0.887364	-1.454273e+00	3.612600e-01	7.961494e-02	9.862727e+00
0.891136	-1.456287e+00	3.616174e-01	7.993378e-02	9.831019e+00
0.894916	-1.458294e+00	3.619788e-01	8.024971e-02	9.799474e+00
0.898704	-1.460293e+00	3.623454e-01	8.056096e-02	9.768098e+00
0.902500	-1.462283e+00	3.627183e-01	8.086592e-02	9.736894e+00
0.906304	-1.464261e+00	3.630982e-01	8.116315e-02	9.705859e+00
0.910116	-1.466227e+00	3.634856e-01	8.145148e-02	9.674992e+00
0.913936	-1.468181e+00	3.638804e-01	8.173002e-02	9.644285e+00
0.917764	-1.470120e+00	3.642824e-01	8.199818e-02	9.613730e+00
0.921600	-1.472045e+00	3.646909e-01	8.225573e-02	9.583316e+00
0.925444	-1.473955e+00	3.651051e-01	8.250277e-02	9.553030e+00
0.929296	-1.475852e+00	3.655236e-01	8.273976e-02	9.522859e+00
0.933156	-1.477735e+00	3.659450e-01	8.296747e-02	9.492788e+00
0.937024	-1.479605e+00	3.663676e-01	8.318699e-02	9.462800e+00
0.940900	-1.481464e+00	3.667895e-01	8.339967e-02	9.432881e+00
0.944784	-1.483312e+00	3.672089e-01	8.360710e-02	9.403016e+00
0.948676	-1.485152e+00	3.676238e-01	8.381103e-02	9.373192e+00
0.952576	-1.486985e+00	3.680325e-01	8.401332e-02	9.343396e+00
0.956484	-1.488812e+00	3.684330e-01	8.421590e-02	9.313618e+00
0.960400	-1.490637e+00	3.688239e-01	8.442067e-02	9.283851e+00
0.964324	-1.492459e+00	3.692038e-01	8.462947e-02	9.254089e+00
0.968256	-1.494282e+00	3.695717e-01	8.484400e-02	9.224330e+00
0.972196	-1.496107e+00	3.699267e-01	8.506575e-02	9.194573e+00
0.976144	-1.497935e+00	3.702685e-01	8.529599e-02	9.164823e+00
0.980100	-1.499767e+00	3.705970e-01	8.553567e-02	9.135086e+00
0.984064	-1.501604e+00	3.709125e-01	8.578545e-02	9.105369e+00
0.988036	-1.503448e+00	3.712158e-01	8.604562e-02	9.075684e+00
0.992016	-1.505297e+00	3.715076e-01	8.631612e-02	9.046043e+00
0.996004	-1.507152e+00	3.717894e-01	8.659653e-02	9.016461e+00