
0.000004	4.431832e-03	3.714296e-06	-1.875849e-08	3.085209e+01
0.000016	8.782038e-03	3.143705e-05	-4.826814e-07	3.028699e+01
0.000036	1.296154e-02	1.105579e-04	-1.464845e-06	2.932655e+01
0.000064	1.690570e-02	2.523060e-04	4.441381e-06	2.807471e+01
0.000100	2.061886e-02	4.324682e-04	3.029517e-05	2.674392e+01
0.000144	2.412960e-02	6.319309e-04	7.012350e-05	2.545333e+01
0.000196	2.742608e-02	8.683899e-04	1.049383e-04	2.418124e+01
0.000256	3.050337e-02	1.143569e-03	1.433368e-04	2.292855e+01
0.000324	3.338676e-02	1.436182e-03	1.988466e-04	2.173220e+01
0.000400	3.606678e-02	1.760500e-03	2.517416e-04	2.057530e+01
0.000484	3.853001e-02	2.128374e-03	3.000024e-04	1.944499e+01
0.000576	4.080849e-02	2.510312e-03	3.701202e-04	1.836958e+01
0.000676	4.290233e-02	2.911805e-03	4.462709e-04	1.734301e+01
0.000784	4.478369e-02	3.361087e-03	5.075283e-04	1.634443e+01
0.000900	4.648448e-02	3.827806e-03	5.874567e-04	1.539333e+01
0.001024	4.802355e-02	4.298355e-03	6.876298e-04	1.449477e+01
0.001156	4.936110e-02	4.814660e-03	7.680373e-04	1.362642e+01
0.001296	5.051650e-02	5.358869e-03	8.546364e-04	1.279690e+01
0.001444	5.153164e-02	5.893314e-03	9.751856e-04	1.201858e+01
0.001600	5.236533e-02	6.462150e-03	1.081224e-03	1.127338e+01
0.001764	5.301215e-02	7.072797e-03	1.175239e-03	1.055972e+01
0.001936	5.353293e-02	7.667837e-03	1.309619e-03	9.892115e+00
0.002116	5.390082e-02	8.276999e-03	1.445375e-03	9.259837e+00
0.002304	5.407938e-02	8.939229e-03	1.551862e-03	8.654360e+00
0.002500	5.413502e-02	9.591228e-03	1.693216e-03	8.087818e+00
0.002704	5.407069e-02	1.023243e-02	1.858502e-03	7.556920e+00
0.002916	5.382278e-02	1.092899e-02	1.985584e-03	7.050533e+00
0.003136	5.344379e-02	1.163163e-02	2.129560e-03	6.575830e+00
0.003364	5.297527e-02	1.230078e-02	2.319422e-03	6.134806e+00
0.003600	5.234139e-02	1.301446e-02	2.475734e-03	5.717466e+00
0.003844	5.156096e-02	1.375705e-02	2.622629e-03	5.325836e+00
0.004096	5.071148e-02	1.445301e-02	2.828623e-03	4.964085e+00
0.004356	4.972773e-02	1.516935e-02	3.020408e-03	4.625409e+00
0.004624	4.858212e-02	1.593645e-02	3.175912e-03	4.308338e+00
0.004900	4.737233e-02	1.665866e-02	3.388660e-03	4.016532e+00
0.005184	4.606799e-02	1.736813e-02	3.617257e-03	3.746453e+00
0.005476	4.459537e-02	1.814077e-02	3.791367e-03	3.495516e+00
0.005776	4.304633e-02	1.888632e-02	4.003837e-03	3.265546e+00
0.006084	4.144283e-02	1.958512e-02	4.264688e-03	3.054891e+00
0.006400	3.968056e-02	2.034342e-02	4.469079e-03	2.861772e+00
0.006724	3.781658e-02	2.110457e-02	4.679421e-03	2.686433e+00
0.007056	3.592844e-02	2.179375e-02	4.962901e-03	2.527277e+00
0.007396	3.390966e-02	2.252023e-02	5.207405e-03	2.384002e+00
0.007744	3.175967e-02	2.328327e-02	5.420409e-03	2.256622e+00
0.008100	2.959731e-02	2.396615e-02	5.714497e-03	2.142349e+00
0.008464	2.734768e-02	2.464876e-02	6.003857e-03	2.041630e+00
0.008836	2.494467e-02	2.539473e-02	6.230430e-03	1.955821e+00
0.009216	2.251844e-02	2.607350e-02	6.524434e-03	1.880901e+00
0.009604	2.005434e-02	2.670743e-02	6.856338e-03	1.816470e+00
0.010000	1.743265e-02	2.741461e-02	7.110970e-03	1.766084e+00
0.010404	1.475676e-02	2.808681e-02	7.399263e-03	1.725684e+00
0.010816	1.208581e-02	2.867425e-02	7.764446e-03	1.692469e+00
0.011236	9.277028e-03	2.932200e-02	8.061297e-03	1.671775e+00
0.011664	6.372200e-03	2.997826e-02	8.345861e-03	1.661372e+00
0.012100	3.496039e-03	3.052622e-02	8.730431e-03	1.655435e+00
0.012544	5.246482e-04	3.109892e-02	9.079179e-03	1.659412e+00
0.012996	-2.581661e-03	3.172266e-02	9.370057e-03	1.674554e+00
0.013456	-5.662638e-03	3.223908e-02	9.759483e-03	1.692800e+00
0.013924	-8.782265e-03	3.272922e-02	1.016213e-02	1.717412e+00
0.014400	-1.205832e-02	3.329862e-02	1.047545e-02	1.753714e+00
0.014884	-1.533987e-02	3.378799e-02	1.085918e-02	1.793460e+00
0.015376	-1.860404e-02	3.419715e-02	1.130896e-02	1.835786e+00
0.015876	-2.201842e-02	3.468904e-02	1.166300e-02	1.889139e+00
0.016384	-2.548845e-02	3.514871e-02	1.203828e-02	1.947717e+00
0.016900	-2.890178e-02	3.548614e-02	1.252116e-02	2.005841e+00
0.017424	-3.242886e-02	3.588082e-02	1.293137e-02	2.072744e+00
0.017956	-3.606593e-02	3.629929e-02	1.330512e-02	2.147272e+00
0.018496	-3.963639e-02	3.657814e-02	1.380356e-02	2.219953e+00
0.019044	-4.326088e-02	3.686381e-02	1.427809e-02	2.297817e+00
0.019600	-4.703600e-02	3.722151e-02	1.466604e-02	2.385220e+00
0.020164	-5.076874e-02	3.745378e-02	1.516425e-02	2.471434e+00
0.020736	-5.448771e-02	3.762915e-02	1.570128e-02	2.558719e+00
0.021316	-5.836906e-02	3.790192e-02	1.612448e-02	2.655989e+00
0.021904	-6.226089e-02	3.809338e-02	1.661353e-02	2.754500e+00
0.022500	-6.608240e-02	3.816760e-02	1.720133e-02	2.850608e+00
0.023104	-7.004171e-02	3.833193e-02	1.768088e-02	2.955191e+00
0.023716	-7.407806e-02	3.847859e-02	1.816221e-02	3.064309e+00
0.024336	-7.801635e-02	3.846824e-02	1.878218e-02	3.169240e+00
0.024964	-8.203505e-02	3.850699e-02	1.933350e-02	3.279398e+00
0.025600	-8.619052e-02	3.859422e-02	1.981979e-02	3.396998e+00
0.026244	-9.025918e-02	3.851806e-02	2.045171e-02	3.510868e+00
0.026896	-9.433222e-02	3.842483e-02	2.108016e-02	3.625858e+00
0.027556	-9.857489e-02	3.842978e-02	2.159294e-02	3.749676e+00
0.028224	-1.027798e-01	3.830253e-02	2.222110e-02	3.872254e+00
0.028900	-1.069157e-01	3.808354e-02	2.292016e-02	3.992249e+00
0.029584	-1.112142e-01	3.798014e-02	2.348479e-02	4.120312e+00
0.030276	-1.155486e-01	3.780713e-02	2.410331e-02	4.250747e+00
0.030976	-1.197656e-01	3.747958e-02	2.485611e-02	4.376492e+00
0.031684	-1.240963e-01	3.724513e-02	2.549536e-02	4.507546e+00
0.032400	-1.285398e-01	3.701932e-02	2.611103e-02	4.644372e+00
0.033124	-1.328586e-01	3.660671e-02	2.689494e-02	4.776687e+00
0.033856	-1.372120e-01	3.622805e-02	2.762289e-02	4.910431e+00
0.034596	-1.417337e-01	3.593062e-02	2.825464e-02	5.051866e+00
0.035344	-1.461689e-01	3.545591e-02	2.904788e-02	5.191152e+00
0.036100	-1.505513e-01	3.493349e-02	2.986599e-02	5.328191e+00
0.036864	-1.551168e-01	3.453796e-02	3.054093e-02	5.472620e+00
0.037636	-1.596706e-01	3.401656e-02	3.132933e-02	5.618548e+00
0.038416	-1.641015e-01	3.336490e-02	3.222578e-02	5.760059e+00
0.039204	-1.686818e-01	3.284392e-02	3.297273e-02	5.906510e+00
0.040000	-1.733402e-01	3.227847e-02	3.375477e-02	6.058005e+00
0.040804	-1.778454e-01	3.152274e-02	3.470769e-02	6.205222e+00
0.041616	-1.824245e-01	3.085568e-02	3.554984e-02	6.353661e+00
0.042436	-1.871593e-01	3.023427e-02	3.633852e-02	6.509211e+00
0.043264	-1.917620e-01	2.940366e-02	3.732211e-02	6.662894e+00
0.044100	-1.963413e-01	2.858295e-02	3.827094e-02	6.814212e+00
0.044944	-2.011165e-01	2.788153e-02	3.909165e-02	6.972383e+00
0.045796	-2.058279e-01	2.700110e-02	4.008385e-02	7.132470e+00
0.046656	-2.104257e-01	2.603520e-02	4.113602e-02	7.288150e+00
0.047524	-2.152067e-01	2.522375e-02	4.202094e-02	7.448125e+00
0.048400	-2.200210e-01	2.430703e-02	4.301049e-02	7.613700e+00
0.049284	-2.246660e-01	2.321916e-02	4.414870e-02	7.775269e+00
0.050176	-2.294294e-01	2.227008e-02	4.512904e-02	7.937205e+00
0.051076	-2.343233e-01	2.131464e-02	4.611993e-02	8.106810e+00
0.051984	-2.390456e-01	2.013716e-02	4.731775e-02	8.275261e+00
0.052900	-2.437858e-01	1.903356e-02	4.841588e-02	8.440311e+00
0.053824	-2.487232e-01	1.802094e-02	4.942789e-02	8.612511e+00
0.054756	-2.535437e-01	1.678684e-02	5.065736e-02	8.787902e+00
0.055696	-2.582747e-01	1.552833e-02	5.188113e-02	8.957877e+00
0.056644	-2.632166e-01	1.442872e-02	5.294597e-02	9.131876e+00
0.057600	-2.681388e-01	1.316252e-02	5.418612e-02	9.313270e+00
0.058564	-2.728899e-01	1.176660e-02	5.552681e-02	9.490037e+00
0.059536	-2.778050e-01	1.054714e-02	5.668099e-02	9.666116e+00
0.060516	-2.828125e-01	9.257705e-03	5.792476e-02	9.851905e+00
0.061504	-2.876189e-01	7.756125e-03	5.935964e-02	1.003673e+01
0.062500	-2.924931e-01	6.390623e-03	6.063565e-02	1.021631e+01
0.063504	-2.975522e-01	5.068161e-03	6.189342e-02	1.040485e+01
0.064516	-3.024438e-01	3.499043e-03	6.339223e-02	1.059790e+01
0.065536	-3.072843e-01	1.976349e-03	6.481053e-02	1.078323e+01
0.066564	-3.123530e-01	5.947064e-04	6.610908e-02	1.097356e+01
0.067600	-3.173438e-01	-1.007636e-03	6.764293e-02	1.117380e+01
0.068644	-3.221775e-01	-2.679097e-03	6.920687e-02	1.136725e+01
0.069696	-3.272173e-01	-4.155225e-03	7.058385e-02	1.155963e+01
0.070756	-3.322996e-01	-5.769839e-03	7.213413e-02	1.176516e+01
0.071824	-3.371646e-01	-7.562936e-03	7.382939e-02	1.196844e+01
0.072900	-3.421518e-01	-9.167736e-03	7.532476e-02	1.216455e+01
0.073984	-3.472970e-01	-1.079321e-02	7.688967e-02	1.237329e+01
0.075076	-3.522308e-01	-1.266841e-02	7.868849e-02	1.258686e+01
0.076176	-3.571639e-01	-1.442442e-02	8.033496e-02	1.278944e+01
0.077284	-3.623292e-01	-1.607967e-02	8.193184e-02	1.300001e+01
0.078400	-3.673567e-01	-1.799525e-02	8.380108e-02	1.322281e+01
0.079524	-3.722570e-01	-1.990565e-02	8.561622e-02	1.343494e+01
0.080656	-3.773980e-01	-2.162485e-02	8.727880e-02	1.364735e+01
0.081796	-3.825220e-01	-2.354820e-02	8.918982e-02	1.387715e+01
0.082944	-3.874279e-01	-2.559433e-02	9.117202e-02	1.410130e+01
0.084100	-3.925111e-01	-2.741708e-02	9.294330e-02	1.431732e+01
0.085264	-3.977103e-01	-2.933397e-02	9.488100e-02	1.455143e+01
0.086436	-4.026653e-01	-3.147908e-02	9.701042e-02	1.478863e+01
0.087616	-4.076786e-01	-3.343856e-02	9.893287e-02	1.501149e+01
0.088804	-4.129126e-01	-3.535743e-02	1.009015e-01	1.524783e+01
0.090000	-4.179514e-01	-3.755578e-02	1.031460e-01	1.549729e+01
0.091204	-4.229083e-01	-3.966816e-02	1.052516e-01	1.573093e+01
0.092416	-4.281286e-01	-4.161805e-02	1.072756e-01	1.596893e+01
0.093636	-4.332659e-01	-4.382713e-02	1.096002e-01	1.622821e+01
0.094864	-4.382017e-01	-4.608545e-02	1.119030e-01	1.647615e+01
0.096100	-4.433657e-01	-4.810785e-02	1.140228e-01	1.671734e+01
0.097344	-4.485903e-01	-5.030014e-02	1.164002e-01	1.698311e+01
0.098596	-4.535517e-01	-5.267465e-02	1.188934e-01	1.724741e+01
0.099856	-4.586359e-01	-5.481127e-02	1.211567e-01	1.749533e+01
0.101124	-4.639122e-01	-5.698224e-02	1.235761e-01	1.776455e+01
0.102400	-4.689432e-01	-5.942735e-02	1.262348e-01	1.804510e+01
0.103684	-4.739505e-01	-6.170737e-02	1.286855e-01	1.830453e+01
0.104976	-4.792287e-01	-6.387706e-02	1.311576e-01	1.857568e+01
0.106276	-4.843560e-01	-6.634328e-02	1.339461e-01	1.887017e+01
0.107584	-4.893158e-01	-6.877364e-02	1.366148e-01	1.914593e+01
0.108900	-4.945458e-01	-7.098121e-02	1.391712e-01	1.941986e+01
0.110224	-4.997699e-01	-7.342864e-02	1.420535e-01	1.972448e+01
0.111556	-5.047292e-01	-7.599046e-02	1.449503e-01	2.002006e+01
0.112896	-5.098760e-01	-7.828288e-02	1.476374e-01	2.030019e+01
0.114244	-5.151695e-01	-8.069258e-02	1.505884e-01	2.061088e+01
0.115600	-5.201790e-01	-8.334493e-02	1.537017e-01	2.092741e+01
0.116964	-5.252333e-01	-8.576298e-02	1.565708e-01	2.121912e+01
0.118336	-5.305482e-01	-8.814262e-02	1.595845e-01	2.153304e+01
0.119716	-5.356465e-01	-9.083293e-02	1.628847e-01	2.186892e+01
0.121104	-5.406283e-01	-9.339838e-02	1.659808e-01	2.217833e+01
0.122500	-5.459093e-01	-9.578040e-02	1.690744e-01	2.249511e+01
0.123904	-5.511102e-01	-9.845862e-02	1.725229e-01	2.284644e+01
0.125316	-5.560636e-01	-1.011665e-01	1.758745e-01	2.317878e+01
0.126736	-5.612647e-01	-1.035990e-01	1.790859e-01	2.350110e+01
0.128164	-5.665516e-01	-1.062317e-01	1.826466e-01	2.386296e+01
0.129600	-5.715316e-01	-1.090502e-01	1.862600e-01	2.422116e+01
0.131044	-5.766303e-01	-1.115827e-01	1.896408e-01	2.455448e+01
0.132496	-5.819603e-01	-1.141627e-01	1.932911e-01	2.492252e+01
0.133956	-5.870156e-01	-1.170407e-01	1.971499e-01	2.530636e+01
0.135424	-5.920203e-01	-1.197094e-01	2.007544e-01	2.565777e+01
0.136900	-5.973359e-01	-1.222583e-01	2.044930e-01	2.602990e+01
0.138384	-6.024943e-01	-1.251391e-01	2.085636e-01	2.643607e+01
0.139876	-6.074423e-01	-1.279549e-01	2.124369e-01	2.681257e+01
0.141376	-6.126884e-01	-1.305171e-01	2.162865e-01	2.718999e+01
0.142884	-6.179466e-01	-1.333540e-01	2.205280e-01	2.761314e+01
0.144400	-6.228935e-01	-1.362980e-01	2.246964e-01	2.801982e+01
0.145924	-6.280342e-01	-1.389281e-01	2.287006e-01	2.840723e+01
0.147456	-6.333577e-01	-1.416979e-01	2.330768e-01	2.884163e+01
0.148996	-6.383609e-01	-1.447254e-01	2.375427e-01	2.928033e+01
0.150544	-6.433905e-01	-1.474719e-01	2.417570e-01	2.968508e+01
0.152100	-6.487232e-01	-1.501819e-01	2.462476e-01	3.012656e+01
0.153664	-6.538237e-01	-1.532338e-01	2.509901e-01	3.059537e+01
0.155236	-6.587697e-01	-1.561240e-01	2.554706e-01	3.102580e+01
0.156816	-6.640498e-01	-1.588103e-01	2.600779e-01	3.147335e+01
0.158404	-6.692592e-01	-1.618293e-01	2.650598e-01	3.196723e+01
0.160000	-6.741743e-01	-1.648605e-01	2.698512e-01	3.243057e+01
0.161604	-6.793532e-01	-1.675778e-01	2.746022e-01	3.288712e+01
0.163216	-6.846488e-01	-1.705250e-01	2.797802e-01	3.339939e+01
0.164836	-6.895955e-01	-1.736632e-01	2.849060e-01	3.389996e+01
0.166464	-6.946525e-01	-1.764691e-01	2.898480e-01	3.437200e+01
0.168100	-6.999832e-01	-1.793351e-01	2.951853e-01	3.489643e+01
0.169744	-7.050147e-01	-1.825239e-01	3.006441e-01	3.543447e+01
0.171396	-7.099642e-01	-1.854613e-01	3.058349e-01	3.593070e+01
0.173056	-7.152652e-01	-1.882694e-01	3.113118e-01	3.646352e+01
0.174724	-7.204086e-01	-1.914450e-01	3.170785e-01	3.703518e+01
0.176400	-7.252965e-01	-1.945288e-01	3.225747e-01	3.756439e+01
0.178084	-7.305080e-01	-1.973289e-01	3.281952e-01	3.810568e+01
0.179776	-7.357553e-01	-2.004382e-01	3.342283e-01	3.870412e+01
0.181476	-7.406456e-01	-2.036495e-01	3.400729e-01	3.927297e+01
0.183184	-7.457316e-01	-2.065037e-01	3.458659e-01	3.982700e+01
0.184900	-7.510406e-01	-2.095195e-01	3.521187e-01	4.044431e+01
0.186624	-7.559963e-01	-2.128097e-01	3.583323e-01	4.105557e+01
0.188356	-7.609558e-01	-2.157739e-01	3.643459e-01	4.162992e+01
0.190096	-7.662621e-01	-2.187035e-01	3.707792e-01	4.225941e+01
0.191844	-7.713259e-01	-2.220069e-01	3.773558e-01	4.291121e+01
0.193600	-7.761940e-01	-2.251142e-01	3.836479e-01	4.351490e+01
0.195364	-7.814299e-01	-2.279973e-01	3.902399e-01	4.415303e+01
0.197136	-7.866100e-01	-2.312499e-01	3.971493e-01	4.483924e+01
0.198916	-7.914482e-01	-2.344993e-01	4.037749e-01	4.548043e+01
0.200704	-7.965631e-01	-2.373973e-01	4.105280e-01	4.612781e+01
0.202500	-8.018299e-01	-2.405549e-01	4.177234e-01	4.683967e+01
0.204304	-8.067079e-01	-2.439103e-01	4.247224e-01	4.752334e+01
0.206116	-8.116836e-01	-2.468886e-01	4.316633e-01	4.818466e+01
0.207936	-8.169778e-01	-2.499395e-01	4.390925e-01	4.891289e+01
0.209764	-8.219522e-01	-2.533393e-01	4.464811e-01	4.963942e+01
0.211600	-8.268098e-01	-2.564475e-01	4.536554e-01	5.032209e+01
0.213444	-8.320591e-01	-2.594170e-01	4.612732e-01	5.105922e+01
0.215296	-8.371555e-01	-2.627904e-01	4.690399e-01	5.182402e+01
0.217156	-8.419497e-01	-2.660470e-01	4.765021e-01	5.253596e+01
0.219024	-8.470904e-01	-2.689905e-01	4.842809e-01	5.327801e+01
0.220900	-8.522952e-01	-2.722780e-01	4.923888e-01	5.407239e+01
0.222784	-8.570981e-01	-2.756640e-01	5.001895e-01	5.481970e+01
0.224676	-8.620950e-01	-2.786510e-01	5.081252e-01	5.556683e+01
0.226576	-8.673578e-01	-2.818216e-01	5.165200e-01	5.637984e+01
0.228484	-8.722375e-01	-2.852845e-01	5.246940e-01	5.716472e+01
0.230400	-8.770948e-01	-2.883783e-01	5.328065e-01	5.792067e+01
0.232324	-8.823431e-01	-2.914392e-01	5.414272e-01	5.874141e+01
0.234256	-8.873428e-01	-2.949069e-01	5.499848e-01	5.956108e+01
0.236196	-8.921037e-01	-2.981458e-01	5.583127e-01	6.033152e+01
0.238144	-8.972643e-01	-3.011406e-01	5.671045e-01	6.115129e+01
0.240100	-9.023882e-01	-3.045423e-01	5.760272e-01	6.199808e+01
0.242064	-9.071229e-01	-3.079270e-01	5.846179e-01	6.278843e+01
0.244036	-9.121436e-01	-3.109238e-01	5.935423e-01	6.360207e+01
0.246016	-9.173549e-01	-3.142098e-01	6.027850e-01	6.446467e+01
0.248004	-9.221396e-01	-3.177021e-01	6.116823e-01	6.527782e+01
0.250000	-9.270059e-01	-3.207738e-01	6.207240e-01	6.608403e+01
0.252004	-9.322365e-01	-3.239307e-01	6.302225e-01	6.694951e+01
0.254016	-9.371304e-01	-3.274634e-01	6.394546e-01	6.778425e+01
0.256036	-9.418705e-01	-3.306661e-01	6.486223e-01	6.858473e+01
0.258064	-9.470412e-01	-3.337210e-01	6.583044e-01	6.944078e+01
0.260100	-9.520679e-01	-3.372167e-01	6.678747e-01	7.029117e+01
0.262144	-9.567450e-01	-3.405723e-01	6.771965e-01	7.108894e+01
0.264196	-9.617890e-01	-3.435859e-01	6.869945e-01	7.192577e+01
0.266256	-9.669286e-01	-3.469788e-01	6.968773e-01	7.278164e+01
0.268324	-9.716227e-01	-3.504681e-01	7.063914e-01	7.357902e+01
0.270400	-9.765059e-01	-3.535172e-01	7.162531e-01	7.439037e+01
0.272484	-9.816996e-01	-3.567725e-01	7.263954e-01	7.523889e+01
0.274576	-9.864834e-01	-3.603389e-01	7.361382e-01	7.603567e+01
0.276676	-9.912157e-01	-3.634942e-01	7.460342e-01	7.681886e+01
0.278784	-9.963832e-01	-3.666189e-01	7.563621e-01	7.764650e+01
0.280900	-1.001300e+00	-3.701842e-01	7.663561e-01	7.843887e+01
0.283024	-1.005933e+00	-3.734889e-01	7.762825e-01	7.919381e+01
0.285156	-1.010995e+00	-3.765304e-01	7.867127e-01	7.998845e+01
0.287296	-1.016044e+00	-3.800167e-01	7.969569e-01	8.076885e+01
0.289444	-1.020657e+00	-3.834733e-01	8.069312e-01	8.149655e+01
0.291600	-1.025562e+00	-3.865062e-01	8.173835e-01	8.224890e+01
0.293764	-1.030698e+00	-3.898587e-01	8.278484e-01	8.300693e+01
0.295936	-1.035373e+00	-3.934266e-01	8.379015e-01	8.370777e+01
0.298116	-1.040110e+00	-3.965313e-01	8.483110e-01	8.441213e+01
0.300304	-1.045257e+00	-3.997345e-01	8.589392e-01	8.513607e+01
0.302500	-1.050054e+00	-4.033412e-01	8.691035e-01	8.580855e+01
0.304704	-1.054659e+00	-4.065800e-01	8.794291e-01	8.646251e+01
0.306916	-1.059732e+00	-4.096629e-01	8.901418e-01	8.714113e+01
0.309136	-1.064673e+00	-4.132241e-01	9.004394e-01	8.778126e+01
0.311364	-1.069216e+00	-4.166226e-01	9.106674e-01	8.838478e+01
0.313600	-1.074145e+00	-4.196510e-01	9.213748e-01	8.900891e+01
0.315844	-1.079203e+00	-4.230947e-01	9.318066e-01	8.961046e+01
0.318096	-1.083774e+00	-4.266331e-01	9.419490e-01	9.016450e+01
0.320356	-1.088526e+00	-4.296911e-01	9.525635e-01	9.072803e+01
0.322624	-1.093634e+00	-4.329786e-01	9.631035e-01	9.128348e+01
0.324900	-1.098308e+00	-4.365964e-01	9.731898e-01	9.178875e+01
0.327184	-1.102900e+00	-4.397618e-01	9.836394e-01	9.228885e+01
0.329476	-1.107970e+00	-4.428999e-01	9.942334e-01	9.279066e+01
0.331776	-1.112790e+00	-4.465126e-01	1.004300e+00	9.324677e+01
0.334084	-1.117281e+00	-4.498336e-01	1.014537e+00	9.368338e+01
0.336400	-1.122230e+00	-4.528733e-01	1.025109e+00	9.412534e+01
0.338724	-1.127190e+00	-4.563963e-01	1.035185e+00	9.453060e+01
0.341056	-1.131668e+00	-4.598768e-01	1.045194e+00	9.490544e+01
0.343396	-1.136442e+00	-4.628990e-01	1.055654e+00	9.528359e+01
0.345744	-1.141490e+00	-4.662721e-01	1.065751e+00	9.563536e+01
0.348100	-1.146042e+00	-4.698697e-01	1.075546e+00	9.595089e+01
0.350464	-1.150636e+00	-4.729620e-01	1.085807e+00	9.626386e+01
0.352836	-1.155687e+00	-4.761675e-01	1.095909e+00	9.655936e+01
0.355216	-1.160376e+00	-4.798044e-01	1.105525e+00	9.681786e+01
0.357604	-1.164833e+00	-4.830355e-01	1.115514e+00	9.706666e+01
0.360000	-1.169795e+00	-4.861040e-01	1.125578e+00	9.730384e+01
0.362404	-1.174639e+00	-4.896888e-01	1.135061e+00	9.750699e+01
0.364816	-1.179038e+00	-4.930878e-01	1.144733e+00	9.769429e+01
0.367236	-1.183839e+00	-4.960902e-01	1.154691e+00	9.787253e+01
0.369664	-1.188804e+00	-4.995446e-01	1.164086e+00	9.802146e+01
0.372100	-1.193241e+00	-5.030916e-01	1.173426e+00	9.815074e+01
0.374544	-1.197851e+00	-5.061188e-01	1.183195e+00	9.827113e+01
0.376996	-1.202862e+00	-5.094002e-01	1.192528e+00	9.836685e+01
0.379456	-1.207417e+00	-5.130309e-01	1.201558e+00	9.844164e+01
0.381924	-1.211857e+00	-5.161677e-01	1.211055e+00	9.850682e+01
0.384400	-1.216819e+00	-5.192825e-01	1.220326e+00	9.855073e+01
0.386884	-1.221533e+00	-5.229061e-01	1.229092e+00	9.857421e+01
0.389376	-1.225873e+00	-5.262060e-01	1.238247e+00	9.858781e+01
0.391876	-1.230697e+00	-5.292083e-01	1.247426e+00	9.858225e+01
0.394384	-1.235559e+00	-5.327332e-01	1.255989e+00	9.855720e+01
0.396900	-1.239894e+00	-5.362021e-01	1.264760e+00	9.852316e+01
0.399424	-1.244528e+00	-5.391789e-01	1.273789e+00	9.847146e+01
0.401956	-1.249478e+00	-5.425395e-01	1.282207e+00	9.840059e+01
0.404496	-1.253900e+00	-5.461328e-01	1.290588e+00	9.832257e+01
0.407044	-1.258342e+00	-5.491790e-01	1.299391e+00	9.822892e+01
0.409600	-1.263287e+00	-5.523552e-01	1.307707e+00	9.811531e+01
0.412164	-1.267861e+00	-5.559899e-01	1.315726e+00	9.799639e+01
0.414736	-1.272162e+00	-5.591806e-01	1.324224e+00	9.786529e+01
0.417316	-1.277003e+00	-5.622041e-01	1.332453e+00	9.771273e+01
0.419904	-1.281743e+00	-5.657822e-01	1.340166e+00	9.755550e+01
0.422500	-1.285991e+00	-5.691503e-01	1.348293e+00	9.739113e+01
0.425104	-1.290655e+00	-5.720967e-01	1.356416e+00	9.720423e+01
0.427716	-1.295521e+00	-5.755333e-01	1.363899e+00	9.701114e+01
0.430336	-1.299818e+00	-5.790588e-01	1.371615e+00	9.681687e+01
0.432964	-1.304277e+00	-5.820259e-01	1.379581e+00	9.660079e+01
0.435600	-1.309184e+00	-5.852742e-01	1.386906e+00	9.637469e+01
0.438244	-1.313614e+00	-5.888893e-01	1.394210e+00	9.615285e+01
0.440896	-1.317897e+00	-5.919691e-01	1.401947e+00	9.591274e+01
0.443556	-1.322743e+00	-5.950344e-01	1.409169e+00	9.565729e+01
0.446224	-1.327345e+00	-5.986422e-01	1.416097e+00	9.540936e+01
0.448900	-1.331528e+00	-6.018934e-01	1.423527e+00	9.514968e+01
0.451584	-1.336221e+00	-6.048328e-01	1.430670e+00	9.486948e+01
0.454276	-1.340979e+00	-6.083349e-01	1.437290e+00	9.459658e+01
0.456976	-1.345165e+00	-6.117655e-01	1.444348e+00	9.432060e+01
0.459684	-1.349653e+00	-6.146719e-01	1.451399e+00	9.402093e+01
0.462400	-1.354499e+00	-6.179969e-01	1.457794e+00	9.372450e+01
0.465124	-1.358786e+00	-6.215607e-01	1.464444e+00	9.343397e+01
0.467856	-1.363072e+00	-6.245362e-01	1.471355e+00	9.312027e+01
0.470596	-1.367905e+00	-6.276608e-01	1.477609e+00	9.280262e+01
0.473344	-1.372358e+00	-6.312701e-01	1.483851e+00	9.249797e+01
0.476100	-1.376499e+00	-6.343962e-01	1.490551e+00	9.217506e+01
0.478864	-1.381216e+00	-6.373532e-01	1.496726e+00	9.183970e+01
0.481636	-1.385846e+00	-6.409032e-01	1.502604e+00	9.152062e+01
0.484416	-1.389939e+00	-6.442168e-01	1.509012e+00	9.119197e+01
0.487204	-1.394463e+00	-6.470860e-01	1.515137e+00	9.084350e+01
0.490000	-1.399223e+00	-6.504850e-01	1.520726e+00	9.050966e+01
0.492804	-1.403376e+00	-6.539669e-01	1.526777e+00	9.017701e+01
0.495616	-1.407683e+00	-6.568528e-01	1.532840e+00	8.982063e+01
0.498436	-1.412481e+00	-6.600493e-01	1.538231e+00	8.947251e+01
0.501264	-1.416781e+00	-6.636284e-01	1.543889e+00	8.913587e+01
0.504100	-1.420904e+00	-6.666300e-01	1.549841e+00	8.877653e+01
0.506944	-1.425630e+00	-6.696279e-01	1.555124e+00	8.841593e+01
0.509796	-1.430116e+00	-6.732014e-01	1.560395e+00	8.807406e+01
0.512656	-1.434139e+00	-6.763833e-01	1.566158e+00	8.771567e+01
0.515524	-1.438699e+00	-6.792421e-01	-1.570192e+00	8.734585e+01
0.518400	-1.443349e+00	-6.827045e-01	-1.565262e+00	8.699705e+01
0.521284	-1.447384e+00	-6.860772e-01	-1.559769e+00	8.664181e+01
0.524176	-1.451724e+00	-6.888953e-01	-1.554539e+00	8.626713e+01
0.527076	-1.456463e+00	-6.921690e-01	-1.549865e+00	8.591017e+01
0.529984	-1.460612e+00	-6.956853e-01	-1.544712e+00	8.555835e+01
0.532900	-1.464739e+00	-6.985719e-01	-1.539509e+00	8.518355e+01
0.535824	-1.469458e+00	-7.016304e-01	-1.534995e+00	8.481839e+01
0.538756	-1.473788e+00	-7.051979e-01	-1.530214e+00	8.446861e+01
0.541696	-1.477767e+00	-7.082415e-01	-1.525095e+00	8.409790e+01
0.544644	-1.482356e+00	-7.111175e-01	-1.520647e+00	8.372610e+01
0.547600	-1.486874e+00	-7.146247e-01	-1.516229e+00	8.337599e+01
0.550564	-1.490811e+00	-7.178667e-01	-1.511276e+00	8.301222e+01
0.553536	-1.495193e+00	-7.206440e-01	-1.506826e+00	8.263687e+01
0.556516	-1.499845e+00	-7.239924e-01	-1.502717e+00	8.228401e+01
0.559504	-1.503853e+00	-7.274145e-01	-1.498017e+00	8.192818e+01
0.562500	-1.508005e+00	-7.302041e-01	-1.493541e+00	8.155333e+01
0.565504	-1.512693e+00	-7.333368e-01	-1.489652e+00	8.119613e+01
0.568516	-1.516862e+00	-7.368654e-01	-1.485273e+00	8.084736e+01
0.571536	-1.520823e+00	-7.397735e-01	-1.480794e+00	8.047717e+01
0.574564	-1.525430e+00	-7.426926e-01	-1.477021e+00	8.011554e+01
0.577600	-1.529797e+00	-7.462190e-01	-1.472995e+00	7.977154e+01
0.580644	-1.533661e+00	-7.493163e-01	-1.468577e+00	7.940937e+01
0.583696	-1.538086e+00	-7.520829e-01	-1.464825e+00	7.904487e+01
0.586756	-1.542626e+00	-7.554946e-01	-1.461137e+00	7.870274e+01
0.589824	-1.546509e+00	-7.587950e-01	-1.456868e+00	7.835042e+01
0.592900	-1.550701e+00	-7.615126e-01	-1.453074e+00	7.798604e+01
0.595984	-1.555331e+00	-7.647255e-01	-1.449662e+00	7.764318e+01
0.599076	-1.559342e+00	-7.681812e-01	-1.445634e+00	7.730073e+01
0.602176	-1.563311e+00	-7.709663e-01	-1.441779e+00	7.694013e+01
0.605284	-1.567915e+00	-7.739497e-01	-1.438546e+00	7.659510e+01
0.608400	1.569473e+00	-7.774641e-01	-1.434827e+00	7.626085e+01
0.611524	1.565654e+00	-7.804120e-01	-1.430944e+00	7.590753e+01
0.614656	1.561192e+00	-7.831983e-01	-1.427784e+00	7.556043e+01
0.617796	1.556787e+00	-7.866534e-01	-1.424401e+00	7.523166e+01
0.620944	1.553007e+00	-7.898108e-01	-1.420563e+00	7.488813e+01
0.624100	1.548766e+00	-7.924869e-01	-1.417380e+00	7.454065e+01
0.627264	1.544221e+00	-7.957769e-01	-1.414311e+00	7.421441e+01
0.630436	1.540359e+00	-7.991275e-01	-1.410614e+00	7.388159e+01
0.633616	1.536360e+00	-8.018105e-01	-1.407350e+00	7.353655e+01
0.636804	1.531783e+00	-8.048728e-01	-1.404522e+00	7.321051e+01
0.640000	1.527746e+00	-8.083406e-01	-1.401061e+00	7.288769e+01
0.643204	1.523944e+00	-8.111443e-01	-1.397708e+00	7.254830e+01
0.646416	1.519457e+00	-8.139781e-01	-1.395019e+00	7.222137e+01
0.649636	1.515208e+00	-8.174492e-01	-1.391860e+00	7.190648e+01
0.652864	1.511504e+00	-8.204509e-01	-1.388461e+00	7.157552e+01
0.656100	1.507211e+00	-8.231184e-01	-1.385801e+00	7.124814e+01
0.659344	1.502780e+00	-8.264731e-01	-1.382963e+00	7.093842e+01
0.662596	1.499049e+00	-8.296906e-01	-1.379603e+00	7.061758e+01
0.665856	1.495003e+00	-8.323000e-01	-1.376878e+00	7.029149e+01
0.669124	1.490481e+00	-8.354471e-01	-1.374330e+00	6.998429e+01
0.672400	1.486609e+00	-8.388330e-01	-1.371111e+00	6.967377e+01
0.675684	1.482795e+00	-8.415076e-01	-1.368272e+00	6.935156e+01
0.678976	1.478305e+00	-8.444116e-01	-1.365930e+00	6.904501e+01
0.682276	1.474224e+00	-8.478656e-01	-1.362949e+00	6.874365e+01
0.685584	1.470565e+00	-8.507085e-01	-1.359998e+00	6.842796e+01
0.688900	1.466227e+00	-8.534004e-01	-1.357754e+00	6.812146e+01
0.692224	1.461935e+00	-8.567980e-01	-1.355072e+00	6.782709e+01
0.695556	1.458311e+00	-8.598617e-01	-1.352066e+00	6.751999e+01
0.698896	1.454207e+00	-8.624311e-01	-1.349807e+00	6.721422e+01
0.702244	1.449770e+00	-8.656591e-01	-1.347434e+00	6.692435e+01
0.705600	1.446053e+00	-8.689296e-01	-1.344468e+00	6.662680e+01
0.708964	1.442204e+00	-8.714995e-01	-1.342107e+00	6.632348e+01
0.712336	1.437735e+00	-8.744887e-01	-1.339997e+00	6.603594e+01
0.715716	1.433829e+00	-8.778890e-01	-1.337181e+00	6.574765e+01
0.719104	1.430184e+00	-8.805807e-01	-1.334677e+00	6.544897e+01
0.722500	1.425814e+00	-8.833267e-01	-1.332739e+00	6.516245e+01
0.725904	1.421683e+00	-8.867378e-01	-1.330167e+00	6.488206e+01
0.729316	1.418135e+00	-8.896358e-01	-1.327538e+00	6.459007e+01
0.732736	1.413972e+00	-8.922011e-01	-1.325655e+00	6.430437e+01
0.736164	1.409650e+00	-8.954958e-01	-1.323380e+00	6.402989e+01
0.739600	1.406068e+00	-8.986229e-01	-1.320695e+00	6.374598e+01
0.743044	1.402165e+00	-9.011197e-01	-1.318756e+00	6.346193e+01
0.746496	1.397748e+00	-9.041996e-01	-1.316778e+00	6.319129e+01
0.749956	1.394014e+00	-9.075092e-01	-1.314143e+00	6.291586e+01
0.753424	1.390353e+00	-9.100678e-01	-1.312066e+00	6.263499e+01
0.756900	1.385973e+00	-9.128916e-01	-1.310325e+00	6.236660e+01
0.760384	1.382016e+00	-9.162806e-01	-1.307853e+00	6.209908e+01
0.763876	1.378513e+00	-9.190119e-01	-1.305612e+00	6.182309e+01
0.767376	1.374295e+00	-9.216083e-01	-1.304006e+00	6.155615e+01
0.770884	1.370116e+00	-9.249460e-01	-1.301788e+00	6.129522e+01
0.774400	1.366644e+00	-9.279091e-01	-1.299415e+00	6.102558e+01
0.777924	1.362674e+00	-9.303695e-01	-1.297822e+00	6.076014e+01
0.781456	1.358342e+00	-9.335349e-01	-1.295901e+00	6.050418e+01
0.784996	1.354768e+00	-9.367195e-01	-1.293480e+00	6.024168e+01
0.788544	1.351064e+00	-9.391725e-01	-1.291791e+00	5.997856e+01
0.792100	1.346702e+00	-9.420891e-01	-1.290152e+00	5.972602e+01
0.795664	1.342926e+00	-9.454174e-01	-1.287797e+00	5.947072e+01
0.799236	1.339434e+00	-9.479921e-01	-1.285941e+00	5.921110e+01
0.802816	1.335176e+00	-9.506509e-01	-1.284511e+00	5.896091e+01
0.806404	1.331162e+00	-9.539995e-01	-1.282337e+00	5.871218e+01
0.810000	1.327768e+00	-9.567882e-01	-1.280301e+00	5.845727e+01
0.813604	1.323729e+00	-9.592509e-01	-1.278967e+00	5.820900e+01
0.817216	1.319514e+00	-9.624856e-01	-1.277059e+00	5.796576e+01
0.820836	1.316080e+00	-9.655166e-01	-1.274891e+00	5.771646e+01
0.824464	1.312313e+00	-9.678990e-01	-1.273528e+00	5.747028e+01
0.828100	1.308000e+00	-9.709130e-01	-1.271917e+00	5.723134e+01
0.831744	1.304402e+00	-9.741420e-01	-1.269716e+00	5.698805e+01
0.835396	1.300888e+00	-9.765813e-01	-1.268219e+00	5.674457e+01
0.839056	1.296614e+00	-9.793267e-01	-1.266873e+00	5.650892e+01
0.842724	1.292780e+00	-9.826483e-01	-1.264761e+00	5.627155e+01
0.846400	1.289429e+00	-9.852635e-01	-1.263071e+00	5.603154e+01
0.850084	1.285327e+00	-9.877658e-01	-1.261902e+00	5.579852e+01
0.853776	1.281258e+00	-9.910434e-01	-1.259993e+00	5.556656e+01
0.857476	1.277936e+00	-9.939010e-01	-1.258115e+00	5.533073e+01
0.861184	1.274094e+00	-9.962527e-01	-1.257001e+00	5.510010e+01
0.864900	1.269865e+00	-9.993570e-01	-1.255369e+00	5.487284e+01
0.868624	1.266433e+00	-1.002451e+00	-1.253369e+00	5.464167e+01
0.872356	1.262868e+00	-1.004786e+00	-1.252184e+00	5.441353e+01
0.876096	1.258608e+00	-1.007633e+00	-1.250846e+00	5.419026e+01
0.879844	1.254961e+00	-1.010886e+00	-1.248834e+00	5.396393e+01
0.883600	1.251616e+00	-1.013341e+00	-1.247480e+00	5.373856e+01
0.887364	1.247467e+00	-1.015915e+00	-1.246387e+00	5.351870e+01
0.891136	1.243568e+00	-1.019201e+00	-1.244490e+00	5.329715e+01
0.894916	1.240324e+00	-1.021876e+00	-1.242925e+00	5.307490e+01
0.898704	1.236403e+00	-1.024239e+00	-1.241974e+00	5.285804e+01
0.902500	1.232293e+00	-1.027415e+00	-1.240303e+00	5.264106e+01
0.906304	1.229004e+00	-1.030345e+00	-1.238548e+00	5.242220e+01
0.910116	1.225367e+00	-1.032614e+00	-1.237610e+00	5.220812e+01
0.913936	1.221155e+00	-1.035565e+00	-1.236227e+00	5.199542e+01
0.917764	1.217691e+00	-1.038711e+00	-1.234365e+00	5.178018e+01
0.921600	1.214318e+00	-1.041029e+00	-1.233315e+00	5.156873e+01
0.925444	1.210146e+00	-1.043700e+00	-1.232219e+00	5.136003e+01
0.929296	1.206434e+00	-1.046953e+00	-1.230373e+00	5.114856e+01
0.933156	1.203230e+00	-1.049449e+00	-1.229123e+00	5.093965e+01
0.937024	1.199237e+00	-1.051861e+00	-1.228248e+00	5.073464e+01
0.940900	1.195277e+00	-1.055079e+00	-1.226548e+00	5.052711e+01
0.944784	1.192101e+00	-1.057828e+00	-1.225072e+00	5.032067e+01
0.948676	1.188380e+00	-1.060073e+00	-1.224301e+00	5.011903e+01
0.952576	1.184252e+00	-1.063120e+00	-1.222850e+00	4.991558e+01
0.956484	1.180958e+00	-1.066120e+00	-1.221190e+00	4.971162e+01
0.960400	1.177527e+00	-1.068337e+00	-1.220388e+00	4.951295e+01
0.964324	1.173364e+00	-1.071118e+00	-1.219233e+00	4.931371e+01
0.968256	1.169844e+00	-1.074296e+00	-1.217490e+00	4.911237e+01
0.972196	1.166642e+00	-1.076628e+00	-1.216536e+00	4.891620e+01
0.976144	1.162594e+00	-1.079123e+00	-1.215656e+00	4.872118e+01
0.980100	1.158809e+00	-1.082346e+00	-1.213962e+00	4.852278e+01
0.984064	1.155710e+00	-1.084905e+00	-1.212782e+00	4.832862e+01
0.988036	1.151901e+00	-1.087170e+00	-1.212093e+00	4.813765e+01
0.992016	1.147894e+00	-1.090291e+00	-1.210577e+00	4.794266e+01
0.996004	1.144747e+00	-1.093118e+00	-1.209165e+00	4.775015e+01