
0.000004	-3.383293e-03	1.080534e-07	1.288190e-11	1.798032e+01
0.000016	-6.767632e-03	8.629363e-07	4.109567e-10	1.798568e+01
0.000036	-1.015405e-02	2.904065e-06	3.104780e-09	1.799457e+01
0.000064	-1.354357e-02	6.856220e-06	1.299027e-08	1.800694e+01
0.000100	-1.693716e-02	1.332270e-05	3.928083e-08	1.802272e+01
0.000144	-2.033577e-02	2.287900e-05	9.665464e-08	1.804182e+01
0.000196	-2.374028e-02	3.606725e-05	2.061683e-07	1.806412e+01
0.000256	-2.715153e-02	5.339138e-05	3.958982e-07	1.808951e+01
0.000324	-3.057029e-02	7.531331e-05	7.012825e-07	1.811785e+01
0.000400	-3.399725e-02	1.022501e-04	1.165151e-06	1.814897e+01
0.000484	-3.743305e-02	1.345722e-04	1.837439e-06	1.818272e+01
0.000576	-4.087822e-02	1.726024e-04	2.774608e-06	1.821892e+01
0.000676	-4.433325e-02	2.166166e-04	4.038786e-06	1.825740e+01
0.000784	-4.779854e-02	2.668446e-04	5.696679e-06	1.829797e+01
0.000900	-5.127440e-02	3.234721e-04	7.818289e-06	1.834044e+01
0.001024	-5.476109e-02	3.866440e-04	1.047551e-05	1.838464e+01
0.001156	-5.825880e-02	4.564673e-04	1.374066e-05	1.843036e+01
0.001296	-6.176764e-02	5.330154e-04	1.768498e-05	1.847744e+01
0.001444	-6.528767e-02	6.163320e-04	2.237723e-05	1.852569e+01
0.001600	-6.881892e-02	7.064357e-04	2.788239e-05	1.857495e+01
0.001764	-7.236133e-02	8.033241e-04	3.426053e-05	1.862505e+01
0.001936	-7.591484e-02	9.069783e-04	4.156591e-05	1.867585e+01
0.002116	-7.947933e-02	1.017366e-03	4.984632e-05	1.872719e+01
0.002304	-8.305466e-02	1.134447e-03	5.914275e-05	1.877895e+01
0.002500	-8.664066e-02	1.258173e-03	6.948925e-05	1.883099e+01
0.002704	-9.023715e-02	1.388493e-03	8.091320e-05	1.888321e+01
0.002916	-9.384392e-02	1.525352e-03	9.343574e-05	1.893549e+01
0.003136	-9.746077e-02	1.668697e-03	1.070725e-04	1.898775e+01
0.003364	-1.010875e-01	1.818474e-03	1.218344e-04	1.903990e+01
0.003600	-1.047238e-01	1.974626e-03	1.377287e-04	1.909185e+01
0.003844	-1.083695e-01	2.137100e-03	1.547604e-04	1.914354e+01
0.004096	-1.120243e-01	2.305840e-03	1.729328e-04	1.919490e+01
0.004356	-1.156880e-01	2.480788e-03	1.922488e-04	1.924586e+01
0.004624	-1.193603e-01	2.661884e-03	2.127120e-04	1.929637e+01
0.004900	-1.230409e-01	2.849065e-03	2.343269e-04	1.934638e+01
0.005184	-1.267297e-01	3.042262e-03	2.571000e-04	1.939583e+01
0.005476	-1.304262e-01	3.241403e-03	2.810393e-04	1.944468e+01
0.005776	-1.341302e-01	3.446410e-03	3.061549e-04	1.949287e+01
0.006084	-1.378415e-01	3.657201e-03	3.324577e-04	1.954037e+01
0.006400	-1.415596e-01	3.873689e-03	3.599595e-04	1.958712e+01
0.006724	-1.452843e-01	4.095787e-03	3.886709e-04	1.963309e+01
0.007056	-1.490152e-01	4.323403e-03	4.186011e-04	1.967823e+01
0.007396	-1.527520e-01	4.556451e-03	4.497552e-04	1.972249e+01
0.007744	-1.564943e-01	4.794847e-03	4.821333e-04	1.976585e+01
0.008100	-1.602418e-01	5.038514e-03	5.157284e-04	1.980826e+01
0.008464	-1.639942e-01	5.287388e-03	5.505247e-04	1.984968e+01
0.008836	-1.677511e-01	5.541417e-03	5.864960e-04	1.989010e+01
0.009216	-1.715122e-01	5.800567e-03	6.236043e-04	1.992948e+01
0.009604	-1.752771e-01	6.064826e-03	6.617991e-04	1.996780e+01
0.010000	-1.790455e-01	6.334203e-03	7.010159e-04	2.000504e+01
0.010404	-1.828172e-01	6.608736e-03	7.411770e-04	2.004121e+01
0.010816	-1.865918e-01	6.888486e-03	7.821914e-04	2.007629e+01
0.011236	-1.903692e-01	7.173548e-03	8.239555e-04	2.011029e+01
0.011664	-1.941491e-01	7.464038e-03	8.663552e-04	2.014322e+01
0.012100	-1.979314e-01	7.760106e-03	9.092678e-04	2.017509e+01
0.012544	-2.017159e-01	8.061922e-03	9.525646e-04	2.020594e+01
0.012996	-2.055025e-01	8.369679e-03	9.961140e-04	2.023578e+01
0.013456	-2.092912e-01	8.683590e-03	1.039786e-03	2.026467e+01
0.013924	-2.130819e-01	9.003878e-03	1.083454e-03	2.029263e+01
0.014400	-2.168746e-01	9.330776e-03	1.127002e-03	2.031970e+01
0.014884	-2.206694e-01	9.664518e-03	1.170327e-03	2.034595e+01
0.015376	-2.244663e-01	1.000533e-02	1.213342e-03	2.037141e+01
0.015876	-2.282654e-01	1.035343e-02	1.255983e-03	2.039614e+01
0.016384	-2.320667e-01	1.070902e-02	1.298208e-03	2.042019e+01
0.016900	-2.358705e-01	1.107226e-02	1.340004e-03	2.044359e+01
0.017424	-2.396766e-01	1.144330e-02	1.381389e-03	2.046639e+01
0.017956	-2.434854e-01	1.182225e-02	1.422409e-03	2.048864e+01
0.018496	-2.472967e-01	1.220917e-02	1.463142e-03	2.051037e+01
0.019044	-2.511108e-01	1.260408e-02	1.503698e-03	2.053160e+01
0.019600	-2.549275e-01	1.300695e-02	1.544215e-03	2.055237e+01
0.020164	-2.587470e-01	1.341773e-02	1.584858e-03	2.057267e+01
0.020736	-2.625692e-01	1.383630e-02	1.625812e-03	2.059252e+01
0.021316	-2.663939e-01	1.426250e-02	1.667284e-03	2.061193e+01
0.021904	-2.702212e-01	1.469614e-02	1.709491e-03	2.063087e+01
0.022500	-2.740507e-01	1.513701e-02	1.752656e-03	2.064935e+01
0.023104	-2.778824e-01	1.558486e-02	1.797004e-03	2.066733e+01
0.023716	-2.817159e-01	1.603943e-02	1.842750e-03	2.068479e+01
0.024336	-2.855511e-01	1.650044e-02	1.890097e-03	2.070170e+01
0.024964	-2.893875e-01	1.696764e-02	1.939227e-03	2.071804e+01
0.025600	-2.932248e-01	1.744077e-02	1.990291e-03	2.073375e+01
0.026244	-2.970628e-01	1.791959e-02	2.043410e-03	2.074881e+01
0.026896	-3.009009e-01	1.840389e-02	2.098665e-03	2.076319e+01
0.027556	-3.047388e-01	1.889352e-02	2.156095e-03	2.077684e+01
0.028224	-3.085762e-01	1.938835e-02	2.215691e-03	2.078974e+01
0.028900	-3.124127e-01	1.988831e-02	2.277401e-03	2.080186e+01
0.029584	-3.162479e-01	2.039339e-02	2.341124e-03	2.081318e+01
0.030276	-3.200815e-01	2.090362e-02	2.406713e-03	2.082368e+01
0.030976	-3.239134e-01	2.141911e-02	2.473980e-03	2.083337e+01
0.031684	-3.277432e-01	2.194003e-02	2.542700e-03	2.084223e+01
0.032400	-3.315707e-01	2.246656e-02	2.612616e-03	2.085028e+01
0.033124	-3.353959e-01	2.299899e-02	2.683447e-03	2.085753e+01
0.033856	-3.392187e-01	2.353760e-02	2.754895e-03	2.086400e+01
0.034596	-3.430391e-01	2.408273e-02	2.826655e-03	2.086973e+01
0.035344	-3.468572e-01	2.463472e-02	2.898426e-03	2.087475e+01
0.036100	-3.506729e-01	2.519395e-02	2.969919e-03	2.087909e+01
0.036864	-3.544866e-01	2.576077e-02	3.040866e-03	2.088280e+01
0.037636	-3.582983e-01	2.633553e-02	3.111032e-03	2.088594e+01
0.038416	-3.621084e-01	2.691856e-02	3.180220e-03	2.088855e+01
0.039204	-3.659170e-01	2.751013e-02	3.248282e-03	2.089067e+01
0.040000	-3.697245e-01	2.811048e-02	3.315124e-03	2.089236e+01
0.040804	-3.735310e-01	2.871981e-02	3.380708e-03	2.089367e+01
0.041616	-3.773370e-01	2.933821e-02	3.445059e-03	2.089463e+01
0.042436	-3.811426e-01	2.996574e-02	3.508263e-03	2.089529e+01
0.043264	-3.849480e-01	3.060238e-02	3.570466e-03	2.089567e+01
0.044100	-3.887536e-01	3.124802e-02	3.631872e-03	2.089580e+01
0.044944	-3.925593e-01	3.190250e-02	3.692738e-03	2.089570e+01
0.045796	-3.963653e-01	3.256557e-02	3.753367e-03	2.089539e+01
0.046656	-4.001716e-01	3.323694e-02	3.814098e-03	2.089485e+01
0.047524	-4.039783e-01	3.391625e-02	3.875297e-03	2.089409e+01
0.048400	-4.077852e-01	3.460311e-02	3.937345e-03	2.089310e+01
0.049284	-4.115921e-01	3.529709e-02	4.000629e-03	2.089185e+01
0.050176	-4.153988e-01	3.599776e-02	4.065525e-03	2.089032e+01
0.051076	-4.192051e-01	3.670467e-02	4.132390e-03	2.088848e+01
0.051984	-4.230106e-01	3.741740e-02	4.201546e-03	2.088629e+01
0.052900	-4.268149e-01	3.813554e-02	4.273274e-03	2.088373e+01
0.053824	-4.306177e-01	3.885874e-02	4.347797e-03	2.088074e+01
0.054756	-4.344183e-01	3.958669e-02	4.425278e-03	2.087730e+01
0.055696	-4.382165e-01	4.031914e-02	4.505809e-03	2.087336e+01
0.056644	-4.420117e-01	4.105594e-02	4.589412e-03	2.086890e+01
0.057600	-4.458035e-01	4.179699e-02	4.676028e-03	2.086388e+01
0.058564	-4.495914e-01	4.254230e-02	4.765526e-03	2.085829e+01
0.059536	-4.533751e-01	4.329194e-02	4.857702e-03	2.085209e+01
0.060516	-4.571542e-01	4.404609e-02	4.952284e-03	2.084529e+01
0.061504	-4.609284e-01	4.480500e-02	5.048940e-03	2.083787e+01
0.062500	-4.646975e-01	4.556897e-02	5.147287e-03	2.082984e+01
0.063504	-4.684613e-01	4.633839e-02	5.246906e-03	2.082122e+01
0.064516	-4.722197e-01	4.711368e-02	5.347352e-03	2.081201e+01
0.065536	-4.759728e-01	4.789530e-02	5.448165e-03	2.080225e+01
0.066564	-4.797207e-01	4.868374e-02	5.548894e-03	2.079197e+01
0.067600	-4.834634e-01	4.947946e-02	5.649104e-03	2.078120e+01
0.068644	-4.872012e-01	5.028294e-02	5.748392e-03	2.076998e+01
0.069696	-4.909344e-01	5.109460e-02	5.846405e-03	2.075836e+01
0.070756	-4.946633e-01	5.191483e-02	5.942847e-03	2.074638e+01
0.071824	-4.983884e-01	5.274394e-02	6.037495e-03	2.073409e+01
0.072900	-5.021099e-01	5.358217e-02	6.130203e-03	2.072154e+01
0.073984	-5.058284e-01	5.442967e-02	6.220912e-03	2.070876e+01
0.075076	-5.095442e-01	5.528652e-02	6.309651e-03	2.069580e+01
0.076176	-5.132578e-01	5.615265e-02	6.396539e-03	2.068270e+01
0.077284	-5.169696e-01	5.702794e-02	6.481782e-03	2.066947e+01
0.078400	-5.206799e-01	5.791214e-02	6.565669e-03	2.065615e+01
0.079524	-5.243890e-01	5.880492e-02	6.648562e-03	2.064275e+01
0.080656	-5.280971e-01	5.970586e-02	6.730886e-03	2.062928e+01
0.081796	-5.318044e-01	6.061448e-02	6.813118e-03	2.061574e+01
0.082944	-5.355109e-01	6.153022e-02	6.895770e-03	2.060212e+01
0.084100	-5.392166e-01	6.245249e-02	6.979372e-03	2.058841e+01
0.085264	-5.429214e-01	6.338069e-02	7.064460e-03	2.057459e+01
0.086436	-5.466251e-01	6.431420e-02	7.151552e-03	2.056064e+01
0.087616	-5.503274e-01	6.525241e-02	7.241134e-03	2.054653e+01
0.088804	-5.540280e-01	6.619477e-02	7.333645e-03	2.053222e+01
0.090000	-5.577265e-01	6.714076e-02	7.429459e-03	2.051767e+01
0.091204	-5.614223e-01	6.808994e-02	7.528872e-03	2.050285e+01
0.092416	-5.651150e-01	6.904196e-02	7.632093e-03	2.048773e+01
0.093636	-5.688039e-01	6.999657e-02	7.739235e-03	2.047226e+01
0.094864	-5.724886e-01	7.095361e-02	7.850310e-03	2.045642e+01
0.096100	-5.761684e-01	7.191304e-02	7.965223e-03	2.044018e+01
0.097344	-5.798428e-01	7.287493e-02	8.083783e-03	2.042351e+01
0.098596	-5.835113e-01	7.383947e-02	8.205699e-03	2.040640e+01
0.099856	-5.871734e-01	7.480695e-02	8.330591e-03	2.038884e+01
0.101124	-5.908288e-01	7.577774e-02	8.458004e-03	2.037081e+01
0.102400	-5.944771e-01	7.675231e-02	8.587418e-03	2.035234e+01
0.103684	-5.981182e-01	7.773118e-02	8.718267e-03	2.033342e+01
0.104976	-6.017517e-01	7.871491e-02	8.849957e-03	2.031407e+01
0.106276	-6.053778e-01	7.970411e-02	8.981882e-03	2.029431e+01
0.107584	-6.089965e-01	8.069937e-02	9.113451e-03	2.027418e+01
0.108900	-6.126079e-01	8.170126e-02	9.244099e-03	2.025370e+01
0.110224	-6.162124e-01	8.271032e-02	9.373314e-03	2.023291e+01
0.111556	-6.198102e-01	8.372703e-02	9.500649e-03	2.021186e+01
0.112896	-6.234018e-01	8.475177e-02	9.625742e-03	2.019057e+01
0.114244	-6.269876e-01	8.578485e-02	9.748327e-03	2.016909e+01
0.115600	-6.305682e-01	8.682644e-02	9.868242e-03	2.014746e+01
0.116964	-6.341441e-01	8.787661e-02	9.985442e-03	2.012571e+01
0.118336	-6.377159e-01	8.893530e-02	1.010000e-02	2.010388e+01
0.119716	-6.412842e-01	9.000233e-02	1.021209e-02	2.008200e+01
0.121104	-6.448495e-01	9.107737e-02	1.032201e-02	2.006009e+01
0.122500	-6.484123e-01	9.215999e-02	1.043017e-02	2.003816e+01
0.123904	-6.519731e-01	9.324967e-02	1.053705e-02	2.001624e+01
0.125316	-6.555321e-01	9.434577e-02	1.064322e-02	1.999431e+01
0.126736	-6.590898e-01	9.544759e-02	1.074930e-02	1.997239e+01
0.128164	-6.626462e-01	9.655439e-02	1.085595e-02	1.995045e+01
0.129600	-6.662014e-01	9.766537e-02	1.096384e-02	1.992850e+01
0.131044	-6.697554e-01	9.877977e-02	1.107366e-02	1.990650e+01
0.132496	-6.733081e-01	9.989682e-02	1.118605e-02	1.988443e+01
0.133956	-6.768591e-01	1.010158e-01	1.130159e-02	1.986226e+01
0.135424	-6.804082e-01	1.021361e-01	1.142082e-02	1.983996e+01
0.136900	-6.839548e-01	1.032570e-01	1.154418e-02	1.981751e+01
0.138384	-6.874985e-01	1.043783e-01	1.167200e-02	1.979486e+01
0.139876	-6.910387e-01	1.054995e-01	1.180449e-02	1.977198e+01
0.141376	-6.945746e-01	1.066205e-01	1.194175e-02	1.974885e+01
0.142884	-6.981057e-01	1.077411e-01	1.208375e-02	1.972544e+01
0.144400	-7.016313e-01	1.088615e-01	1.223031e-02	1.970173e+01
0.145924	-7.051506e-01	1.099819e-01	1.238116e-02	1.967768e+01
0.147456	-7.086630e-01	1.111026e-01	1.253589e-02	1.965331e+01
0.148996	-7.121680e-01	1.122241e-01	1.269397e-02	1.962858e+01
0.150544	-7.156650e-01	1.133470e-01	1.285481e-02	1.960352e+01
0.152100	-7.191537e-01	1.144718e-01	1.301775e-02	1.957811e+01
0.153664	-7.226336e-01	1.155994e-01	1.318205e-02	1.955237e+01
0.155236	-7.261045e-01	1.167303e-01	1.334698e-02	1.952632e+01
0.156816	-7.295664e-01	1.178653e-01	1.351179e-02	1.949997e+01
0.158404	-7.330193e-01	1.190051e-01	1.367575e-02	1.947335e+01
0.160000	-7.364632e-01	1.201504e-01	1.383820e-02	1.944650e+01
0.161604	-7.398986e-01	1.213017e-01	1.399854e-02	1.941943e+01
0.163216	-7.433256e-01	1.224596e-01	1.415625e-02	1.939218e+01
0.164836	-7.467449e-01	1.236242e-01	1.431095e-02	1.936479e+01
0.166464	-7.501569e-01	1.247960e-01	1.446234e-02	1.933729e+01
0.168100	-7.535624e-01	1.259749e-01	1.461031e-02	1.930970e+01
0.169744	-7.569619e-01	1.271608e-01	1.475484e-02	1.928205e+01
0.171396	-7.603561e-01	1.283535e-01	1.489609e-02	1.925438e+01
0.173056	-7.637459e-01	1.295527e-01	1.503435e-02	1.922669e+01
0.174724	-7.671318e-01	1.307578e-01	1.517001e-02	1.919900e+01
0.176400	-7.705145e-01	1.319682e-01	1.530364e-02	1.917133e+01
0.178084	-7.738947e-01	1.331831e-01	1.543584e-02	1.914367e+01
0.179776	-7.772728e-01	1.344016e-01	1.556736e-02	1.911603e+01
0.181476	-7.806493e-01	1.356229e-01	1.569896e-02	1.908840e+01
0.183184	-7.840244e-01	1.368460e-01	1.583146e-02	1.906077e+01
0.184900	-7.873984e-01	1.380700e-01	1.596567e-02	1.903313e+01
0.186624	-7.907713e-01	1.392940e-01	1.610239e-02	1.900545e+01
0.188356	-7.941429e-01	1.405171e-01	1.624238e-02	1.897770e+01
0.190096	-7.975132e-01	1.417386e-01	1.638631e-02	1.894988e+01
0.191844	-8.008817e-01	1.429579e-01	1.653476e-02	1.892195e+01
0.193600	-8.042480e-01	1.441743e-01	1.668821e-02	1.889387e+01
0.195364	-8.076116e-01	1.453875e-01	1.684698e-02	1.886564e+01
0.197136	-8.109717e-01	1.465974e-01	1.701127e-02	1.883722e+01
0.198916	-8.143276e-01	1.478038e-01	1.718110e-02	1.880859e+01
0.200704	-8.176787e-01	1.490068e-01	1.735637e-02	1.877974e+01
0.202500	-8.210240e-01	1.502069e-01	1.753679e-02	1.875064e+01
0.204304	-8.243627e-01	1.514042e-01	1.772194e-02	1.872129e+01
0.206116	-8.276942e-01	1.525995e-01	1.791128e-02	1.869167e+01
0.207936	-8.310176e-01	1.537934e-01	1.810414e-02	1.866180e+01
0.209764	-8.343324e-01	1.549867e-01	1.829975e-02	1.863167e+01
0.211600	-8.376379e-01	1.561802e-01	1.849727e-02	1.860129e+01
0.213444	-8.409337e-01	1.573747e-01	1.869583e-02	1.857066e+01
0.215296	-8.442194e-01	1.585712e-01	1.889455e-02	1.853982e+01
0.217156	-8.474950e-01	1.597704e-01	1.909253e-02	1.850877e+01
0.219024	-8.507602e-01	1.609731e-01	1.928896e-02	1.847754e+01
0.220900	-8.540153e-01	1.621800e-01	1.948307e-02	1.844615e+01
0.222784	-8.572604e-01	1.633916e-01	1.967421e-02	1.841462e+01
0.224676	-8.604960e-01	1.646085e-01	1.986183e-02	1.838299e+01
0.226576	-8.637225e-01	1.658307e-01	2.004555e-02	1.835126e+01
0.228484	-8.669405e-01	1.670584e-01	2.022511e-02	1.831947e+01
0.230400	-8.701508e-01	1.682915e-01	2.040045e-02	1.828764e+01
0.232324	-8.733541e-01	1.695297e-01	2.057165e-02	1.825578e+01
0.234256	-8.765513e-01	1.707726e-01	2.073898e-02	1.822391e+01
0.236196	-8.797433e-01	1.720196e-01	2.090284e-02	1.819204e+01
0.238144	-8.829307e-01	1.732699e-01	2.106381e-02	1.816017e+01
0.240100	-8.861146e-01	1.745226e-01	2.122258e-02	1.812831e+01
0.242064	-8.892956e-01	1.757767e-01	2.137995e-02	1.809645e+01
0.244036	-8.924743e-01	1.770313e-01	2.153681e-02	1.806460e+01
0.246016	-8.956515e-01	1.782853e-01	2.169409e-02	1.803273e+01
0.248004	-8.988274e-01	1.795375e-01	2.185274e-02	1.800085e+01
0.250000	-9.020024e-01	1.807870e-01	2.201372e-02	1.796893e+01
0.252004	-9.051767e-01	1.820328e-01	2.217793e-02	1.793696e+01
0.254016	-9.083503e-01	1.832740e-01	2.234620e-02	1.790491e+01
0.256036	-9.115230e-01	1.845100e-01	2.251926e-02	1.787277e+01
0.258064	-9.146944e-01	1.857401e-01	2.269773e-02	1.784053e+01
0.260100	-9.178643e-01	1.869639e-01	2.288205e-02	1.780815e+01
0.262144	-9.210319e-01	1.881813e-01	2.307253e-02	1.777563e+01
0.264196	-9.241965e-01	1.893922e-01	2.326928e-02	1.774294e+01
0.266256	-9.273574e-01	1.905968e-01	2.347224e-02	1.771009e+01
0.268324	-9.305137e-01	1.917954e-01	2.368116e-02	1.767705e+01
0.270400	-9.336645e-01	1.929885e-01	2.389563e-02	1.764383e+01
0.272484	-9.368088e-01	1.941770e-01	2.411507e-02	1.761041e+01
0.274576	-9.399458e-01	1.953615e-01	2.433875e-02	1.757681e+01
0.276676	-9.430745e-01	1.965430e-01	2.456583e-02	1.754302e+01
0.278784	-9.461942e-01	1.977224e-01	2.479537e-02	1.750905e+01
0.280900	-9.493042e-01	1.989008e-01	2.502638e-02	1.747492e+01
0.283024	-9.524038e-01	2.000792e-01	2.525781e-02	1.744064e+01
0.285156	-9.554926e-01	2.012586e-01	2.548865e-02	1.740622e+01
0.287296	-9.585704e-01	2.024397e-01	2.571791e-02	1.737167e+01
0.289444	-9.616370e-01	2.036236e-01	2.594466e-02	1.733702e+01
0.291600	-9.646923e-01	2.048107e-01	2.616810e-02	1.730229e+01
0.293764	-9.677367e-01	2.060015e-01	2.638755e-02	1.726748e+01
0.295936	-9.707704e-01	2.071964e-01	2.660246e-02	1.723262e+01
0.298116	-9.737940e-01	2.083954e-01	2.681250e-02	1.719772e+01
0.300304	-9.768082e-01	2.095985e-01	2.701749e-02	1.716280e+01
0.302500	-9.798137e-01	2.108054e-01	2.721745e-02	1.712786e+01
0.304704	-9.828114e-01	2.120154e-01	2.741261e-02	1.709292e+01
0.306916	-9.858022e-01	2.132280e-01	2.760337e-02	1.705797e+01
0.309136	-9.887871e-01	2.144423e-01	2.779032e-02	1.702302e+01
0.311364	-9.917671e-01	2.156573e-01	2.797419e-02	1.698807e+01
0.313600	-9.947432e-01	2.168720e-01	2.815585e-02	1.695312e+01
0.315844	-9.977162e-01	2.180851e-01	2.833629e-02	1.691815e+01
0.318096	-1.000687e+00	2.192954e-01	2.851656e-02	1.688317e+01
0.320356	-1.003656e+00	2.205019e-01	2.869774e-02	1.684815e+01
0.322624	-1.006625e+00	2.217033e-01	2.888092e-02	1.681309e+01
0.324900	-1.009593e+00	2.228986e-01	2.906718e-02	1.677798e+01
0.327184	-1.012561e+00	2.240869e-01	2.925749e-02	1.674280e+01
0.329476	-1.015529e+00	2.252673e-01	2.945274e-02	1.670754e+01
0.331776	-1.018496e+00	2.264393e-01	2.965367e-02	1.667218e+01
0.334084	-1.021464e+00	2.276026e-01	2.986089e-02	1.663672e+01
0.336400	-1.024430e+00	2.287567e-01	3.007480e-02	1.660115e+01
0.338724	-1.027395e+00	2.299019e-01	3.029561e-02	1.656546e+01
0.341056	-1.030357e+00	2.310383e-01	3.052332e-02	1.652963e+01
0.343396	-1.033317e+00	2.321665e-01	3.075774e-02	1.649369e+01
0.345744	-1.036273e+00	2.332869e-01	3.099847e-02	1.645761e+01
0.348100	-1.039223e+00	2.344005e-01	3.124490e-02	1.642141e+01
0.350464	-1.042168e+00	2.355082e-01	3.149629e-02	1.638508e+01
0.352836	-1.045105e+00	2.366111e-01	3.175170e-02	1.634865e+01
0.355216	-1.048034e+00	2.377102e-01	3.201012e-02	1.631211e+01
0.357604	-1.050954e+00	2.388069e-01	3.227043e-02	1.627548e+01
0.360000	-1.053864e+00	2.399022e-01	3.253145e-02	1.623877e+01
0.362404	-1.056764e+00	2.409972e-01	3.279203e-02	1.620199e+01
0.364816	-1.059652e+00	2.420930e-01	3.305101e-02	1.616515e+01
0.367236	-1.062528e+00	2.431905e-01	3.330732e-02	1.612828e+01
0.369664	-1.065393e+00	2.442904e-01	3.356000e-02	1.609138e+01
0.372100	-1.068245e+00	2.453933e-01	3.380820e-02	1.605446e+01
0.374544	-1.071086e+00	2.464994e-01	3.405126e-02	1.601753e+01
0.376996	-1.073915e+00	2.476090e-01	3.428870e-02	1.598060e+01
0.379456	-1.076733e+00	2.487220e-01	3.452026e-02	1.594368e+01
0.381924	-1.079541e+00	2.498379e-01	3.474588e-02	1.590678e+01
0.384400	-1.082339e+00	2.509562e-01	3.496573e-02	1.586988e+01
0.386884	-1.085129e+00	2.520762e-01	3.518020e-02	1.583299e+01
0.389376	-1.087912e+00	2.531970e-01	3.538986e-02	1.579612e+01
0.391876	-1.090688e+00	2.543173e-01	3.559549e-02	1.575924e+01
0.394384	-1.093459e+00	2.554362e-01	3.579803e-02	1.572237e+01
0.396900	-1.096225e+00	2.565522e-01	3.599855e-02	1.568548e+01
0.399424	-1.098989e+00	2.576640e-01	3.619819e-02	1.564858e+01
0.401956	-1.101751e+00	2.587705e-01	3.639818e-02	1.561164e+01
0.404496	-1.104511e+00	2.598703e-01	3.659975e-02	1.557466e+01
0.407044	-1.107271e+00	2.609622e-01	3.680410e-02	1.553763e+01
0.409600	-1.110031e+00	2.620454e-01	3.701240e-02	1.550054e+01
0.412164	-1.112792e+00	2.631189e-01	3.722566e-02	1.546339e+01
0.414736	-1.115553e+00	2.641821e-01	3.744480e-02	1.542616e+01
0.417316	-1.118315e+00	2.652347e-01	3.767055e-02	1.538884e+01
0.419904	-1.121077e+00	2.662763e-01	3.790342e-02	1.535145e+01
0.422500	-1.123840e+00	2.673072e-01	3.814375e-02	1.531397e+01
0.425104	-1.126602e+00	2.683275e-01	3.839162e-02	1.527641e+01
0.427716	-1.129363e+00	2.693379e-01	3.864689e-02	1.523877e+01
0.430336	-1.132121e+00	2.703391e-01	3.890917e-02	1.520105e+01
0.432964	-1.134876e+00	2.713321e-01	3.917788e-02	1.516327e+01
0.435600	-1.137627e+00	2.723178e-01	3.945222e-02	1.512544e+01
0.438244	-1.140372e+00	2.732976e-01	3.973122e-02	1.508756e+01
0.440896	-1.143111e+00	2.742728e-01	4.001377e-02	1.504964e+01
0.443556	-1.145842e+00	2.752446e-01	4.029864e-02	1.501170e+01
0.446224	-1.148563e+00	2.762144e-01	4.058455e-02	1.497376e+01
0.448900	-1.151275e+00	2.771834e-01	4.087018e-02	1.493582e+01
0.451584	-1.153976e+00	2.781528e-01	4.115424e-02	1.489789e+01
0.454276	-1.156665e+00	2.791236e-01	4.143548e-02	1.485998e+01
0.456976	-1.159342e+00	2.800967e-01	4.171279e-02	1.482211e+01
0.459684	-1.162007e+00	2.810726e-01	4.198517e-02	1.478429e+01
0.462400	-1.164659e+00	2.820517e-01	4.225182e-02	1.474650e+01
0.465124	-1.167299e+00	2.830342e-01	4.251213e-02	1.470877e+01
0.467856	-1.169926e+00	2.840201e-01	4.276573e-02	1.467108e+01
0.470596	-1.172541e+00	2.850088e-01	4.301246e-02	1.463344e+01
0.473344	-1.175146e+00	2.859999e-01	4.325244e-02	1.459584e+01
0.476100	-1.177740e+00	2.869925e-01	4.348601e-02	1.455828e+01
0.478864	-1.180326e+00	2.879856e-01	4.371376e-02	1.452075e+01
0.481636	-1.182903e+00	2.889780e-01	4.393648e-02	1.448325e+01
0.484416	-1.185474e+00	2.899684e-01	4.415515e-02	1.444575e+01
0.487204	-1.188039e+00	2.909553e-01	4.437092e-02	1.440825e+01
0.490000	-1.190600e+00	2.919375e-01	4.458505e-02	1.437075e+01
0.492804	-1.193158e+00	2.929134e-01	4.479887e-02	1.433322e+01
0.495616	-1.195714e+00	2.938818e-01	4.501375e-02	1.429567e+01
0.498436	-1.198269e+00	2.948413e-01	4.523106e-02	1.425807e+01
0.501264	-1.200825e+00	2.957910e-01	4.545209e-02	1.422043e+01
0.504100	-1.203381e+00	2.967299e-01	4.567804e-02	1.418274e+01
0.506944	-1.205939e+00	2.976573e-01	4.590996e-02	1.414499e+01
0.509796	-1.208498e+00	2.985729e-01	4.614874e-02	1.410718e+01
0.512656	-1.211058e+00	2.994764e-01	4.639502e-02	1.406932e+01
0.515524	-1.213620e+00	3.003679e-01	4.664925e-02	1.403141e+01
0.518400	-1.216184e+00	3.012479e-01	4.691160e-02	1.399346e+01
0.521284	-1.218748e+00	3.021169e-01	4.718200e-02	1.395546e+01
0.524176	-1.221311e+00	3.029757e-01	4.746011e-02	1.391744e+01
0.527076	-1.223873e+00	3.038255e-01	4.774534e-02	1.387941e+01
0.529984	-1.226433e+00	3.046674e-01	4.803690e-02	1.384137e+01
0.532900	-1.228990e+00	3.055028e-01	4.833375e-02	1.380334e+01
0.535824	-1.231541e+00	3.063332e-01	4.863472e-02	1.376534e+01
0.538756	-1.234086e+00	3.071599e-01	4.893848e-02	1.372738e+01
0.541696	-1.236624e+00	3.079846e-01	4.924363e-02	1.368947e+01
0.544644	-1.239153e+00	3.088085e-01	4.954871e-02	1.365162e+01
0.547600	-1.241672e+00	3.096330e-01	4.985229e-02	1.361385e+01
0.550564	-1.244180e+00	3.104591e-01	5.015297e-02	1.357616e+01
0.553536	-1.246676e+00	3.112879e-01	5.044946e-02	1.353856e+01
0.556516	-1.249160e+00	3.121200e-01	5.074062e-02	1.350105e+01
0.559504	-1.251631e+00	3.129558e-01	5.102550e-02	1.346364e+01
0.562500	-1.254089e+00	3.137956e-01	5.130334e-02	1.342633e+01
0.565504	-1.256533e+00	3.146392e-01	5.157366e-02	1.338910e+01
0.568516	-1.258965e+00	3.154863e-01	5.183621e-02	1.335197e+01
0.571536	-1.261385e+00	3.163362e-01	5.209104e-02	1.331490e+01
0.574564	-1.263793e+00	3.171880e-01	5.233843e-02	1.327791e+01
0.577600	-1.266190e+00	3.180407e-01	5.257896e-02	1.324097e+01
0.580644	-1.268578e+00	3.188929e-01	5.281342e-02	1.320408e+01
0.583696	-1.270957e+00	3.197432e-01	5.304286e-02	1.316722e+01
0.586756	-1.273330e+00	3.205903e-01	5.326847e-02	1.313038e+01
0.589824	-1.275696e+00	3.214324e-01	5.349161e-02	1.309354e+01
0.592900	-1.278059e+00	3.222680e-01	5.371373e-02	1.305670e+01
0.595984	-1.280419e+00	3.230958e-01	5.393633e-02	1.301984e+01
0.599076	-1.282777e+00	3.239144e-01	5.416091e-02	1.298296e+01
0.602176	-1.285135e+00	3.247226e-01	5.438895e-02	1.294605e+01
0.605284	-1.287493e+00	3.255194e-01	5.462178e-02	1.290910e+01
0.608400	-1.289853e+00	3.263041e-01	5.486062e-02	1.287212e+01
0.611524	-1.292216e+00	3.270763e-01	5.510649e-02	1.283510e+01
0.614656	-1.294580e+00	3.278357e-01	5.536021e-02	1.279804e+01
0.617796	-1.296948e+00	3.285825e-01	5.562232e-02	1.276096e+01
0.620944	-1.299318e+00	3.293170e-01	5.589311e-02	1.272387e+01
0.624100	-1.301690e+00	3.300400e-01	5.617257e-02	1.268676e+01
0.627264	-1.304064e+00	3.307523e-01	5.646043e-02	1.264967e+01
0.630436	-1.306438e+00	3.314552e-01	5.675612e-02	1.261259e+01
0.633616	-1.308812e+00	3.321499e-01	5.705884e-02	1.257556e+01
0.636804	-1.311185e+00	3.328379e-01	5.736752e-02	1.253857e+01
0.640000	-1.313555e+00	3.335208e-01	5.768092e-02	1.250165e+01
0.643204	-1.315921e+00	3.342003e-01	5.799764e-02	1.246482e+01
0.646416	-1.318281e+00	3.348779e-01	5.831615e-02	1.242808e+01
0.649636	-1.320635e+00	3.355551e-01	5.863487e-02	1.239145e+01
0.652864	-1.322979e+00	3.362335e-01	5.895222e-02	1.235494e+01
0.656100	-1.325314e+00	3.369141e-01	5.926665e-02	1.231856e+01
0.659344	-1.327638e+00	3.375981e-01	5.957672e-02	1.228231e+01
0.662596	-1.329950e+00	3.382862e-01	5.988111e-02	1.224620e+01
0.665856	-1.332250e+00	3.389789e-01	6.017872e-02	1.221022e+01
0.669124	-1.334536e+00	3.396765e-01	6.046867e-02	1.217438e+01
0.672400	-1.336808e+00	3.403789e-01	6.075032e-02	1.213866e+01
0.675684	-1.339067e+00	3.410857e-01	6.102335e-02	1.210306e+01
0.678976	-1.341313e+00	3.417962e-01	6.128769e-02	1.206756e+01
0.682276	-1.343546e+00	3.425095e-01	6.154359e-02	1.203216e+01
0.685584	-1.345767e+00	3.432244e-01	6.179159e-02	1.199685e+01
0.688900	-1.347976e+00	3.439396e-01	6.203250e-02	1.196160e+01
0.692224	-1.350176e+00	3.446535e-01	6.226737e-02	1.192640e+01
0.695556	-1.352367e+00	3.453645e-01	6.249746e-02	1.189124e+01
0.698896	-1.354551e+00	3.460709e-01	6.272421e-02	1.185610e+01
0.702244	-1.356729e+00	3.467711e-01	6.294919e-02	1.182097e+01
0.705600	-1.358903e+00	3.474636e-01	6.317401e-02	1.178584e+01
0.708964	-1.361075e+00	3.481468e-01	6.340034e-02	1.175070e+01
0.712336	-1.363245e+00	3.488195e-01	6.362978e-02	1.171554e+01
0.715716	-1.365416e+00	3.494806e-01	6.386384e-02	1.168036e+01
0.719104	-1.367587e+00	3.501293e-01	6.410391e-02	1.164516e+01
0.722500	-1.369762e+00	3.507651e-01	6.435115e-02	1.160994e+01
0.725904	-1.371939e+00	3.513878e-01	6.460652e-02	1.157469e+01
0.729316	-1.374120e+00	3.519974e-01	6.487071e-02	1.153944e+01
0.732736	-1.376304e+00	3.525944e-01	6.514411e-02	1.150419e+01
0.736164	-1.378493e+00	3.531795e-01	6.542681e-02	1.146896e+01
0.739600	-1.380684e+00	3.537536e-01	6.571860e-02	1.143375e+01
0.743044	-1.382878e+00	3.543181e-01	6.601894e-02	1.139858e+01
0.746496	-1.385075e+00	3.548743e-01	6.632704e-02	1.136347e+01
0.749956	-1.387271e+00	3.554238e-01	6.664181e-02	1.132844e+01
0.753424	-1.389468e+00	3.559683e-01	6.696197e-02	1.129351e+01
0.756900	-1.391662e+00	3.565096e-01	6.728602e-02	1.125868e+01
0.760384	-1.393853e+00	3.570495e-01	6.761234e-02	1.122398e+01
0.763876	-1.396039e+00	3.575895e-01	6.793923e-02	1.118941e+01
0.767376	-1.398218e+00	3.581313e-01	6.826496e-02	1.115500e+01
0.770884	-1.400390e+00	3.586761e-01	6.858783e-02	1.112073e+01
0.774400	-1.402551e+00	3.592252e-01	6.890623e-02	1.108663e+01
0.777924	-1.404702e+00	3.597795e-01	6.921870e-02	1.105269e+01
0.781456	-1.406840e+00	3.603394e-01	6.952398e-02	1.101891e+01
0.784996	-1.408966e+00	3.609054e-01	6.982102e-02	1.098529e+01
0.788544	-1.411078e+00	3.614772e-01	7.010907e-02	1.095182e+01
0.792100	-1.413176e+00	3.620547e-01	7.038768e-02	1.091849e+01
0.795664	-1.415260e+00	3.626370e-01	7.065668e-02	1.088529e+01
0.799236	-1.417331e+00	3.632232e-01	7.091628e-02	1.085221e+01
0.802816	-1.419388e+00	3.638121e-01	7.116695e-02	1.081923e+01
0.806404	-1.421432e+00	3.644022e-01	7.140949e-02	1.078633e+01
0.810000	-1.423465e+00	3.649919e-01	7.164499e-02	1.075350e+01
0.813604	-1.425488e+00	3.655794e-01	7.187474e-02	1.072073e+01
0.817216	-1.427502e+00	3.661630e-01	7.210026e-02	1.068799e+01
0.820836	-1.429509e+00	3.667409e-01	7.232322e-02	1.065527e+01
0.824464	-1.431510e+00	3.673114e-01	7.254536e-02	1.062257e+01
0.828100	-1.433507e+00	3.678729e-01	7.276847e-02	1.058986e+01
0.831744	-1.435502e+00	3.684239e-01	7.299431e-02	1.055715e+01
0.835396	-1.437497e+00	3.689633e-01	7.322456e-02	1.052442e+01
0.839056	-1.439492e+00	3.694903e-01	7.346075e-02	1.049168e+01
0.842724	-1.441489e+00	3.700041e-01	7.370424e-02	1.045893e+01
0.846400	-1.443489e+00	3.705046e-01	7.395610e-02	1.042617e+01
0.850084	-1.445494e+00	3.709917e-01	7.421719e-02	1.039341e+01
0.853776	-1.447503e+00	3.714660e-01	7.448801e-02	1.036066e+01
0.857476	-1.449517e+00	3.719280e-01	7.476875e-02	1.032793e+01
0.861184	-1.451535e+00	3.723789e-01	7.505927e-02	1.029524e+01
0.864900	-1.453558e+00	3.728199e-01	7.535911e-02	1.026260e+01
0.868624	-1.455585e+00	3.732526e-01	7.566746e-02	1.023003e+01
0.872356	-1.457615e+00	3.736785e-01	7.598326e-02	1.019754e+01
0.876096	-1.459647e+00	3.740997e-01	7.630514e-02	1.016517e+01
0.879844	-1.461679e+00	3.745178e-01	7.663158e-02	1.013291e+01
0.883600	-1.463710e+00	3.749349e-01	7.696084e-02	1.010078e+01
0.887364	-1.465738e+00	3.753527e-01	7.729110e-02	1.006881e+01
0.891136	-1.467762e+00	3.757729e-01	7.762051e-02	1.003700e+01
0.894916	-1.469779e+00	3.761969e-01	7.794721e-02	1.000535e+01
0.898704	-1.471788e+00	3.766262e-01	7.826943e-02	9.973877e+00
0.902500	-1.473788e+00	3.770616e-01	7.858556e-02	9.942580e+00
0.906304	-1.475777e+00	3.775038e-01	7.889416e-02	9.911458e+00
0.910116	-1.477754e+00	3.779533e-01	7.919404e-02	9.880507e+00
0.913936	-1.479718e+00	3.784099e-01	7.948429e-02	9.849720e+00
0.917764	-1.481668e+00	3.788733e-01	7.976434e-02	9.819089e+00
0.921600	-1.483603e+00	3.793429e-01	8.003394e-02	9.788600e+00
0.925444	-1.485525e+00	3.798177e-01	8.029318e-02	9.758240e+00
0.929296	-1.487432e+00	3.802963e-01	8.054250e-02	9.727994e+00
0.933156	-1.489325e+00	3.807772e-01	8.078268e-02	9.697845e+00
0.937024	-1.491205e+00	3.812588e-01	8.101480e-02	9.667777e+00
0.940900	-1.493074e+00	3.817391e-01	8.124020e-02	9.637772e+00
0.944784	-1.494932e+00	3.822163e-01	8.146047e-02	9.607814e+00
0.948676	-1.496781e+00	3.826884e-01	8.167734e-02	9.577889e+00
0.952576	-1.498623e+00	3.831537e-01	8.189270e-02	9.547983e+00
0.956484	-1.500460e+00	3.836103e-01	8.210845e-02	9.518085e+00
0.960400	-1.502293e+00	3.840567e-01	8.232652e-02	9.488187e+00
0.964324	-1.504124e+00	3.844916e-01	8.254873e-02	9.458283e+00
0.968256	-1.505955e+00	3.849140e-01	8.277679e-02	9.428371e+00
0.972196	-1.507787e+00	3.853232e-01	8.301221e-02	9.398451e+00
0.976144	-1.509623e+00	3.857188e-01	8.325624e-02	9.368526e+00
0.980100	-1.511462e+00	3.861009e-01	8.350986e-02	9.338603e+00
0.984064	-1.513307e+00	3.864698e-01	8.377373e-02	9.308693e+00
0.988036	-1.515157e+00	3.868262e-01	8.404815e-02	9.278806e+00
0.992016	-1.517013e+00	3.871711e-01	8.433305e-02	9.248956e+00
0.996004	-1.518875e+00	3.875059e-01	8.462804e-02	9.219160e+00