
0.000004	-4.361543e-04	1.786635e-06	1.559033e-08	2.988285e-01
0.000016	-8.959350e-04	1.261551e-05	4.229733e-07	3.154071e-01
0.000036	-1.402772e-03	3.410009e-05	2.451512e-06	3.440546e-01
0.000064	-1.946716e-03	6.281530e-05	6.654581e-06	3.732368e-01
0.000100	-2.539326e-03	1.056099e-04	1.244197e-05	4.073009e-01
0.000144	-3.172208e-03	1.505731e-04	1.902850e-05	4.421223e-01
0.000196	-3.845326e-03	2.028680e-04	3.038402e-05	4.781164e-01
0.000256	-4.557774e-03	2.622744e-04	3.961708e-05	5.151077e-01
0.000324	-5.309025e-03	3.302730e-04	5.018363e-05	5.531785e-01
0.000400	-6.098156e-03	4.032280e-04	6.253472e-05	5.921019e-01
0.000484	-6.925659e-03	4.839068e-04	7.544438e-05	6.321475e-01
0.000576	-7.789673e-03	5.696347e-04	9.123485e-05	6.729645e-01
0.000676	-8.690725e-03	6.617644e-04	1.070125e-04	7.147389e-01
0.000784	-9.626660e-03	7.591150e-04	1.242979e-04	7.571537e-01
0.000900	-1.059854e-02	8.623336e-04	1.426895e-04	8.004599e-01
0.001024	-1.160494e-02	9.710942e-04	1.626715e-04	8.444867e-01
0.001156	-1.264560e-02	1.084107e-03	1.835340e-04	8.891956e-01
0.001296	-1.371983e-02	1.201720e-03	2.057888e-04	9.345561e-01
0.001444	-1.482628e-02	1.324036e-03	2.300011e-04	9.804470e-01
0.001600	-1.596594e-02	1.450159e-03	2.548684e-04	1.026999e+00
0.001764	-1.713742e-02	1.580164e-03	2.812538e-04	1.074085e+00
0.001936	-1.834011e-02	1.714398e-03	3.085404e-04	1.121677e+00
0.002116	-1.957431e-02	1.851553e-03	3.376052e-04	1.169810e+00
0.002304	-2.083851e-02	1.991908e-03	3.677023e-04	1.218348e+00
0.002500	-2.213248e-02	2.135331e-03	3.990522e-04	1.267298e+00
0.002704	-2.345619e-02	2.280989e-03	4.316154e-04	1.316663e+00
0.002916	-2.480901e-02	2.429510e-03	4.656442e-04	1.366425e+00
0.003136	-2.619034e-02	2.580078e-03	5.008059e-04	1.416524e+00
0.003364	-2.759949e-02	2.732517e-03	5.376027e-04	1.466917e+00
0.003600	-2.903654e-02	2.886764e-03	5.753962e-04	1.517632e+00
0.003844	-3.050080e-02	3.042285e-03	6.145083e-04	1.568614e+00
0.004096	-3.199171e-02	3.199028e-03	6.550133e-04	1.619833e+00
0.004356	-3.350909e-02	3.356665e-03	6.967161e-04	1.671286e+00
0.004624	-3.505240e-02	3.515055e-03	7.399938e-04	1.722946e+00
0.004900	-3.662106e-02	3.674003e-03	7.843274e-04	1.774773e+00
0.005184	-3.821503e-02	3.833150e-03	8.300368e-04	1.826780e+00
0.005476	-3.983374e-02	3.992402e-03	8.770489e-04	1.878933e+00
0.005776	-4.147672e-02	4.151316e-03	9.253684e-04	1.931202e+00
0.006084	-4.314376e-02	4.309744e-03	9.750566e-04	1.983586e+00
0.006400	-4.483437e-02	4.467580e-03	1.026010e-03	2.036061e+00
0.006724	-4.654803e-02	4.624467e-03	1.078483e-03	2.088596e+00
0.007056	-4.828471e-02	4.780188e-03	1.132133e-03	2.141199e+00
0.007396	-5.004388e-02	4.934547e-03	1.187181e-03	2.193844e+00
0.007744	-5.182512e-02	5.087472e-03	1.243515e-03	2.246513e+00
0.008100	-5.362828e-02	5.238459e-03	1.301184e-03	2.299200e+00
0.008464	-5.545290e-02	5.387425e-03	1.360289e-03	2.351887e+00
0.008836	-5.729855e-02	5.534200e-03	1.420737e-03	2.404553e+00
0.009216	-5.916510e-02	5.678480e-03	1.482496e-03	2.457199e+00
0.009604	-6.105215e-02	5.820099e-03	1.545684e-03	2.509808e+00
0.010000	-6.295929e-02	5.958937e-03	1.610128e-03	2.562362e+00
0.010404	-6.488638e-02	6.094612e-03	1.676036e-03	2.614862e+00
0.010816	-6.683302e-02	6.226998e-03	1.743369e-03	2.667291e+00
0.011236	-6.879895e-02	6.355971e-03	1.812007e-03	2.719643e+00
0.011664	-7.078379e-02	6.481220e-03	1.882105e-03	2.771901e+00
0.012100	-7.278737e-02	6.602547e-03	1.953480e-03	2.824064e+00
0.012544	-7.480933e-02	6.719810e-03	2.026355e-03	2.876120e+00
0.012996	-7.684933e-02	6.832838e-03	2.100586e-03	2.928056e+00
0.013456	-7.890725e-02	6.941347e-03	2.176301e-03	2.979876e+00
0.013924	-8.098276e-02	7.045264e-03	2.253369e-03	3.031568e+00
0.014400	-8.307556e-02	7.144340e-03	2.331867e-03	3.083123e+00
0.014884	-8.518538e-02	7.238372e-03	2.411872e-03	3.134533e+00
0.015376	-8.731204e-02	7.327211e-03	2.493245e-03	3.185800e+00
0.015876	-8.945525e-02	7.410714e-03	2.576072e-03	3.236914e+00
0.016384	-9.161467e-02	7.488627e-03	2.660386e-03	3.287863e+00
0.016900	-9.379018e-02	7.560834e-03	2.746140e-03	3.338653e+00
0.017424	-9.598153e-02	7.627149e-03	2.833345e-03	3.389276e+00
0.017956	-9.818839e-02	7.687466e-03	2.922085e-03	3.439725e+00
0.018496	-1.004106e-01	7.741554e-03	3.012293e-03	3.489998e+00
0.019044	-1.026480e-01	7.789197e-03	3.103977e-03	3.540095e+00
0.019600	-1.049002e-01	7.830405e-03	3.197174e-03	3.590009e+00
0.020164	-1.071671e-01	7.864849e-03	3.291914e-03	3.639737e+00
0.020736	-1.094485e-01	7.892506e-03	3.388100e-03	3.689278e+00
0.021316	-1.117441e-01	7.913122e-03	3.485897e-03	3.738625e+00
0.021904	-1.140537e-01	7.926663e-03	3.585220e-03	3.787783e+00
0.022500	-1.163771e-01	7.932867e-03	3.686076e-03	3.836742e+00
0.023104	-1.187142e-01	7.931680e-03	3.788493e-03	3.885511e+00
0.023716	-1.210646e-01	7.922991e-03	3.892482e-03	3.934079e+00
0.024336	-1.234283e-01	7.906567e-03	3.998060e-03	3.982449e+00
0.024964	-1.258050e-01	7.882328e-03	4.105217e-03	4.030616e+00
0.025600	-1.281945e-01	7.850178e-03	4.214000e-03	4.078588e+00
0.026244	-1.305967e-01	7.809921e-03	4.324410e-03	4.126358e+00
0.026896	-1.330113e-01	7.761467e-03	4.436420e-03	4.173927e+00
0.027556	-1.354382e-01	7.704718e-03	4.550087e-03	4.221293e+00
0.028224	-1.378771e-01	7.639572e-03	4.665377e-03	4.268457e+00
0.028900	-1.403280e-01	7.565857e-03	4.782323e-03	4.315421e+00
0.029584	-1.427907e-01	7.483528e-03	4.900936e-03	4.362185e+00
0.030276	-1.452649e-01	7.392414e-03	5.021269e-03	4.408747e+00
0.030976	-1.477505e-01	7.292449e-03	5.143265e-03	4.455109e+00
0.031684	-1.502473e-01	7.183507e-03	5.266942e-03	4.501273e+00
0.032400	-1.527553e-01	7.065521e-03	5.392367e-03	4.547240e+00
0.033124	-1.552741e-01	6.938393e-03	5.519550e-03	4.593007e+00
0.033856	-1.578037e-01	6.802037e-03	5.648436e-03	4.638581e+00
0.034596	-1.603438e-01	6.656339e-03	5.779085e-03	4.683960e+00
0.035344	-1.628944e-01	6.501220e-03	5.911509e-03	4.729145e+00
0.036100	-1.654553e-01	6.336604e-03	6.045708e-03	4.774137e+00
0.036864	-1.680264e-01	6.162401e-03	6.181735e-03	4.818942e+00
0.037636	-1.706074e-01	5.978543e-03	6.319530e-03	4.863554e+00
0.038416	-1.731983e-01	5.784963e-03	6.459187e-03	4.907985e+00
0.039204	-1.757989e-01	5.581600e-03	6.600644e-03	4.952227e+00
0.040000	-1.784090e-01	5.368344e-03	6.743982e-03	4.996286e+00
0.040804	-1.810285e-01	5.145152e-03	6.889162e-03	5.040163e+00
0.041616	-1.836574e-01	4.911961e-03	7.036264e-03	5.083863e+00
0.042436	-1.862954e-01	4.668710e-03	7.185212e-03	5.127385e+00
0.043264	-1.889424e-01	4.415359e-03	7.336123e-03	5.170733e+00
0.044100	-1.915983e-01	4.151834e-03	7.488922e-03	5.213906e+00
0.044944	-1.942629e-01	3.878075e-03	7.643663e-03	5.256909e+00
0.045796	-1.969362e-01	3.594047e-03	7.800395e-03	5.299744e+00
0.046656	-1.996180e-01	3.299703e-03	7.959052e-03	5.342412e+00
0.047524	-2.023081e-01	2.994978e-03	8.119727e-03	5.384917e+00
0.048400	-2.050065e-01	2.679893e-03	8.282420e-03	5.427259e+00
0.049284	-2.077130e-01	2.354336e-03	8.447107e-03	5.469442e+00
0.050176	-2.104276e-01	2.018264e-03	8.613829e-03	5.511468e+00
0.051076	-2.131500e-01	1.671719e-03	8.782630e-03	5.553340e+00
0.051984	-2.158802e-01	1.314615e-03	8.953489e-03	5.595058e+00
0.052900	-2.186181e-01	9.470247e-04	9.126427e-03	5.636627e+00
0.053824	-2.213635e-01	5.687093e-04	9.301467e-03	5.678047e+00
0.054756	-2.241164e-01	1.798044e-04	9.478636e-03	5.719324e+00
0.055696	-2.268766e-01	-2.197473e-04	9.657929e-03	5.760456e+00
0.056644	-2.296440e-01	-6.299509e-04	9.839376e-03	5.801448e+00
0.057600	-2.324185e-01	-1.050851e-03	1.002301e-02	5.842301e+00
0.058564	-2.352000e-01	-1.482426e-03	1.020883e-02	5.883020e+00
0.059536	-2.379884e-01	-1.924738e-03	1.039684e-02	5.923603e+00
0.060516	-2.407837e-01	-2.377732e-03	1.058714e-02	5.964056e+00
0.061504	-2.435856e-01	-2.841472e-03	1.077957e-02	6.004380e+00
0.062500	-2.463941e-01	-3.315922e-03	1.097430e-02	6.044576e+00
0.063504	-2.492091e-01	-3.801128e-03	1.117130e-02	6.084647e+00
0.064516	-2.520305e-01	-4.297074e-03	1.137061e-02	6.124598e+00
0.065536	-2.548582e-01	-4.803733e-03	1.157224e-02	6.164427e+00
0.066564	-2.576921e-01	-5.321145e-03	1.177618e-02	6.204138e+00
0.067600	-2.605321e-01	-5.849282e-03	1.198248e-02	6.243734e+00
0.068644	-2.633781e-01	-6.388147e-03	1.219116e-02	6.283216e+00
0.069696	-2.662300e-01	-6.937753e-03	1.240221e-02	6.322584e+00
0.070756	-2.690878e-01	-7.498043e-03	1.261564e-02	6.361844e+00
0.071824	-2.719514e-01	-8.069026e-03	1.283155e-02	6.400996e+00
0.072900	-2.748206e-01	-8.650675e-03	1.304985e-02	6.440042e+00
0.073984	-2.776953e-01	-9.243015e-03	1.327065e-02	6.478984e+00
0.075076	-2.805755e-01	-9.845981e-03	1.349391e-02	6.517824e+00
0.076176	-2.834611e-01	-1.045957e-02	1.371963e-02	6.556563e+00
0.077284	-2.863520e-01	-1.108380e-02	1.394792e-02	6.595203e+00
0.078400	-2.892482e-01	-1.171861e-02	1.417873e-02	6.633746e+00
0.079524	-2.921495e-01	-1.236392e-02	1.441208e-02	6.672194e+00
0.080656	-2.950558e-01	-1.301985e-02	1.464805e-02	6.710549e+00
0.081796	-2.979671e-01	-1.368625e-02	1.488657e-02	6.748811e+00
0.082944	-3.008833e-01	-1.436314e-02	1.512771e-02	6.786983e+00
0.084100	-3.038044e-01	-1.505048e-02	1.537149e-02	6.825067e+00
0.085264	-3.067301e-01	-1.574824e-02	1.561793e-02	6.863063e+00
0.086436	-3.096606e-01	-1.645636e-02	1.586702e-02	6.900971e+00
0.087616	-3.125956e-01	-1.717485e-02	1.611880e-02	6.938795e+00
0.088804	-3.155351e-01	-1.790369e-02	1.637329e-02	6.976537e+00
0.090000	-3.184791e-01	-1.864275e-02	1.663052e-02	7.014196e+00
0.091204	-3.214274e-01	-1.939209e-02	1.689050e-02	7.051773e+00
0.092416	-3.243800e-01	-2.015164e-02	1.715325e-02	7.089272e+00
0.093636	-3.273368e-01	-2.092135e-02	1.741877e-02	7.126691e+00
0.094864	-3.302977e-01	-2.170117e-02	1.768710e-02	7.164032e+00
0.096100	-3.332627e-01	-2.249109e-02	1.795826e-02	7.201298e+00
0.097344	-3.362318e-01	-2.329102e-02	1.823228e-02	7.238487e+00
0.098596	-3.392047e-01	-2.410093e-02	1.850914e-02	7.275602e+00
0.099856	-3.421815e-01	-2.492079e-02	1.878889e-02	7.312643e+00
0.101124	-3.451622e-01	-2.575057e-02	1.907155e-02	7.349612e+00
0.102400	-3.481465e-01	-2.659017e-02	1.935713e-02	7.386506e+00
0.103684	-3.511345e-01	-2.743959e-02	1.964564e-02	7.423333e+00
0.104976	-3.541261e-01	-2.829874e-02	1.993713e-02	7.460086e+00
0.106276	-3.571213e-01	-2.916758e-02	2.023158e-02	7.496770e+00
0.107584	-3.601199e-01	-3.004611e-02	2.052905e-02	7.533385e+00
0.108900	-3.631218e-01	-3.093417e-02	2.082953e-02	7.569930e+00
0.110224	-3.661272e-01	-3.183181e-02	2.113305e-02	7.606408e+00
0.111556	-3.691358e-01	-3.273894e-02	2.143962e-02	7.642817e+00
0.112896	-3.721476e-01	-3.365543e-02	2.174927e-02	7.679160e+00
0.114244	-3.751626e-01	-3.458138e-02	2.206203e-02	7.715435e+00
0.115600	-3.781807e-01	-3.551662e-02	2.237789e-02	7.751644e+00
0.116964	-3.812018e-01	-3.646112e-02	2.269688e-02	7.787787e+00
0.118336	-3.842259e-01	-3.741477e-02	2.301903e-02	7.823862e+00
0.119716	-3.872528e-01	-3.837766e-02	2.334435e-02	7.859873e+00
0.121104	-3.902827e-01	-3.934958e-02	2.367283e-02	7.895818e+00
0.122500	-3.933153e-01	-4.033055e-02	2.400458e-02	7.931698e+00
0.123904	-3.963507e-01	-4.132046e-02	2.433952e-02	7.967513e+00
0.125316	-3.993888e-01	-4.231929e-02	2.467771e-02	8.003261e+00
0.126736	-4.024295e-01	-4.332696e-02	2.501916e-02	8.038946e+00
0.128164	-4.054727e-01	-4.434341e-02	2.536390e-02	8.074564e+00
0.129600	-4.085185e-01	-4.536857e-02	2.571193e-02	8.110117e+00
0.131044	-4.115667e-01	-4.640238e-02	2.606328e-02	8.145605e+00
0.132496	-4.146174e-01	-4.744479e-02	2.641796e-02	8.181028e+00
0.133956	-4.176704e-01	-4.849574e-02	2.677603e-02	8.216387e+00
0.135424	-4.207257e-01	-4.955513e-02	2.713743e-02	8.251679e+00
0.136900	-4.237833e-01	-5.062294e-02	2.750224e-02	8.286906e+00
0.138384	-4.268430e-01	-5.169909e-02	2.787045e-02	8.322067e+00
0.139876	-4.299049e-01	-5.278349e-02	2.824207e-02	8.357162e+00
0.141376	-4.329689e-01	-5.387610e-02	2.861716e-02	8.392189e+00
0.142884	-4.360350e-01	-5.497685e-02	2.899571e-02	8.427152e+00
0.144400	-4.391030e-01	-5.608568e-02	2.937772e-02	8.462046e+00
0.145924	-4.421730e-01	-5.720249e-02	2.976322e-02	8.496873e+00
0.147456	-4.452449e-01	-5.832726e-02	3.015224e-02	8.531633e+00
0.148996	-4.483186e-01	-5.945990e-02	3.054478e-02	8.566324e+00
0.150544	-4.513941e-01	-6.060031e-02	3.094084e-02	8.600946e+00
0.152100	-4.544714e-01	-6.174853e-02	3.134049e-02	8.635501e+00
0.153664	-4.575503e-01	-6.290438e-02	3.174370e-02	8.669984e+00
0.155236	-4.606310e-01	-6.406786e-02	3.215051e-02	8.704399e+00
0.156816	-4.637133e-01	-6.523883e-02	3.256093e-02	8.738744e+00
0.158404	-4.667971e-01	-6.641730e-02	3.297494e-02	8.773017e+00
0.160000	-4.698824e-01	-6.760316e-02	3.339262e-02	8.807219e+00
0.161604	-4.729692e-01	-6.879638e-02	3.381393e-02	8.841349e+00
0.163216	-4.760575e-01	-6.999685e-02	3.423893e-02	8.875406e+00
0.164836	-4.791471e-01	-7.120451e-02	3.466761e-02	8.909390e+00
0.166464	-4.822380e-01	-7.241931e-02	3.510000e-02	8.943301e+00
0.168100	-4.853303e-01	-7.364116e-02	3.553607e-02	8.977138e+00
0.169744	-4.884239e-01	-7.486998e-02	3.597588e-02	9.010899e+00
0.171396	-4.915186e-01	-7.610577e-02	3.641944e-02	9.044585e+00
0.173056	-4.946145e-01	-7.734842e-02	3.686675e-02	9.078194e+00
0.174724	-4.977115e-01	-7.859782e-02	3.731783e-02	9.111726e+00
0.176400	-5.008096e-01	-7.985395e-02	3.777269e-02	9.145180e+00
0.178084	-5.039088e-01	-8.111671e-02	3.823134e-02	9.178555e+00
0.179776	-5.070089e-01	-8.238608e-02	3.869381e-02	9.211852e+00
0.181476	-5.101101e-01	-8.366196e-02	3.916011e-02	9.245069e+00
0.183184	-5.132121e-01	-8.494431e-02	3.963023e-02	9.278205e+00
0.184900	-5.163151e-01	-8.623304e-02	4.010420e-02	9.311261e+00
0.186624	-5.194188e-01	-8.752807e-02	4.058203e-02	9.344234e+00
0.188356	-5.225235e-01	-8.882936e-02	4.106373e-02	9.377127e+00
0.190096	-5.256287e-01	-9.013679e-02	4.154932e-02	9.409931e+00
0.191844	-5.287348e-01	-9.145039e-02	4.203881e-02	9.442654e+00
0.193600	-5.318415e-01	-9.276997e-02	4.253220e-02	9.475290e+00
0.195364	-5.349490e-01	-9.409555e-02	4.302951e-02	9.507842e+00
0.197136	-5.380570e-01	-9.542705e-02	4.353075e-02	9.540307e+00
0.198916	-5.411656e-01	-9.676439e-02	4.403593e-02	9.572684e+00
0.200704	-5.442747e-01	-9.810749e-02	4.454506e-02	9.604973e+00
0.202500	-5.473844e-01	-9.945632e-02	4.505815e-02	9.637173e+00
0.204304	-5.504945e-01	-1.008108e-01	4.557522e-02	9.669283e+00
0.206116	-5.536050e-01	-1.021708e-01	4.609626e-02	9.701303e+00
0.207936	-5.567159e-01	-1.035364e-01	4.662130e-02	9.733231e+00
0.209764	-5.598272e-01	-1.049074e-01	4.715034e-02	9.765067e+00
0.211600	-5.629388e-01	-1.062838e-01	4.768339e-02	9.796810e+00
0.213444	-5.660507e-01	-1.076655e-01	4.822045e-02	9.828459e+00
0.215296	-5.691629e-01	-1.090524e-01	4.876154e-02	9.860014e+00
0.217156	-5.722753e-01	-1.104445e-01	4.930668e-02	9.891473e+00
0.219024	-5.753879e-01	-1.118418e-01	4.985585e-02	9.922836e+00
0.220900	-5.785006e-01	-1.132441e-01	5.040906e-02	9.954102e+00
0.222784	-5.816135e-01	-1.146514e-01	5.096634e-02	9.985270e+00
0.224676	-5.847264e-01	-1.160637e-01	5.152769e-02	1.001634e+01
0.226576	-5.878394e-01	-1.174808e-01	5.209313e-02	1.004731e+01
0.228484	-5.909524e-01	-1.189027e-01	5.266262e-02	1.007818e+01
0.230400	-5.940654e-01	-1.203293e-01	5.323621e-02	1.010895e+01
0.232324	-5.971784e-01	-1.217607e-01	5.381391e-02	1.013962e+01
0.234256	-6.002913e-01	-1.231966e-01	5.439568e-02	1.017018e+01
0.236196	-6.034041e-01	-1.246371e-01	5.498156e-02	1.020064e+01
0.238144	-6.065168e-01	-1.260821e-01	5.557156e-02	1.023100e+01
0.240100	-6.096293e-01	-1.275315e-01	5.616566e-02	1.026125e+01
0.242064	-6.127416e-01	-1.289853e-01	5.676388e-02	1.029140e+01
0.244036	-6.158536e-01	-1.304434e-01	5.736627e-02	1.032144e+01
0.246016	-6.189655e-01	-1.319058e-01	5.797275e-02	1.035137e+01
0.248004	-6.220770e-01	-1.333723e-01	5.858336e-02	1.038120e+01
0.250000	-6.251882e-01	-1.348429e-01	5.919814e-02	1.041091e+01
0.252004	-6.282991e-01	-1.363177e-01	5.981704e-02	1.044052e+01
0.254016	-6.314096e-01	-1.377964e-01	6.044007e-02	1.047002e+01
0.256036	-6.345197e-01	-1.392791e-01	6.106726e-02	1.049941e+01
0.258064	-6.376294e-01	-1.407657e-01	6.169859e-02	1.052868e+01
0.260100	-6.407386e-01	-1.422561e-01	6.233407e-02	1.055784e+01
0.262144	-6.438474e-01	-1.437503e-01	6.297370e-02	1.058690e+01
0.264196	-6.469556e-01	-1.452482e-01	6.361749e-02	1.061583e+01
0.266256	-6.500633e-01	-1.467498e-01	6.426545e-02	1.064466e+01
0.268324	-6.531704e-01	-1.482550e-01	6.491758e-02	1.067336e+01
0.270400	-6.562770e-01	-1.497637e-01	6.557384e-02	1.070196e+01
0.272484	-6.593829e-01	-1.512759e-01	6.623427e-02	1.073043e+01
0.274576	-6.624881e-01	-1.527915e-01	6.689887e-02	1.075879e+01
0.276676	-6.655927e-01	-1.543106e-01	6.756762e-02	1.078703e+01
0.278784	-6.686966e-01	-1.558329e-01	6.824053e-02	1.081516e+01
0.280900	-6.717998e-01	-1.573586e-01	6.891760e-02	1.084316e+01
0.283024	-6.749022e-01	-1.588874e-01	6.959884e-02	1.087104e+01
0.285156	-6.780039e-01	-1.604194e-01	7.028422e-02	1.089881e+01
0.287296	-6.811047e-01	-1.619545e-01	7.097377e-02	1.092645e+01
0.289444	-6.842047e-01	-1.634927e-01	7.166746e-02	1.095398e+01
0.291600	-6.873039e-01	-1.650338e-01	7.236531e-02	1.098138e+01
0.293764	-6.904022e-01	-1.665780e-01	7.306732e-02	1.100866e+01
0.295936	-6.934996e-01	-1.681250e-01	7.377346e-02	1.103581e+01
0.298116	-6.965961e-01	-1.696748e-01	7.448376e-02	1.106285e+01
0.300304	-6.996916e-01	-1.712275e-01	7.519819e-02	1.108976e+01
0.302500	-7.027862e-01	-1.727828e-01	7.591677e-02	1.111654e+01
0.304704	-7.058797e-01	-1.743409e-01	7.663948e-02	1.114320e+01
0.306916	-7.089723e-01	-1.759016e-01	7.736631e-02	1.116973e+01
0.309136	-7.120638e-01	-1.774649e-01	7.809728e-02	1.119614e+01
0.311364	-7.151543e-01	-1.790308e-01	7.883236e-02	1.122242e+01
0.313600	-7.182436e-01	-1.805991e-01	7.957156e-02	1.124857e+01
0.315844	-7.213319e-01	-1.821699e-01	8.031487e-02	1.127460e+01
0.318096	-7.244190e-01	-1.837430e-01	8.106230e-02	1.130050e+01
0.320356	-7.275050e-01	-1.853185e-01	8.181380e-02	1.132627e+01
0.322624	-7.305898e-01	-1.868964e-01	8.256941e-02	1.135191e+01
0.324900	-7.336734e-01	-1.884764e-01	8.332911e-02	1.137742e+01
0.327184	-7.367558e-01	-1.900586e-01	8.409289e-02	1.140280e+01
0.329476	-7.398370e-01	-1.916430e-01	8.486074e-02	1.142805e+01
0.331776	-7.429169e-01	-1.932296e-01	8.563267e-02	1.145317e+01
0.334084	-7.459955e-01	-1.948181e-01	8.640863e-02	1.147816e+01
0.336400	-7.490729e-01	-1.964087e-01	8.718865e-02	1.150302e+01
0.338724	-7.521489e-01	-1.980013e-01	8.797272e-02	1.152774e+01
0.341056	-7.552235e-01	-1.995958e-01	8.876082e-02	1.155234e+01
0.343396	-7.582969e-01	-2.011921e-01	8.955297e-02	1.157680e+01
0.345744	-7.613688e-01	-2.027903e-01	9.034912e-02	1.160113e+01
0.348100	-7.644394e-01	-2.043903e-01	9.114925e-02	1.162532e+01
0.350464	-7.675085e-01	-2.059920e-01	9.195343e-02	1.164938e+01
0.352836	-7.705762e-01	-2.075955e-01	9.276156e-02	1.167331e+01
0.355216	-7.736424e-01	-2.092006e-01	9.357368e-02	1.169710e+01
0.357604	-7.767072e-01	-2.108073e-01	9.438977e-02	1.172076e+01
0.360000	-7.797705e-01	-2.124156e-01	9.520979e-02	1.174428e+01
0.362404	-7.828322e-01	-2.140254e-01	9.603379e-02	1.176767e+01
0.364816	-7.858925e-01	-2.156367e-01	9.686171e-02	1.179092e+01
0.367236	-7.889512e-01	-2.172495e-01	9.769356e-02	1.181403e+01
0.369664	-7.920083e-01	-2.188637e-01	9.852931e-02	1.183701e+01
0.372100	-7.950638e-01	-2.204792e-01	9.936897e-02	1.185986e+01
0.374544	-7.981177e-01	-2.220961e-01	1.002125e-01	1.188256e+01
0.376996	-8.011701e-01	-2.237142e-01	1.010600e-01	1.190513e+01
0.379456	-8.042208e-01	-2.253337e-01	1.019112e-01	1.192757e+01
0.381924	-8.072698e-01	-2.269543e-01	1.027664e-01	1.194986e+01
0.384400	-8.103172e-01	-2.285761e-01	1.036253e-01	1.197202e+01
0.386884	-8.133628e-01	-2.301990e-01	1.044881e-01	1.199404e+01
0.389376	-8.164068e-01	-2.318230e-01	1.053547e-01	1.201592e+01
0.391876	-8.194491e-01	-2.334481e-01	1.062251e-01	1.203766e+01
0.394384	-8.224896e-01	-2.350742e-01	1.070993e-01	1.205927e+01
0.396900	-8.255284e-01	-2.367013e-01	1.079772e-01	1.208073e+01
0.399424	-8.285654e-01	-2.383293e-01	1.088589e-01	1.210206e+01
0.401956	-8.316006e-01	-2.399582e-01	1.097443e-01	1.212325e+01
0.404496	-8.346340e-01	-2.415880e-01	1.106334e-01	1.214430e+01
0.407044	-8.376656e-01	-2.432186e-01	1.115263e-01	1.216521e+01
0.409600	-8.406954e-01	-2.448501e-01	1.124228e-01	1.218598e+01
0.412164	-8.437233e-01	-2.464823e-01	1.133230e-01	1.220661e+01
0.414736	-8.467494e-01	-2.481152e-01	1.142269e-01	1.222710e+01
0.417316	-8.497736e-01	-2.497489e-01	1.151343e-01	1.224745e+01
0.419904	-8.527959e-01	-2.513832e-01	1.160455e-01	1.226766e+01
0.422500	-8.558163e-01	-2.530181e-01	1.169602e-01	1.228773e+01
0.425104	-8.588348e-01	-2.546536e-01	1.178785e-01	1.230766e+01
0.427716	-8.618513e-01	-2.562897e-01	1.188004e-01	1.232745e+01
0.430336	-8.648659e-01	-2.579263e-01	1.197258e-01	1.234710e+01
0.432964	-8.678786e-01	-2.595634e-01	1.206548e-01	1.236661e+01
0.435600	-8.708893e-01	-2.612009e-01	1.215872e-01	1.238598e+01
0.438244	-8.738979e-01	-2.628389e-01	1.225232e-01	1.240521e+01
0.440896	-8.769046e-01	-2.644773e-01	1.234627e-01	1.242430e+01
0.443556	-8.799093e-01	-2.661161e-01	1.244056e-01	1.244324e+01
0.446224	-8.829119e-01	-2.677552e-01	1.253519e-01	1.246205e+01
0.448900	-8.859125e-01	-2.693946e-01	1.263017e-01	1.248071e+01
0.451584	-8.889111e-01	-2.710342e-01	1.272549e-01	1.249924e+01
0.454276	-8.919075e-01	-2.726742e-01	1.282115e-01	1.251762e+01
0.456976	-8.949019e-01	-2.743143e-01	1.291714e-01	1.253586e+01
0.459684	-8.978943e-01	-2.759546e-01	1.301346e-01	1.255396e+01
0.462400	-9.008844e-01	-2.775951e-01	1.311012e-01	1.257192e+01
0.465124	-9.038725e-01	-2.792357e-01	1.320711e-01	1.258974e+01
0.467856	-9.068585e-01	-2.808764e-01	1.330443e-01	1.260741e+01
0.470596	-9.098423e-01	-2.825172e-01	1.340207e-01	1.262495e+01
0.473344	-9.128240e-01	-2.841580e-01	1.350004e-01	1.264234e+01
0.476100	-9.158035e-01	-2.857988e-01	1.359832e-01	1.265959e+01
0.478864	-9.187808e-01	-2.874396e-01	1.369693e-01	1.267671e+01
0.481636	-9.217559e-01	-2.890804e-01	1.379586e-01	1.269368e+01
0.484416	-9.247288e-01	-2.907211e-01	1.389510e-01	1.271051e+01
0.487204	-9.276996e-01	-2.923617e-01	1.399465e-01	1.272719e+01
0.490000	-9.306681e-01	-2.940021e-01	1.409451e-01	1.274374e+01
0.492804	-9.336344e-01	-2.956425e-01	1.419469e-01	1.276015e+01
0.495616	-9.365984e-01	-2.972827e-01	1.429516e-01	1.277641e+01
0.498436	-9.395602e-01	-2.989226e-01	1.439595e-01	1.279253e+01
0.501264	-9.425197e-01	-3.005623e-01	1.449703e-01	1.280852e+01
0.504100	-9.454769e-01	-3.022018e-01	1.459841e-01	1.282436e+01
0.506944	-9.484319e-01	-3.038411e-01	1.470010e-01	1.284006e+01
0.509796	-9.513845e-01	-3.054800e-01	1.480207e-01	1.285562e+01
0.512656	-9.543349e-01	-3.071185e-01	1.490434e-01	1.287104e+01
0.515524	-9.572829e-01	-3.087567e-01	1.500689e-01	1.288631e+01
0.518400	-9.602287e-01	-3.103946e-01	1.510974e-01	1.290145e+01
0.521284	-9.631720e-01	-3.120321e-01	1.521287e-01	1.291645e+01
0.524176	-9.661131e-01	-3.136691e-01	1.531628e-01	1.293131e+01
0.527076	-9.690518e-01	-3.153058e-01	1.541998e-01	1.294602e+01
0.529984	-9.719881e-01	-3.169419e-01	1.552395e-01	1.296060e+01
0.532900	-9.749220e-01	-3.185776e-01	1.562820e-01	1.297503e+01
0.535824	-9.778536e-01	-3.202127e-01	1.573272e-01	1.298933e+01
0.538756	-9.807828e-01	-3.218473e-01	1.583751e-01	1.300348e+01
0.541696	-9.837096e-01	-3.234814e-01	1.594257e-01	1.301750e+01
0.544644	-9.866339e-01	-3.251149e-01	1.604789e-01	1.303137e+01
0.547600	-9.895559e-01	-3.267478e-01	1.615348e-01	1.304511e+01
0.550564	-9.924754e-01	-3.283801e-01	1.625933e-01	1.305870e+01
0.553536	-9.953925e-01	-3.300117e-01	1.636544e-01	1.307216e+01
0.556516	-9.983071e-01	-3.316427e-01	1.647180e-01	1.308547e+01
0.559504	-1.001219e+00	-3.332730e-01	1.657841e-01	1.309865e+01
0.562500	-1.004129e+00	-3.349026e-01	1.668528e-01	1.311169e+01
0.565504	-1.007036e+00	-3.365315e-01	1.679239e-01	1.312458e+01
0.568516	-1.009941e+00	-3.381597e-01	1.689975e-01	1.313734e+01
0.571536	-1.012844e+00	-3.397871e-01	1.700735e-01	1.314996e+01
0.574564	-1.015743e+00	-3.414137e-01	1.711519e-01	1.316245e+01
0.577600	-1.018641e+00	-3.430395e-01	1.722327e-01	1.317479e+01
0.580644	-1.021535e+00	-3.446645e-01	1.733158e-01	1.318699e+01
0.583696	-1.024428e+00	-3.462887e-01	1.744012e-01	1.319906e+01
0.586756	-1.027318e+00	-3.479120e-01	1.754890e-01	1.321099e+01
0.589824	-1.030205e+00	-3.495345e-01	1.765790e-01	1.322277e+01
0.592900	-1.033090e+00	-3.511560e-01	1.776713e-01	1.323443e+01
0.595984	-1.035972e+00	-3.527767e-01	1.787657e-01	1.324594e+01
0.599076	-1.038851e+00	-3.543965e-01	1.798624e-01	1.325732e+01
0.602176	-1.041728e+00	-3.560153e-01	1.809612e-01	1.326856e+01
0.605284	-1.044603e+00	-3.576331e-01	1.820622e-01	1.327966e+01
0.608400	-1.047475e+00	-3.592500e-01	1.831652e-01	1.329062e+01
0.611524	-1.050344e+00	-3.608659e-01	1.842704e-01	1.330145e+01
0.614656	-1.053211e+00	-3.624808e-01	1.853776e-01	1.331214e+01
0.617796	-1.056075e+00	-3.640947e-01	1.864868e-01	1.332269e+01
0.620944	-1.058937e+00	-3.657075e-01	1.875980e-01	1.333311e+01
0.624100	-1.061796e+00	-3.673193e-01	1.887113e-01	1.334339e+01
0.627264	-1.064652e+00	-3.689300e-01	1.898264e-01	1.335354e+01
0.630436	-1.067506e+00	-3.705396e-01	1.909435e-01	1.336355e+01
0.633616	-1.070357e+00	-3.721481e-01	1.920624e-01	1.337342e+01
0.636804	-1.073206e+00	-3.737555e-01	1.931833e-01	1.338316e+01
0.640000	-1.076052e+00	-3.753619e-01	1.943059e-01	1.339276e+01
0.643204	-1.078895e+00	-3.769670e-01	1.954304e-01	1.340223e+01
0.646416	-1.081736e+00	-3.785710e-01	1.965567e-01	1.341156e+01
0.649636	-1.084574e+00	-3.801738e-01	1.976847e-01	1.342076e+01
0.652864	-1.087409e+00	-3.817754e-01	1.988144e-01	1.342982e+01
0.656100	-1.090242e+00	-3.833759e-01	1.999459e-01	1.343875e+01
0.659344	-1.093072e+00	-3.849751e-01	2.010790e-01	1.344755e+01
0.662596	-1.095899e+00	-3.865731e-01	2.022138e-01	1.345621e+01
0.665856	-1.098724e+00	-3.881699e-01	2.033501e-01	1.346474e+01
0.669124	-1.101546e+00	-3.897654e-01	2.044881e-01	1.347313e+01
0.672400	-1.104365e+00	-3.913597e-01	2.056276e-01	1.348139e+01
0.675684	-1.107182e+00	-3.929526e-01	2.067687e-01	1.348952e+01
0.678976	-1.109996e+00	-3.945443e-01	2.079113e-01	1.349751e+01
0.682276	-1.112807e+00	-3.961347e-01	2.090554e-01	1.350537e+01
0.685584	-1.115615e+00	-3.977238e-01	2.102009e-01	1.351310e+01
0.688900	-1.118421e+00	-3.993115e-01	2.113478e-01	1.352070e+01
0.692224	-1.121224e+00	-4.008979e-01	2.124962e-01	1.352816e+01
0.695556	-1.124025e+00	-4.024830e-01	2.136459e-01	1.353550e+01
0.698896	-1.126823e+00	-4.040667e-01	2.147970e-01	1.354270e+01
0.702244	-1.129618e+00	-4.056490e-01	2.159493e-01	1.354977e+01
0.705600	-1.132410e+00	-4.072300e-01	2.171030e-01	1.355671e+01
0.708964	-1.135199e+00	-4.088095e-01	2.182579e-01	1.356352e+01
0.712336	-1.137986e+00	-4.103877e-01	2.194141e-01	1.357020e+01
0.715716	-1.140770e+00	-4.119644e-01	2.205715e-01	1.357674e+01
0.719104	-1.143551e+00	-4.135398e-01	2.217301e-01	1.358316e+01
0.722500	-1.146330e+00	-4.151136e-01	2.228898e-01	1.358945e+01
0.725904	-1.149106e+00	-4.166861e-01	2.240506e-01	1.359561e+01
0.729316	-1.151879e+00	-4.182571e-01	2.252126e-01	1.360164e+01
0.732736	-1.154649e+00	-4.198266e-01	2.263756e-01	1.360754e+01
0.736164	-1.157417e+00	-4.213946e-01	2.275397e-01	1.361331e+01
0.739600	-1.160181e+00	-4.229612e-01	2.287048e-01	1.361895e+01
0.743044	-1.162943e+00	-4.245263e-01	2.298709e-01	1.362447e+01
0.746496	-1.165703e+00	-4.260898e-01	2.310379e-01	1.362985e+01
0.749956	-1.168459e+00	-4.276519e-01	2.322059e-01	1.363511e+01
0.753424	-1.171213e+00	-4.292124e-01	2.333748e-01	1.364024e+01
0.756900	-1.173964e+00	-4.307715e-01	2.345446e-01	1.364525e+01
0.760384	-1.176712e+00	-4.323289e-01	2.357152e-01	1.365013e+01
0.763876	-1.179457e+00	-4.338848e-01	2.368867e-01	1.365488e+01
0.767376	-1.182200e+00	-4.354393e-01	2.380590e-01	1.365950e+01
0.770884	-1.184939e+00	-4.369920e-01	2.392321e-01	1.366400e+01
0.774400	-1.187676e+00	-4.385433e-01	2.404059e-01	1.366837e+01
0.777924	-1.190410e+00	-4.400930e-01	2.415805e-01	1.367262e+01
0.781456	-1.193142e+00	-4.416410e-01	2.427557e-01	1.367674e+01
0.784996	-1.195870e+00	-4.431875e-01	2.439317e-01	1.368074e+01
0.788544	-1.198596e+00	-4.447324e-01	2.451082e-01	1.368461e+01
0.792100	-1.201319e+00	-4.462757e-01	2.462854e-01	1.368836e+01
0.795664	-1.204039e+00	-4.478173e-01	2.474633e-01	1.369198e+01
0.799236	-1.206757e+00	-4.493573e-01	2.486416e-01	1.369548e+01
0.802816	-1.209471e+00	-4.508958e-01	2.498206e-01	1.369886e+01
0.806404	-1.212183e+00	-4.524325e-01	2.510000e-01	1.370212e+01
0.810000	-1.214892e+00	-4.539677e-01	2.521800e-01	1.370525e+01
0.813604	-1.217598e+00	-4.555011e-01	2.533604e-01	1.370826e+01
0.817216	-1.220301e+00	-4.570330e-01	2.545413e-01	1.371114e+01
0.820836	-1.223001e+00	-4.585631e-01	2.557226e-01	1.371391e+01
0.824464	-1.225699e+00	-4.600916e-01	2.569042e-01	1.371655e+01
0.828100	-1.228394e+00	-4.616184e-01	2.580863e-01	1.371908e+01
0.831744	-1.231086e+00	-4.631436e-01	2.592687e-01	1.372148e+01
0.835396	-1.233775e+00	-4.646670e-01	2.604514e-01	1.372376e+01
0.839056	-1.236461e+00	-4.661888e-01	2.616345e-01	1.372592e+01
0.842724	-1.239145e+00	-4.677088e-01	2.628178e-01	1.372796e+01
0.846400	-1.241825e+00	-4.692272e-01	2.640013e-01	1.372988e+01
0.850084	-1.244503e+00	-4.707438e-01	2.651851e-01	1.373168e+01
0.853776	-1.247178e+00	-4.722587e-01	2.663690e-01	1.373337e+01
0.857476	-1.249850e+00	-4.737720e-01	2.675532e-01	1.373493e+01
0.861184	-1.252519e+00	-4.752834e-01	2.687375e-01	1.373638e+01
0.864900	-1.255186e+00	-4.767932e-01	2.699219e-01	1.373771e+01
0.868624	-1.257849e+00	-4.783012e-01	2.711064e-01	1.373892e+01
0.872356	-1.260510e+00	-4.798075e-01	2.722911e-01	1.374001e+01
0.876096	-1.263168e+00	-4.813120e-01	2.734757e-01	1.374099e+01
0.879844	-1.265823e+00	-4.828148e-01	2.746605e-01	1.374185e+01
0.883600	-1.268475e+00	-4.843158e-01	2.758452e-01	1.374259e+01
0.887364	-1.271124e+00	-4.858151e-01	2.770299e-01	1.374322e+01
0.891136	-1.273771e+00	-4.873126e-01	2.782145e-01	1.374374e+01
0.894916	-1.276414e+00	-4.888083e-01	2.793992e-01	1.374414e+01
0.898704	-1.279055e+00	-4.903023e-01	2.805837e-01	1.374442e+01
0.902500	-1.281693e+00	-4.917945e-01	2.817682e-01	1.374459e+01
0.906304	-1.284328e+00	-4.932849e-01	2.829524e-01	1.374464e+01
0.910116	-1.286960e+00	-4.947736e-01	2.841366e-01	1.374459e+01
0.913936	-1.289590e+00	-4.962604e-01	2.853206e-01	1.374442e+01
0.917764	-1.292216e+00	-4.977455e-01	2.865044e-01	1.374413e+01
0.921600	-1.294840e+00	-4.992287e-01	2.876880e-01	1.374374e+01
0.925444	-1.297461e+00	-5.007102e-01	2.888713e-01	1.374323e+01
0.929296	-1.300079e+00	-5.021899e-01	2.900544e-01	1.374261e+01
0.933156	-1.302694e+00	-5.036678e-01	2.912373e-01	1.374188e+01
0.937024	-1.305306e+00	-5.051438e-01	2.924198e-01	1.374104e+01
0.940900	-1.307915e+00	-5.066180e-01	2.936020e-01	1.374008e+01
0.944784	-1.310522e+00	-5.080905e-01	2.947838e-01	1.373902e+01
0.948676	-1.313126e+00	-5.095611e-01	2.959653e-01	1.373785e+01
0.952576	-1.315726e+00	-5.110299e-01	2.971465e-01	1.373657e+01
0.956484	-1.318324e+00	-5.124969e-01	2.983272e-01	1.373518e+01
0.960400	-1.320919e+00	-5.139620e-01	2.995075e-01	1.373368e+01
0.964324	-1.323512e+00	-5.154254e-01	3.006873e-01	1.373207e+01
0.968256	-1.326101e+00	-5.168868e-01	3.018667e-01	1.373035e+01
0.972196	-1.328687e+00	-5.183463e-01	3.030456e-01	1.372853e+01
0.976144	-1.331271e+00	-5.198043e-01	3.042240e-01	1.372660e+01
0.980100	-1.333852e+00	-5.212603e-01	3.054019e-01	1.372457e+01
0.984064	-1.336430e+00	-5.227145e-01	3.065792e-01	1.372243e+01
0.988036	-1.339005e+00	-5.241668e-01	3.077560e-01	1.372018e+01
0.992016	-1.341577e+00	-5.256173e-01	3.089321e-01	1.371783e+01
0.996004	-1.344147e+00	-5.270659e-01	3.101077e-01	1.371537e+01