
0.000004	-5.440790e-04	1.790488e-06	1.559908e-08	4.650052e-01
0.000016	-1.111839e-03	1.264541e-05	4.232506e-07	4.856379e-01
0.000036	-1.726713e-03	3.416421e-05	2.453586e-06	5.209921e-01
0.000064	-2.378814e-03	6.300340e-05	6.664444e-06	5.567370e-01
0.000100	-3.079631e-03	1.059808e-04	1.246999e-05	5.980693e-01
0.000144	-3.820782e-03	1.511322e-04	1.908697e-05	6.400407e-01
0.000196	-4.602212e-03	2.036105e-04	3.051041e-05	6.831115e-01
0.000256	-5.422944e-03	2.631460e-04	3.985200e-05	7.270753e-01
0.000324	-6.282355e-03	3.311593e-04	5.058443e-05	7.720030e-01
0.000400	-7.179412e-03	4.039351e-04	6.317271e-05	8.176390e-01
0.000484	-8.114453e-03	4.841674e-04	7.640212e-05	8.642670e-01
0.000576	-9.085470e-03	5.690980e-04	9.260663e-05	9.114762e-01
0.000676	-1.009289e-02	6.599995e-04	1.088918e-04	9.594786e-01
0.000784	-1.113438e-02	7.556289e-04	1.267784e-04	1.007895e+00
0.000900	-1.221088e-02	8.565769e-04	1.458519e-04	1.057011e+00
0.001024	-1.332089e-02	9.624821e-04	1.665776e-04	1.106635e+00
0.001156	-1.446408e-02	1.072045e-03	1.882180e-04	1.156736e+00
0.001296	-1.563973e-02	1.185626e-03	2.112501e-04	1.207290e+00
0.001444	-1.684651e-02	1.303368e-03	2.361982e-04	1.258174e+00
0.001600	-1.808543e-02	1.424435e-03	2.617154e-04	1.309559e+00
0.001764	-1.935535e-02	1.548983e-03	2.886199e-04	1.361347e+00
0.001936	-2.065564e-02	1.677454e-03	3.162525e-04	1.413510e+00
0.002116	-2.198680e-02	1.808643e-03	3.454547e-04	1.466131e+00
0.002304	-2.334752e-02	1.942932e-03	3.754547e-04	1.519084e+00
0.002500	-2.473776e-02	2.080284e-03	4.064611e-04	1.572407e+00
0.002704	-2.615772e-02	2.219939e-03	4.384390e-04	1.626137e+00
0.002916	-2.760681e-02	2.362584e-03	4.716641e-04	1.680257e+00
0.003136	-2.908471e-02	2.507420e-03	5.058518e-04	1.734733e+00
0.003364	-3.059078e-02	2.654230e-03	5.415519e-04	1.789522e+00
0.003600	-3.212515e-02	2.802964e-03	5.782232e-04	1.844659e+00
0.003844	-3.368716e-02	2.952898e-03	6.162796e-04	1.900081e+00
0.004096	-3.527618e-02	3.103888e-03	6.559045e-04	1.955743e+00
0.004356	-3.689193e-02	3.255413e-03	6.970180e-04	2.011628e+00
0.004624	-3.853369e-02	3.407132e-03	7.401126e-04	2.067682e+00
0.004900	-4.020069e-02	3.558612e-03	7.847777e-04	2.123839e+00
0.005184	-4.189263e-02	3.709243e-03	8.314276e-04	2.180083e+00
0.005476	-4.360868e-02	3.858730e-03	8.800625e-04	2.236353e+00
0.005776	-4.534806e-02	4.006377e-03	9.307325e-04	2.292582e+00
0.006084	-4.711030e-02	4.151858e-03	9.835065e-04	2.348748e+00
0.006400	-4.889466e-02	4.294859e-03	1.038266e-03	2.404801e+00
0.006724	-5.070039e-02	4.435114e-03	1.095191e-03	2.460698e+00
0.007056	-5.252728e-02	4.572133e-03	1.153805e-03	2.516433e+00
0.007396	-5.437470e-02	4.705774e-03	1.214250e-03	2.571977e+00
0.007744	-5.624217e-02	4.836042e-03	1.276215e-03	2.627313e+00
0.008100	-5.812957e-02	4.962711e-03	1.339520e-03	2.682454e+00
0.008464	-6.003657e-02	5.085843e-03	1.404021e-03	2.737398e+00
0.008836	-6.196292e-02	5.205566e-03	1.469470e-03	2.792150e+00
0.009216	-6.390873e-02	5.321708e-03	1.535541e-03	2.846740e+00
0.009604	-6.587392e-02	5.434610e-03	1.602157e-03	2.901190e+00
0.010000	-6.785841e-02	5.544401e-03	1.668973e-03	2.955514e+00
0.010404	-6.986241e-02	5.651019e-03	1.736026e-03	3.009751e+00
0.010816	-7.188600e-02	5.754621e-03	1.803211e-03	3.063927e+00
0.011236	-7.392904e-02	5.855284e-03	1.870368e-03	3.118048e+00
0.011664	-7.599183e-02	5.952978e-03	1.937577e-03	3.172154e+00
0.012100	-7.807419e-02	6.047491e-03	2.004966e-03	3.226243e+00
0.012544	-8.017607e-02	6.138734e-03	2.072750e-03	3.280326e+00
0.012996	-8.229722e-02	6.226457e-03	2.141014e-03	3.334391e+00
0.013456	-8.443756e-02	6.310217e-03	2.210180e-03	3.388443e+00
0.013924	-8.659669e-02	6.389672e-03	2.280459e-03	3.442460e+00
0.014400	-8.877414e-02	6.464278e-03	2.352249e-03	3.496414e+00
0.014884	-9.096941e-02	6.533430e-03	2.425968e-03	3.550275e+00
0.015376	-9.318195e-02	6.596554e-03	2.501893e-03	3.604010e+00
0.015876	-9.541109e-02	6.653054e-03	2.580357e-03	3.657579e+00
0.016384	-9.765607e-02	6.702252e-03	2.661739e-03	3.710935e+00
0.016900	-9.991631e-02	6.743585e-03	2.746236e-03	3.764047e+00
0.017424	-1.021910e-01	6.776504e-03	2.833958e-03	3.816871e+00
0.017956	-1.044796e-01	6.800611e-03	2.925118e-03	3.869374e+00
0.018496	-1.067813e-01	6.815412e-03	3.019623e-03	3.921526e+00
0.019044	-1.090958e-01	6.820628e-03	3.117369e-03	3.973311e+00
0.019600	-1.114224e-01	6.816243e-03	3.218197e-03	4.024708e+00
0.020164	-1.137609e-01	6.802047e-03	3.321848e-03	4.075712e+00
0.020736	-1.161109e-01	6.778214e-03	3.427865e-03	4.126326e+00
0.021316	-1.184726e-01	6.744897e-03	3.535988e-03	4.176568e+00
0.021904	-1.208457e-01	6.702362e-03	3.645673e-03	4.226452e+00
0.022500	-1.232306e-01	6.650931e-03	3.756442e-03	4.276007e+00
0.023104	-1.256272e-01	6.591044e-03	3.867849e-03	4.325255e+00
0.023716	-1.280361e-01	6.523144e-03	3.979457e-03	4.374251e+00
0.024336	-1.304575e-01	6.447554e-03	4.090905e-03	4.423018e+00
0.024964	-1.328916e-01	6.364697e-03	4.201818e-03	4.471591e+00
0.025600	-1.353391e-01	6.274920e-03	4.312095e-03	4.520018e+00
0.026244	-1.378002e-01	6.178378e-03	4.421511e-03	4.568325e+00
0.026896	-1.402751e-01	6.075244e-03	4.530153e-03	4.616541e+00
0.027556	-1.427640e-01	5.965499e-03	4.638114e-03	4.664686e+00
0.028224	-1.452671e-01	5.848984e-03	4.745656e-03	4.712777e+00
0.028900	-1.477843e-01	5.725459e-03	4.853150e-03	4.760821e+00
0.029584	-1.503154e-01	5.594532e-03	4.961050e-03	4.808815e+00
0.030276	-1.528601e-01	5.455653e-03	5.069938e-03	4.856749e+00
0.030976	-1.554181e-01	5.308196e-03	5.180406e-03	4.904609e+00
0.031684	-1.579887e-01	5.151473e-03	5.292845e-03	4.952368e+00
0.032400	-1.605713e-01	4.984793e-03	5.408143e-03	4.999999e+00
0.033124	-1.631652e-01	4.807335e-03	5.526787e-03	5.047475e+00
0.033856	-1.657695e-01	4.618427e-03	5.649214e-03	5.094752e+00
0.034596	-1.683835e-01	4.417421e-03	5.775880e-03	5.141802e+00
0.035344	-1.710064e-01	4.203682e-03	5.907089e-03	5.188590e+00
0.036100	-1.736373e-01	3.976741e-03	6.042965e-03	5.235088e+00
0.036864	-1.762757e-01	3.736314e-03	6.183562e-03	5.281270e+00
0.037636	-1.789209e-01	3.482229e-03	6.328706e-03	5.327115e+00
0.038416	-1.815725e-01	3.214467e-03	6.478149e-03	5.372616e+00
0.039204	-1.842302e-01	2.933181e-03	6.631484e-03	5.417766e+00
0.040000	-1.868939e-01	2.638693e-03	6.788141e-03	5.462569e+00
0.040804	-1.895635e-01	2.331464e-03	6.947573e-03	5.507041e+00
0.041616	-1.922392e-01	2.012069e-03	7.109060e-03	5.551195e+00
0.042436	-1.949215e-01	1.681158e-03	7.271898e-03	5.595063e+00
0.043264	-1.976106e-01	1.339441e-03	7.435408e-03	5.638672e+00
0.044100	-2.003071e-01	9.875998e-04	7.598949e-03	5.682054e+00
0.044944	-2.030117e-01	6.263726e-04	7.761927e-03	5.725250e+00
0.045796	-2.057249e-01	2.563474e-04	7.923946e-03	5.768298e+00
0.046656	-2.084474e-01	-1.219333e-04	8.084624e-03	5.811230e+00
0.047524	-2.111798e-01	-5.081113e-04	8.243893e-03	5.854087e+00
0.048400	-2.139224e-01	-9.019154e-04	8.401683e-03	5.896892e+00
0.049284	-2.166758e-01	-1.303312e-03	8.558251e-03	5.939677e+00
0.050176	-2.194402e-01	-1.712483e-03	8.713945e-03	5.982458e+00
0.051076	-2.222156e-01	-2.129642e-03	8.869263e-03	6.025248e+00
0.051984	-2.250019e-01	-2.555350e-03	9.024867e-03	6.068051e+00
0.052900	-2.277988e-01	-2.990143e-03	9.181545e-03	6.110867e+00
0.053824	-2.306059e-01	-3.434854e-03	9.340054e-03	6.153683e+00
0.054756	-2.334226e-01	-3.890312e-03	9.501306e-03	6.196487e+00
0.055696	-2.362481e-01	-4.357297e-03	9.666062e-03	6.239255e+00
0.056644	-2.390815e-01	-4.836747e-03	9.835166e-03	6.281962e+00
0.057600	-2.419221e-01	-5.329471e-03	1.000924e-02	6.324582e+00
0.058564	-2.447686e-01	-5.836187e-03	1.018886e-02	6.367080e+00
0.059536	-2.476204e-01	-6.357526e-03	1.037438e-02	6.409428e+00
0.060516	-2.504763e-01	-6.893917e-03	1.056595e-02	6.451597e+00
0.061504	-2.533358e-01	-7.445592e-03	1.076372e-02	6.493563e+00
0.062500	-2.561981e-01	-8.012657e-03	1.096731e-02	6.535303e+00
0.063504	-2.590627e-01	-8.594919e-03	1.117641e-02	6.576801e+00
0.064516	-2.619292e-01	-9.192012e-03	1.139042e-02	6.618046e+00
0.065536	-2.647976e-01	-9.803372e-03	1.160864e-02	6.659037e+00
0.066564	-2.676680e-01	-1.042832e-02	1.183023e-02	6.699776e+00
0.067600	-2.705407e-01	-1.106596e-02	1.205428e-02	6.740271e+00
0.068644	-2.734160e-01	-1.171539e-02	1.227988e-02	6.780538e+00
0.069696	-2.762946e-01	-1.237560e-02	1.250609e-02	6.820602e+00
0.070756	-2.791773e-01	-1.304561e-02	1.273212e-02	6.860484e+00
0.071824	-2.820649e-01	-1.372450e-02	1.295724e-02	6.900215e+00
0.072900	-2.849582e-01	-1.441142e-02	1.318091e-02	6.939828e+00
0.073984	-2.878581e-01	-1.510576e-02	1.340275e-02	6.979354e+00
0.075076	-2.907654e-01	-1.580696e-02	1.362264e-02	7.018826e+00
0.076176	-2.936807e-01	-1.651478e-02	1.384057e-02	7.058273e+00
0.077284	-2.966047e-01	-1.722911e-02	1.405692e-02	7.097726e+00
0.078400	-2.995377e-01	-1.795015e-02	1.427217e-02	7.137208e+00
0.079524	-3.024799e-01	-1.867830e-02	1.448702e-02	7.176734e+00
0.080656	-3.054312e-01	-1.941409e-02	1.470235e-02	7.216320e+00
0.081796	-3.083914e-01	-2.015831e-02	1.491915e-02	7.255971e+00
0.082944	-3.113600e-01	-2.091187e-02	1.513844e-02	7.295688e+00
0.084100	-3.143364e-01	-2.167577e-02	1.536131e-02	7.335464e+00
0.085264	-3.173196e-01	-2.245100e-02	1.558882e-02	7.375288e+00
0.086436	-3.203088e-01	-2.323859e-02	1.582188e-02	7.415138e+00
0.087616	-3.233028e-01	-2.403944e-02	1.606131e-02	7.454996e+00
0.088804	-3.263005e-01	-2.485443e-02	1.630772e-02	7.494834e+00
0.090000	-3.293009e-01	-2.568413e-02	1.656157e-02	7.534623e+00
0.091204	-3.323027e-01	-2.652899e-02	1.682300e-02	7.574330e+00
0.092416	-3.353053e-01	-2.738925e-02	1.709195e-02	7.613938e+00
0.093636	-3.383077e-01	-2.826485e-02	1.736805e-02	7.653409e+00
0.094864	-3.413094e-01	-2.915543e-02	1.765078e-02	7.692721e+00
0.096100	-3.443099e-01	-3.006048e-02	1.793932e-02	7.731853e+00
0.097344	-3.473091e-01	-3.097924e-02	1.823278e-02	7.770792e+00
0.098596	-3.503072e-01	-3.191072e-02	1.853005e-02	7.809523e+00
0.099856	-3.533045e-01	-3.285384e-02	1.883002e-02	7.848046e+00
0.101124	-3.563016e-01	-3.380738e-02	1.913153e-02	7.886360e+00
0.102400	-3.592991e-01	-3.477015e-02	1.943350e-02	7.924475e+00
0.103684	-3.622981e-01	-3.574095e-02	1.973493e-02	7.962403e+00
0.104976	-3.652995e-01	-3.671861e-02	2.003502e-02	8.000163e+00
0.106276	-3.683045e-01	-3.770220e-02	2.033313e-02	8.037780e+00
0.107584	-3.713141e-01	-3.869090e-02	2.062890e-02	8.075282e+00
0.108900	-3.743292e-01	-3.968418e-02	2.092224e-02	8.112698e+00
0.110224	-3.773509e-01	-4.068170e-02	2.121332e-02	8.150061e+00
0.111556	-3.803798e-01	-4.168343e-02	2.150258e-02	8.187399e+00
0.112896	-3.834165e-01	-4.268962e-02	2.179073e-02	8.224744e+00
0.114244	-3.864613e-01	-4.370075e-02	2.207869e-02	8.262123e+00
0.115600	-3.895142e-01	-4.471755e-02	2.236757e-02	8.299559e+00
0.116964	-3.925750e-01	-4.574100e-02	2.265859e-02	8.337068e+00
0.118336	-3.956433e-01	-4.677213e-02	2.295303e-02	8.374665e+00
0.119716	-3.987182e-01	-4.781212e-02	2.325218e-02	8.412354e+00
0.121104	-4.017989e-01	-4.886220e-02	2.355726e-02	8.450133e+00
0.122500	-4.048843e-01	-4.992349e-02	2.386934e-02	8.487994e+00
0.123904	-4.079731e-01	-5.099709e-02	2.418933e-02	8.525923e+00
0.125316	-4.110641e-01	-5.208389e-02	2.451788e-02	8.563898e+00
0.126736	-4.141559e-01	-5.318459e-02	2.485539e-02	8.601893e+00
0.128164	-4.172474e-01	-5.429961e-02	2.520193e-02	8.639877e+00
0.129600	-4.203374e-01	-5.542914e-02	2.555730e-02	8.677817e+00
0.131044	-4.234250e-01	-5.657302e-02	2.592100e-02	8.715680e+00
0.132496	-4.265095e-01	-5.773084e-02	2.629220e-02	8.753430e+00
0.133956	-4.295903e-01	-5.890189e-02	2.666996e-02	8.791036e+00
0.135424	-4.326674e-01	-6.008519e-02	2.705304e-02	8.828467e+00
0.136900	-4.357407e-01	-6.127960e-02	2.744015e-02	8.865696e+00
0.138384	-4.388107e-01	-6.248375e-02	2.782988e-02	8.902705e+00
0.139876	-4.418780e-01	-6.369628e-02	2.822093e-02	8.939481e+00
0.141376	-4.449434e-01	-6.491571e-02	2.861200e-02	8.976015e+00
0.142884	-4.480081e-01	-6.614066e-02	2.900203e-02	9.012311e+00
0.144400	-4.510732e-01	-6.736984e-02	2.939008e-02	9.048376e+00
0.145924	-4.541400e-01	-6.860214e-02	2.977556e-02	9.084226e+00
0.147456	-4.572098e-01	-6.983670e-02	3.015816e-02	9.119886e+00
0.148996	-4.602838e-01	-7.107291e-02	3.053786e-02	9.155384e+00
0.150544	-4.633632e-01	-7.231042e-02	3.091500e-02	9.190751e+00
0.152100	-4.664488e-01	-7.354935e-02	3.129027e-02	9.226028e+00
0.153664	-4.695415e-01	-7.478993e-02	3.166457e-02	9.261252e+00
0.155236	-4.726415e-01	-7.603285e-02	3.203907e-02	9.296456e+00
0.156816	-4.757492e-01	-7.727899e-02	3.241515e-02	9.331684e+00
0.158404	-4.788643e-01	-7.852950e-02	3.279427e-02	9.366961e+00
0.160000	-4.819863e-01	-7.978562e-02	3.317793e-02	9.402316e+00
0.161604	-4.851145e-01	-8.104877e-02	3.356760e-02	9.437766e+00
0.163216	-4.882479e-01	-8.232027e-02	3.396468e-02	9.473324e+00
0.164836	-4.913853e-01	-8.360149e-02	3.437030e-02	9.508993e+00
0.166464	-4.945252e-01	-8.489362e-02	3.478540e-02	9.544764e+00
0.168100	-4.976664e-01	-8.619779e-02	3.521061e-02	9.580625e+00
0.169744	-5.008072e-01	-8.751459e-02	3.564623e-02	9.616550e+00
0.171396	-5.039463e-01	-8.884462e-02	3.609219e-02	9.652510e+00
0.173056	-5.070824e-01	-9.018793e-02	3.654810e-02	9.688466e+00
0.174724	-5.102142e-01	-9.154436e-02	3.701320e-02	9.724377e+00
0.176400	-5.133410e-01	-9.291336e-02	3.748646e-02	9.760197e+00
0.178084	-5.164621e-01	-9.429411e-02	3.796659e-02	9.795883e+00
0.179776	-5.195774e-01	-9.568548e-02	3.845213e-02	9.831389e+00
0.181476	-5.226866e-01	-9.708603e-02	3.894150e-02	9.866675e+00
0.183184	-5.257904e-01	-9.849433e-02	3.943312e-02	9.901704e+00
0.184900	-5.288893e-01	-9.990869e-02	3.992544e-02	9.936449e+00
0.186624	-5.319843e-01	-1.013275e-01	4.041707e-02	9.970888e+00
0.188356	-5.350765e-01	-1.027492e-01	4.090684e-02	1.000501e+01
0.190096	-5.381675e-01	-1.041723e-01	4.139386e-02	1.003882e+01
0.191844	-5.412586e-01	-1.055957e-01	4.187755e-02	1.007232e+01
0.193600	-5.443512e-01	-1.070184e-01	4.235773e-02	1.010553e+01
0.195364	-5.474469e-01	-1.084396e-01	4.283456e-02	1.013848e+01
0.197136	-5.505471e-01	-1.098593e-01	4.330860e-02	1.017122e+01
0.198916	-5.536527e-01	-1.112774e-01	4.378075e-02	1.020378e+01
0.200704	-5.567649e-01	-1.126944e-01	4.425221e-02	1.023620e+01
0.202500	-5.598841e-01	-1.141111e-01	4.472444e-02	1.026855e+01
0.204304	-5.630107e-01	-1.155285e-01	4.519907e-02	1.030087e+01
0.206116	-5.661445e-01	-1.169480e-01	4.567779e-02	1.033321e+01
0.207936	-5.692851e-01	-1.183710e-01	4.616234e-02	1.036560e+01
0.209764	-5.724318e-01	-1.197991e-01	4.665431e-02	1.039809e+01
0.211600	-5.755836e-01	-1.212338e-01	4.715520e-02	1.043069e+01
0.213444	-5.787391e-01	-1.226771e-01	4.766620e-02	1.046343e+01
0.215296	-5.818967e-01	-1.241298e-01	4.818820e-02	1.049629e+01
0.217156	-5.850549e-01	-1.255932e-01	4.872172e-02	1.052928e+01
0.219024	-5.882121e-01	-1.270682e-01	4.926693e-02	1.056237e+01
0.220900	-5.913666e-01	-1.285553e-01	4.982349e-02	1.059553e+01
0.222784	-5.945168e-01	-1.300546e-01	5.039079e-02	1.062871e+01
0.224676	-5.976615e-01	-1.315659e-01	5.096775e-02	1.066188e+01
0.226576	-6.007996e-01	-1.330885e-01	5.155313e-02	1.069497e+01
0.228484	-6.039303e-01	-1.346213e-01	5.214524e-02	1.072793e+01
0.230400	-6.070532e-01	-1.361633e-01	5.274238e-02	1.076070e+01
0.232324	-6.101683e-01	-1.377128e-01	5.334270e-02	1.079321e+01
0.234256	-6.132759e-01	-1.392681e-01	5.394443e-02	1.082544e+01
0.236196	-6.163767e-01	-1.408273e-01	5.454586e-02	1.085731e+01
0.238144	-6.194717e-01	-1.423887e-01	5.514556e-02	1.088882e+01
0.240100	-6.225623e-01	-1.439505e-01	5.574232e-02	1.091993e+01
0.242064	-6.256499e-01	-1.455111e-01	5.633530e-02	1.095064e+01
0.244036	-6.287362e-01	-1.470692e-01	5.692405e-02	1.098094e+01
0.246016	-6.318228e-01	-1.486239e-01	5.750857e-02	1.101086e+01
0.248004	-6.349115e-01	-1.501743e-01	5.808931e-02	1.104044e+01
0.250000	-6.380038e-01	-1.517204e-01	5.866703e-02	1.106970e+01
0.252004	-6.411011e-01	-1.532621e-01	5.924297e-02	1.109871e+01
0.254016	-6.442044e-01	-1.548002e-01	5.981864e-02	1.112752e+01
0.256036	-6.473147e-01	-1.563355e-01	6.039576e-02	1.115619e+01
0.258064	-6.504323e-01	-1.578692e-01	6.097622e-02	1.118479e+01
0.260100	-6.535572e-01	-1.594029e-01	6.156197e-02	1.121338e+01
0.262144	-6.566891e-01	-1.609384e-01	6.215491e-02	1.124202e+01
0.264196	-6.598272e-01	-1.624772e-01	6.275679e-02	1.127074e+01
0.266256	-6.629705e-01	-1.640213e-01	6.336905e-02	1.129959e+01
0.268324	-6.661176e-01	-1.655725e-01	6.399289e-02	1.132860e+01
0.270400	-6.692668e-01	-1.671321e-01	6.462907e-02	1.135778e+01
0.272484	-6.724163e-01	-1.687014e-01	6.527798e-02	1.138711e+01
0.274576	-6.755644e-01	-1.702815e-01	6.593949e-02	1.141658e+01
0.276676	-6.787091e-01	-1.718729e-01	6.661305e-02	1.144615e+01
0.278784	-6.818487e-01	-1.734755e-01	6.729768e-02	1.147579e+01
0.280900	-6.849818e-01	-1.750893e-01	6.799200e-02	1.150543e+01
0.283024	-6.881070e-01	-1.767134e-01	6.869436e-02	1.153501e+01
0.285156	-6.912234e-01	-1.783467e-01	6.940285e-02	1.156446e+01
0.287296	-6.943305e-01	-1.799878e-01	7.011544e-02	1.159371e+01
0.289444	-6.974280e-01	-1.816350e-01	7.083009e-02	1.162268e+01
0.291600	-7.005163e-01	-1.832863e-01	7.154484e-02	1.165132e+01
0.293764	-7.035960e-01	-1.849398e-01	7.225790e-02	1.167957e+01
0.295936	-7.066683e-01	-1.865934e-01	7.296781e-02	1.170738e+01
0.298116	-7.097344e-01	-1.882452e-01	7.367341e-02	1.173473e+01
0.300304	-7.127960e-01	-1.898935e-01	7.437402e-02	1.176159e+01
0.302500	-7.158549e-01	-1.915369e-01	7.506941e-02	1.178798e+01
0.304704	-7.189130e-01	-1.931744e-01	7.575981e-02	1.181390e+01
0.306916	-7.219722e-01	-1.948051e-01	7.644595e-02	1.183940e+01
0.309136	-7.250344e-01	-1.964290e-01	7.712897e-02	1.186451e+01
0.311364	-7.281010e-01	-1.980462e-01	7.781042e-02	1.188931e+01
0.313600	-7.311736e-01	-1.996573e-01	7.849213e-02	1.191385e+01
0.315844	-7.342529e-01	-2.012635e-01	7.917614e-02	1.193822e+01
0.318096	-7.373398e-01	-2.028662e-01	7.986460e-02	1.196248e+01
0.320356	-7.404342e-01	-2.044672e-01	8.055962e-02	1.198673e+01
0.322624	-7.435359e-01	-2.060682e-01	8.126325e-02	1.201101e+01
0.324900	-7.466442e-01	-2.076713e-01	8.197724e-02	1.203540e+01
0.327184	-7.497581e-01	-2.092786e-01	8.270305e-02	1.205994e+01
0.329476	-7.528761e-01	-2.108919e-01	8.344174e-02	1.208467e+01
0.331776	-7.559964e-01	-2.125129e-01	8.419389e-02	1.210959e+01
0.334084	-7.591171e-01	-2.141430e-01	8.495960e-02	1.213472e+01
0.336400	-7.622362e-01	-2.157833e-01	8.573847e-02	1.216003e+01
0.338724	-7.653516e-01	-2.174343e-01	8.652954e-02	1.218548e+01
0.341056	-7.684614e-01	-2.190961e-01	8.733154e-02	1.221102e+01
0.343396	-7.715639e-01	-2.207684e-01	8.814263e-02	1.223659e+01
0.345744	-7.746575e-01	-2.224503e-01	8.896089e-02	1.226212e+01
0.348100	-7.777411e-01	-2.241408e-01	8.978405e-02	1.228752e+01
0.350464	-7.808139e-01	-2.258381e-01	9.060988e-02	1.231271e+01
0.352836	-7.838758e-01	-2.275403e-01	9.143609e-02	1.233761e+01
0.355216	-7.869268e-01	-2.292453e-01	9.226065e-02	1.236214e+01
0.357604	-7.899677e-01	-2.309510e-01	9.308175e-02	1.238624e+01
0.360000	-7.929994e-01	-2.326551e-01	9.389793e-02	1.240985e+01
0.362404	-7.960235e-01	-2.343556e-01	9.470828e-02	1.243294e+01
0.364816	-7.990416e-01	-2.360506e-01	9.551230e-02	1.245549e+01
0.367236	-8.020558e-01	-2.377386e-01	9.631001e-02	1.247750e+01
0.369664	-8.050681e-01	-2.394185e-01	9.710202e-02	1.249899e+01
0.372100	-8.080806e-01	-2.410894e-01	9.788939e-02	1.251999e+01
0.374544	-8.110954e-01	-2.427514e-01	9.867368e-02	1.254057e+01
0.376996	-8.141143e-01	-2.444045e-01	9.945676e-02	1.256078e+01
0.379456	-8.171389e-01	-2.460496e-01	1.002408e-01	1.258071e+01
0.381924	-8.201704e-01	-2.476880e-01	1.010282e-01	1.260044e+01
0.384400	-8.232095e-01	-2.493212e-01	1.018212e-01	1.262007e+01
0.386884	-8.262566e-01	-2.509511e-01	1.026221e-01	1.263967e+01
0.389376	-8.293116e-01	-2.525799e-01	1.034331e-01	1.265933e+01
0.391876	-8.323738e-01	-2.542098e-01	1.042558e-01	1.267912e+01
0.394384	-8.354420e-01	-2.558430e-01	1.050916e-01	1.269909e+01
0.396900	-8.385148e-01	-2.574816e-01	1.059414e-01	1.271927e+01
0.399424	-8.415904e-01	-2.591274e-01	1.068054e-01	1.273971e+01
0.401956	-8.446667e-01	-2.607821e-01	1.076833e-01	1.276038e+01
0.404496	-8.477415e-01	-2.624466e-01	1.085745e-01	1.278127e+01
0.407044	-8.508125e-01	-2.641216e-01	1.094775e-01	1.280234e+01
0.409600	-8.538777e-01	-2.658072e-01	1.103907e-01	1.282353e+01
0.412164	-8.569349e-01	-2.675031e-01	1.113119e-01	1.284478e+01
0.414736	-8.599824e-01	-2.692083e-01	1.122387e-01	1.286599e+01
0.417316	-8.630190e-01	-2.709215e-01	1.131686e-01	1.288708e+01
0.419904	-8.660438e-01	-2.726409e-01	1.140992e-01	1.290795e+01
0.422500	-8.690561e-01	-2.743643e-01	1.150280e-01	1.292851e+01
0.425104	-8.720563e-01	-2.760896e-01	1.159531e-01	1.294869e+01
0.427716	-8.750447e-01	-2.778144e-01	1.168726e-01	1.296840e+01
0.430336	-8.780226e-01	-2.795361e-01	1.177853e-01	1.298758e+01
0.432964	-8.809913e-01	-2.812528e-01	1.186904e-01	1.300621e+01
0.435600	-8.839527e-01	-2.829622e-01	1.195878e-01	1.302425e+01
0.438244	-8.869089e-01	-2.846627e-01	1.204780e-01	1.304170e+01
0.440896	-8.898622e-01	-2.863533e-01	1.213618e-01	1.305860e+01
0.443556	-8.928148e-01	-2.880330e-01	1.222408e-01	1.307498e+01
0.446224	-8.957692e-01	-2.897019e-01	1.231169e-01	1.309090e+01
0.448900	-8.987273e-01	-2.913601e-01	1.239925e-01	1.310645e+01
0.451584	-9.016910e-01	-2.930087e-01	1.248699e-01	1.312170e+01
0.454276	-9.046617e-01	-2.946490e-01	1.257518e-01	1.313675e+01
0.456976	-9.076403e-01	-2.962827e-01	1.266407e-01	1.315171e+01
0.459684	-9.106275e-01	-2.979120e-01	1.275390e-01	1.316666e+01
0.462400	-9.136230e-01	-2.995392e-01	1.284487e-01	1.318169e+01
0.465124	-9.166265e-01	-3.011669e-01	1.293713e-01	1.319688e+01
0.467856	-9.196367e-01	-3.027974e-01	1.303082e-01	1.321228e+01
0.470596	-9.226523e-01	-3.044329e-01	1.312597e-01	1.322795e+01
0.473344	-9.256712e-01	-3.060755e-01	1.322258e-01	1.324389e+01
0.476100	-9.286913e-01	-3.077268e-01	1.332059e-01	1.326012e+01
0.478864	-9.317102e-01	-3.093880e-01	1.341986e-01	1.327659e+01
0.481636	-9.347255e-01	-3.110599e-01	1.352024e-01	1.329327e+01
0.484416	-9.377347e-01	-3.127424e-01	1.362148e-01	1.331010e+01
0.487204	-9.407357e-01	-3.144352e-01	1.372336e-01	1.332700e+01
0.490000	-9.437265e-01	-3.161372e-01	1.382558e-01	1.334386e+01
0.492804	-9.467055e-01	-3.178470e-01	1.392789e-01	1.336060e+01
0.495616	-9.496716e-01	-3.195626e-01	1.403002e-01	1.337712e+01
0.498436	-9.526243e-01	-3.212817e-01	1.413173e-01	1.339332e+01
0.501264	-9.555633e-01	-3.230019e-01	1.423281e-01	1.340910e+01
0.504100	-9.584894e-01	-3.247205e-01	1.433311e-01	1.342439e+01
0.506944	-9.614034e-01	-3.264351e-01	1.443253e-01	1.343914e+01
0.509796	-9.643068e-01	-3.281431e-01	1.453103e-01	1.345330e+01
0.512656	-9.672017e-01	-3.298424e-01	1.462863e-01	1.346684e+01
0.515524	-9.700903e-01	-3.315314e-01	1.472541e-01	1.347979e+01
0.518400	-9.729748e-01	-3.332087e-01	1.482153e-01	1.349215e+01
0.521284	-9.758581e-01	-3.348736e-01	1.491718e-01	1.350399e+01
0.524176	-9.787424e-01	-3.365259e-01	1.501259e-01	1.351537e+01
0.527076	-9.816301e-01	-3.381662e-01	1.510804e-01	1.352637e+01
0.529984	-9.845233e-01	-3.397953e-01	1.520378e-01	1.353709e+01
0.532900	-9.874237e-01	-3.414148e-01	1.530011e-01	1.354763e+01
0.535824	-9.903324e-01	-3.430267e-01	1.539729e-01	1.355809e+01
0.538756	-9.932502e-01	-3.446334e-01	1.549554e-01	1.356857e+01
0.541696	-9.961771e-01	-3.462373e-01	1.559507e-01	1.357917e+01
0.544644	-9.991126e-01	-3.478412e-01	1.569601e-01	1.358996e+01
0.547600	-1.002056e+00	-3.494476e-01	1.579844e-01	1.360100e+01
0.550564	-1.005005e+00	-3.510590e-01	1.590238e-01	1.361234e+01
0.553536	-1.007959e+00	-3.526777e-01	1.600777e-01	1.362398e+01
0.556516	-1.010914e+00	-3.543053e-01	1.611450e-01	1.363593e+01
0.559504	-1.013868e+00	-3.559431e-01	1.622239e-01	1.364815e+01
0.562500	-1.016820e+00	-3.575918e-01	1.633123e-01	1.366060e+01
0.565504	-1.019765e+00	-3.592515e-01	1.644074e-01	1.367320e+01
0.568516	-1.022702e+00	-3.609217e-01	1.655065e-01	1.368587e+01
0.571536	-1.025628e+00	-3.626013e-01	1.666066e-01	1.369852e+01
0.574564	-1.028542e+00	-3.642886e-01	1.677047e-01	1.371102e+01
0.577600	-1.031442e+00	-3.659816e-01	1.687983e-01	1.372330e+01
0.580644	-1.034327e+00	-3.676777e-01	1.698848e-01	1.373523e+01
0.583696	-1.037198e+00	-3.693743e-01	1.709625e-01	1.374674e+01
0.586756	-1.040054e+00	-3.710686e-01	1.720301e-01	1.375773e+01
0.589824	-1.042897e+00	-3.727577e-01	1.730870e-01	1.376817e+01
0.592900	-1.045729e+00	-3.744392e-01	1.741331e-01	1.377800e+01
0.595984	-1.048550e+00	-3.761109e-01	1.751693e-01	1.378722e+01
0.599076	-1.051364e+00	-3.777707e-01	1.761968e-01	1.379583e+01
0.602176	-1.054173e+00	-3.794174e-01	1.772176e-01	1.380387e+01
0.605284	-1.056980e+00	-3.810503e-01	1.782342e-01	1.381138e+01
0.608400	-1.059788e+00	-3.826692e-01	1.792493e-01	1.381846e+01
0.611524	-1.062598e+00	-3.842747e-01	1.802659e-01	1.382517e+01
0.614656	-1.065414e+00	-3.858679e-01	1.812869e-01	1.383164e+01
0.617796	-1.068238e+00	-3.874504e-01	1.823153e-01	1.383795e+01
0.620944	-1.071070e+00	-3.890246e-01	1.833538e-01	1.384422e+01
0.624100	-1.073912e+00	-3.905928e-01	1.844044e-01	1.385054e+01
0.627264	-1.076763e+00	-3.921579e-01	1.854690e-01	1.385702e+01
0.630436	-1.079625e+00	-3.937228e-01	1.865486e-01	1.386372e+01
0.633616	-1.082494e+00	-3.952902e-01	1.876435e-01	1.387070e+01
0.636804	-1.085371e+00	-3.968628e-01	1.887534e-01	1.387800e+01
0.640000	-1.088253e+00	-3.984430e-01	1.898773e-01	1.388562e+01
0.643204	-1.091137e+00	-4.000326e-01	1.910135e-01	1.389357e+01
0.646416	-1.094022e+00	-4.016328e-01	1.921597e-01	1.390180e+01
0.649636	-1.096903e+00	-4.032446e-01	1.933132e-01	1.391025e+01
0.652864	-1.099779e+00	-4.048678e-01	1.944711e-01	1.391885e+01
0.656100	-1.102646e+00	-4.065020e-01	1.956301e-01	1.392752e+01
0.659344	-1.105502e+00	-4.081458e-01	1.967871e-01	1.393614e+01
0.662596	-1.108345e+00	-4.097975e-01	1.979390e-01	1.394461e+01
0.665856	-1.111174e+00	-4.114547e-01	1.990834e-01	1.395283e+01
0.669124	-1.113988e+00	-4.131149e-01	2.002180e-01	1.396069e+01
0.672400	-1.116785e+00	-4.147751e-01	2.013411e-01	1.396811e+01
0.675684	-1.119567e+00	-4.164323e-01	2.024520e-01	1.397502e+01
0.678976	-1.122335e+00	-4.180836e-01	2.035504e-01	1.398136e+01
0.682276	-1.125089e+00	-4.197263e-01	2.046370e-01	1.398710e+01
0.685584	-1.127833e+00	-4.213578e-01	2.057129e-01	1.399223e+01
0.688900	-1.130568e+00	-4.229764e-01	2.067802e-01	1.399678e+01
0.692224	-1.133297e+00	-4.245806e-01	2.078412e-01	1.400077e+01
0.695556	-1.136023e+00	-4.261697e-01	2.088988e-01	1.400427e+01
0.698896	-1.138749e+00	-4.277436e-01	2.099561e-01	1.400735e+01
0.702244	-1.141478e+00	-4.293029e-01	2.110165e-01	1.401012e+01
0.705600	-1.144213e+00	-4.308489e-01	2.120831e-01	1.401268e+01
0.708964	-1.146955e+00	-4.323834e-01	2.131587e-01	1.401512e+01
0.712336	-1.149706e+00	-4.339090e-01	2.142459e-01	1.401756e+01
0.715716	-1.152467e+00	-4.354282e-01	2.153467e-01	1.402009e+01
0.719104	-1.155240e+00	-4.369441e-01	2.164625e-01	1.402281e+01
0.722500	-1.158022e+00	-4.384598e-01	2.175938e-01	1.402578e+01
0.725904	-1.160815e+00	-4.399783e-01	2.187404e-01	1.402905e+01
0.729316	-1.163615e+00	-4.415025e-01	2.199016e-01	1.403265e+01
0.732736	-1.166421e+00	-4.430346e-01	2.210757e-01	1.403658e+01
0.736164	-1.169231e+00	-4.445769e-01	2.222605e-01	1.404083e+01
0.739600	-1.172041e+00	-4.461305e-01	2.234531e-01	1.404536e+01
0.743044	-1.174849e+00	-4.476963e-01	2.246505e-01	1.405010e+01
0.746496	-1.177651e+00	-4.492742e-01	2.258492e-01	1.405497e+01
0.749956	-1.180445e+00	-4.508635e-01	2.270459e-01	1.405988e+01
0.753424	-1.183228e+00	-4.524630e-01	2.282373e-01	1.406472e+01
0.756900	-1.185998e+00	-4.540705e-01	2.294206e-01	1.406940e+01
0.760384	-1.188752e+00	-4.556837e-01	2.305931e-01	1.407380e+01
0.763876	-1.191490e+00	-4.572997e-01	2.317531e-01	1.407783e+01
0.767376	-1.194212e+00	-4.589153e-01	2.328993e-01	1.408142e+01
0.770884	-1.196917e+00	-4.605273e-01	2.340314e-01	1.408449e+01
0.774400	-1.199606e+00	-4.621326e-01	2.351498e-01	1.408700e+01
0.777924	-1.202281e+00	-4.637284e-01	2.362555e-01	1.408893e+01
0.781456	-1.204943e+00	-4.653120e-01	2.373505e-01	1.409027e+01
0.784996	-1.207596e+00	-4.668815e-01	2.384373e-01	1.409106e+01
0.788544	-1.210243e+00	-4.684354e-01	2.395187e-01	1.409134e+01
0.792100	-1.212886e+00	-4.699731e-01	2.405982e-01	1.409116e+01
0.795664	-1.215528e+00	-4.714945e-01	2.416791e-01	1.409063e+01
0.799236	-1.218173e+00	-4.730003e-01	2.427648e-01	1.408982e+01
0.802816	-1.220823e+00	-4.744921e-01	2.438586e-01	1.408885e+01
0.806404	-1.223482e+00	-4.759717e-01	2.449632e-01	1.408782e+01
0.810000	-1.226149e+00	-4.774419e-01	2.460810e-01	1.408682e+01
0.813604	-1.228828e+00	-4.789056e-01	2.472136e-01	1.408595e+01
0.817216	-1.231519e+00	-4.803659e-01	2.483619e-01	1.408529e+01
0.820836	-1.234220e+00	-4.818263e-01	2.495260e-01	1.408490e+01
0.824464	-1.236933e+00	-4.832899e-01	2.507051e-01	1.408482e+01
0.828100	-1.239654e+00	-4.847598e-01	2.518977e-01	1.408508e+01
0.831744	-1.242382e+00	-4.862384e-01	2.531016e-01	1.408566e+01
0.835396	-1.245115e+00	-4.877278e-01	2.543141e-01	1.408654e+01
0.839056	-1.247849e+00	-4.892295e-01	2.555318e-01	1.408767e+01
0.842724	-1.250581e+00	-4.907441e-01	2.567512e-01	1.408899e+01
0.846400	-1.253309e+00	-4.922717e-01	2.579687e-01	1.409041e+01
0.850084	-1.256028e+00	-4.938112e-01	2.591808e-01	1.409183e+01
0.853776	-1.258735e+00	-4.953614e-01	2.603843e-01	1.409317e+01
0.857476	-1.261430e+00	-4.969200e-01	2.615763e-01	1.409431e+01
0.861184	-1.264108e+00	-4.984842e-01	2.627547e-01	1.409516e+01
0.864900	-1.266770e+00	-5.000512e-01	2.639180e-01	1.409564e+01
0.868624	-1.269414e+00	-5.016174e-01	2.650656e-01	1.409567e+01
0.872356	-1.272040e+00	-5.031795e-01	2.661977e-01	1.409520e+01
0.876096	-1.274649e+00	-5.047341e-01	2.673153e-01	1.409418e+01
0.879844	-1.277243e+00	-5.062783e-01	2.684201e-01	1.409261e+01
0.883600	-1.279824e+00	-5.078094e-01	2.695147e-01	1.409050e+01
0.887364	-1.282394e+00	-5.093252e-01	2.706020e-01	1.408788e+01
0.891136	-1.284957e+00	-5.108244e-01	2.716855e-01	1.408481e+01
0.894916	-1.287515e+00	-5.123063e-01	2.727688e-01	1.408134e+01
0.898704	-1.290072e+00	-5.137709e-01	2.738555e-01	1.407756e+01
0.902500	-1.292632e+00	-5.152192e-01	2.749492e-01	1.407358e+01
0.906304	-1.295197e+00	-5.166527e-01	2.760530e-01	1.406948e+01
0.910116	-1.297771e+00	-5.180736e-01	2.771695e-01	1.406537e+01
0.913936	-1.300354e+00	-5.194847e-01	2.783006e-01	1.406133e+01
0.917764	-1.302949e+00	-5.208894e-01	2.794476e-01	1.405745e+01
0.921600	-1.305557e+00	-5.222909e-01	2.806106e-01	1.405380e+01
0.925444	-1.308176e+00	-5.236928e-01	2.817892e-01	1.405043e+01
0.929296	-1.310808e+00	-5.250986e-01	2.829821e-01	1.404737e+01
0.933156	-1.313450e+00	-5.265113e-01	2.841869e-01	1.404463e+01
0.937024	-1.316099e+00	-5.279336e-01	2.854011e-01	1.404220e+01
0.940900	-1.318754e+00	-5.293678e-01	2.866211e-01	1.404003e+01
0.944784	-1.321411e+00	-5.308151e-01	2.878434e-01	1.403808e+01
0.948676	-1.324067e+00	-5.322762e-01	2.890641e-01	1.403628e+01
0.952576	-1.326719e+00	-5.337511e-01	2.902794e-01	1.403455e+01
0.956484	-1.329362e+00	-5.352387e-01	2.914858e-01	1.403278e+01
0.960400	-1.331994e+00	-5.367373e-01	2.926802e-01	1.403090e+01
0.964324	-1.334612e+00	-5.382447e-01	2.938601e-01	1.402880e+01
0.968256	-1.337215e+00	-5.397579e-01	2.950238e-01	1.402640e+01
0.972196	-1.339799e+00	-5.412736e-01	2.961704e-01	1.402362e+01
0.976144	-1.342365e+00	-5.427882e-01	2.972997e-01	1.402040e+01
0.980100	-1.344912e+00	-5.442981e-01	2.984128e-01	1.401670e+01
0.984064	-1.347442e+00	-5.457998e-01	2.995111e-01	1.401250e+01
0.988036	-1.349954e+00	-5.472903e-01	3.005972e-01	1.400779e+01
0.992016	-1.352453e+00	-5.487665e-01	3.016741e-01	1.400259e+01
0.996004	-1.354940e+00	-5.502265e-01	3.027453e-01	1.399693e+01