
0.000004	-6.649170e-04	1.783870e-06	1.559032e-08	6.944869e-01
0.000016	-1.353354e-03	1.259339e-05	4.229729e-07	7.194418e-01
0.000036	-2.088539e-03	3.405041e-05	2.451509e-06	7.619232e-01
0.000064	-2.860490e-03	6.265734e-05	6.654565e-06	8.044816e-01
0.000100	-3.680491e-03	1.052644e-04	1.244193e-05	8.532544e-01
0.000144	-4.540111e-03	1.499665e-04	1.902840e-05	9.024114e-01
0.000196	-5.439273e-03	2.019205e-04	3.038380e-05	9.524902e-01
0.000256	-6.376988e-03	2.608606e-04	3.961664e-05	1.003283e+00
0.000324	-7.352657e-03	3.282561e-04	5.018284e-05	1.054886e+00
0.000400	-8.365303e-03	4.004689e-04	6.253338e-05	1.107055e+00
0.000484	-9.415317e-03	4.802365e-04	7.544223e-05	1.160129e+00
0.000576	-1.050078e-02	5.648739e-04	9.123152e-05	1.213670e+00
0.000676	-1.162226e-02	6.557063e-04	1.070075e-04	1.267957e+00
0.000784	-1.277745e-02	7.515609e-04	1.242907e-04	1.322563e+00
0.000900	-1.396739e-02	8.530528e-04	1.426793e-04	1.377834e+00
0.001024	-1.519062e-02	9.598401e-04	1.626575e-04	1.433557e+00
0.001156	-1.644684e-02	1.070620e-03	1.835150e-04	1.489708e+00
0.001296	-1.773531e-02	1.185726e-03	2.057635e-04	1.546255e+00
0.001444	-1.905466e-02	1.305246e-03	2.299680e-04	1.603045e+00
0.001600	-2.040570e-02	1.428268e-03	2.548256e-04	1.660251e+00
0.001764	-2.178739e-02	1.554852e-03	2.811993e-04	1.717772e+00
0.001936	-2.319872e-02	1.685332e-03	3.084716e-04	1.775522e+00
0.002116	-2.464007e-02	1.818385e-03	3.375193e-04	1.833584e+00
0.002304	-2.610999e-02	1.954275e-03	3.675961e-04	1.891800e+00
0.002500	-2.760799e-02	2.092858e-03	3.989220e-04	1.950158e+00
0.002704	-2.913427e-02	2.233285e-03	4.314570e-04	2.008711e+00
0.002916	-3.068799e-02	2.376174e-03	4.654530e-04	2.067416e+00
0.003136	-3.226866e-02	2.520695e-03	5.005764e-04	2.126224e+00
0.003364	-3.387552e-02	2.666635e-03	5.373296e-04	2.185084e+00
0.003600	-3.550861e-02	2.813993e-03	5.750728e-04	2.244041e+00
0.003844	-3.716725e-02	2.962134e-03	6.141273e-04	2.303034e+00
0.004096	-3.885083e-02	3.111042e-03	6.545670e-04	2.362033e+00
0.004356	-4.055916e-02	3.260364e-03	6.961958e-04	2.421041e+00
0.004624	-4.229174e-02	3.409956e-03	7.393900e-04	2.480040e+00
0.004900	-4.404790e-02	3.559605e-03	7.836298e-04	2.538979e+00
0.005184	-4.582762e-02	3.708931e-03	8.292340e-04	2.597883e+00
0.005476	-4.763030e-02	3.857864e-03	8.761286e-04	2.656720e+00
0.005776	-4.945546e-02	4.005922e-03	9.243173e-04	2.715458e+00
0.006084	-5.130287e-02	4.152964e-03	9.738605e-04	2.774102e+00
0.006400	-5.317205e-02	4.298818e-03	1.024653e-03	2.832629e+00
0.006724	-5.506246e-02	4.443226e-03	1.076949e-03	2.891010e+00
0.007056	-5.697405e-02	4.585968e-03	1.130403e-03	2.949263e+00
0.007396	-5.890630e-02	4.726764e-03	1.185225e-03	3.007358e+00
0.007744	-6.085876e-02	4.865348e-03	1.241316e-03	3.065273e+00
0.008100	-6.283128e-02	5.001518e-03	1.298745e-03	3.123020e+00
0.008464	-6.482337e-02	5.135140e-03	1.357573e-03	3.180573e+00
0.008836	-6.683461e-02	5.265851e-03	1.417709e-03	3.237913e+00
0.009216	-6.886489e-02	5.393566e-03	1.479134e-03	3.295053e+00
0.009604	-7.091376e-02	5.517983e-03	1.541945e-03	3.351972e+00
0.010000	-7.298082e-02	5.638995e-03	1.606017e-03	3.408654e+00
0.010404	-7.506590e-02	5.756224e-03	1.671493e-03	3.465103e+00
0.010816	-7.716866e-02	5.869600e-03	1.738364e-03	3.521311e+00
0.011236	-7.928878e-02	5.978800e-03	1.806504e-03	3.577267e+00
0.011664	-8.142588e-02	6.083741e-03	1.876003e-03	3.632960e+00
0.012100	-8.357980e-02	6.184105e-03	1.946898e-03	3.688391e+00
0.012544	-8.575018e-02	6.279769e-03	2.019124e-03	3.743553e+00
0.012996	-8.793665e-02	6.370559e-03	2.092703e-03	3.798431e+00
0.013456	-9.013910e-02	6.456194e-03	2.167653e-03	3.853034e+00
0.013924	-9.235720e-02	6.536591e-03	2.244001e-03	3.907355e+00
0.014400	-9.459065e-02	6.611504e-03	2.321691e-03	3.961383e+00
0.014884	-9.683918e-02	6.680733e-03	2.400803e-03	4.015119e+00
0.015376	-9.910257e-02	6.744128e-03	2.481285e-03	4.068559e+00
0.015876	-1.013805e-01	6.801538e-03	2.563107e-03	4.121697e+00
0.016384	-1.036729e-01	6.852733e-03	2.646389e-03	4.174539e+00
0.016900	-1.059793e-01	6.897576e-03	2.730997e-03	4.227072e+00
0.017424	-1.082995e-01	6.935890e-03	2.817026e-03	4.279302e+00
0.017956	-1.106334e-01	6.967576e-03	2.904480e-03	4.331221e+00
0.018496	-1.129807e-01	6.992390e-03	2.993379e-03	4.382838e+00
0.019044	-1.153410e-01	7.010150e-03	3.083648e-03	4.434138e+00
0.019600	-1.177144e-01	7.020840e-03	3.175348e-03	4.485131e+00
0.020164	-1.201005e-01	7.024148e-03	3.268505e-03	4.535813e+00
0.020736	-1.224990e-01	7.020033e-03	3.363018e-03	4.586180e+00
0.021316	-1.249098e-01	7.008333e-03	3.459048e-03	4.636241e+00
0.021904	-1.273327e-01	6.988863e-03	3.556509e-03	4.685986e+00
0.022500	-1.297675e-01	6.961512e-03	3.655400e-03	4.735422e+00
0.023104	-1.322139e-01	6.926166e-03	3.755749e-03	4.784547e+00
0.023716	-1.346717e-01	6.882725e-03	3.857560e-03	4.833358e+00
0.024336	-1.371409e-01	6.830972e-03	3.960865e-03	4.881871e+00
0.024964	-1.396210e-01	6.770830e-03	4.065599e-03	4.930066e+00
0.025600	-1.421121e-01	6.702212e-03	4.171885e-03	4.977963e+00
0.026244	-1.446139e-01	6.624929e-03	4.279609e-03	5.025554e+00
0.026896	-1.471262e-01	6.538918e-03	4.388835e-03	5.072842e+00
0.027556	-1.496488e-01	6.444064e-03	4.499583e-03	5.119830e+00
0.028224	-1.521816e-01	6.340241e-03	4.611815e-03	5.166518e+00
0.028900	-1.547244e-01	6.227376e-03	4.725557e-03	5.212911e+00
0.029584	-1.572769e-01	6.105312e-03	4.840820e-03	5.259010e+00
0.030276	-1.598391e-01	5.974048e-03	4.957648e-03	5.304817e+00
0.030976	-1.624108e-01	5.833385e-03	5.075987e-03	5.350335e+00
0.031684	-1.649918e-01	5.683317e-03	5.195828e-03	5.395568e+00
0.032400	-1.675819e-01	5.523722e-03	5.317254e-03	5.440514e+00
0.033124	-1.701810e-01	5.354487e-03	5.440267e-03	5.485181e+00
0.033856	-1.727889e-01	5.175571e-03	5.564802e-03	5.529572e+00
0.034596	-1.754056e-01	4.986895e-03	5.690914e-03	5.573689e+00
0.035344	-1.780308e-01	4.788410e-03	5.818626e-03	5.617533e+00
0.036100	-1.806644e-01	4.579982e-03	5.947881e-03	5.661107e+00
0.036864	-1.833061e-01	4.361593e-03	6.078772e-03	5.704415e+00
0.037636	-1.859561e-01	4.133130e-03	6.211258e-03	5.747465e+00
0.038416	-1.886139e-01	3.894609e-03	6.345339e-03	5.790254e+00
0.039204	-1.912796e-01	3.645899e-03	6.481060e-03	5.832788e+00
0.040000	-1.939530e-01	3.386973e-03	6.618383e-03	5.875068e+00
0.040804	-1.966339e-01	3.117775e-03	6.757341e-03	5.917102e+00
0.041616	-1.993222e-01	2.838266e-03	6.897972e-03	5.958889e+00
0.042436	-2.020178e-01	2.548417e-03	7.040204e-03	6.000435e+00
0.043264	-2.047206e-01	2.248137e-03	7.184128e-03	6.041743e+00
0.044100	-2.074304e-01	1.937537e-03	7.329714e-03	6.082815e+00
0.044944	-2.101471e-01	1.616188e-03	7.476975e-03	6.123656e+00
0.045796	-2.128706e-01	1.284468e-03	7.625937e-03	6.164271e+00
0.046656	-2.156007e-01	9.422021e-04	7.776585e-03	6.204660e+00
0.047524	-2.183374e-01	5.893324e-04	7.928929e-03	6.244829e+00
0.048400	-2.210805e-01	2.258875e-04	8.082999e-03	6.284780e+00
0.049284	-2.238299e-01	-1.482014e-04	8.238763e-03	6.324516e+00
0.050176	-2.265856e-01	-5.329451e-04	8.396291e-03	6.364043e+00
0.051076	-2.293473e-01	-9.283394e-04	8.555519e-03	6.403362e+00
0.051984	-2.321150e-01	-1.334431e-03	8.716541e-03	6.442479e+00
0.052900	-2.348886e-01	-1.751175e-03	8.879372e-03	6.481399e+00
0.053824	-2.376678e-01	-2.178662e-03	9.043816e-03	6.520111e+00
0.054756	-2.404528e-01	-2.616897e-03	9.210110e-03	6.558637e+00
0.055696	-2.432433e-01	-3.065802e-03	9.378192e-03	6.596971e+00
0.056644	-2.460393e-01	-3.525395e-03	9.548069e-03	6.635119e+00
0.057600	-2.488406e-01	-3.995807e-03	9.719749e-03	6.673082e+00
0.058564	-2.516472e-01	-4.476881e-03	9.893259e-03	6.710864e+00
0.059536	-2.544589e-01	-4.968680e-03	1.006857e-02	6.748469e+00
0.060516	-2.572757e-01	-5.471200e-03	1.024572e-02	6.785899e+00
0.061504	-2.600974e-01	-5.984376e-03	1.042472e-02	6.823157e+00
0.062500	-2.629240e-01	-6.508283e-03	1.060557e-02	6.860249e+00
0.063504	-2.657554e-01	-7.042849e-03	1.078824e-02	6.897172e+00
0.064516	-2.685915e-01	-7.588098e-03	1.097281e-02	6.933934e+00
0.065536	-2.714321e-01	-8.143960e-03	1.115928e-02	6.970535e+00
0.066564	-2.742773e-01	-8.710470e-03	1.134762e-02	7.006980e+00
0.067600	-2.771269e-01	-9.287583e-03	1.153786e-02	7.043270e+00
0.068644	-2.799808e-01	-9.875280e-03	1.173003e-02	7.079408e+00
0.069696	-2.828391e-01	-1.047354e-02	1.192410e-02	7.115399e+00
0.070756	-2.857014e-01	-1.108232e-02	1.212011e-02	7.151241e+00
0.071824	-2.885678e-01	-1.170160e-02	1.231803e-02	7.186938e+00
0.072900	-2.914383e-01	-1.233133e-02	1.251794e-02	7.222494e+00
0.073984	-2.943127e-01	-1.297154e-02	1.271977e-02	7.257911e+00
0.075076	-2.971909e-01	-1.362214e-02	1.292362e-02	7.293191e+00
0.076176	-3.000729e-01	-1.428310e-02	1.312944e-02	7.328335e+00
0.077284	-3.029585e-01	-1.495438e-02	1.333721e-02	7.363346e+00
0.078400	-3.058478e-01	-1.563601e-02	1.354700e-02	7.398227e+00
0.079524	-3.087407e-01	-1.632784e-02	1.375880e-02	7.432980e+00
0.080656	-3.116369e-01	-1.702991e-02	1.397263e-02	7.467604e+00
0.081796	-3.145367e-01	-1.774215e-02	1.418849e-02	7.502106e+00
0.082944	-3.174397e-01	-1.846451e-02	1.440640e-02	7.536483e+00
0.084100	-3.203459e-01	-1.919695e-02	1.462634e-02	7.570739e+00
0.085264	-3.232554e-01	-1.993942e-02	1.484836e-02	7.604877e+00
0.086436	-3.261680e-01	-2.069187e-02	1.507244e-02	7.638896e+00
0.087616	-3.290836e-01	-2.145424e-02	1.529858e-02	7.672799e+00
0.088804	-3.320022e-01	-2.222653e-02	1.552685e-02	7.706587e+00
0.090000	-3.349238e-01	-2.300858e-02	1.575721e-02	7.740262e+00
0.091204	-3.378482e-01	-2.380047e-02	1.598968e-02	7.773826e+00
0.092416	-3.407753e-01	-2.460207e-02	1.622427e-02	7.807279e+00
0.093636	-3.437052e-01	-2.541334e-02	1.646101e-02	7.840623e+00
0.094864	-3.466378e-01	-2.623421e-02	1.669986e-02	7.873858e+00
0.096100	-3.495730e-01	-2.706462e-02	1.694088e-02	7.906987e+00
0.097344	-3.525107e-01	-2.790456e-02	1.718406e-02	7.940011e+00
0.098596	-3.554508e-01	-2.875390e-02	1.742942e-02	7.972929e+00
0.099856	-3.583935e-01	-2.961262e-02	1.767696e-02	8.005745e+00
0.101124	-3.613384e-01	-3.048063e-02	1.792669e-02	8.038457e+00
0.102400	-3.642857e-01	-3.135789e-02	1.817863e-02	8.071068e+00
0.103684	-3.672352e-01	-3.224436e-02	1.843277e-02	8.103577e+00
0.104976	-3.701870e-01	-3.313993e-02	1.868916e-02	8.135987e+00
0.106276	-3.731408e-01	-3.404454e-02	1.894775e-02	8.168297e+00
0.107584	-3.760968e-01	-3.495816e-02	1.920861e-02	8.200507e+00
0.108900	-3.790547e-01	-3.588070e-02	1.947171e-02	8.232620e+00
0.110224	-3.820147e-01	-3.681211e-02	1.973708e-02	8.264634e+00
0.111556	-3.849766e-01	-3.775230e-02	2.000472e-02	8.296553e+00
0.112896	-3.879403e-01	-3.870120e-02	2.027465e-02	8.328374e+00
0.114244	-3.909059e-01	-3.965873e-02	2.054688e-02	8.360099e+00
0.115600	-3.938733e-01	-4.062487e-02	2.082140e-02	8.391728e+00
0.116964	-3.968424e-01	-4.159952e-02	2.109825e-02	8.423261e+00
0.118336	-3.998131e-01	-4.258261e-02	2.137741e-02	8.454698e+00
0.119716	-4.027855e-01	-4.357405e-02	2.165892e-02	8.486041e+00
0.121104	-4.057594e-01	-4.457383e-02	2.194276e-02	8.517289e+00
0.122500	-4.087349e-01	-4.558179e-02	2.222896e-02	8.548442e+00
0.123904	-4.117119e-01	-4.659791e-02	2.251752e-02	8.579499e+00
0.125316	-4.146903e-01	-4.762216e-02	2.280846e-02	8.610463e+00
0.126736	-4.176701e-01	-4.865439e-02	2.310179e-02	8.641332e+00
0.128164	-4.206512e-01	-4.969455e-02	2.339750e-02	8.672106e+00
0.129600	-4.236336e-01	-5.074256e-02	2.369563e-02	8.702784e+00
0.131044	-4.266174e-01	-5.179838e-02	2.399616e-02	8.733370e+00
0.132496	-4.296023e-01	-5.286190e-02	2.429911e-02	8.763860e+00
0.133956	-4.325884e-01	-5.393307e-02	2.460452e-02	8.794255e+00
0.135424	-4.355756e-01	-5.501179e-02	2.491234e-02	8.824554e+00
0.136900	-4.385640e-01	-5.609800e-02	2.522262e-02	8.854758e+00
0.138384	-4.415533e-01	-5.719164e-02	2.553537e-02	8.884865e+00
0.139876	-4.445437e-01	-5.829262e-02	2.585058e-02	8.914878e+00
0.141376	-4.475351e-01	-5.940086e-02	2.616829e-02	8.944793e+00
0.142884	-4.505273e-01	-6.051628e-02	2.648849e-02	8.974612e+00
0.144400	-4.535206e-01	-6.163882e-02	2.681118e-02	9.004335e+00
0.145924	-4.565146e-01	-6.276840e-02	2.713638e-02	9.033959e+00
0.147456	-4.595094e-01	-6.390492e-02	2.746411e-02	9.063485e+00
0.148996	-4.625050e-01	-6.504834e-02	2.779436e-02	9.092913e+00
0.150544	-4.655015e-01	-6.619858e-02	2.812713e-02	9.122244e+00
0.152100	-4.684985e-01	-6.735554e-02	2.846246e-02	9.151473e+00
0.153664	-4.714963e-01	-6.851919e-02	2.880036e-02	9.180604e+00
0.155236	-4.744946e-01	-6.968939e-02	2.914082e-02	9.209633e+00
0.156816	-4.774936e-01	-7.086611e-02	2.948387e-02	9.238564e+00
0.158404	-4.804932e-01	-7.204929e-02	2.982947e-02	9.267393e+00
0.160000	-4.834933e-01	-7.323881e-02	3.017770e-02	9.296119e+00
0.161604	-4.864938e-01	-7.443460e-02	3.052853e-02	9.324744e+00
0.163216	-4.894949e-01	-7.563662e-02	3.088196e-02	9.353265e+00
0.164836	-4.924965e-01	-7.684475e-02	3.123802e-02	9.381687e+00
0.166464	-4.954982e-01	-7.805895e-02	3.159669e-02	9.409994e+00
0.168100	-4.985005e-01	-7.927913e-02	3.195805e-02	9.438203e+00
0.169744	-5.015031e-01	-8.050523e-02	3.232203e-02	9.466306e+00
0.171396	-5.045059e-01	-8.173714e-02	3.268868e-02	9.494301e+00
0.173056	-5.075091e-01	-8.297482e-02	3.305799e-02	9.522190e+00
0.174724	-5.105125e-01	-8.421817e-02	3.342999e-02	9.549972e+00
0.176400	-5.135161e-01	-8.546716e-02	3.380467e-02	9.577646e+00
0.178084	-5.165199e-01	-8.672168e-02	3.418205e-02	9.605210e+00
0.179776	-5.195238e-01	-8.798169e-02	3.456213e-02	9.632665e+00
0.181476	-5.225279e-01	-8.924707e-02	3.494493e-02	9.660009e+00
0.183184	-5.255320e-01	-9.051776e-02	3.533046e-02	9.687242e+00
0.184900	-5.285362e-01	-9.179373e-02	3.571871e-02	9.714364e+00
0.186624	-5.315405e-01	-9.307485e-02	3.610971e-02	9.741373e+00
0.188356	-5.345448e-01	-9.436106e-02	3.650346e-02	9.768269e+00
0.190096	-5.375491e-01	-9.565234e-02	3.689997e-02	9.795051e+00
0.191844	-5.405533e-01	-9.694855e-02	3.729925e-02	9.821718e+00
0.193600	-5.435575e-01	-9.824969e-02	3.770131e-02	9.848271e+00
0.195364	-5.465616e-01	-9.955560e-02	3.810616e-02	9.874706e+00
0.197136	-5.495655e-01	-1.008663e-01	3.851380e-02	9.901026e+00
0.198916	-5.525693e-01	-1.021816e-01	3.892425e-02	9.927227e+00
0.200704	-5.555730e-01	-1.035016e-01	3.933752e-02	9.953311e+00
0.202500	-5.585764e-01	-1.048261e-01	3.975360e-02	9.979276e+00
0.204304	-5.615796e-01	-1.061551e-01	4.017252e-02	1.000512e+01
0.206116	-5.645826e-01	-1.074885e-01	4.059428e-02	1.003085e+01
0.207936	-5.675853e-01	-1.088262e-01	4.101889e-02	1.005645e+01
0.209764	-5.705877e-01	-1.101682e-01	4.144637e-02	1.008193e+01
0.211600	-5.735899e-01	-1.115144e-01	4.187670e-02	1.010729e+01
0.213444	-5.765917e-01	-1.128647e-01	4.230992e-02	1.013253e+01
0.215296	-5.795931e-01	-1.142191e-01	4.274603e-02	1.015764e+01
0.217156	-5.825942e-01	-1.155775e-01	4.318505e-02	1.018263e+01
0.219024	-5.855948e-01	-1.169399e-01	4.362694e-02	1.020750e+01
0.220900	-5.885950e-01	-1.183061e-01	4.407175e-02	1.023224e+01
0.222784	-5.915948e-01	-1.196761e-01	4.451950e-02	1.025685e+01
0.224676	-5.945941e-01	-1.210499e-01	4.497017e-02	1.028133e+01
0.226576	-5.975930e-01	-1.224273e-01	4.542382e-02	1.030569e+01
0.228484	-6.005913e-01	-1.238084e-01	4.588035e-02	1.032992e+01
0.230400	-6.035891e-01	-1.251929e-01	4.633988e-02	1.035402e+01
0.232324	-6.065863e-01	-1.265811e-01	4.680237e-02	1.037800e+01
0.234256	-6.095830e-01	-1.279726e-01	4.726784e-02	1.040184e+01
0.236196	-6.125791e-01	-1.293675e-01	4.773629e-02	1.042555e+01
0.238144	-6.155746e-01	-1.307657e-01	4.820773e-02	1.044914e+01
0.240100	-6.185695e-01	-1.321672e-01	4.868220e-02	1.047259e+01
0.242064	-6.215637e-01	-1.335718e-01	4.915964e-02	1.049590e+01
0.244036	-6.245572e-01	-1.349796e-01	4.964015e-02	1.051909e+01
0.246016	-6.275501e-01	-1.363904e-01	5.012366e-02	1.054214e+01
0.248004	-6.305423e-01	-1.378042e-01	5.061019e-02	1.056506e+01
0.250000	-6.335337e-01	-1.392210e-01	5.109981e-02	1.058785e+01
0.252004	-6.365245e-01	-1.406407e-01	5.159250e-02	1.061050e+01
0.254016	-6.395145e-01	-1.420633e-01	5.208821e-02	1.063302e+01
0.256036	-6.425037e-01	-1.434886e-01	5.258704e-02	1.065540e+01
0.258064	-6.454922e-01	-1.449166e-01	5.308892e-02	1.067765e+01
0.260100	-6.484798e-01	-1.463473e-01	5.359392e-02	1.069976e+01
0.262144	-6.514667e-01	-1.477806e-01	5.410199e-02	1.072173e+01
0.264196	-6.544526e-01	-1.492165e-01	5.461321e-02	1.074357e+01
0.266256	-6.574378e-01	-1.506549e-01	5.512752e-02	1.076527e+01
0.268324	-6.604221e-01	-1.520958e-01	5.564499e-02	1.078684e+01
0.270400	-6.634055e-01	-1.535390e-01	5.616558e-02	1.080826e+01
0.272484	-6.663880e-01	-1.549846e-01	5.668933e-02	1.082955e+01
0.274576	-6.693696e-01	-1.564325e-01	5.721624e-02	1.085070e+01
0.276676	-6.723503e-01	-1.578826e-01	5.774631e-02	1.087171e+01
0.278784	-6.753300e-01	-1.593349e-01	5.827958e-02	1.089259e+01
0.280900	-6.783088e-01	-1.607894e-01	5.881601e-02	1.091332e+01
0.283024	-6.812866e-01	-1.622459e-01	5.935565e-02	1.093392e+01
0.285156	-6.842635e-01	-1.637046e-01	5.989849e-02	1.095437e+01
0.287296	-6.872394e-01	-1.651651e-01	6.044455e-02	1.097469e+01
0.289444	-6.902142e-01	-1.666277e-01	6.099384e-02	1.099487e+01
0.291600	-6.931880e-01	-1.680922e-01	6.154635e-02	1.101490e+01
0.293764	-6.961608e-01	-1.695585e-01	6.210210e-02	1.103480e+01
0.295936	-6.991325e-01	-1.710266e-01	6.266111e-02	1.105456e+01
0.298116	-7.021032e-01	-1.724964e-01	6.322338e-02	1.107418e+01
0.300304	-7.050729e-01	-1.739680e-01	6.378892e-02	1.109365e+01
0.302500	-7.080414e-01	-1.754412e-01	6.435774e-02	1.111299e+01
0.304704	-7.110088e-01	-1.769161e-01	6.492985e-02	1.113219e+01
0.306916	-7.139751e-01	-1.783926e-01	6.550526e-02	1.115124e+01
0.309136	-7.169403e-01	-1.798706e-01	6.608397e-02	1.117016e+01
0.311364	-7.199044e-01	-1.813500e-01	6.666600e-02	1.118893e+01
0.313600	-7.228674e-01	-1.828310e-01	6.725137e-02	1.120757e+01
0.315844	-7.258292e-01	-1.843133e-01	6.784005e-02	1.122606e+01
0.318096	-7.287898e-01	-1.857970e-01	6.843210e-02	1.124442e+01
0.320356	-7.317492e-01	-1.872820e-01	6.902749e-02	1.126263e+01
0.322624	-7.347074e-01	-1.887684e-01	6.962624e-02	1.128071e+01
0.324900	-7.376645e-01	-1.902559e-01	7.022837e-02	1.129864e+01
0.327184	-7.406203e-01	-1.917447e-01	7.083388e-02	1.131644e+01
0.329476	-7.435750e-01	-1.932346e-01	7.144279e-02	1.133409e+01
0.331776	-7.465284e-01	-1.947257e-01	7.205511e-02	1.135161e+01
0.334084	-7.494805e-01	-1.962178e-01	7.267081e-02	1.136898e+01
0.336400	-7.524314e-01	-1.977110e-01	7.328994e-02	1.138622e+01
0.338724	-7.553811e-01	-1.992053e-01	7.391250e-02	1.140332e+01
0.341056	-7.583294e-01	-2.007005e-01	7.453850e-02	1.142028e+01
0.343396	-7.612766e-01	-2.021966e-01	7.516795e-02	1.143710e+01
0.345744	-7.642224e-01	-2.036937e-01	7.580086e-02	1.145378e+01
0.348100	-7.671669e-01	-2.051916e-01	7.643723e-02	1.147033e+01
0.350464	-7.701101e-01	-2.066903e-01	7.707707e-02	1.148673e+01
0.352836	-7.730521e-01	-2.081899e-01	7.772038e-02	1.150300e+01
0.355216	-7.759926e-01	-2.096903e-01	7.836721e-02	1.151914e+01
0.357604	-7.789319e-01	-2.111913e-01	7.901753e-02	1.153513e+01
0.360000	-7.818698e-01	-2.126931e-01	7.967136e-02	1.155099e+01
0.362404	-7.848063e-01	-2.141956e-01	8.032871e-02	1.156671e+01
0.364816	-7.877415e-01	-2.156987e-01	8.098957e-02	1.158230e+01
0.367236	-7.906754e-01	-2.172024e-01	8.165400e-02	1.159775e+01
0.369664	-7.936079e-01	-2.187066e-01	8.232193e-02	1.161307e+01
0.372100	-7.965390e-01	-2.202115e-01	8.299345e-02	1.162825e+01
0.374544	-7.994687e-01	-2.217168e-01	8.366853e-02	1.164330e+01
0.376996	-8.023970e-01	-2.232227e-01	8.434718e-02	1.165822e+01
0.379456	-8.053239e-01	-2.247290e-01	8.502939e-02	1.167300e+01
0.381924	-8.082494e-01	-2.262357e-01	8.571519e-02	1.168765e+01
0.384400	-8.111735e-01	-2.277428e-01	8.640461e-02	1.170217e+01
0.386884	-8.140962e-01	-2.292504e-01	8.709761e-02	1.171655e+01
0.389376	-8.170174e-01	-2.307582e-01	8.779423e-02	1.173080e+01
0.391876	-8.199372e-01	-2.322664e-01	8.849447e-02	1.174493e+01
0.394384	-8.228556e-01	-2.337749e-01	8.919835e-02	1.175892e+01
0.396900	-8.257725e-01	-2.352837e-01	8.990584e-02	1.177278e+01
0.399424	-8.286879e-01	-2.367927e-01	9.061699e-02	1.178652e+01
0.401956	-8.316019e-01	-2.383019e-01	9.133179e-02	1.180012e+01
0.404496	-8.345144e-01	-2.398113e-01	9.205025e-02	1.181360e+01
0.407044	-8.374255e-01	-2.413209e-01	9.277237e-02	1.182695e+01
0.409600	-8.403350e-01	-2.428306e-01	9.349817e-02	1.184017e+01
0.412164	-8.432431e-01	-2.443405e-01	9.422765e-02	1.185327e+01
0.414736	-8.461497e-01	-2.458505e-01	9.496081e-02	1.186624e+01
0.417316	-8.490548e-01	-2.473605e-01	9.569766e-02	1.187908e+01
0.419904	-8.519583e-01	-2.488707e-01	9.643822e-02	1.189180e+01
0.422500	-8.548604e-01	-2.503808e-01	9.718249e-02	1.190440e+01
0.425104	-8.577610e-01	-2.518910e-01	9.793047e-02	1.191687e+01
0.427716	-8.606600e-01	-2.534012e-01	9.868217e-02	1.192922e+01
0.430336	-8.635575e-01	-2.549113e-01	9.943760e-02	1.194145e+01
0.432964	-8.664535e-01	-2.564214e-01	1.001968e-01	1.195356e+01
0.435600	-8.693479e-01	-2.579314e-01	1.009597e-01	1.196555e+01
0.438244	-8.722408e-01	-2.594415e-01	1.017263e-01	1.197742e+01
0.440896	-8.751322e-01	-2.609512e-01	1.024967e-01	1.198916e+01
0.443556	-8.780220e-01	-2.624610e-01	1.032708e-01	1.200079e+01
0.446224	-8.809102e-01	-2.639706e-01	1.040487e-01	1.201230e+01
0.448900	-8.837969e-01	-2.654800e-01	1.048304e-01	1.202370e+01
0.451584	-8.866820e-01	-2.669893e-01	1.056158e-01	1.203498e+01
0.454276	-8.895656e-01	-2.684984e-01	1.064050e-01	1.204614e+01
0.456976	-8.924475e-01	-2.700072e-01	1.071980e-01	1.205718e+01
0.459684	-8.953280e-01	-2.715159e-01	1.079948e-01	1.206812e+01
0.462400	-8.982068e-01	-2.730243e-01	1.087953e-01	1.207894e+01
0.465124	-9.010840e-01	-2.745325e-01	1.095997e-01	1.208964e+01
0.467856	-9.039596e-01	-2.760404e-01	1.104078e-01	1.210024e+01
0.470596	-9.068337e-01	-2.775481e-01	1.112197e-01	1.211072e+01
0.473344	-9.097062e-01	-2.790554e-01	1.120354e-01	1.212110e+01
0.476100	-9.125770e-01	-2.805624e-01	1.128549e-01	1.213136e+01
0.478864	-9.154462e-01	-2.820691e-01	1.136782e-01	1.214151e+01
0.481636	-9.183139e-01	-2.835754e-01	1.145054e-01	1.215156e+01
0.484416	-9.211799e-01	-2.850814e-01	1.153364e-01	1.216150e+01
0.487204	-9.240443e-01	-2.865871e-01	1.161710e-01	1.217133e+01
0.490000	-9.269071e-01	-2.880924e-01	1.170096e-01	1.218105e+01
0.492804	-9.297682e-01	-2.895973e-01	1.178519e-01	1.219067e+01
0.495616	-9.326278e-01	-2.911017e-01	1.186980e-01	1.220019e+01
0.498436	-9.354857e-01	-2.926058e-01	1.195480e-01	1.220960e+01
0.501264	-9.383419e-01	-2.941095e-01	1.204018e-01	1.221891e+01
0.504100	-9.411966e-01	-2.956127e-01	1.212594e-01	1.222811e+01
0.506944	-9.440496e-01	-2.971155e-01	1.221207e-01	1.223722e+01
0.509796	-9.469009e-01	-2.986179e-01	1.229859e-01	1.224622e+01
0.512656	-9.497506e-01	-3.001197e-01	1.238549e-01	1.225513e+01
0.515524	-9.525987e-01	-3.016212e-01	1.247277e-01	1.226393e+01
0.518400	-9.554451e-01	-3.031221e-01	1.256042e-01	1.227264e+01
0.521284	-9.582898e-01	-3.046225e-01	1.264846e-01	1.228125e+01
0.524176	-9.611329e-01	-3.061225e-01	1.273688e-01	1.228976e+01
0.527076	-9.639743e-01	-3.076219e-01	1.282567e-01	1.229817e+01
0.529984	-9.668141e-01	-3.091209e-01	1.291485e-01	1.230649e+01
0.532900	-9.696522e-01	-3.106193e-01	1.300440e-01	1.231472e+01
0.535824	-9.724886e-01	-3.121171e-01	1.309434e-01	1.232285e+01
0.538756	-9.753234e-01	-3.136145e-01	1.318464e-01	1.233089e+01
0.541696	-9.781565e-01	-3.151113e-01	1.327533e-01	1.233883e+01
0.544644	-9.809879e-01	-3.166075e-01	1.336639e-01	1.234669e+01
0.547600	-9.838176e-01	-3.181033e-01	1.345782e-01	1.235445e+01
0.550564	-9.866457e-01	-3.195985e-01	1.354963e-01	1.236212e+01
0.553536	-9.894720e-01	-3.210930e-01	1.364181e-01	1.236971e+01
0.556516	-9.922967e-01	-3.225871e-01	1.373437e-01	1.237720e+01
0.559504	-9.951197e-01	-3.240805e-01	1.382730e-01	1.238461e+01
0.562500	-9.979410e-01	-3.255734e-01	1.392060e-01	1.239192e+01
0.565504	-1.000761e+00	-3.270656e-01	1.401427e-01	1.239916e+01
0.568516	-1.003579e+00	-3.285573e-01	1.410831e-01	1.240630e+01
0.571536	-1.006395e+00	-3.300484e-01	1.420271e-01	1.241336e+01
0.574564	-1.009209e+00	-3.315388e-01	1.429749e-01	1.242034e+01
0.577600	-1.012022e+00	-3.330287e-01	1.439263e-01	1.242723e+01
0.580644	-1.014833e+00	-3.345180e-01	1.448814e-01	1.243404e+01
0.583696	-1.017643e+00	-3.360066e-01	1.458401e-01	1.244076e+01
0.586756	-1.020450e+00	-3.374947e-01	1.468024e-01	1.244740e+01
0.589824	-1.023256e+00	-3.389821e-01	1.477683e-01	1.245396e+01
0.592900	-1.026061e+00	-3.404689e-01	1.487379e-01	1.246044e+01
0.595984	-1.028863e+00	-3.419551e-01	1.497110e-01	1.246684e+01
0.599076	-1.031664e+00	-3.434406e-01	1.506877e-01	1.247316e+01
0.602176	-1.034463e+00	-3.449256e-01	1.516679e-01	1.247941e+01
0.605284	-1.037261e+00	-3.464099e-01	1.526517e-01	1.248557e+01
0.608400	-1.040056e+00	-3.478935e-01	1.536390e-01	1.249165e+01
0.611524	-1.042850e+00	-3.493766e-01	1.546298e-01	1.249766e+01
0.614656	-1.045643e+00	-3.508590e-01	1.556241e-01	1.250359e+01
0.617796	-1.048433e+00	-3.523407e-01	1.566218e-01	1.250945e+01
0.620944	-1.051222e+00	-3.538219e-01	1.576230e-01	1.251523e+01
0.624100	-1.054009e+00	-3.553024e-01	1.586277e-01	1.252093e+01
0.627264	-1.056795e+00	-3.567822e-01	1.596357e-01	1.252656e+01
0.630436	-1.059578e+00	-3.582614e-01	1.606471e-01	1.253211e+01
0.633616	-1.062360e+00	-3.597400e-01	1.616619e-01	1.253759e+01
0.636804	-1.065140e+00	-3.612179e-01	1.626800e-01	1.254300e+01
0.640000	-1.067919e+00	-3.626952e-01	1.637015e-01	1.254834e+01
0.643204	-1.070696e+00	-3.641719e-01	1.647263e-01	1.255360e+01
0.646416	-1.073470e+00	-3.656479e-01	1.657543e-01	1.255879e+01
0.649636	-1.076244e+00	-3.671233e-01	1.667856e-01	1.256391e+01
0.652864	-1.079015e+00	-3.685980e-01	1.678200e-01	1.256895e+01
0.656100	-1.081785e+00	-3.700721e-01	1.688577e-01	1.257393e+01
0.659344	-1.084553e+00	-3.715456e-01	1.698986e-01	1.257884e+01
0.662596	-1.087319e+00	-3.730184e-01	1.709426e-01	1.258368e+01
0.665856	-1.090084e+00	-3.744906e-01	1.719897e-01	1.258844e+01
0.669124	-1.092847e+00	-3.759621e-01	1.730399e-01	1.259314e+01
0.672400	-1.095608e+00	-3.774331e-01	1.740932e-01	1.259777e+01
0.675684	-1.098367e+00	-3.789034e-01	1.751495e-01	1.260233e+01
0.678976	-1.101124e+00	-3.803730e-01	1.762087e-01	1.260682e+01
0.682276	-1.103880e+00	-3.818421e-01	1.772710e-01	1.261125e+01
0.685584	-1.106634e+00	-3.833105e-01	1.783362e-01	1.261561e+01
0.688900	-1.109386e+00	-3.847783e-01	1.794043e-01	1.261990e+01
0.692224	-1.112137e+00	-3.862454e-01	1.804753e-01	1.262412e+01
0.695556	-1.114886e+00	-3.877120e-01	1.815491e-01	1.262827e+01
0.698896	-1.117633e+00	-3.891779e-01	1.826257e-01	1.263236e+01
0.702244	-1.120378e+00	-3.906432e-01	1.837051e-01	1.263638e+01
0.705600	-1.123121e+00	-3.921079e-01	1.847871e-01	1.264034e+01
0.708964	-1.125863e+00	-3.935720e-01	1.858720e-01	1.264423e+01
0.712336	-1.128603e+00	-3.950355e-01	1.869594e-01	1.264805e+01
0.715716	-1.131341e+00	-3.964984e-01	1.880495e-01	1.265181e+01
0.719104	-1.134078e+00	-3.979607e-01	1.891421e-01	1.265550e+01
0.722500	-1.136812e+00	-3.994224e-01	1.902373e-01	1.265912e+01
0.725904	-1.139545e+00	-4.008835e-01	1.913350e-01	1.266268e+01
0.729316	-1.142276e+00	-4.023440e-01	1.924351e-01	1.266618e+01
0.732736	-1.145006e+00	-4.038039e-01	1.935377e-01	1.266961e+01
0.736164	-1.147733e+00	-4.052633e-01	1.946427e-01	1.267297e+01
0.739600	-1.150459e+00	-4.067220e-01	1.957499e-01	1.267627e+01
0.743044	-1.153183e+00	-4.081802e-01	1.968595e-01	1.267950e+01
0.746496	-1.155906e+00	-4.096378e-01	1.979713e-01	1.268267e+01
0.749956	-1.158626e+00	-4.110948e-01	1.990853e-01	1.268577e+01
0.753424	-1.161345e+00	-4.125513e-01	2.002015e-01	1.268880e+01
0.756900	-1.164062e+00	-4.140072e-01	2.013197e-01	1.269177e+01
0.760384	-1.166777e+00	-4.154625e-01	2.024401e-01	1.269468e+01
0.763876	-1.169490e+00	-4.169174e-01	2.035624e-01	1.269752e+01
0.767376	-1.172202e+00	-4.183716e-01	2.046868e-01	1.270029e+01
0.770884	-1.174912e+00	-4.198253e-01	2.058130e-01	1.270300e+01
0.774400	-1.177620e+00	-4.212784e-01	2.069411e-01	1.270564e+01
0.777924	-1.180326e+00	-4.227310e-01	2.080710e-01	1.270821e+01
0.781456	-1.183031e+00	-4.241831e-01	2.092027e-01	1.271072e+01
0.784996	-1.185733e+00	-4.256347e-01	2.103361e-01	1.271316e+01
0.788544	-1.188434e+00	-4.270857e-01	2.114712e-01	1.271554e+01
0.792100	-1.191133e+00	-4.285362e-01	2.126079e-01	1.271784e+01
0.795664	-1.193831e+00	-4.299862e-01	2.137461e-01	1.272008e+01
0.799236	-1.196526e+00	-4.314356e-01	2.148858e-01	1.272226e+01
0.802816	-1.199220e+00	-4.328846e-01	2.160270e-01	1.272436e+01
0.806404	-1.201912e+00	-4.343330e-01	2.171696e-01	1.272640e+01
0.810000	-1.204602e+00	-4.357810e-01	2.183135e-01	1.272837e+01
0.813604	-1.207291e+00	-4.372285e-01	2.194588e-01	1.273027e+01
0.817216	-1.209977e+00	-4.386754e-01	2.206052e-01	1.273210e+01
0.820836	-1.212662e+00	-4.401219e-01	2.217528e-01	1.273386e+01
0.824464	-1.215345e+00	-4.415679e-01	2.229015e-01	1.273556e+01
0.828100	-1.218026e+00	-4.430134e-01	2.240513e-01	1.273718e+01
0.831744	-1.220706e+00	-4.444585e-01	2.252020e-01	1.273873e+01
0.835396	-1.223383e+00	-4.459031e-01	2.263536e-01	1.274021e+01
0.839056	-1.226059e+00	-4.473472e-01	2.275062e-01	1.274162e+01
0.842724	-1.228733e+00	-4.487909e-01	2.286595e-01	1.274296e+01
0.846400	-1.231405e+00	-4.502341e-01	2.298136e-01	1.274423e+01
0.850084	-1.234076e+00	-4.516768e-01	2.309684e-01	1.274543e+01
0.853776	-1.236744e+00	-4.531192e-01	2.321238e-01	1.274655e+01
0.857476	-1.239411e+00	-4.545610e-01	2.332798e-01	1.274760e+01
0.861184	-1.242076e+00	-4.560025e-01	2.344362e-01	1.274857e+01
0.864900	-1.244739e+00	-4.574435e-01	2.355931e-01	1.274948e+01
0.868624	-1.247400e+00	-4.588841e-01	2.367504e-01	1.275030e+01
0.872356	-1.250060e+00	-4.603243e-01	2.379080e-01	1.275105e+01
0.876096	-1.252718e+00	-4.617640e-01	2.390657e-01	1.275173e+01
0.879844	-1.255373e+00	-4.632034e-01	2.402237e-01	1.275233e+01
0.883600	-1.258028e+00	-4.646423e-01	2.413818e-01	1.275285e+01
0.887364	-1.260680e+00	-4.660808e-01	2.425398e-01	1.275330e+01
0.891136	-1.263330e+00	-4.675189e-01	2.436979e-01	1.275367e+01
0.894916	-1.265979e+00	-4.689567e-01	2.448559e-01	1.275395e+01
0.898704	-1.268626e+00	-4.703940e-01	2.460137e-01	1.275416e+01
0.902500	-1.271271e+00	-4.718310e-01	2.471712e-01	1.275430e+01
0.906304	-1.273914e+00	-4.732676e-01	2.483285e-01	1.275435e+01
0.910116	-1.276555e+00	-4.747038e-01	2.494854e-01	1.275432e+01
0.913936	-1.279195e+00	-4.761396e-01	2.506418e-01	1.275421e+01
0.917764	-1.281832e+00	-4.775751e-01	2.517977e-01	1.275401e+01
0.921600	-1.284468e+00	-4.790103e-01	2.529531e-01	1.275374e+01
0.925444	-1.287102e+00	-4.804450e-01	2.541077e-01	1.275338e+01
0.929296	-1.289735e+00	-4.818794e-01	2.552617e-01	1.275294e+01
0.933156	-1.292365e+00	-4.833135e-01	2.564148e-01	1.275241e+01
0.937024	-1.294994e+00	-4.847472e-01	2.575671e-01	1.275180e+01
0.940900	-1.297620e+00	-4.861806e-01	2.587185e-01	1.275110e+01
0.944784	-1.300245e+00	-4.876137e-01	2.598688e-01	1.275031e+01
0.948676	-1.302868e+00	-4.890464e-01	2.610180e-01	1.274944e+01
0.952576	-1.305489e+00	-4.904787e-01	2.621661e-01	1.274848e+01
0.956484	-1.308109e+00	-4.919108e-01	2.633130e-01	1.274744e+01
0.960400	-1.310726e+00	-4.933426e-01	2.644585e-01	1.274630e+01
0.964324	-1.313342e+00	-4.947740e-01	2.656027e-01	1.274507e+01
0.968256	-1.315956e+00	-4.962052e-01	2.667454e-01	1.274376e+01
0.972196	-1.318568e+00	-4.976359e-01	2.678866e-01	1.274235e+01
0.976144	-1.321178e+00	-4.990665e-01	2.690261e-01	1.274085e+01
0.980100	-1.323786e+00	-5.004967e-01	2.701641e-01	1.273925e+01
0.984064	-1.326393e+00	-5.019267e-01	2.713002e-01	1.273757e+01
0.988036	-1.328997e+00	-5.033563e-01	2.724346e-01	1.273579e+01
0.992016	-1.331600e+00	-5.047857e-01	2.735670e-01	1.273392e+01
0.996004	-1.334201e+00	-5.062147e-01	2.746975e-01	1.273195e+01