
0.000004	-5.663618e-04	1.783021e-06	1.559033e-08	5.038725e-01
0.000016	-1.156297e-03	1.258660e-05	4.229732e-07	5.252341e-01
0.000036	-1.793126e-03	3.403522e-05	2.451512e-06	5.617872e-01
0.000064	-2.466890e-03	6.260885e-05	6.654580e-06	5.986221e-01
0.000100	-3.188996e-03	1.051583e-04	1.244197e-05	6.411119e-01
0.000144	-3.951039e-03	1.497830e-04	1.902849e-05	6.841580e-01
0.000196	-4.752965e-03	2.016291e-04	3.038400e-05	7.282432e-01
0.000256	-5.593828e-03	2.604256e-04	3.961703e-05	7.731729e-01
0.000324	-6.473066e-03	3.276353e-04	5.018355e-05	8.190369e-01
0.000400	-7.389733e-03	3.996190e-04	6.253459e-05	8.655998e-01
0.000484	-8.344270e-03	4.791049e-04	7.544416e-05	9.131689e-01
0.000576	-9.334787e-03	5.634049e-04	9.123452e-05	9.613450e-01
0.000676	-1.036185e-02	6.538353e-04	1.070120e-04	1.010364e+00
0.000784	-1.142321e-02	7.492253e-04	1.242971e-04	1.059849e+00
0.000900	-1.251993e-02	8.501801e-04	1.426885e-04	1.110104e+00
0.001024	-1.365058e-02	9.563524e-04	1.626701e-04	1.160935e+00
0.001156	-1.481487e-02	1.066435e-03	1.835320e-04	1.212311e+00
0.001296	-1.601210e-02	1.180757e-03	2.057862e-04	1.264199e+00
0.001444	-1.724090e-02	1.299400e-03	2.299977e-04	1.316462e+00
0.001600	-1.850224e-02	1.421446e-03	2.548641e-04	1.369264e+00
0.001764	-1.979474e-02	1.546953e-03	2.812483e-04	1.422463e+00
0.001936	-2.111776e-02	1.676246e-03	3.085334e-04	1.476026e+00
0.002116	-2.247159e-02	1.807999e-03	3.375965e-04	1.530008e+00
0.002304	-2.385469e-02	1.942470e-03	3.676915e-04	1.584252e+00
0.002500	-2.526688e-02	2.079511e-03	3.990391e-04	1.638777e+00
0.002704	-2.670809e-02	2.218264e-03	4.315993e-04	1.693592e+00
0.002916	-2.817760e-02	2.359346e-03	4.656249e-04	1.748670e+00
0.003136	-2.967492e-02	2.501920e-03	5.007828e-04	1.803961e+00
0.003364	-3.119931e-02	2.645771e-03	5.375751e-04	1.859416e+00
0.003600	-3.275083e-02	2.790885e-03	5.753635e-04	1.915073e+00
0.003844	-3.432881e-02	2.936624e-03	6.144698e-04	1.970873e+00
0.004096	-3.593266e-02	3.082971e-03	6.549682e-04	2.026787e+00
0.004356	-3.756222e-02	3.229564e-03	6.966635e-04	2.082818e+00
0.004624	-3.921691e-02	3.376258e-03	7.399328e-04	2.138937e+00
0.004900	-4.089619e-02	3.522830e-03	7.842569e-04	2.195104e+00
0.005184	-4.259998e-02	3.668893e-03	8.299556e-04	2.251338e+00
0.005476	-4.432773e-02	3.814382e-03	8.769559e-04	2.307607e+00
0.005776	-4.607894e-02	3.958800e-03	9.252622e-04	2.363877e+00
0.006084	-4.785340e-02	4.102001e-03	9.749358e-04	2.420154e+00
0.006400	-4.965065e-02	4.243815e-03	1.025873e-03	2.476413e+00
0.006724	-5.147015e-02	4.383947e-03	1.078328e-03	2.532625e+00
0.007056	-5.331186e-02	4.522182e-03	1.131959e-03	2.588803e+00
0.007396	-5.517526e-02	4.658345e-03	1.186928e-03	2.644923e+00
0.007744	-5.705992e-02	4.792013e-03	1.243296e-03	2.700959e+00
0.008100	-5.896569e-02	4.923049e-03	1.300938e-03	2.756918e+00
0.008464	-6.089211e-02	5.051242e-03	1.360014e-03	2.812780e+00
0.008836	-6.283874e-02	5.176437e-03	1.420431e-03	2.868525e+00
0.009216	-6.480547e-02	5.298203e-03	1.482157e-03	2.924155e+00
0.009604	-6.679190e-02	5.416491e-03	1.545298e-03	2.979660e+00
0.010000	-6.879759e-02	5.531119e-03	1.609720e-03	3.035018e+00
0.010404	-7.082240e-02	5.641703e-03	1.675577e-03	3.090233e+00
0.010816	-7.286600e-02	5.748103e-03	1.742863e-03	3.145294e+00
0.011236	-7.492808e-02	5.850174e-03	1.811451e-03	3.200195e+00
0.011664	-7.700816e-02	5.947637e-03	1.881437e-03	3.254912e+00
0.012100	-7.910624e-02	6.040245e-03	1.952846e-03	3.309460e+00
0.012544	-8.122194e-02	6.127861e-03	2.025624e-03	3.363826e+00
0.012996	-8.335481e-02	6.210307e-03	2.099788e-03	3.417991e+00
0.013456	-8.550481e-02	6.287298e-03	2.175428e-03	3.471966e+00
0.013924	-8.767158e-02	6.359087e-03	2.252429e-03	3.525747e+00
0.014400	-8.985484e-02	6.424389e-03	2.330841e-03	3.579307e+00
0.014884	-9.205432e-02	6.484036e-03	2.410755e-03	3.632661e+00
0.015376	-9.426981e-02	6.537524e-03	2.492049e-03	3.685802e+00
0.015876	-9.650105e-02	6.584700e-03	2.574757e-03	3.738726e+00
0.016384	-9.874771e-02	6.625327e-03	2.658972e-03	3.791422e+00
0.016900	-1.010097e-01	6.659264e-03	2.744607e-03	3.843897e+00
0.017424	-1.032867e-01	6.686325e-03	2.831695e-03	3.896145e+00
0.017956	-1.055784e-01	6.706383e-03	2.920308e-03	3.948161e+00
0.018496	-1.078846e-01	6.719315e-03	3.010381e-03	3.999946e+00
0.019044	-1.102053e-01	6.724705e-03	3.101921e-03	4.051501e+00
0.019600	-1.125400e-01	6.722710e-03	3.194967e-03	4.102819e+00
0.020164	-1.148885e-01	6.712963e-03	3.289546e-03	4.153899e+00
0.020736	-1.172507e-01	6.695414e-03	3.385563e-03	4.204740e+00
0.021316	-1.196264e-01	6.669880e-03	3.483181e-03	4.255349e+00
0.021904	-1.220153e-01	6.636248e-03	3.582316e-03	4.305714e+00
0.022500	-1.244172e-01	6.594283e-03	3.682972e-03	4.355841e+00
0.023104	-1.268320e-01	6.543944e-03	3.785180e-03	4.405735e+00
0.023716	-1.292594e-01	6.485107e-03	3.888948e-03	4.455385e+00
0.024336	-1.316993e-01	6.417549e-03	3.994294e-03	4.504802e+00
0.024964	-1.341513e-01	6.341189e-03	4.101208e-03	4.553975e+00
0.025600	-1.366154e-01	6.255934e-03	4.209769e-03	4.602918e+00
0.026244	-1.390915e-01	6.161590e-03	4.319875e-03	4.651626e+00
0.026896	-1.415792e-01	6.058076e-03	4.431603e-03	4.700097e+00
0.027556	-1.440783e-01	5.945278e-03	4.544974e-03	4.748335e+00
0.028224	-1.465888e-01	5.823127e-03	4.659954e-03	4.796341e+00
0.028900	-1.491105e-01	5.691426e-03	4.776575e-03	4.844119e+00
0.029584	-1.516432e-01	5.550122e-03	4.894848e-03	4.891668e+00
0.030276	-1.541866e-01	5.399145e-03	5.014826e-03	4.938990e+00
0.030976	-1.567407e-01	5.238322e-03	5.136462e-03	4.986089e+00
0.031684	-1.593052e-01	5.067572e-03	5.259738e-03	5.032966e+00
0.032400	-1.618801e-01	4.886871e-03	5.384757e-03	5.079624e+00
0.033124	-1.644651e-01	4.696058e-03	5.511517e-03	5.126062e+00
0.033856	-1.670602e-01	4.495100e-03	5.639961e-03	5.172288e+00
0.034596	-1.696651e-01	4.283876e-03	5.770149e-03	5.218300e+00
0.035344	-1.722796e-01	4.062296e-03	5.902094e-03	5.264101e+00
0.036100	-1.749038e-01	3.830341e-03	6.035789e-03	5.309695e+00
0.036864	-1.775373e-01	3.587913e-03	6.171298e-03	5.355086e+00
0.037636	-1.801801e-01	3.334902e-03	6.308563e-03	5.400276e+00
0.038416	-1.828319e-01	3.071314e-03	6.447629e-03	5.445263e+00
0.039204	-1.854928e-01	2.797037e-03	6.588528e-03	5.490055e+00
0.040000	-1.881624e-01	2.512014e-03	6.731244e-03	5.534655e+00
0.040804	-1.908408e-01	2.216212e-03	6.875786e-03	5.579063e+00
0.041616	-1.935277e-01	1.909535e-03	7.022225e-03	5.623284e+00
0.042436	-1.962230e-01	1.591989e-03	7.170506e-03	5.667321e+00
0.043264	-1.989267e-01	1.263462e-03	7.320681e-03	5.711176e+00
0.044100	-2.016384e-01	9.239719e-04	7.472750e-03	5.754852e+00
0.044944	-2.043582e-01	5.734495e-04	7.626748e-03	5.798354e+00
0.045796	-2.070860e-01	2.118566e-04	7.782676e-03	5.841683e+00
0.046656	-2.098214e-01	-1.608619e-04	7.940534e-03	5.884841e+00
0.047524	-2.125646e-01	-5.447297e-04	8.100361e-03	5.927834e+00
0.048400	-2.153153e-01	-9.397452e-04	8.262157e-03	5.970664e+00
0.049284	-2.180734e-01	-1.345959e-03	8.425941e-03	6.013333e+00
0.050176	-2.208388e-01	-1.763432e-03	8.591723e-03	6.055844e+00
0.051076	-2.236114e-01	-2.192155e-03	8.759541e-03	6.098201e+00
0.051984	-2.263911e-01	-2.632128e-03	8.929400e-03	6.140406e+00
0.052900	-2.291777e-01	-3.083358e-03	9.101308e-03	6.182464e+00
0.053824	-2.319712e-01	-3.545933e-03	9.275264e-03	6.224376e+00
0.054756	-2.347714e-01	-4.019819e-03	9.451312e-03	6.266144e+00
0.055696	-2.375783e-01	-4.505037e-03	9.629471e-03	6.307773e+00
0.056644	-2.403916e-01	-5.001583e-03	9.809750e-03	6.349263e+00
0.057600	-2.432114e-01	-5.509455e-03	9.992148e-03	6.390620e+00
0.058564	-2.460375e-01	-6.028661e-03	1.017671e-02	6.431848e+00
0.059536	-2.488698e-01	-6.559219e-03	1.036342e-02	6.472944e+00
0.060516	-2.517082e-01	-7.101119e-03	1.055232e-02	6.513915e+00
0.061504	-2.545526e-01	-7.654328e-03	1.074342e-02	6.554760e+00
0.062500	-2.574030e-01	-8.218881e-03	1.093672e-02	6.595489e+00
0.063504	-2.602591e-01	-8.794746e-03	1.113226e-02	6.636097e+00
0.064516	-2.631210e-01	-9.381920e-03	1.133005e-02	6.676588e+00
0.065536	-2.659884e-01	-9.980372e-03	1.153012e-02	6.716966e+00
0.066564	-2.688614e-01	-1.059012e-02	1.173251e-02	6.757234e+00
0.067600	-2.717399e-01	-1.121114e-02	1.193712e-02	6.797392e+00
0.068644	-2.746237e-01	-1.184340e-02	1.214410e-02	6.837443e+00
0.069696	-2.775127e-01	-1.248688e-02	1.235341e-02	6.877391e+00
0.070756	-2.804069e-01	-1.314154e-02	1.256507e-02	6.917237e+00
0.071824	-2.833062e-01	-1.380741e-02	1.277909e-02	6.956981e+00
0.072900	-2.862104e-01	-1.448439e-02	1.299552e-02	6.996628e+00
0.073984	-2.891196e-01	-1.517252e-02	1.321436e-02	7.036179e+00
0.075076	-2.920336e-01	-1.587173e-02	1.343563e-02	7.075636e+00
0.076176	-2.949522e-01	-1.658201e-02	1.365929e-02	7.114998e+00
0.077284	-2.978756e-01	-1.730330e-02	1.388547e-02	7.154272e+00
0.078400	-3.008035e-01	-1.803560e-02	1.411410e-02	7.193457e+00
0.079524	-3.037359e-01	-1.877882e-02	1.434525e-02	7.232553e+00
0.080656	-3.066727e-01	-1.953303e-02	1.457891e-02	7.271564e+00
0.081796	-3.096138e-01	-2.029808e-02	1.481510e-02	7.310492e+00
0.082944	-3.125592e-01	-2.107395e-02	1.505384e-02	7.349337e+00
0.084100	-3.155087e-01	-2.186064e-02	1.529514e-02	7.388100e+00
0.085264	-3.184623e-01	-2.265805e-02	1.553905e-02	7.426784e+00
0.086436	-3.214200e-01	-2.346621e-02	1.578556e-02	7.465390e+00
0.087616	-3.243816e-01	-2.428497e-02	1.603468e-02	7.503917e+00
0.088804	-3.273470e-01	-2.511438e-02	1.628645e-02	7.542369e+00
0.090000	-3.303163e-01	-2.595435e-02	1.654090e-02	7.580746e+00
0.091204	-3.332892e-01	-2.680481e-02	1.679802e-02	7.619048e+00
0.092416	-3.362658e-01	-2.766576e-02	1.705783e-02	7.657278e+00
0.093636	-3.392460e-01	-2.853713e-02	1.732036e-02	7.695435e+00
0.094864	-3.422297e-01	-2.941883e-02	1.758564e-02	7.733523e+00
0.096100	-3.452168e-01	-3.031083e-02	1.785366e-02	7.771538e+00
0.097344	-3.482073e-01	-3.121308e-02	1.812445e-02	7.809484e+00
0.098596	-3.512011e-01	-3.212552e-02	1.839805e-02	7.847362e+00
0.099856	-3.541982e-01	-3.304810e-02	1.867443e-02	7.885172e+00
0.101124	-3.571984e-01	-3.398073e-02	1.895365e-02	7.922913e+00
0.102400	-3.602017e-01	-3.492336e-02	1.923572e-02	7.960588e+00
0.103684	-3.632080e-01	-3.587597e-02	1.952066e-02	7.998196e+00
0.104976	-3.662173e-01	-3.683846e-02	1.980846e-02	8.035738e+00
0.106276	-3.692295e-01	-3.781076e-02	2.009916e-02	8.073214e+00
0.107584	-3.722446e-01	-3.879282e-02	2.039279e-02	8.110624e+00
0.108900	-3.752624e-01	-3.978463e-02	2.068934e-02	8.147970e+00
0.110224	-3.782830e-01	-4.078605e-02	2.098886e-02	8.185251e+00
0.111556	-3.813062e-01	-4.179702e-02	2.129135e-02	8.222465e+00
0.112896	-3.843321e-01	-4.281753e-02	2.159682e-02	8.259617e+00
0.114244	-3.873605e-01	-4.384744e-02	2.190532e-02	8.296703e+00
0.115600	-3.903913e-01	-4.488674e-02	2.221682e-02	8.333725e+00
0.116964	-3.934246e-01	-4.593534e-02	2.253138e-02	8.370682e+00
0.118336	-3.964602e-01	-4.699318e-02	2.284899e-02	8.407575e+00
0.119716	-3.994981e-01	-4.806019e-02	2.316968e-02	8.444402e+00
0.121104	-4.025383e-01	-4.913631e-02	2.349348e-02	8.481165e+00
0.122500	-4.055807e-01	-5.022143e-02	2.382038e-02	8.517863e+00
0.123904	-4.086252e-01	-5.131553e-02	2.415042e-02	8.554495e+00
0.125316	-4.116718e-01	-5.241848e-02	2.448360e-02	8.591063e+00
0.126736	-4.147204e-01	-5.353031e-02	2.481996e-02	8.627564e+00
0.128164	-4.177710e-01	-5.465084e-02	2.515949e-02	8.664000e+00
0.129600	-4.208236e-01	-5.578004e-02	2.550223e-02	8.700368e+00
0.131044	-4.238779e-01	-5.691785e-02	2.584816e-02	8.736669e+00
0.132496	-4.269341e-01	-5.806418e-02	2.619734e-02	8.772904e+00
0.133956	-4.299921e-01	-5.921897e-02	2.654978e-02	8.809070e+00
0.135424	-4.330517e-01	-6.038214e-02	2.690549e-02	8.845168e+00
0.136900	-4.361131e-01	-6.155361e-02	2.726448e-02	8.881198e+00
0.138384	-4.391760e-01	-6.273332e-02	2.762675e-02	8.917156e+00
0.139876	-4.422404e-01	-6.392121e-02	2.799235e-02	8.953046e+00
0.141376	-4.453064e-01	-6.511716e-02	2.836128e-02	8.988865e+00
0.142884	-4.483739e-01	-6.632114e-02	2.873356e-02	9.024613e+00
0.144400	-4.514427e-01	-6.753304e-02	2.910920e-02	9.060288e+00
0.145924	-4.545130e-01	-6.875281e-02	2.948822e-02	9.095892e+00
0.147456	-4.575845e-01	-6.998036e-02	2.987065e-02	9.131421e+00
0.148996	-4.606572e-01	-7.121562e-02	3.025647e-02	9.166876e+00
0.150544	-4.637313e-01	-7.245853e-02	3.064572e-02	9.202256e+00
0.152100	-4.668064e-01	-7.370900e-02	3.103841e-02	9.237560e+00
0.153664	-4.698827e-01	-7.496695e-02	3.143455e-02	9.272789e+00
0.155236	-4.729601e-01	-7.623231e-02	3.183418e-02	9.307940e+00
0.156816	-4.760385e-01	-7.750502e-02	3.223727e-02	9.343010e+00
0.158404	-4.791179e-01	-7.878499e-02	3.264389e-02	9.378005e+00
0.160000	-4.821983e-01	-8.007215e-02	3.305403e-02	9.412919e+00
0.161604	-4.852795e-01	-8.136643e-02	3.346768e-02	9.447751e+00
0.163216	-4.883616e-01	-8.266777e-02	3.388487e-02	9.482502e+00
0.164836	-4.914445e-01	-8.397606e-02	3.430562e-02	9.517170e+00
0.166464	-4.945282e-01	-8.529118e-02	3.472994e-02	9.551754e+00
0.168100	-4.976126e-01	-8.661313e-02	3.515783e-02	9.586253e+00
0.169744	-5.006977e-01	-8.794187e-02	3.558934e-02	9.620670e+00
0.171396	-5.037834e-01	-8.927724e-02	3.602444e-02	9.654996e+00
0.173056	-5.068698e-01	-9.061919e-02	3.646319e-02	9.689238e+00
0.174724	-5.099567e-01	-9.196767e-02	3.690557e-02	9.723389e+00
0.176400	-5.130441e-01	-9.332257e-02	3.735159e-02	9.757452e+00
0.178084	-5.161320e-01	-9.468387e-02	3.780127e-02	9.791424e+00
0.179776	-5.192204e-01	-9.605144e-02	3.825463e-02	9.825304e+00
0.181476	-5.223091e-01	-9.742522e-02	3.871168e-02	9.859092e+00
0.183184	-5.253982e-01	-9.880517e-02	3.917242e-02	9.892786e+00
0.184900	-5.284876e-01	-1.001912e-01	3.963687e-02	9.926386e+00
0.186624	-5.315773e-01	-1.015832e-01	4.010504e-02	9.959890e+00
0.188356	-5.346673e-01	-1.029811e-01	4.057694e-02	9.993299e+00
0.190096	-5.377574e-01	-1.043849e-01	4.105258e-02	1.002661e+01
0.191844	-5.408477e-01	-1.057944e-01	4.153198e-02	1.005982e+01
0.193600	-5.439382e-01	-1.072097e-01	4.201514e-02	1.009293e+01
0.195364	-5.470288e-01	-1.086306e-01	4.250207e-02	1.012594e+01
0.197136	-5.501194e-01	-1.100570e-01	4.299280e-02	1.015885e+01
0.198916	-5.532100e-01	-1.114890e-01	4.348731e-02	1.019166e+01
0.200704	-5.563007e-01	-1.129264e-01	4.398563e-02	1.022436e+01
0.202500	-5.593912e-01	-1.143691e-01	4.448776e-02	1.025696e+01
0.204304	-5.624817e-01	-1.158171e-01	4.499371e-02	1.028945e+01
0.206116	-5.655720e-01	-1.172703e-01	4.550350e-02	1.032184e+01
0.207936	-5.686622e-01	-1.187286e-01	4.601712e-02	1.035411e+01
0.209764	-5.717523e-01	-1.201920e-01	4.653459e-02	1.038628e+01
0.211600	-5.748421e-01	-1.216604e-01	4.705593e-02	1.041834e+01
0.213444	-5.779316e-01	-1.231338e-01	4.758112e-02	1.045029e+01
0.215296	-5.810209e-01	-1.246119e-01	4.811019e-02	1.048212e+01
0.217156	-5.841098e-01	-1.260949e-01	4.864315e-02	1.051385e+01
0.219024	-5.871984e-01	-1.275826e-01	4.917999e-02	1.054545e+01
0.220900	-5.902865e-01	-1.290749e-01	4.972071e-02	1.057695e+01
0.222784	-5.933743e-01	-1.305719e-01	5.026534e-02	1.060833e+01
0.224676	-5.964616e-01	-1.320734e-01	5.081389e-02	1.063959e+01
0.226576	-5.995484e-01	-1.335793e-01	5.136636e-02	1.067073e+01
0.228484	-6.026347e-01	-1.350895e-01	5.192275e-02	1.070175e+01
0.230400	-6.057205e-01	-1.366042e-01	5.248305e-02	1.073266e+01
0.232324	-6.088056e-01	-1.381230e-01	5.304729e-02	1.076344e+01
0.234256	-6.118902e-01	-1.396461e-01	5.361545e-02	1.079410e+01
0.236196	-6.149741e-01	-1.411732e-01	5.418760e-02	1.082464e+01
0.238144	-6.180574e-01	-1.427045e-01	5.476366e-02	1.085506e+01
0.240100	-6.211399e-01	-1.442397e-01	5.534368e-02	1.088535e+01
0.242064	-6.242217e-01	-1.457789e-01	5.592768e-02	1.091552e+01
0.244036	-6.273028e-01	-1.473219e-01	5.651558e-02	1.094556e+01
0.246016	-6.303830e-01	-1.488687e-01	5.710749e-02	1.097547e+01
0.248004	-6.334624e-01	-1.504192e-01	5.770334e-02	1.100525e+01
0.250000	-6.365410e-01	-1.519735e-01	5.830320e-02	1.103491e+01
0.252004	-6.396188e-01	-1.535313e-01	5.890701e-02	1.106444e+01
0.254016	-6.426956e-01	-1.550927e-01	5.951480e-02	1.109384e+01
0.256036	-6.457715e-01	-1.566576e-01	6.012656e-02	1.112310e+01
0.258064	-6.488464e-01	-1.582259e-01	6.074231e-02	1.115224e+01
0.260100	-6.519203e-01	-1.597976e-01	6.136204e-02	1.118124e+01
0.262144	-6.549932e-01	-1.613726e-01	6.198575e-02	1.121011e+01
0.264196	-6.580651e-01	-1.629508e-01	6.261347e-02	1.123884e+01
0.266256	-6.611359e-01	-1.645323e-01	6.324515e-02	1.126744e+01
0.268324	-6.642056e-01	-1.661169e-01	6.388082e-02	1.129590e+01
0.270400	-6.672742e-01	-1.677045e-01	6.452049e-02	1.132423e+01
0.272484	-6.703417e-01	-1.692952e-01	6.516415e-02	1.135242e+01
0.274576	-6.734079e-01	-1.708888e-01	6.581180e-02	1.138047e+01
0.276676	-6.764730e-01	-1.724853e-01	6.646343e-02	1.140838e+01
0.278784	-6.795368e-01	-1.740846e-01	6.711906e-02	1.143615e+01
0.280900	-6.825994e-01	-1.756868e-01	6.777867e-02	1.146379e+01
0.283024	-6.856607e-01	-1.772917e-01	6.844227e-02	1.149128e+01
0.285156	-6.887208e-01	-1.788992e-01	6.910985e-02	1.151864e+01
0.287296	-6.917795e-01	-1.805094e-01	6.978142e-02	1.154584e+01
0.289444	-6.948368e-01	-1.821221e-01	7.045697e-02	1.157291e+01
0.291600	-6.978928e-01	-1.837374e-01	7.113650e-02	1.159984e+01
0.293764	-7.009474e-01	-1.853551e-01	7.182001e-02	1.162662e+01
0.295936	-7.040005e-01	-1.869752e-01	7.250749e-02	1.165326e+01
0.298116	-7.070522e-01	-1.885976e-01	7.319894e-02	1.167975e+01
0.300304	-7.101025e-01	-1.902224e-01	7.389436e-02	1.170610e+01
0.302500	-7.131513e-01	-1.918494e-01	7.459375e-02	1.173230e+01
0.304704	-7.161985e-01	-1.934786e-01	7.529710e-02	1.175836e+01
0.306916	-7.192442e-01	-1.951099e-01	7.600440e-02	1.178427e+01
0.309136	-7.222884e-01	-1.967433e-01	7.671566e-02	1.181003e+01
0.311364	-7.253309e-01	-1.983788e-01	7.743086e-02	1.183564e+01
0.313600	-7.283719e-01	-2.000162e-01	7.815001e-02	1.186111e+01
0.315844	-7.314113e-01	-2.016556e-01	7.887309e-02	1.188643e+01
0.318096	-7.344490e-01	-2.032969e-01	7.960011e-02	1.191160e+01
0.320356	-7.374850e-01	-2.049401e-01	8.033105e-02	1.193662e+01
0.322624	-7.405194e-01	-2.065850e-01	8.106592e-02	1.196149e+01
0.324900	-7.435520e-01	-2.082316e-01	8.180469e-02	1.198621e+01
0.327184	-7.465829e-01	-2.098800e-01	8.254739e-02	1.201078e+01
0.329476	-7.496121e-01	-2.115300e-01	8.329397e-02	1.203519e+01
0.331776	-7.526395e-01	-2.131816e-01	8.404446e-02	1.205946e+01
0.334084	-7.556650e-01	-2.148347e-01	8.479882e-02	1.208358e+01
0.336400	-7.586888e-01	-2.164894e-01	8.555708e-02	1.210754e+01
0.338724	-7.617108e-01	-2.181456e-01	8.631919e-02	1.213135e+01
0.341056	-7.647309e-01	-2.198031e-01	8.708518e-02	1.215501e+01
0.343396	-7.677491e-01	-2.214620e-01	8.785502e-02	1.217852e+01
0.345744	-7.707655e-01	-2.231223e-01	8.862871e-02	1.220187e+01
0.348100	-7.737799e-01	-2.247839e-01	8.940624e-02	1.222507e+01
0.350464	-7.767924e-01	-2.264466e-01	9.018759e-02	1.224811e+01
0.352836	-7.798030e-01	-2.281106e-01	9.097276e-02	1.227101e+01
0.355216	-7.828116e-01	-2.297758e-01	9.176176e-02	1.229374e+01
0.357604	-7.858181e-01	-2.314420e-01	9.255452e-02	1.231633e+01
0.360000	-7.888228e-01	-2.331093e-01	9.335109e-02	1.233876e+01
0.362404	-7.918254e-01	-2.347777e-01	9.415144e-02	1.236103e+01
0.364816	-7.948259e-01	-2.364470e-01	9.495557e-02	1.238315e+01
0.367236	-7.978244e-01	-2.381173e-01	9.576343e-02	1.240511e+01
0.369664	-8.008208e-01	-2.397885e-01	9.657506e-02	1.242692e+01
0.372100	-8.038152e-01	-2.414605e-01	9.739041e-02	1.244858e+01
0.374544	-8.068074e-01	-2.431334e-01	9.820950e-02	1.247008e+01
0.376996	-8.097975e-01	-2.448071e-01	9.903229e-02	1.249142e+01
0.379456	-8.127855e-01	-2.464815e-01	9.985878e-02	1.251261e+01
0.381924	-8.157712e-01	-2.481566e-01	1.006890e-01	1.253364e+01
0.384400	-8.187549e-01	-2.498324e-01	1.015228e-01	1.255452e+01
0.386884	-8.217363e-01	-2.515088e-01	1.023603e-01	1.257524e+01
0.389376	-8.247155e-01	-2.531858e-01	1.032015e-01	1.259580e+01
0.391876	-8.276925e-01	-2.548634e-01	1.040463e-01	1.261621e+01
0.394384	-8.306672e-01	-2.565415e-01	1.048947e-01	1.263646e+01
0.396900	-8.336397e-01	-2.582201e-01	1.057467e-01	1.265655e+01
0.399424	-8.366100e-01	-2.598990e-01	1.066023e-01	1.267649e+01
0.401956	-8.395779e-01	-2.615785e-01	1.074615e-01	1.269628e+01
0.404496	-8.425435e-01	-2.632583e-01	1.083243e-01	1.271590e+01
0.407044	-8.455069e-01	-2.649384e-01	1.091906e-01	1.273537e+01
0.409600	-8.484678e-01	-2.666189e-01	1.100604e-01	1.275469e+01
0.412164	-8.514265e-01	-2.682996e-01	1.109338e-01	1.277384e+01
0.414736	-8.543827e-01	-2.699806e-01	1.118106e-01	1.279285e+01
0.417316	-8.573366e-01	-2.716618e-01	1.126910e-01	1.281169e+01
0.419904	-8.602882e-01	-2.733431e-01	1.135748e-01	1.283038e+01
0.422500	-8.632372e-01	-2.750246e-01	1.144621e-01	1.284891e+01
0.425104	-8.661839e-01	-2.767062e-01	1.153528e-01	1.286729e+01
0.427716	-8.691282e-01	-2.783878e-01	1.162469e-01	1.288551e+01
0.430336	-8.720700e-01	-2.800695e-01	1.171444e-01	1.290358e+01
0.432964	-8.750093e-01	-2.817513e-01	1.180454e-01	1.292149e+01
0.435600	-8.779461e-01	-2.834330e-01	1.189497e-01	1.293924e+01
0.438244	-8.808805e-01	-2.851146e-01	1.198573e-01	1.295684e+01
0.440896	-8.838124e-01	-2.867962e-01	1.207683e-01	1.297428e+01
0.443556	-8.867417e-01	-2.884776e-01	1.216827e-01	1.299157e+01
0.446224	-8.896685e-01	-2.901589e-01	1.226003e-01	1.300870e+01
0.448900	-8.925928e-01	-2.918400e-01	1.235212e-01	1.302568e+01
0.451584	-8.955145e-01	-2.935209e-01	1.244453e-01	1.304250e+01
0.454276	-8.984337e-01	-2.952016e-01	1.253727e-01	1.305917e+01
0.456976	-9.013503e-01	-2.968821e-01	1.263034e-01	1.307568e+01
0.459684	-9.042643e-01	-2.985622e-01	1.272372e-01	1.309204e+01
0.462400	-9.071757e-01	-3.002421e-01	1.281742e-01	1.310824e+01
0.465124	-9.100844e-01	-3.019216e-01	1.291144e-01	1.312429e+01
0.467856	-9.129906e-01	-3.036007e-01	1.300578e-01	1.314019e+01
0.470596	-9.158941e-01	-3.052794e-01	1.310043e-01	1.315593e+01
0.473344	-9.187949e-01	-3.069577e-01	1.319538e-01	1.317152e+01
0.476100	-9.216931e-01	-3.086356e-01	1.329065e-01	1.318695e+01
0.478864	-9.245886e-01	-3.103130e-01	1.338623e-01	1.320223e+01
0.481636	-9.274815e-01	-3.119898e-01	1.348211e-01	1.321736e+01
0.484416	-9.303716e-01	-3.136662e-01	1.357829e-01	1.323234e+01
0.487204	-9.332590e-01	-3.153420e-01	1.367477e-01	1.324716e+01
0.490000	-9.361437e-01	-3.170172e-01	1.377156e-01	1.326183e+01
0.492804	-9.390257e-01	-3.186918e-01	1.386864e-01	1.327635e+01
0.495616	-9.419049e-01	-3.203658e-01	1.396601e-01	1.329071e+01
0.498436	-9.447814e-01	-3.220391e-01	1.406367e-01	1.330493e+01
0.501264	-9.476551e-01	-3.237118e-01	1.416163e-01	1.331899e+01
0.504100	-9.505261e-01	-3.253838e-01	1.425987e-01	1.333290e+01
0.506944	-9.533943e-01	-3.270550e-01	1.435840e-01	1.334666e+01
0.509796	-9.562596e-01	-3.287255e-01	1.445722e-01	1.336027e+01
0.512656	-9.591222e-01	-3.303953e-01	1.455631e-01	1.337373e+01
0.515524	-9.619820e-01	-3.320642e-01	1.465569e-01	1.338704e+01
0.518400	-9.648389e-01	-3.337324e-01	1.475534e-01	1.340020e+01
0.521284	-9.676930e-01	-3.353997e-01	1.485526e-01	1.341321e+01
0.524176	-9.705443e-01	-3.370662e-01	1.495546e-01	1.342607e+01
0.527076	-9.733927e-01	-3.387317e-01	1.505593e-01	1.343878e+01
0.529984	-9.762382e-01	-3.403964e-01	1.515666e-01	1.345134e+01
0.532900	-9.790809e-01	-3.420602e-01	1.525766e-01	1.346375e+01
0.535824	-9.819208e-01	-3.437230e-01	1.535893e-01	1.347602e+01
0.538756	-9.847577e-01	-3.453849e-01	1.546045e-01	1.348813e+01
0.541696	-9.875917e-01	-3.470458e-01	1.556224e-01	1.350010e+01
0.544644	-9.904229e-01	-3.487058e-01	1.566428e-01	1.351192e+01
0.547600	-9.932511e-01	-3.503646e-01	1.576657e-01	1.352360e+01
0.550564	-9.960763e-01	-3.520225e-01	1.586912e-01	1.353513e+01
0.553536	-9.988987e-01	-3.536793e-01	1.597191e-01	1.354651e+01
0.556516	-1.001718e+00	-3.553351e-01	1.607495e-01	1.355774e+01
0.559504	-1.004535e+00	-3.569897e-01	1.617824e-01	1.356883e+01
0.562500	-1.007348e+00	-3.586433e-01	1.628176e-01	1.357978e+01
0.565504	-1.010159e+00	-3.602956e-01	1.638553e-01	1.359057e+01
0.568516	-1.012966e+00	-3.619469e-01	1.648953e-01	1.360123e+01
0.571536	-1.015771e+00	-3.635971e-01	1.659377e-01	1.361174e+01
0.574564	-1.018572e+00	-3.652460e-01	1.669824e-01	1.362210e+01
0.577600	-1.021371e+00	-3.668937e-01	1.680294e-01	1.363232e+01
0.580644	-1.024167e+00	-3.685402e-01	1.690786e-01	1.364240e+01
0.583696	-1.026959e+00	-3.701856e-01	1.701301e-01	1.365234e+01
0.586756	-1.029749e+00	-3.718296e-01	1.711839e-01	1.366213e+01
0.589824	-1.032535e+00	-3.734724e-01	1.722398e-01	1.367178e+01
0.592900	-1.035319e+00	-3.751139e-01	1.732979e-01	1.368128e+01
0.595984	-1.038100e+00	-3.767542e-01	1.743581e-01	1.369065e+01
0.599076	-1.040877e+00	-3.783931e-01	1.754205e-01	1.369987e+01
0.602176	-1.043651e+00	-3.800307e-01	1.764849e-01	1.370896e+01
0.605284	-1.046423e+00	-3.816670e-01	1.775514e-01	1.371790e+01
0.608400	-1.049191e+00	-3.833019e-01	1.786200e-01	1.372670e+01
0.611524	-1.051956e+00	-3.849355e-01	1.796905e-01	1.373536e+01
0.614656	-1.054718e+00	-3.865677e-01	1.807631e-01	1.374388e+01
0.617796	-1.057477e+00	-3.881984e-01	1.818376e-01	1.375226e+01
0.620944	-1.060233e+00	-3.898278e-01	1.829141e-01	1.376051e+01
0.624100	-1.062986e+00	-3.914558e-01	1.839925e-01	1.376861e+01
0.627264	-1.065736e+00	-3.930823e-01	1.850728e-01	1.377658e+01
0.630436	-1.068483e+00	-3.947074e-01	1.861549e-01	1.378441e+01
0.633616	-1.071226e+00	-3.963310e-01	1.872389e-01	1.379210e+01
0.636804	-1.073966e+00	-3.979532e-01	1.883247e-01	1.379965e+01
0.640000	-1.076704e+00	-3.995738e-01	1.894123e-01	1.380707e+01
0.643204	-1.079438e+00	-4.011930e-01	1.905016e-01	1.381435e+01
0.646416	-1.082169e+00	-4.028107e-01	1.915927e-01	1.382149e+01
0.649636	-1.084897e+00	-4.044268e-01	1.926854e-01	1.382850e+01
0.652864	-1.087621e+00	-4.060415e-01	1.937799e-01	1.383537e+01
0.656100	-1.090343e+00	-4.076545e-01	1.948760e-01	1.384211e+01
0.659344	-1.093061e+00	-4.092660e-01	1.959737e-01	1.384872e+01
0.662596	-1.095776e+00	-4.108760e-01	1.970731e-01	1.385519e+01
0.665856	-1.098489e+00	-4.124844e-01	1.981740e-01	1.386152e+01
0.669124	-1.101197e+00	-4.140912e-01	1.992764e-01	1.386772e+01
0.672400	-1.103903e+00	-4.156964e-01	2.003804e-01	1.387379e+01
0.675684	-1.106606e+00	-4.172999e-01	2.014859e-01	1.387973e+01
0.678976	-1.109305e+00	-4.189019e-01	2.025928e-01	1.388554e+01
0.682276	-1.112001e+00	-4.205022e-01	2.037012e-01	1.389121e+01
0.685584	-1.114694e+00	-4.221010e-01	2.048110e-01	1.389675e+01
0.688900	-1.117383e+00	-4.236980e-01	2.059223e-01	1.390216e+01
0.692224	-1.120070e+00	-4.252934e-01	2.070348e-01	1.390744e+01
0.695556	-1.122753e+00	-4.268871e-01	2.081487e-01	1.391259e+01
0.698896	-1.125433e+00	-4.284792e-01	2.092640e-01	1.391761e+01
0.702244	-1.128110e+00	-4.300696e-01	2.103805e-01	1.392250e+01
0.705600	-1.130784e+00	-4.316583e-01	2.114982e-01	1.392726e+01
0.708964	-1.133454e+00	-4.332452e-01	2.126172e-01	1.393189e+01
0.712336	-1.136121e+00	-4.348305e-01	2.137375e-01	1.393639e+01
0.715716	-1.138785e+00	-4.364140e-01	2.148588e-01	1.394077e+01
0.719104	-1.141445e+00	-4.379958e-01	2.159814e-01	1.394502e+01
0.722500	-1.144103e+00	-4.395759e-01	2.171051e-01	1.394914e+01
0.725904	-1.146757e+00	-4.411543e-01	2.182299e-01	1.395313e+01
0.729316	-1.149408e+00	-4.427309e-01	2.193557e-01	1.395700e+01
0.732736	-1.152055e+00	-4.443057e-01	2.204826e-01	1.396074e+01
0.736164	-1.154700e+00	-4.458788e-01	2.216106e-01	1.396436e+01
0.739600	-1.157341e+00	-4.474501e-01	2.227395e-01	1.396785e+01
0.743044	-1.159978e+00	-4.490196e-01	2.238694e-01	1.397122e+01
0.746496	-1.162613e+00	-4.505873e-01	2.250002e-01	1.397446e+01
0.749956	-1.165244e+00	-4.521533e-01	2.261320e-01	1.397758e+01
0.753424	-1.167872e+00	-4.537175e-01	2.272647e-01	1.398057e+01
0.756900	-1.170496e+00	-4.552798e-01	2.283982e-01	1.398345e+01
0.760384	-1.173118e+00	-4.568403e-01	2.295326e-01	1.398619e+01
0.763876	-1.175736e+00	-4.583990e-01	2.306678e-01	1.398882e+01
0.767376	-1.178350e+00	-4.599559e-01	2.318038e-01	1.399133e+01
0.770884	-1.180962e+00	-4.615109e-01	2.329405e-01	1.399371e+01
0.774400	-1.183570e+00	-4.630642e-01	2.340780e-01	1.399597e+01
0.777924	-1.186175e+00	-4.646155e-01	2.352162e-01	1.399811e+01
0.781456	-1.188776e+00	-4.661651e-01	2.363551e-01	1.400013e+01
0.784996	-1.191374e+00	-4.677128e-01	2.374946e-01	1.400203e+01
0.788544	-1.193969e+00	-4.692586e-01	2.386348e-01	1.400381e+01
0.792100	-1.196561e+00	-4.708025e-01	2.397756e-01	1.400548e+01
0.795664	-1.199149e+00	-4.723446e-01	2.409170e-01	1.400702e+01
0.799236	-1.201734e+00	-4.738848e-01	2.420590e-01	1.400845e+01
0.802816	-1.204315e+00	-4.754232e-01	2.432015e-01	1.400975e+01
0.806404	-1.206894e+00	-4.769596e-01	2.443445e-01	1.401095e+01
0.810000	-1.209468e+00	-4.784942e-01	2.454880e-01	1.401202e+01
0.813604	-1.212040e+00	-4.800269e-01	2.466319e-01	1.401298e+01
0.817216	-1.214608e+00	-4.815577e-01	2.477763e-01	1.401382e+01
0.820836	-1.217173e+00	-4.830866e-01	2.489211e-01	1.401454e+01
0.824464	-1.219735e+00	-4.846135e-01	2.500663e-01	1.401515e+01
0.828100	-1.222293e+00	-4.861386e-01	2.512119e-01	1.401565e+01
0.831744	-1.224847e+00	-4.876618e-01	2.523577e-01	1.401603e+01
0.835396	-1.227399e+00	-4.891830e-01	2.535039e-01	1.401629e+01
0.839056	-1.229947e+00	-4.907024e-01	2.546504e-01	1.401644e+01
0.842724	-1.232492e+00	-4.922198e-01	2.557972e-01	1.401648e+01
0.846400	-1.235033e+00	-4.937353e-01	2.569442e-01	1.401641e+01
0.850084	-1.237571e+00	-4.952488e-01	2.580914e-01	1.401622e+01
0.853776	-1.240106e+00	-4.967605e-01	2.592388e-01	1.401593e+01
0.857476	-1.242637e+00	-4.982702e-01	2.603864e-01	1.401552e+01
0.861184	-1.245165e+00	-4.997779e-01	2.615341e-01	1.401499e+01
0.864900	-1.247689e+00	-5.012837e-01	2.626819e-01	1.401436e+01
0.868624	-1.250210e+00	-5.027876e-01	2.638299e-01	1.401362e+01
0.872356	-1.252728e+00	-5.042895e-01	2.649779e-01	1.401277e+01
0.876096	-1.255243e+00	-5.057895e-01	2.661259e-01	1.401181e+01
0.879844	-1.257754e+00	-5.072875e-01	2.672740e-01	1.401074e+01
0.883600	-1.260261e+00	-5.087836e-01	2.684221e-01	1.400956e+01
0.887364	-1.262765e+00	-5.102777e-01	2.695702e-01	1.400827e+01
0.891136	-1.265266e+00	-5.117699e-01	2.707182e-01	1.400688e+01
0.894916	-1.267764e+00	-5.132601e-01	2.718662e-01	1.400538e+01
0.898704	-1.270258e+00	-5.147483e-01	2.730141e-01	1.400377e+01
0.902500	-1.272748e+00	-5.162346e-01	2.741618e-01	1.400205e+01
0.906304	-1.275236e+00	-5.177189e-01	2.753095e-01	1.400023e+01
0.910116	-1.277720e+00	-5.192013e-01	2.764570e-01	1.399830e+01
0.913936	-1.280200e+00	-5.206817e-01	2.776042e-01	1.399627e+01
0.917764	-1.282677e+00	-5.221601e-01	2.787513e-01	1.399413e+01
0.921600	-1.285151e+00	-5.236365e-01	2.798982e-01	1.399189e+01
0.925444	-1.287621e+00	-5.251110e-01	2.810449e-01	1.398955e+01
0.929296	-1.290088e+00	-5.265835e-01	2.821912e-01	1.398710e+01
0.933156	-1.292551e+00	-5.280540e-01	2.833373e-01	1.398455e+01
0.937024	-1.295011e+00	-5.295225e-01	2.844831e-01	1.398190e+01
0.940900	-1.297468e+00	-5.309891e-01	2.856285e-01	1.397914e+01
0.944784	-1.299921e+00	-5.324537e-01	2.867736e-01	1.397628e+01
0.948676	-1.302371e+00	-5.339163e-01	2.879183e-01	1.397332e+01
0.952576	-1.304818e+00	-5.353769e-01	2.890626e-01	1.397026e+01
0.956484	-1.307261e+00	-5.368355e-01	2.902066e-01	1.396710e+01
0.960400	-1.309700e+00	-5.382922e-01	2.913500e-01	1.396384e+01
0.964324	-1.312136e+00	-5.397469e-01	2.924930e-01	1.396048e+01
0.968256	-1.314569e+00	-5.411995e-01	2.936356e-01	1.395702e+01
0.972196	-1.316998e+00	-5.426503e-01	2.947776e-01	1.395347e+01
0.976144	-1.319424e+00	-5.440990e-01	2.959191e-01	1.394981e+01
0.980100	-1.321847e+00	-5.455457e-01	2.970601e-01	1.394606e+01
0.984064	-1.324266e+00	-5.469905e-01	2.982005e-01	1.394221e+01
0.988036	-1.326681e+00	-5.484333e-01	2.993404e-01	1.393826e+01
0.992016	-1.329094e+00	-5.498740e-01	3.004796e-01	1.393422e+01
0.996004	-1.331502e+00	-5.513128e-01	3.016182e-01	1.393008e+01