
0.000004	-6.371407e-04	1.783012e-06	1.559031e-08	6.376770e-01
0.000016	-1.297815e-03	1.258653e-05	4.229727e-07	6.616186e-01
0.000036	-2.005274e-03	3.403505e-05	2.451508e-06	7.024293e-01
0.000064	-2.749541e-03	6.260834e-05	6.654560e-06	7.433732e-01
0.000100	-3.541933e-03	1.051572e-04	1.244191e-05	7.903733e-01
0.000144	-4.374024e-03	1.497813e-04	1.902837e-05	8.378050e-01
0.000196	-5.245742e-03	2.016265e-04	3.038371e-05	8.861897e-01
0.000256	-6.156108e-03	2.604220e-04	3.961648e-05	9.353232e-01
0.000324	-7.104532e-03	3.276308e-04	5.018256e-05	9.852992e-01
0.000400	-8.090043e-03	3.996137e-04	6.253290e-05	1.035877e+00
0.000484	-9.113047e-03	4.790990e-04	7.544145e-05	1.087385e+00
0.000576	-1.017162e-02	5.633990e-04	9.123032e-05	1.139397e+00
0.000676	-1.126635e-02	6.538303e-04	1.070057e-04	1.192178e+00
0.000784	-1.239493e-02	7.492223e-04	1.242881e-04	1.245318e+00
0.000900	-1.355840e-02	8.501807e-04	1.426757e-04	1.299148e+00
0.001024	-1.475532e-02	9.563588e-04	1.626524e-04	1.353462e+00
0.001156	-1.598538e-02	1.066450e-03	1.835082e-04	1.408233e+00
0.001296	-1.724786e-02	1.180783e-03	2.057545e-04	1.463428e+00
0.001444	-1.854138e-02	1.299442e-03	2.299561e-04	1.518900e+00
0.001600	-1.986700e-02	1.421509e-03	2.548103e-04	1.574851e+00
0.001764	-2.122297e-02	1.547042e-03	2.811798e-04	1.631071e+00
0.001936	-2.260900e-02	1.676369e-03	3.084470e-04	1.687587e+00
0.002116	-2.402523e-02	1.808163e-03	3.374886e-04	1.744440e+00
0.002304	-2.547021e-02	1.942685e-03	3.675581e-04	1.801476e+00
0.002500	-2.694347e-02	2.079786e-03	3.988755e-04	1.858684e+00
0.002704	-2.844519e-02	2.218613e-03	4.314005e-04	1.916111e+00
0.002916	-2.997456e-02	2.359781e-03	4.653849e-04	1.973717e+00
0.003136	-3.153108e-02	2.502458e-03	5.004948e-04	2.031454e+00
0.003364	-3.311398e-02	2.646427e-03	5.372325e-04	2.089269e+00
0.003600	-3.472333e-02	2.791679e-03	5.749578e-04	2.147206e+00
0.003844	-3.635843e-02	2.937578e-03	6.139921e-04	2.205205e+00
0.004096	-3.801868e-02	3.084108e-03	6.544087e-04	2.263236e+00
0.004356	-3.970394e-02	3.230911e-03	6.960115e-04	2.321307e+00
0.004624	-4.141358e-02	3.377842e-03	7.391763e-04	2.379383e+00
0.004900	-4.314706e-02	3.524683e-03	7.833831e-04	2.437430e+00
0.005184	-4.490430e-02	3.671048e-03	8.289504e-04	2.495466e+00
0.005476	-4.668475e-02	3.816876e-03	8.758039e-04	2.553460e+00
0.005776	-4.848788e-02	3.961673e-03	9.239468e-04	2.611379e+00
0.006084	-5.031350e-02	4.105297e-03	9.734396e-04	2.669229e+00
0.006400	-5.216110e-02	4.247580e-03	1.024176e-03	2.726985e+00
0.006724	-5.403017e-02	4.388232e-03	1.076410e-03	2.784620e+00
0.007056	-5.592065e-02	4.527044e-03	1.129796e-03	2.842148e+00
0.007396	-5.783201e-02	4.663829e-03	1.184570e-03	2.899545e+00
0.007744	-5.976382e-02	4.798195e-03	1.240553e-03	2.956786e+00
0.008100	-6.171591e-02	4.929989e-03	1.297893e-03	3.013878e+00
0.008464	-6.368782e-02	5.059015e-03	1.356625e-03	3.070803e+00
0.008836	-6.567912e-02	5.185122e-03	1.416654e-03	3.127540e+00
0.009216	-6.768968e-02	5.307953e-03	1.477964e-03	3.184097e+00
0.009604	-6.971908e-02	5.427229e-03	1.540651e-03	3.240454e+00
0.010000	-7.176691e-02	5.543018e-03	1.604588e-03	3.296599e+00
0.010404	-7.383295e-02	5.654859e-03	1.669919e-03	3.352530e+00
0.010816	-7.591703e-02	5.762613e-03	1.736632e-03	3.408253e+00
0.011236	-7.801863e-02	5.866152e-03	1.804604e-03	3.463739e+00
0.011664	-8.013740e-02	5.965184e-03	1.873922e-03	3.518979e+00
0.012100	-8.227332e-02	6.059483e-03	1.944619e-03	3.573989e+00
0.012544	-8.442591e-02	6.148915e-03	2.016640e-03	3.628748e+00
0.012996	-8.659484e-02	6.233307e-03	2.089989e-03	3.683245e+00
0.013456	-8.877999e-02	6.312380e-03	2.164745e-03	3.737491e+00
0.013924	-9.098104e-02	6.386041e-03	2.240847e-03	3.791475e+00
0.014400	-9.319768e-02	6.454069e-03	2.318219e-03	3.845189e+00
0.014884	-9.542964e-02	6.516247e-03	2.397044e-03	3.898630e+00
0.015376	-9.767673e-02	6.572429e-03	2.477153e-03	3.951799e+00
0.015876	-9.993865e-02	6.622469e-03	2.558711e-03	4.004692e+00
0.016384	-1.022151e-01	6.666138e-03	2.641652e-03	4.057300e+00
0.016900	-1.045060e-01	6.703301e-03	2.725886e-03	4.109629e+00
0.017424	-1.068109e-01	6.733784e-03	2.811521e-03	4.161674e+00
0.017956	-1.091297e-01	6.757510e-03	2.898560e-03	4.213429e+00
0.018496	-1.114621e-01	6.774177e-03	2.987024e-03	4.264902e+00
0.019044	-1.138080e-01	6.783655e-03	3.076832e-03	4.316083e+00
0.019600	-1.161670e-01	6.785929e-03	3.168045e-03	4.366973e+00
0.020164	-1.185389e-01	6.780684e-03	3.260689e-03	4.417575e+00
0.020736	-1.209236e-01	6.767878e-03	3.354662e-03	4.467882e+00
0.021316	-1.233209e-01	6.747344e-03	3.450123e-03	4.517901e+00
0.021904	-1.257304e-01	6.718941e-03	3.546986e-03	4.567631e+00
0.022500	-1.281521e-01	6.682506e-03	3.645249e-03	4.617070e+00
0.023104	-1.305857e-01	6.637960e-03	3.744939e-03	4.666217e+00
0.023716	-1.330309e-01	6.585201e-03	3.846058e-03	4.715072e+00
0.024336	-1.354877e-01	6.524014e-03	3.948638e-03	4.763644e+00
0.024964	-1.379558e-01	6.454329e-03	4.052611e-03	4.811925e+00
0.025600	-1.404351e-01	6.376061e-03	4.158102e-03	4.859924e+00
0.026244	-1.429253e-01	6.289024e-03	4.264994e-03	4.907637e+00
0.026896	-1.454262e-01	6.193162e-03	4.373350e-03	4.955067e+00
0.027556	-1.479378e-01	6.088333e-03	4.483189e-03	5.002215e+00
0.028224	-1.504597e-01	5.974506e-03	4.594473e-03	5.049083e+00
0.028900	-1.529918e-01	5.851500e-03	4.707226e-03	5.095676e+00
0.029584	-1.555340e-01	5.719256e-03	4.821457e-03	5.141992e+00
0.030276	-1.580861e-01	5.577718e-03	4.937210e-03	5.188035e+00
0.030976	-1.606479e-01	5.426732e-03	5.054503e-03	5.233809e+00
0.031684	-1.632193e-01	5.266215e-03	5.173108e-03	5.279314e+00
0.032400	-1.658001e-01	5.096153e-03	5.293322e-03	5.324552e+00
0.033124	-1.683901e-01	4.916400e-03	5.415077e-03	5.369529e+00
0.033856	-1.709891e-01	4.726927e-03	5.538304e-03	5.414245e+00
0.034596	-1.735972e-01	4.527605e-03	5.663058e-03	5.458707e+00
0.035344	-1.762140e-01	4.318425e-03	5.789333e-03	5.502911e+00
0.036100	-1.788394e-01	4.099305e-03	5.917187e-03	5.546866e+00
0.036864	-1.814733e-01	3.870183e-03	6.046550e-03	5.590570e+00
0.037636	-1.841156e-01	3.630963e-03	6.177450e-03	5.634030e+00
0.038416	-1.867660e-01	3.381686e-03	6.309915e-03	5.677247e+00
0.039204	-1.894245e-01	3.122153e-03	6.443929e-03	5.720224e+00
0.040000	-1.920910e-01	2.852438e-03	6.579517e-03	5.762966e+00
0.040804	-1.947652e-01	2.572443e-03	6.716692e-03	5.805475e+00
0.041616	-1.974470e-01	2.282129e-03	6.855438e-03	5.847751e+00
0.042436	-2.001365e-01	1.981482e-03	6.995769e-03	5.889803e+00
0.043264	-2.028333e-01	1.670417e-03	7.137712e-03	5.931632e+00
0.044100	-2.055373e-01	1.348932e-03	7.281246e-03	5.973240e+00
0.044944	-2.082485e-01	1.017000e-03	7.426421e-03	6.014631e+00
0.045796	-2.109668e-01	6.745686e-04	7.573180e-03	6.055808e+00
0.046656	-2.136919e-01	3.216401e-04	7.721608e-03	6.096774e+00
0.047524	-2.164238e-01	-4.186080e-05	7.871595e-03	6.137532e+00
0.048400	-2.191624e-01	-4.158815e-04	8.023305e-03	6.178086e+00
0.049284	-2.219075e-01	-8.004883e-04	8.176618e-03	6.218439e+00
0.050176	-2.246591e-01	-1.195687e-03	8.331616e-03	6.258594e+00
0.051076	-2.274169e-01	-1.601505e-03	8.488267e-03	6.298552e+00
0.051984	-2.301810e-01	-2.017917e-03	8.646599e-03	6.338320e+00
0.052900	-2.329512e-01	-2.444958e-03	8.806623e-03	6.377899e+00
0.053824	-2.357274e-01	-2.882595e-03	8.968326e-03	6.417292e+00
0.054756	-2.385094e-01	-3.330930e-03	9.131731e-03	6.456500e+00
0.055696	-2.412972e-01	-3.789823e-03	9.296849e-03	6.495530e+00
0.056644	-2.440907e-01	-4.259359e-03	9.463679e-03	6.534383e+00
0.057600	-2.468898e-01	-4.739530e-03	9.632239e-03	6.573060e+00
0.058564	-2.496943e-01	-5.230280e-03	9.802542e-03	6.611566e+00
0.059536	-2.525043e-01	-5.731671e-03	9.974566e-03	6.649905e+00
0.060516	-2.553195e-01	-6.243642e-03	1.014835e-02	6.688077e+00
0.061504	-2.581399e-01	-6.766162e-03	1.032391e-02	6.726086e+00
0.062500	-2.609654e-01	-7.299274e-03	1.050122e-02	6.763935e+00
0.063504	-2.637959e-01	-7.842933e-03	1.068030e-02	6.801625e+00
0.064516	-2.666313e-01	-8.397087e-03	1.086118e-02	6.839159e+00
0.065536	-2.694715e-01	-8.961746e-03	1.104387e-02	6.876541e+00
0.066564	-2.723165e-01	-9.536895e-03	1.122835e-02	6.913772e+00
0.067600	-2.751660e-01	-1.012249e-02	1.141467e-02	6.950855e+00
0.068644	-2.780202e-01	-1.071851e-02	1.160275e-02	6.987791e+00
0.069696	-2.808788e-01	-1.132494e-02	1.179273e-02	7.024585e+00
0.070756	-2.837418e-01	-1.194169e-02	1.198453e-02	7.061237e+00
0.071824	-2.866090e-01	-1.256882e-02	1.217817e-02	7.097748e+00
0.072900	-2.894805e-01	-1.320620e-02	1.237368e-02	7.134122e+00
0.073984	-2.923562e-01	-1.385386e-02	1.257109e-02	7.170361e+00
0.075076	-2.952359e-01	-1.451173e-02	1.277035e-02	7.206467e+00
0.076176	-2.981195e-01	-1.517979e-02	1.297153e-02	7.242440e+00
0.077284	-3.010071e-01	-1.585801e-02	1.317457e-02	7.278283e+00
0.078400	-3.038985e-01	-1.654629e-02	1.337954e-02	7.313998e+00
0.079524	-3.067936e-01	-1.724462e-02	1.358645e-02	7.349588e+00
0.080656	-3.096924e-01	-1.795296e-02	1.379528e-02	7.385052e+00
0.081796	-3.125948e-01	-1.867127e-02	1.400604e-02	7.420394e+00
0.082944	-3.155008e-01	-1.939949e-02	1.421878e-02	7.455614e+00
0.084100	-3.184102e-01	-2.013751e-02	1.443347e-02	7.490711e+00
0.085264	-3.213229e-01	-2.088545e-02	1.465015e-02	7.525692e+00
0.086436	-3.242390e-01	-2.164310e-02	1.486879e-02	7.560555e+00
0.087616	-3.271584e-01	-2.241042e-02	1.508941e-02	7.595301e+00
0.088804	-3.300809e-01	-2.318743e-02	1.531208e-02	7.629932e+00
0.090000	-3.330065e-01	-2.397401e-02	1.553673e-02	7.664450e+00
0.091204	-3.359352e-01	-2.477013e-02	1.576341e-02	7.698853e+00
0.092416	-3.388668e-01	-2.557574e-02	1.599214e-02	7.733145e+00
0.093636	-3.418014e-01	-2.639079e-02	1.622287e-02	7.767326e+00
0.094864	-3.447388e-01	-2.721517e-02	1.645573e-02	7.801397e+00
0.096100	-3.476790e-01	-2.804887e-02	1.669064e-02	7.835359e+00
0.097344	-3.506220e-01	-2.889181e-02	1.692761e-02	7.869213e+00
0.098596	-3.535676e-01	-2.974390e-02	1.716667e-02	7.902958e+00
0.099856	-3.565158e-01	-3.060513e-02	1.740784e-02	7.936598e+00
0.101124	-3.594665e-01	-3.147538e-02	1.765114e-02	7.970131e+00
0.102400	-3.624198e-01	-3.235463e-02	1.789654e-02	8.003558e+00
0.103684	-3.653754e-01	-3.324281e-02	1.814407e-02	8.036880e+00
0.104976	-3.683335e-01	-3.413982e-02	1.839376e-02	8.070097e+00
0.106276	-3.712938e-01	-3.504563e-02	1.864558e-02	8.103210e+00
0.107584	-3.742564e-01	-3.596016e-02	1.889963e-02	8.136219e+00
0.108900	-3.772213e-01	-3.688335e-02	1.915585e-02	8.169126e+00
0.110224	-3.801882e-01	-3.781510e-02	1.941420e-02	8.201928e+00
0.111556	-3.831573e-01	-3.875539e-02	1.967479e-02	8.234629e+00
0.112896	-3.861284e-01	-3.970409e-02	1.993759e-02	8.267225e+00
0.114244	-3.891015e-01	-4.066120e-02	2.020264e-02	8.299720e+00
0.115600	-3.920766e-01	-4.162657e-02	2.046990e-02	8.332113e+00
0.116964	-3.950535e-01	-4.260020e-02	2.073942e-02	8.364403e+00
0.118336	-3.980322e-01	-4.358199e-02	2.101120e-02	8.396590e+00
0.119716	-4.010128e-01	-4.457187e-02	2.128526e-02	8.428676e+00
0.121104	-4.039951e-01	-4.556974e-02	2.156160e-02	8.460660e+00
0.122500	-4.069791e-01	-4.657556e-02	2.184025e-02	8.492541e+00
0.123904	-4.099647e-01	-4.758926e-02	2.212119e-02	8.524319e+00
0.125316	-4.129519e-01	-4.861077e-02	2.240446e-02	8.555995e+00
0.126736	-4.159407e-01	-4.964001e-02	2.269005e-02	8.587569e+00
0.128164	-4.189309e-01	-5.067687e-02	2.297801e-02	8.619039e+00
0.129600	-4.219226e-01	-5.172134e-02	2.326829e-02	8.650407e+00
0.131044	-4.249158e-01	-5.277328e-02	2.356100e-02	8.681671e+00
0.132496	-4.279103e-01	-5.383267e-02	2.385607e-02	8.712832e+00
0.133956	-4.309061e-01	-5.489942e-02	2.415350e-02	8.743889e+00
0.135424	-4.339032e-01	-5.597343e-02	2.445336e-02	8.774841e+00
0.136900	-4.369015e-01	-5.705465e-02	2.475563e-02	8.805689e+00
0.138384	-4.399010e-01	-5.814301e-02	2.506034e-02	8.836432e+00
0.139876	-4.429017e-01	-5.923843e-02	2.536749e-02	8.867070e+00
0.141376	-4.459034e-01	-6.034083e-02	2.567711e-02	8.897601e+00
0.142884	-4.489063e-01	-6.145014e-02	2.598918e-02	8.928027e+00
0.144400	-4.519101e-01	-6.256628e-02	2.630374e-02	8.958346e+00
0.145924	-4.549150e-01	-6.368918e-02	2.662079e-02	8.988558e+00
0.147456	-4.579208e-01	-6.481875e-02	2.694035e-02	9.018662e+00
0.148996	-4.609275e-01	-6.595494e-02	2.726243e-02	9.048658e+00
0.150544	-4.639351e-01	-6.709767e-02	2.758702e-02	9.078545e+00
0.152100	-4.669435e-01	-6.824686e-02	2.791418e-02	9.108322e+00
0.153664	-4.699527e-01	-6.940245e-02	2.824389e-02	9.137991e+00
0.155236	-4.729627e-01	-7.056435e-02	2.857617e-02	9.167550e+00
0.156816	-4.759733e-01	-7.173246e-02	2.891102e-02	9.196995e+00
0.158404	-4.789847e-01	-7.290678e-02	2.924851e-02	9.226332e+00
0.160000	-4.819968e-01	-7.408714e-02	2.958857e-02	9.255555e+00
0.161604	-4.850094e-01	-7.527359e-02	2.993127e-02	9.284666e+00
0.163216	-4.880226e-01	-7.646594e-02	3.027659e-02	9.313663e+00
0.164836	-4.910364e-01	-7.766419e-02	3.062456e-02	9.342548e+00
0.166464	-4.940506e-01	-7.886823e-02	3.097520e-02	9.371315e+00
0.168100	-4.970654e-01	-8.007800e-02	3.132851e-02	9.399969e+00
0.169744	-5.000806e-01	-8.129341e-02	3.168450e-02	9.428507e+00
0.171396	-5.030962e-01	-8.251444e-02	3.204320e-02	9.456928e+00
0.173056	-5.061121e-01	-8.374094e-02	3.240463e-02	9.485231e+00
0.174724	-5.091285e-01	-8.497291e-02	3.276876e-02	9.513418e+00
0.176400	-5.121451e-01	-8.621024e-02	3.313565e-02	9.541486e+00
0.178084	-5.151620e-01	-8.745290e-02	3.350529e-02	9.569434e+00
0.179776	-5.181792e-01	-8.870078e-02	3.387769e-02	9.597264e+00
0.181476	-5.211966e-01	-8.995380e-02	3.425288e-02	9.624972e+00
0.183184	-5.242141e-01	-9.121193e-02	3.463086e-02	9.652560e+00
0.184900	-5.272319e-01	-9.247508e-02	3.501165e-02	9.680026e+00
0.186624	-5.302498e-01	-9.374319e-02	3.539526e-02	9.707370e+00
0.188356	-5.332677e-01	-9.501616e-02	3.578171e-02	9.734591e+00
0.190096	-5.362858e-01	-9.629397e-02	3.617100e-02	9.761688e+00
0.191844	-5.393039e-01	-9.757654e-02	3.656316e-02	9.788662e+00
0.193600	-5.423220e-01	-9.886378e-02	3.695818e-02	9.815510e+00
0.195364	-5.453401e-01	-1.001556e-01	3.735610e-02	9.842233e+00
0.197136	-5.483581e-01	-1.014520e-01	3.775692e-02	9.868830e+00
0.198916	-5.513761e-01	-1.027529e-01	3.816066e-02	9.895301e+00
0.200704	-5.543940e-01	-1.040582e-01	3.856733e-02	9.921644e+00
0.202500	-5.574118e-01	-1.053679e-01	3.897694e-02	9.947859e+00
0.204304	-5.604294e-01	-1.066818e-01	3.938951e-02	9.973946e+00
0.206116	-5.634469e-01	-1.080000e-01	3.980505e-02	9.999905e+00
0.207936	-5.664642e-01	-1.093223e-01	4.022357e-02	1.002573e+01
0.209764	-5.694812e-01	-1.106487e-01	4.064511e-02	1.005143e+01
0.211600	-5.724981e-01	-1.119792e-01	4.106965e-02	1.007700e+01
0.213444	-5.755146e-01	-1.133136e-01	4.149721e-02	1.010244e+01
0.215296	-5.785308e-01	-1.146519e-01	4.192781e-02	1.012774e+01
0.217156	-5.815468e-01	-1.159941e-01	4.236148e-02	1.015292e+01
0.219024	-5.845623e-01	-1.173401e-01	4.279820e-02	1.017796e+01
0.220900	-5.875776e-01	-1.186898e-01	4.323800e-02	1.020287e+01
0.222784	-5.905924e-01	-1.200431e-01	4.368090e-02	1.022764e+01
0.224676	-5.936068e-01	-1.214001e-01	4.412690e-02	1.025228e+01
0.226576	-5.966208e-01	-1.227607e-01	4.457604e-02	1.027679e+01
0.228484	-5.996343e-01	-1.241247e-01	4.502832e-02	1.030116e+01
0.230400	-6.026474e-01	-1.254921e-01	4.548373e-02	1.032540e+01
0.232324	-6.056599e-01	-1.268629e-01	4.594233e-02	1.034950e+01
0.234256	-6.086720e-01	-1.282371e-01	4.640409e-02	1.037347e+01
0.236196	-6.116835e-01	-1.296145e-01	4.686904e-02	1.039730e+01
0.238144	-6.146944e-01	-1.309951e-01	4.733721e-02	1.042099e+01
0.240100	-6.177047e-01	-1.323788e-01	4.780860e-02	1.044454e+01
0.242064	-6.207144e-01	-1.337657e-01	4.828319e-02	1.046796e+01
0.244036	-6.237236e-01	-1.351556e-01	4.876105e-02	1.049124e+01
0.246016	-6.267320e-01	-1.365485e-01	4.924218e-02	1.051439e+01
0.248004	-6.297398e-01	-1.379443e-01	4.972656e-02	1.053739e+01
0.250000	-6.327469e-01	-1.393430e-01	5.021425e-02	1.056026e+01
0.252004	-6.357534e-01	-1.407445e-01	5.070525e-02	1.058299e+01
0.254016	-6.387591e-01	-1.421488e-01	5.119951e-02	1.060558e+01
0.256036	-6.417640e-01	-1.435559e-01	5.169716e-02	1.062803e+01
0.258064	-6.447682e-01	-1.449656e-01	5.219811e-02	1.065034e+01
0.260100	-6.477717e-01	-1.463779e-01	5.270245e-02	1.067251e+01
0.262144	-6.507743e-01	-1.477929e-01	5.321011e-02	1.069454e+01
0.264196	-6.537761e-01	-1.492103e-01	5.372121e-02	1.071644e+01
0.266256	-6.567771e-01	-1.506302e-01	5.423566e-02	1.073819e+01
0.268324	-6.597773e-01	-1.520526e-01	5.475353e-02	1.075980e+01
0.270400	-6.627765e-01	-1.534773e-01	5.527483e-02	1.078128e+01
0.272484	-6.657750e-01	-1.549044e-01	5.579956e-02	1.080261e+01
0.274576	-6.687725e-01	-1.563338e-01	5.632774e-02	1.082381e+01
0.276676	-6.717690e-01	-1.577654e-01	5.685938e-02	1.084486e+01
0.278784	-6.747647e-01	-1.591993e-01	5.739449e-02	1.086577e+01
0.280900	-6.777594e-01	-1.606353e-01	5.793310e-02	1.088655e+01
0.283024	-6.807532e-01	-1.620733e-01	5.847519e-02	1.090718e+01
0.285156	-6.837460e-01	-1.635135e-01	5.902081e-02	1.092767e+01
0.287296	-6.867378e-01	-1.649557e-01	5.956995e-02	1.094803e+01
0.289444	-6.897286e-01	-1.663999e-01	6.012262e-02	1.096824e+01
0.291600	-6.927183e-01	-1.678461e-01	6.067885e-02	1.098832e+01
0.293764	-6.957071e-01	-1.692941e-01	6.123864e-02	1.100825e+01
0.295936	-6.986947e-01	-1.707439e-01	6.180200e-02	1.102805e+01
0.298116	-7.016814e-01	-1.721957e-01	6.236895e-02	1.104770e+01
0.300304	-7.046669e-01	-1.736492e-01	6.293949e-02	1.106722e+01
0.302500	-7.076513e-01	-1.751045e-01	6.351366e-02	1.108660e+01
0.304704	-7.106347e-01	-1.765614e-01	6.409144e-02	1.110584e+01
0.306916	-7.136169e-01	-1.780200e-01	6.467286e-02	1.112494e+01
0.309136	-7.165980e-01	-1.794803e-01	6.525792e-02	1.114390e+01
0.311364	-7.195779e-01	-1.809421e-01	6.584664e-02	1.116272e+01
0.313600	-7.225566e-01	-1.824055e-01	6.643903e-02	1.118141e+01
0.315844	-7.255342e-01	-1.838704e-01	6.703510e-02	1.119996e+01
0.318096	-7.285107e-01	-1.853368e-01	6.763486e-02	1.121837e+01
0.320356	-7.314859e-01	-1.868046e-01	6.823833e-02	1.123664e+01
0.322624	-7.344599e-01	-1.882739e-01	6.884551e-02	1.125478e+01
0.324900	-7.374327e-01	-1.897445e-01	6.945640e-02	1.127278e+01
0.327184	-7.404042e-01	-1.912165e-01	7.007104e-02	1.129064e+01
0.329476	-7.433745e-01	-1.926898e-01	7.068942e-02	1.130837e+01
0.331776	-7.463436e-01	-1.941643e-01	7.131155e-02	1.132597e+01
0.334084	-7.493113e-01	-1.956401e-01	7.193744e-02	1.134342e+01
0.336400	-7.522778e-01	-1.971172e-01	7.256712e-02	1.136075e+01
0.338724	-7.552430e-01	-1.985954e-01	7.320060e-02	1.137794e+01
0.341056	-7.582069e-01	-2.000748e-01	7.383786e-02	1.139499e+01
0.343396	-7.611695e-01	-2.015552e-01	7.447894e-02	1.141191e+01
0.345744	-7.641308e-01	-2.030368e-01	7.512375e-02	1.142870e+01
0.348100	-7.670907e-01	-2.045195e-01	7.577245e-02	1.144536e+01
0.350464	-7.700493e-01	-2.060032e-01	7.642499e-02	1.146188e+01
0.352836	-7.730065e-01	-2.074879e-01	7.708134e-02	1.147828e+01
0.355216	-7.759624e-01	-2.089736e-01	7.774155e-02	1.149454e+01
0.357604	-7.789169e-01	-2.104602e-01	7.840560e-02	1.151067e+01
0.360000	-7.818699e-01	-2.119478e-01	7.907353e-02	1.152667e+01
0.362404	-7.848217e-01	-2.134363e-01	7.974534e-02	1.154254e+01
0.364816	-7.877720e-01	-2.149256e-01	8.042099e-02	1.155828e+01
0.367236	-7.907209e-01	-2.164158e-01	8.110054e-02	1.157390e+01
0.369664	-7.936683e-01	-2.179069e-01	8.178399e-02	1.158938e+01
0.372100	-7.966144e-01	-2.193987e-01	8.247133e-02	1.160474e+01
0.374544	-7.995590e-01	-2.208913e-01	8.316258e-02	1.161998e+01
0.376996	-8.025021e-01	-2.223846e-01	8.385775e-02	1.163508e+01
0.379456	-8.054438e-01	-2.238787e-01	8.455682e-02	1.165006e+01
0.381924	-8.083840e-01	-2.253735e-01	8.525981e-02	1.166492e+01
0.384400	-8.113227e-01	-2.268690e-01	8.596676e-02	1.167965e+01
0.386884	-8.142600e-01	-2.283651e-01	8.667759e-02	1.169425e+01
0.389376	-8.171958e-01	-2.298619e-01	8.739239e-02	1.170874e+01
0.391876	-8.201300e-01	-2.313593e-01	8.811110e-02	1.172310e+01
0.394384	-8.230628e-01	-2.328573e-01	8.883377e-02	1.173734e+01
0.396900	-8.259940e-01	-2.343559e-01	8.956039e-02	1.175146e+01
0.399424	-8.289238e-01	-2.358550e-01	9.029097e-02	1.176545e+01
0.401956	-8.318519e-01	-2.373547e-01	9.102549e-02	1.177933e+01
0.404496	-8.347786e-01	-2.388549e-01	9.176397e-02	1.179309e+01
0.407044	-8.377037e-01	-2.403556e-01	9.250641e-02	1.180673e+01
0.409600	-8.406272e-01	-2.418568e-01	9.325282e-02	1.182025e+01
0.412164	-8.435492e-01	-2.433584e-01	9.400318e-02	1.183365e+01
0.414736	-8.464697e-01	-2.448605e-01	9.475751e-02	1.184694e+01
0.417316	-8.493885e-01	-2.463631e-01	9.551580e-02	1.186011e+01
0.419904	-8.523058e-01	-2.478660e-01	9.627807e-02	1.187317e+01
0.422500	-8.552215e-01	-2.493694e-01	9.704429e-02	1.188611e+01
0.425104	-8.581356e-01	-2.508731e-01	9.781448e-02	1.189893e+01
0.427716	-8.610480e-01	-2.523772e-01	9.858863e-02	1.191165e+01
0.430336	-8.639589e-01	-2.538816e-01	9.936676e-02	1.192425e+01
0.432964	-8.668682e-01	-2.553864e-01	1.001488e-01	1.193674e+01
0.435600	-8.697758e-01	-2.568915e-01	1.009349e-01	1.194912e+01
0.438244	-8.726819e-01	-2.583969e-01	1.017249e-01	1.196138e+01
0.440896	-8.755863e-01	-2.599026e-01	1.025188e-01	1.197354e+01
0.443556	-8.784890e-01	-2.614086e-01	1.033167e-01	1.198559e+01
0.446224	-8.813901e-01	-2.629148e-01	1.041186e-01	1.199753e+01
0.448900	-8.842896e-01	-2.644213e-01	1.049244e-01	1.200936e+01
0.451584	-8.871874e-01	-2.659281e-01	1.057341e-01	1.202108e+01
0.454276	-8.900835e-01	-2.674350e-01	1.065478e-01	1.203270e+01
0.456976	-8.929780e-01	-2.689422e-01	1.073654e-01	1.204421e+01
0.459684	-8.958709e-01	-2.704496e-01	1.081869e-01	1.205562e+01
0.462400	-8.987620e-01	-2.719572e-01	1.090123e-01	1.206692e+01
0.465124	-9.016515e-01	-2.734650e-01	1.098417e-01	1.207812e+01
0.467856	-9.045392e-01	-2.749729e-01	1.106750e-01	1.208922e+01
0.470596	-9.074253e-01	-2.764810e-01	1.115121e-01	1.210021e+01
0.473344	-9.103097e-01	-2.779892e-01	1.123531e-01	1.211111e+01
0.476100	-9.131924e-01	-2.794976e-01	1.131980e-01	1.212190e+01
0.478864	-9.160734e-01	-2.810061e-01	1.140468e-01	1.213259e+01
0.481636	-9.189527e-01	-2.825147e-01	1.148995e-01	1.214318e+01
0.484416	-9.218302e-01	-2.840235e-01	1.157560e-01	1.215367e+01
0.487204	-9.247061e-01	-2.855324e-01	1.166163e-01	1.216406e+01
0.490000	-9.275802e-01	-2.870413e-01	1.174804e-01	1.217436e+01
0.492804	-9.304526e-01	-2.885503e-01	1.183484e-01	1.218456e+01
0.495616	-9.333233e-01	-2.900594e-01	1.192202e-01	1.219466e+01
0.498436	-9.361922e-01	-2.915686e-01	1.200957e-01	1.220467e+01
0.501264	-9.390594e-01	-2.930779e-01	1.209751e-01	1.221458e+01
0.504100	-9.419248e-01	-2.945872e-01	1.218581e-01	1.222439e+01
0.506944	-9.447886e-01	-2.960965e-01	1.227450e-01	1.223412e+01
0.509796	-9.476505e-01	-2.976059e-01	1.236355e-01	1.224374e+01
0.512656	-9.505107e-01	-2.991154e-01	1.245298e-01	1.225328e+01
0.515524	-9.533691e-01	-3.006248e-01	1.254278e-01	1.226272e+01
0.518400	-9.562258e-01	-3.021343e-01	1.263295e-01	1.227208e+01
0.521284	-9.590807e-01	-3.036438e-01	1.272348e-01	1.228134e+01
0.524176	-9.619339e-01	-3.051533e-01	1.281437e-01	1.229051e+01
0.527076	-9.647852e-01	-3.066628e-01	1.290563e-01	1.229958e+01
0.529984	-9.676349e-01	-3.081723e-01	1.299725e-01	1.230858e+01
0.532900	-9.704827e-01	-3.096819e-01	1.308923e-01	1.231748e+01
0.535824	-9.733287e-01	-3.111914e-01	1.318157e-01	1.232629e+01
0.538756	-9.761730e-01	-3.127009e-01	1.327425e-01	1.233501e+01
0.541696	-9.790154e-01	-3.142103e-01	1.336730e-01	1.234365e+01
0.544644	-9.818561e-01	-3.157198e-01	1.346069e-01	1.235220e+01
0.547600	-9.846949e-01	-3.172292e-01	1.355442e-01	1.236066e+01
0.550564	-9.875320e-01	-3.187386e-01	1.364851e-01	1.236904e+01
0.553536	-9.903673e-01	-3.202480e-01	1.374293e-01	1.237733e+01
0.556516	-9.932008e-01	-3.217573e-01	1.383770e-01	1.238554e+01
0.559504	-9.960324e-01	-3.232666e-01	1.393280e-01	1.239366e+01
0.562500	-9.988623e-01	-3.247758e-01	1.402824e-01	1.240170e+01
0.565504	-1.001690e+00	-3.262850e-01	1.412402e-01	1.240965e+01
0.568516	-1.004517e+00	-3.277942e-01	1.422012e-01	1.241752e+01
0.571536	-1.007341e+00	-3.293033e-01	1.431654e-01	1.242531e+01
0.574564	-1.010164e+00	-3.308123e-01	1.441330e-01	1.243301e+01
0.577600	-1.012984e+00	-3.323213e-01	1.451037e-01	1.244063e+01
0.580644	-1.015803e+00	-3.338302e-01	1.460776e-01	1.244817e+01
0.583696	-1.018620e+00	-3.353391e-01	1.470546e-01	1.245563e+01
0.586756	-1.021436e+00	-3.368479e-01	1.480348e-01	1.246300e+01
0.589824	-1.024249e+00	-3.383566e-01	1.490180e-01	1.247030e+01
0.592900	-1.027061e+00	-3.398653e-01	1.500043e-01	1.247751e+01
0.595984	-1.029870e+00	-3.413739e-01	1.509936e-01	1.248464e+01
0.599076	-1.032678e+00	-3.428824e-01	1.519859e-01	1.249170e+01
0.602176	-1.035485e+00	-3.443909e-01	1.529811e-01	1.249867e+01
0.605284	-1.038289e+00	-3.458993e-01	1.539792e-01	1.250556e+01
0.608400	-1.041091e+00	-3.474076e-01	1.549803e-01	1.251237e+01
0.611524	-1.043892e+00	-3.489159e-01	1.559841e-01	1.251910e+01
0.614656	-1.046691e+00	-3.504240e-01	1.569907e-01	1.252576e+01
0.617796	-1.049487e+00	-3.519321e-01	1.580002e-01	1.253233e+01
0.620944	-1.052282e+00	-3.534402e-01	1.590123e-01	1.253882e+01
0.624100	-1.055075e+00	-3.549481e-01	1.600271e-01	1.254524e+01
0.627264	-1.057867e+00	-3.564560e-01	1.610445e-01	1.255158e+01
0.630436	-1.060656e+00	-3.579638e-01	1.620646e-01	1.255783e+01
0.633616	-1.063444e+00	-3.594715e-01	1.630872e-01	1.256401e+01
0.636804	-1.066230e+00	-3.609792e-01	1.641123e-01	1.257011e+01
0.640000	-1.069013e+00	-3.624867e-01	1.651399e-01	1.257613e+01
0.643204	-1.071795e+00	-3.639942e-01	1.661699e-01	1.258208e+01
0.646416	-1.074576e+00	-3.655017e-01	1.672023e-01	1.258794e+01
0.649636	-1.077354e+00	-3.670090e-01	1.682370e-01	1.259373e+01
0.652864	-1.080130e+00	-3.685163e-01	1.692740e-01	1.259944e+01
0.656100	-1.082905e+00	-3.700235e-01	1.703133e-01	1.260507e+01
0.659344	-1.085677e+00	-3.715306e-01	1.713548e-01	1.261062e+01
0.662596	-1.088448e+00	-3.730376e-01	1.723984e-01	1.261609e+01
0.665856	-1.091217e+00	-3.745446e-01	1.734441e-01	1.262148e+01
0.669124	-1.093984e+00	-3.760515e-01	1.744919e-01	1.262680e+01
0.672400	-1.096749e+00	-3.775584e-01	1.755417e-01	1.263203e+01
0.675684	-1.099512e+00	-3.790651e-01	1.765934e-01	1.263719e+01
0.678976	-1.102274e+00	-3.805718e-01	1.776470e-01	1.264227e+01
0.682276	-1.105033e+00	-3.820785e-01	1.787025e-01	1.264727e+01
0.685584	-1.107791e+00	-3.835850e-01	1.797598e-01	1.265219e+01
0.688900	-1.110547e+00	-3.850915e-01	1.808188e-01	1.265703e+01
0.692224	-1.113300e+00	-3.865980e-01	1.818795e-01	1.266179e+01
0.695556	-1.116052e+00	-3.881043e-01	1.829419e-01	1.266647e+01
0.698896	-1.118802e+00	-3.896106e-01	1.840058e-01	1.267107e+01
0.702244	-1.121550e+00	-3.911169e-01	1.850713e-01	1.267559e+01
0.705600	-1.124297e+00	-3.926231e-01	1.861382e-01	1.268003e+01
0.708964	-1.127041e+00	-3.941292e-01	1.872065e-01	1.268438e+01
0.712336	-1.129784e+00	-3.956353e-01	1.882763e-01	1.268866e+01
0.715716	-1.132524e+00	-3.971413e-01	1.893473e-01	1.269286e+01
0.719104	-1.135263e+00	-3.986473e-01	1.904195e-01	1.269697e+01
0.722500	-1.138000e+00	-4.001532e-01	1.914929e-01	1.270100e+01
0.725904	-1.140734e+00	-4.016591e-01	1.925675e-01	1.270495e+01
0.729316	-1.143467e+00	-4.031649e-01	1.936431e-01	1.270882e+01
0.732736	-1.146199e+00	-4.046706e-01	1.947197e-01	1.271260e+01
0.736164	-1.148928e+00	-4.061764e-01	1.957973e-01	1.271630e+01
0.739600	-1.151655e+00	-4.076820e-01	1.968757e-01	1.271992e+01
0.743044	-1.154380e+00	-4.091877e-01	1.979550e-01	1.272345e+01
0.746496	-1.157104e+00	-4.106933e-01	1.990350e-01	1.272690e+01
0.749956	-1.159825e+00	-4.121989e-01	2.001157e-01	1.273026e+01
0.753424	-1.162545e+00	-4.137044e-01	2.011970e-01	1.273354e+01
0.756900	-1.165263e+00	-4.152099e-01	2.022790e-01	1.273673e+01
0.760384	-1.167979e+00	-4.167153e-01	2.033614e-01	1.273984e+01
0.763876	-1.170692e+00	-4.182207e-01	2.044442e-01	1.274285e+01
0.767376	-1.173404e+00	-4.197261e-01	2.055274e-01	1.274578e+01
0.770884	-1.176115e+00	-4.212315e-01	2.066110e-01	1.274863e+01
0.774400	-1.178823e+00	-4.227368e-01	2.076947e-01	1.275138e+01
0.777924	-1.181529e+00	-4.242421e-01	2.087787e-01	1.275405e+01
0.781456	-1.184233e+00	-4.257474e-01	2.098627e-01	1.275662e+01
0.784996	-1.186936e+00	-4.272527e-01	2.109468e-01	1.275911e+01
0.788544	-1.189636e+00	-4.287579e-01	2.120309e-01	1.276151e+01
0.792100	-1.192335e+00	-4.302631e-01	2.131148e-01	1.276381e+01
0.795664	-1.195031e+00	-4.317684e-01	2.141986e-01	1.276603e+01
0.799236	-1.197726e+00	-4.332735e-01	2.152822e-01	1.276815e+01
0.802816	-1.200419e+00	-4.347787e-01	2.163654e-01	1.277018e+01
0.806404	-1.203110e+00	-4.362839e-01	2.174483e-01	1.277211e+01
0.810000	-1.205799e+00	-4.377890e-01	2.185308e-01	1.277396e+01
0.813604	-1.208486e+00	-4.392942e-01	2.196127e-01	1.277570e+01
0.817216	-1.211171e+00	-4.407993e-01	2.206941e-01	1.277736e+01
0.820836	-1.213854e+00	-4.423045e-01	2.217748e-01	1.277892e+01
0.824464	-1.216536e+00	-4.438096e-01	2.228547e-01	1.278038e+01
0.828100	-1.219215e+00	-4.453147e-01	2.239339e-01	1.278174e+01
0.831744	-1.221892e+00	-4.468199e-01	2.250122e-01	1.278301e+01
0.835396	-1.224568e+00	-4.483250e-01	2.260896e-01	1.278418e+01
0.839056	-1.227241e+00	-4.498301e-01	2.271660e-01	1.278525e+01
0.842724	-1.229913e+00	-4.513353e-01	2.282412e-01	1.278622e+01
0.846400	-1.232583e+00	-4.528404e-01	2.293154e-01	1.278709e+01
0.850084	-1.235251e+00	-4.543456e-01	2.303882e-01	1.278786e+01
0.853776	-1.237916e+00	-4.558507e-01	2.314599e-01	1.278853e+01
0.857476	-1.240580e+00	-4.573559e-01	2.325301e-01	1.278910e+01
0.861184	-1.243242e+00	-4.588610e-01	2.335988e-01	1.278957e+01
0.864900	-1.245902e+00	-4.603662e-01	2.346661e-01	1.278993e+01
0.868624	-1.248560e+00	-4.618714e-01	2.357318e-01	1.279019e+01
0.872356	-1.251217e+00	-4.633766e-01	2.367958e-01	1.279035e+01
0.876096	-1.253871e+00	-4.648819e-01	2.378581e-01	1.279040e+01
0.879844	-1.256523e+00	-4.663871e-01	2.389185e-01	1.279034e+01
0.883600	-1.259173e+00	-4.678924e-01	2.399771e-01	1.279018e+01
0.887364	-1.261822e+00	-4.693977e-01	2.410337e-01	1.278991e+01
0.891136	-1.264468e+00	-4.709029e-01	2.420883e-01	1.278953e+01
0.894916	-1.267113e+00	-4.724083e-01	2.431408e-01	1.278904e+01
0.898704	-1.269755e+00	-4.739136e-01	2.441910e-01	1.278845e+01
0.902500	-1.272396e+00	-4.754190e-01	2.452391e-01	1.278775e+01
0.906304	-1.275035e+00	-4.769244e-01	2.462848e-01	1.278693e+01
0.910116	-1.277671e+00	-4.784297e-01	2.473281e-01	1.278601e+01
0.913936	-1.280306e+00	-4.799352e-01	2.483690e-01	1.278497e+01
0.917764	-1.282939e+00	-4.814407e-01	2.494073e-01	1.278382e+01
0.921600	-1.285570e+00	-4.829462e-01	2.504429e-01	1.278256e+01
0.925444	-1.288199e+00	-4.844516e-01	2.514759e-01	1.278118e+01
0.929296	-1.290826e+00	-4.859572e-01	2.525062e-01	1.277969e+01
0.933156	-1.293451e+00	-4.874627e-01	2.535335e-01	1.277809e+01
0.937024	-1.296074e+00	-4.889683e-01	2.545580e-01	1.277637e+01
0.940900	-1.298695e+00	-4.904740e-01	2.555795e-01	1.277454e+01
0.944784	-1.301314e+00	-4.919796e-01	2.565979e-01	1.277258e+01
0.948676	-1.303932e+00	-4.934853e-01	2.576132e-01	1.277051e+01
0.952576	-1.306547e+00	-4.949910e-01	2.586254e-01	1.276833e+01
0.956484	-1.309160e+00	-4.964968e-01	2.596342e-01	1.276602e+01
0.960400	-1.311772e+00	-4.980025e-01	2.606397e-01	1.276360e+01
0.964324	-1.314381e+00	-4.995084e-01	2.616417e-01	1.276106e+01
0.968256	-1.316989e+00	-5.010142e-01	2.626403e-01	1.275839e+01
0.972196	-1.319594e+00	-5.025200e-01	2.636354e-01	1.275561e+01
0.976144	-1.322198e+00	-5.040259e-01	2.646268e-01	1.275271e+01
0.980100	-1.324799e+00	-5.055319e-01	2.656145e-01	1.274968e+01
0.984064	-1.327399e+00	-5.070378e-01	2.665984e-01	1.274653e+01
0.988036	-1.329996e+00	-5.085438e-01	2.675785e-01	1.274326e+01
0.992016	-1.332592e+00	-5.100498e-01	2.685547e-01	1.273986e+01
0.996004	-1.335186e+00	-5.115558e-01	2.695269e-01	1.273635e+01